<?xml version="1.0" encoding="utf-8"?>
<TestRun id="1380c57c-803e-4cab-93f0-508826dea0b7" name="@c2756152e150 2026-08-21 03:17:16" xmlns="http://microsoft.com/schemas/VisualStudio/TeamTest/2010">
  <Times creation="2026-08-21T03:17:16.7506059+02:00" queuing="2026-08-21T03:17:16.7506059+02:00" start="2026-08-21T03:17:16.3946673+02:00" finish="2026-08-21T03:17:16.7693843+02:00" />
  <TestSettings name="default" id="36baae07-3561-4ce5-bdf9-8211ac4ba23a">
    <Deployment runDeploymentRoot="_c2756152e150_2026-08-21_03_17_16" />
  </TestSettings>
  <Results>
    <UnitTestResult executionId="b35c5d2d-71fe-4c1b-ac6c-7069fa9338a1" testId="89bff85b-2be1-6b12-24a8-7d8e4fa54d7a" testName="FS.GG.Coord.Core.Tests.ReviewWaitTests.2756 entering a queue writes a round-trippable receipt" computerName="c2756152e150" duration="00:00:00.0065867" startTime="2026-08-21T03:17:16.7229961+02:00" endTime="2026-08-21T03:17:16.7268121+02:00" testType="13cdc9d9-ddb5-4fa4-a97d-d965ccfc6d4b" outcome="Passed" testListId="8c84fa94-04c1-424b-9868-57a2d4851a1d" relativeResultsDirectory="b35c5d2d-71fe-4c1b-ac6c-7069fa9338a1" />
    <UnitTestResult executionId="5b61916e-b33b-43f8-91a3-67bf4ce988b9" testId="479f4514-6e03-5daa-536f-c74fd65b6478" testName="FS.GG.Coord.Core.Tests.ReviewWaitTests.2756 an orphan terminal is invalid rather than no receipt" computerName="c2756152e150" duration="00:00:00.0001352" startTime="2026-08-21T03:17:16.7229455+02:00" endTime="2026-08-21T03:17:16.7229522+02:00" testType="13cdc9d9-ddb5-4fa4-a97d-d965ccfc6d4b" outcome="Passed" testListId="8c84fa94-04c1-424b-9868-57a2d4851a1d" relativeResultsDirectory="5b61916e-b33b-43f8-91a3-67bf4ce988b9" />
    <UnitTestResult executionId="c4808f71-dc6d-499e-bb3c-25bd7f26c58e" testId="6d9ce047-4ef0-1445-212f-16363a352748" testName="FS.GG.Coord.Core.Tests.ReviewWaitTests.2756 a malformed authoritative marker fails closed" computerName="c2756152e150" duration="00:00:00.0007986" startTime="2026-08-21T03:17:16.7227248+02:00" endTime="2026-08-21T03:17:16.7227330+02:00" testType="13cdc9d9-ddb5-4fa4-a97d-d965ccfc6d4b" outcome="Passed" testListId="8c84fa94-04c1-424b-9868-57a2d4851a1d" relativeResultsDirectory="c4808f71-dc6d-499e-bb3c-25bd7f26c58e" />
    <UnitTestResult executionId="2b7c3da7-ad31-4b6b-a73c-4ccc648f1790" testId="3942fa53-4e3c-8028-c7f3-d428bed9b498" testName="FS.GG.Coord.Core.Tests.ReviewWaitTests.2756 receipt is bounded and cannot reserve forever" computerName="c2756152e150" duration="00:00:00.0002144" startTime="2026-08-21T03:17:16.7227808+02:00" endTime="2026-08-21T03:17:16.7227974+02:00" testType="13cdc9d9-ddb5-4fa4-a97d-d965ccfc6d4b" outcome="Passed" testListId="8c84fa94-04c1-424b-9868-57a2d4851a1d" relativeResultsDirectory="2b7c3da7-ad31-4b6b-a73c-4ccc648f1790" />
    <UnitTestResult executionId="c0c1ab8e-0675-4eeb-aa39-ebed2fc10f61" testId="ee4fd9cb-0028-3757-fcba-de34dcc2a40b" testName="FS.GG.Coord.Core.Tests.ReviewWaitTests.2756 a current receipt reserves after the active lease duration" computerName="c2756152e150" duration="00:00:00.0005183" startTime="2026-08-21T03:17:16.7223337+02:00" endTime="2026-08-21T03:17:16.7223669+02:00" testType="13cdc9d9-ddb5-4fa4-a97d-d965ccfc6d4b" outcome="Passed" testListId="8c84fa94-04c1-424b-9868-57a2d4851a1d" relativeResultsDirectory="c0c1ab8e-0675-4eeb-aa39-ebed2fc10f61" />
    <UnitTestResult executionId="b6e92b1a-add2-4ac7-96c2-c85e82c864d8" testId="6d0a18a6-fd9d-a95f-b61b-a5638d62dc9f" testName="FS.GG.Coord.Core.Tests.ReviewWaitTests.2756 bounded timeout returns an explicit recoverable state" computerName="c2756152e150" duration="00:00:00.0001127" startTime="2026-08-21T03:17:16.7228424+02:00" endTime="2026-08-21T03:17:16.7228500+02:00" testType="13cdc9d9-ddb5-4fa4-a97d-d965ccfc6d4b" outcome="Passed" testListId="8c84fa94-04c1-424b-9868-57a2d4851a1d" relativeResultsDirectory="b6e92b1a-add2-4ac7-96c2-c85e82c864d8" />
    <UnitTestResult executionId="d25cc4ca-ed79-4c8d-8ddc-3dd5d6b1fb0d" testId="cbe6b380-dac9-af9a-f894-fc65bb972339" testName="FS.GG.Coord.Core.Tests.ReviewWaitTests.2756 completion recorded before expiry wins a later timeout race" computerName="c2756152e150" duration="00:00:00.0002027" startTime="2026-08-21T03:17:16.7308064+02:00" endTime="2026-08-21T03:17:16.7308181+02:00" testType="13cdc9d9-ddb5-4fa4-a97d-d965ccfc6d4b" outcome="Passed" testListId="8c84fa94-04c1-424b-9868-57a2d4851a1d" relativeResultsDirectory="d25cc4ca-ed79-4c8d-8ddc-3dd5d6b1fb0d" />
    <UnitTestResult executionId="58a7d76f-97c2-442b-9fd7-ef625662167e" testId="fde1b733-5a69-c9ee-95f8-ffb1a27dc3b7" testName="FS.GG.Coord.Core.Tests.ReviewWaitTests.2756 a premature timeout cannot consume the bounded wait" computerName="c2756152e150" duration="00:00:00.0010479" startTime="2026-08-21T03:17:16.7226605+02:00" endTime="2026-08-21T03:17:16.7226694+02:00" testType="13cdc9d9-ddb5-4fa4-a97d-d965ccfc6d4b" outcome="Passed" testListId="8c84fa94-04c1-424b-9868-57a2d4851a1d" relativeResultsDirectory="58a7d76f-97c2-442b-9fd7-ef625662167e" />
    <UnitTestResult executionId="dcf57063-977b-4caf-9791-8db6d074f331" testId="59fff261-6e71-dfe3-a0a2-40c9ed2d12af" testName="FS.GG.Coord.Core.Tests.ReviewWaitTests.2756 a changed claim generation never resurrects mutation authority" computerName="c2756152e150" duration="00:00:00.0111515" startTime="2026-08-21T03:17:16.7029393+02:00" endTime="2026-08-21T03:17:16.7171047+02:00" testType="13cdc9d9-ddb5-4fa4-a97d-d965ccfc6d4b" outcome="Passed" testListId="8c84fa94-04c1-424b-9868-57a2d4851a1d" relativeResultsDirectory="dcf57063-977b-4caf-9791-8db6d074f331" />
    <UnitTestResult executionId="8431000f-5fde-4b64-95cc-4f70d0c91ecd" testId="aa703a1a-4442-54c1-9a38-3045b09bd9e5" testName="FS.GG.Coord.Core.Tests.ReviewWaitTests.2756 first durable terminal wins even when a later comment is backdated" computerName="c2756152e150" duration="00:00:00.0002365" startTime="2026-08-21T03:17:16.7228960+02:00" endTime="2026-08-21T03:17:16.7229031+02:00" testType="13cdc9d9-ddb5-4fa4-a97d-d965ccfc6d4b" outcome="Passed" testListId="8c84fa94-04c1-424b-9868-57a2d4851a1d" relativeResultsDirectory="8431000f-5fde-4b64-95cc-4f70d0c91ecd" />
  </Results>
  <TestDefinitions>
    <UnitTest name="FS.GG.Coord.Core.Tests.ReviewWaitTests.2756 an orphan terminal is invalid rather than no receipt" storage="/home/developer/projects/.github-wt-2756-plover/tests/fs.gg.coord.core.tests/bin/debug/net10.0/fs.gg.coord.core.tests.dll" id="479f4514-6e03-5daa-536f-c74fd65b6478">
      <Execution id="5b61916e-b33b-43f8-91a3-67bf4ce988b9" />
      <TestMethod codeBase="/home/developer/projects/.github-wt-2756-plover/tests/FS.GG.Coord.Core.Tests/bin/Debug/net10.0/FS.GG.Coord.Core.Tests.dll" adapterTypeName="executor://xunit/VsTestRunner3/netcore/" className="FS.GG.Coord.Core.Tests.ReviewWaitTests" name="2756 an orphan terminal is invalid rather than no receipt" />
    </UnitTest>
    <UnitTest name="FS.GG.Coord.Core.Tests.ReviewWaitTests.2756 bounded timeout returns an explicit recoverable state" storage="/home/developer/projects/.github-wt-2756-plover/tests/fs.gg.coord.core.tests/bin/debug/net10.0/fs.gg.coord.core.tests.dll" id="6d0a18a6-fd9d-a95f-b61b-a5638d62dc9f">
      <Execution id="b6e92b1a-add2-4ac7-96c2-c85e82c864d8" />
      <TestMethod codeBase="/home/developer/projects/.github-wt-2756-plover/tests/FS.GG.Coord.Core.Tests/bin/Debug/net10.0/FS.GG.Coord.Core.Tests.dll" adapterTypeName="executor://xunit/VsTestRunner3/netcore/" className="FS.GG.Coord.Core.Tests.ReviewWaitTests" name="2756 bounded timeout returns an explicit recoverable state" />
    </UnitTest>
    <UnitTest name="FS.GG.Coord.Core.Tests.ReviewWaitTests.2756 a current receipt reserves after the active lease duration" storage="/home/developer/projects/.github-wt-2756-plover/tests/fs.gg.coord.core.tests/bin/debug/net10.0/fs.gg.coord.core.tests.dll" id="ee4fd9cb-0028-3757-fcba-de34dcc2a40b">
      <Execution id="c0c1ab8e-0675-4eeb-aa39-ebed2fc10f61" />
      <TestMethod codeBase="/home/developer/projects/.github-wt-2756-plover/tests/FS.GG.Coord.Core.Tests/bin/Debug/net10.0/FS.GG.Coord.Core.Tests.dll" adapterTypeName="executor://xunit/VsTestRunner3/netcore/" className="FS.GG.Coord.Core.Tests.ReviewWaitTests" name="2756 a current receipt reserves after the active lease duration" />
    </UnitTest>
    <UnitTest name="FS.GG.Coord.Core.Tests.ReviewWaitTests.2756 a malformed authoritative marker fails closed" storage="/home/developer/projects/.github-wt-2756-plover/tests/fs.gg.coord.core.tests/bin/debug/net10.0/fs.gg.coord.core.tests.dll" id="6d9ce047-4ef0-1445-212f-16363a352748">
      <Execution id="c4808f71-dc6d-499e-bb3c-25bd7f26c58e" />
      <TestMethod codeBase="/home/developer/projects/.github-wt-2756-plover/tests/FS.GG.Coord.Core.Tests/bin/Debug/net10.0/FS.GG.Coord.Core.Tests.dll" adapterTypeName="executor://xunit/VsTestRunner3/netcore/" className="FS.GG.Coord.Core.Tests.ReviewWaitTests" name="2756 a malformed authoritative marker fails closed" />
    </UnitTest>
    <UnitTest name="FS.GG.Coord.Core.Tests.ReviewWaitTests.2756 a premature timeout cannot consume the bounded wait" storage="/home/developer/projects/.github-wt-2756-plover/tests/fs.gg.coord.core.tests/bin/debug/net10.0/fs.gg.coord.core.tests.dll" id="fde1b733-5a69-c9ee-95f8-ffb1a27dc3b7">
      <Execution id="58a7d76f-97c2-442b-9fd7-ef625662167e" />
      <TestMethod codeBase="/home/developer/projects/.github-wt-2756-plover/tests/FS.GG.Coord.Core.Tests/bin/Debug/net10.0/FS.GG.Coord.Core.Tests.dll" adapterTypeName="executor://xunit/VsTestRunner3/netcore/" className="FS.GG.Coord.Core.Tests.ReviewWaitTests" name="2756 a premature timeout cannot consume the bounded wait" />
    </UnitTest>
    <UnitTest name="FS.GG.Coord.Core.Tests.ReviewWaitTests.2756 completion recorded before expiry wins a later timeout race" storage="/home/developer/projects/.github-wt-2756-plover/tests/fs.gg.coord.core.tests/bin/debug/net10.0/fs.gg.coord.core.tests.dll" id="cbe6b380-dac9-af9a-f894-fc65bb972339">
      <Execution id="d25cc4ca-ed79-4c8d-8ddc-3dd5d6b1fb0d" />
      <TestMethod codeBase="/home/developer/projects/.github-wt-2756-plover/tests/FS.GG.Coord.Core.Tests/bin/Debug/net10.0/FS.GG.Coord.Core.Tests.dll" adapterTypeName="executor://xunit/VsTestRunner3/netcore/" className="FS.GG.Coord.Core.Tests.ReviewWaitTests" name="2756 completion recorded before expiry wins a later timeout race" />
    </UnitTest>
    <UnitTest name="FS.GG.Coord.Core.Tests.ReviewWaitTests.2756 a changed claim generation never resurrects mutation authority" storage="/home/developer/projects/.github-wt-2756-plover/tests/fs.gg.coord.core.tests/bin/debug/net10.0/fs.gg.coord.core.tests.dll" id="59fff261-6e71-dfe3-a0a2-40c9ed2d12af">
      <Execution id="dcf57063-977b-4caf-9791-8db6d074f331" />
      <TestMethod codeBase="/home/developer/projects/.github-wt-2756-plover/tests/FS.GG.Coord.Core.Tests/bin/Debug/net10.0/FS.GG.Coord.Core.Tests.dll" adapterTypeName="executor://xunit/VsTestRunner3/netcore/" className="FS.GG.Coord.Core.Tests.ReviewWaitTests" name="2756 a changed claim generation never resurrects mutation authority" />
    </UnitTest>
    <UnitTest name="FS.GG.Coord.Core.Tests.ReviewWaitTests.2756 receipt is bounded and cannot reserve forever" storage="/home/developer/projects/.github-wt-2756-plover/tests/fs.gg.coord.core.tests/bin/debug/net10.0/fs.gg.coord.core.tests.dll" id="3942fa53-4e3c-8028-c7f3-d428bed9b498">
      <Execution id="2b7c3da7-ad31-4b6b-a73c-4ccc648f1790" />
      <TestMethod codeBase="/home/developer/projects/.github-wt-2756-plover/tests/FS.GG.Coord.Core.Tests/bin/Debug/net10.0/FS.GG.Coord.Core.Tests.dll" adapterTypeName="executor://xunit/VsTestRunner3/netcore/" className="FS.GG.Coord.Core.Tests.ReviewWaitTests" name="2756 receipt is bounded and cannot reserve forever" />
    </UnitTest>
    <UnitTest name="FS.GG.Coord.Core.Tests.ReviewWaitTests.2756 entering a queue writes a round-trippable receipt" storage="/home/developer/projects/.github-wt-2756-plover/tests/fs.gg.coord.core.tests/bin/debug/net10.0/fs.gg.coord.core.tests.dll" id="89bff85b-2be1-6b12-24a8-7d8e4fa54d7a">
      <Execution id="b35c5d2d-71fe-4c1b-ac6c-7069fa9338a1" />
      <TestMethod codeBase="/home/developer/projects/.github-wt-2756-plover/tests/FS.GG.Coord.Core.Tests/bin/Debug/net10.0/FS.GG.Coord.Core.Tests.dll" adapterTypeName="executor://xunit/VsTestRunner3/netcore/" className="FS.GG.Coord.Core.Tests.ReviewWaitTests" name="2756 entering a queue writes a round-trippable receipt" />
    </UnitTest>
    <UnitTest name="FS.GG.Coord.Core.Tests.ReviewWaitTests.2756 first durable terminal wins even when a later comment is backdated" storage="/home/developer/projects/.github-wt-2756-plover/tests/fs.gg.coord.core.tests/bin/debug/net10.0/fs.gg.coord.core.tests.dll" id="aa703a1a-4442-54c1-9a38-3045b09bd9e5">
      <Execution id="8431000f-5fde-4b64-95cc-4f70d0c91ecd" />
      <TestMethod codeBase="/home/developer/projects/.github-wt-2756-plover/tests/FS.GG.Coord.Core.Tests/bin/Debug/net10.0/FS.GG.Coord.Core.Tests.dll" adapterTypeName="executor://xunit/VsTestRunner3/netcore/" className="FS.GG.Coord.Core.Tests.ReviewWaitTests" name="2756 first durable terminal wins even when a later comment is backdated" />
    </UnitTest>
  </TestDefinitions>
  <TestEntries>
    <TestEntry testId="89bff85b-2be1-6b12-24a8-7d8e4fa54d7a" executionId="b35c5d2d-71fe-4c1b-ac6c-7069fa9338a1" testListId="8c84fa94-04c1-424b-9868-57a2d4851a1d" />
    <TestEntry testId="479f4514-6e03-5daa-536f-c74fd65b6478" executionId="5b61916e-b33b-43f8-91a3-67bf4ce988b9" testListId="8c84fa94-04c1-424b-9868-57a2d4851a1d" />
    <TestEntry testId="6d9ce047-4ef0-1445-212f-16363a352748" executionId="c4808f71-dc6d-499e-bb3c-25bd7f26c58e" testListId="8c84fa94-04c1-424b-9868-57a2d4851a1d" />
    <TestEntry testId="3942fa53-4e3c-8028-c7f3-d428bed9b498" executionId="2b7c3da7-ad31-4b6b-a73c-4ccc648f1790" testListId="8c84fa94-04c1-424b-9868-57a2d4851a1d" />
    <TestEntry testId="ee4fd9cb-0028-3757-fcba-de34dcc2a40b" executionId="c0c1ab8e-0675-4eeb-aa39-ebed2fc10f61" testListId="8c84fa94-04c1-424b-9868-57a2d4851a1d" />
    <TestEntry testId="6d0a18a6-fd9d-a95f-b61b-a5638d62dc9f" executionId="b6e92b1a-add2-4ac7-96c2-c85e82c864d8" testListId="8c84fa94-04c1-424b-9868-57a2d4851a1d" />
    <TestEntry testId="cbe6b380-dac9-af9a-f894-fc65bb972339" executionId="d25cc4ca-ed79-4c8d-8ddc-3dd5d6b1fb0d" testListId="8c84fa94-04c1-424b-9868-57a2d4851a1d" />
    <TestEntry testId="fde1b733-5a69-c9ee-95f8-ffb1a27dc3b7" executionId="58a7d76f-97c2-442b-9fd7-ef625662167e" testListId="8c84fa94-04c1-424b-9868-57a2d4851a1d" />
    <TestEntry testId="59fff261-6e71-dfe3-a0a2-40c9ed2d12af" executionId="dcf57063-977b-4caf-9791-8db6d074f331" testListId="8c84fa94-04c1-424b-9868-57a2d4851a1d" />
    <TestEntry testId="aa703a1a-4442-54c1-9a38-3045b09bd9e5" executionId="8431000f-5fde-4b64-95cc-4f70d0c91ecd" testListId="8c84fa94-04c1-424b-9868-57a2d4851a1d" />
  </TestEntries>
  <TestLists>
    <TestList name="Results Not in a List" id="8c84fa94-04c1-424b-9868-57a2d4851a1d" />
    <TestList name="All Loaded Results" id="19431567-8539-422a-85d7-44ee4e166bda" />
  </TestLists>
  <ResultSummary outcome="Completed">
    <Counters total="10" executed="10" passed="10" failed="0" error="0" timeout="0" aborted="0" inconclusive="0" passedButRunAborted="0" notRunnable="0" notExecuted="0" disconnected="0" warning="0" completed="0" inProgress="0" pending="0" />
    <Output>
      <StdOut>[xUnit.net 00:00:00.00] xUnit.net VSTest Adapter v3.1.5+1b188a7b0a (64-bit .NET 10.0.10)
[xUnit.net 00:00:00.05]   Discovering: FS.GG.Coord.Core.Tests
[xUnit.net 00:00:00.10]   Discovered:  FS.GG.Coord.Core.Tests
[xUnit.net 00:00:00.12]   Starting:    FS.GG.Coord.Core.Tests
[xUnit.net 00:00:00.16]   Finished:    FS.GG.Coord.Core.Tests
</StdOut>
    </Output>
  </ResultSummary>
</TestRun>