<?xml version="1.0" encoding="utf-8"?>
<TestRun id="71e940e4-ea37-4fbd-8c1c-5cb9cc874080" name="@c2756152e150 2026-08-21 20:03:34" xmlns="http://microsoft.com/schemas/VisualStudio/TeamTest/2010">
  <Times creation="2026-08-21T20:03:34.8544355+02:00" queuing="2026-08-21T20:03:34.8544355+02:00" start="2026-08-21T20:03:34.2480483+02:00" finish="2026-08-21T20:03:36.6283010+02:00" />
  <TestSettings name="default" id="ae0894cc-5f82-4317-b3a3-cd346e4518a5">
    <Deployment runDeploymentRoot="_c2756152e150_2026-08-21_20_03_34" />
  </TestSettings>
  <Results>
    <UnitTestResult executionId="45ea6d99-0bba-4ad6-8c36-77d4f5be3e72" testId="75dc55a4-4d6e-06a0-5c4c-22ac8af8fe2c" testName="FS.GG.Coord.Cli.Tests.FollowupsTests.a BARE ref is refused, and the refusal explains the queue's own reason(raw: &quot;1063&quot;)" computerName="c2756152e150" duration="00:00:00.0001722" startTime="2026-08-21T20:03:34.9845727+02:00" endTime="2026-08-21T20:03:34.9847204+02:00" testType="13cdc9d9-ddb5-4fa4-a97d-d965ccfc6d4b" outcome="Passed" testListId="8c84fa94-04c1-424b-9868-57a2d4851a1d" relativeResultsDirectory="45ea6d99-0bba-4ad6-8c36-77d4f5be3e72" />
    <UnitTestResult executionId="035763ac-3f3d-4421-b2ce-268109418241" testId="956f31dd-f2fd-fb73-c52b-009233e4d318" testName="FS.GG.Coord.Cli.Tests.CrossRepoRankTests.#1628 AC3 the whole-board count costs the transport NOTHING" computerName="c2756152e150" duration="00:00:00.0003614" startTime="2026-08-21T20:03:35.0086940+02:00" endTime="2026-08-21T20:03:35.0090015+02:00" testType="13cdc9d9-ddb5-4fa4-a97d-d965ccfc6d4b" outcome="Passed" testListId="8c84fa94-04c1-424b-9868-57a2d4851a1d" relativeResultsDirectory="035763ac-3f3d-4421-b2ce-268109418241" />
    <UnitTestResult executionId="6894cf33-c220-4ff3-b800-3cde3027f7e7" testId="a5ad2f74-210a-c269-0622-0ea6631ce9e4" testName="FS.GG.Coord.Cli.Tests.RepoScopeTests.a remote that does not name exactly one owner/repo is refused(url: &quot;https://github.com/FS-GG&quot;)" computerName="c2756152e150" duration="00:00:00.0000580" startTime="2026-08-21T20:03:36.4764562+02:00" endTime="2026-08-21T20:03:36.4764669+02:00" testType="13cdc9d9-ddb5-4fa4-a97d-d965ccfc6d4b" outcome="Passed" testListId="8c84fa94-04c1-424b-9868-57a2d4851a1d" relativeResultsDirectory="6894cf33-c220-4ff3-b800-3cde3027f7e7" />
    <UnitTestResult executionId="7fb57c2f-f0ec-44c8-bb79-4adadfae2d38" testId="3ec37f35-5815-6f8d-b8d1-b0b2a491b160" testName="FS.GG.Coord.Cli.Tests.ConsolidationLintTests.identical touch-sets are judged by WHO ELSE declares them, not by the ratio (AC3)" computerName="c2756152e150" duration="00:00:00.0001863" startTime="2026-08-21T20:03:35.5213134+02:00" endTime="2026-08-21T20:03:35.5214093+02:00" testType="13cdc9d9-ddb5-4fa4-a97d-d965ccfc6d4b" outcome="Passed" testListId="8c84fa94-04c1-424b-9868-57a2d4851a1d" relativeResultsDirectory="7fb57c2f-f0ec-44c8-bb79-4adadfae2d38" />
    <UnitTestResult executionId="8c15eb39-a8d1-49aa-ae67-41871192e780" testId="4f539d83-2666-08ac-a4cc-1c3633641661" testName="FS.GG.Coord.Cli.Tests.OpLockDispatchVerbTests.Client.OpLock.acquire has a PRODUCTION call site - it landed with none, and that is why the row reopened" computerName="c2756152e150" duration="00:00:00.0012299" startTime="2026-08-21T20:03:35.5500173+02:00" endTime="2026-08-21T20:03:35.5512376+02:00" testType="13cdc9d9-ddb5-4fa4-a97d-d965ccfc6d4b" outcome="Passed" testListId="8c84fa94-04c1-424b-9868-57a2d4851a1d" relativeResultsDirectory="8c15eb39-a8d1-49aa-ae67-41871192e780" />
    <UnitTestResult executionId="4325250d-67c1-416e-a693-e2db0f9955da" testId="5fc460a0-0c39-e2a2-da4d-fea592330690" testName="FS.GG.Coord.Cli.Tests.ScanRoundTripTests.#712 a STALE off-board claim held open by a PR carries livePr on its reservation - arm B" computerName="c2756152e150" duration="00:00:00.0006343" startTime="2026-08-21T20:03:36.5200109+02:00" endTime="2026-08-21T20:03:36.5205350+02:00" testType="13cdc9d9-ddb5-4fa4-a97d-d965ccfc6d4b" outcome="Passed" testListId="8c84fa94-04c1-424b-9868-57a2d4851a1d" relativeResultsDirectory="4325250d-67c1-416e-a693-e2db0f9955da" />
    <UnitTestResult executionId="56478bed-bd1a-465c-8083-9be92626d7f8" testId="17bac10c-fab8-49d4-1040-a23eb758a593" testName="FS.GG.Coord.Cli.Tests.RepoScopeTests..github's chore lock resolves to the closed lock issue(repo: &quot;FS-GG/.github&quot;)" computerName="c2756152e150" duration="00:00:00.0000016" startTime="2026-08-21T20:03:36.4786238+02:00" endTime="2026-08-21T20:03:36.4786311+02:00" testType="13cdc9d9-ddb5-4fa4-a97d-d965ccfc6d4b" outcome="Passed" testListId="8c84fa94-04c1-424b-9868-57a2d4851a1d" relativeResultsDirectory="56478bed-bd1a-465c-8083-9be92626d7f8" />
    <UnitTestResult executionId="d2155660-f260-4c34-84bc-d90308f6c90b" testId="711f6d8b-670c-a1f9-86f7-9c1daad81a93" testName="FS.GG.Coord.Cli.Tests.ForceStealTests.#1620 a steal is RECORDED ON THE ITEM, naming the prior holder and the worker that took it" computerName="c2756152e150" duration="00:00:00.0015696" startTime="2026-08-21T20:03:35.6144538+02:00" endTime="2026-08-21T20:03:35.6159387+02:00" testType="13cdc9d9-ddb5-4fa4-a97d-d965ccfc6d4b" outcome="Passed" testListId="8c84fa94-04c1-424b-9868-57a2d4851a1d" relativeResultsDirectory="d2155660-f260-4c34-84bc-d90308f6c90b" />
    <UnitTestResult executionId="b0862317-8a23-4870-ad44-d4d64dcbac49" testId="9fd8cc77-c413-89a2-9d95-62b164a52d4f" testName="FS.GG.Coord.Cli.Tests.ScanRoundTripTests.PROSE in a Blocked-by field is UNPARSEABLE - and it BLOCKS" computerName="c2756152e150" duration="00:00:00.0024950" startTime="2026-08-21T20:03:36.5020833+02:00" endTime="2026-08-21T20:03:36.5045956+02:00" testType="13cdc9d9-ddb5-4fa4-a97d-d965ccfc6d4b" outcome="Passed" testListId="8c84fa94-04c1-424b-9868-57a2d4851a1d" relativeResultsDirectory="b0862317-8a23-4870-ad44-d4d64dcbac49" />
    <UnitTestResult executionId="7b492a9a-ade6-4de3-be1f-26649cdb9365" testId="fab82166-5f79-1d4f-d8d1-17c4ceffce4b" testName="FS.GG.Coord.Cli.Tests.RepoScopeTests.sir and S.I.R. resolve to the identical Scope value(raw: &quot;sir&quot;)" computerName="c2756152e150" duration="00:00:00.0000005" startTime="2026-08-21T20:03:36.4819390+02:00" endTime="2026-08-21T20:03:36.4819475+02:00" testType="13cdc9d9-ddb5-4fa4-a97d-d965ccfc6d4b" outcome="Passed" testListId="8c84fa94-04c1-424b-9868-57a2d4851a1d" relativeResultsDirectory="7b492a9a-ade6-4de3-be1f-26649cdb9365" />
    <UnitTestResult executionId="98731ab1-3f9f-4cf3-bf62-01d474f6a227" testId="da4cfb27-b1d2-4e52-b811-69a942e964bb" testName="FS.GG.Coord.Cli.Tests.WhoLivenessTests.#1668 a COMPLETE read of an In-progress item with no marker still says UNCLAIMED" computerName="c2756152e150" duration="00:00:00.0006422" startTime="2026-08-21T20:03:35.7055118+02:00" endTime="2026-08-21T20:03:35.7061309+02:00" testType="13cdc9d9-ddb5-4fa4-a97d-d965ccfc6d4b" outcome="Passed" testListId="8c84fa94-04c1-424b-9868-57a2d4851a1d" relativeResultsDirectory="98731ab1-3f9f-4cf3-bf62-01d474f6a227" />
    <UnitTestResult executionId="a05d92b5-15db-4929-9d99-ad9903afc7ba" testId="5187fd2a-b7b7-e95e-5593-ab9e19ea7857" testName="FS.GG.Coord.Cli.Tests.SkillProgressiveDisclosureTests.moving detail into references does not break relative markdown links" computerName="c2756152e150" duration="00:00:00.0018508" startTime="2026-08-21T20:03:36.5752256+02:00" endTime="2026-08-21T20:03:36.5770248+02:00" testType="13cdc9d9-ddb5-4fa4-a97d-d965ccfc6d4b" outcome="Passed" testListId="8c84fa94-04c1-424b-9868-57a2d4851a1d" relativeResultsDirectory="a05d92b5-15db-4929-9d99-ad9903afc7ba" />
    <UnitTestResult executionId="ec828c9a-0b84-4c5c-88f6-d06d05b5d735" testId="0fef46ba-6d59-5990-ede7-a61515db838b" testName="FS.GG.Coord.Cli.Tests.RepoScopeTests.every documented --repo spelling resolves to the board's repo name(raw: &quot;Governance&quot;, expected: &quot;FS.GG.Governance&quot;)" computerName="c2756152e150" duration="00:00:00.0000005" startTime="2026-08-21T20:03:36.4802605+02:00" endTime="2026-08-21T20:03:36.4802691+02:00" testType="13cdc9d9-ddb5-4fa4-a97d-d965ccfc6d4b" outcome="Passed" testListId="8c84fa94-04c1-424b-9868-57a2d4851a1d" relativeResultsDirectory="ec828c9a-0b84-4c5c-88f6-d06d05b5d735" />
    <UnitTestResult executionId="afcf3e99-e308-4255-9a2e-a965b09f0821" testId="0d71b1a6-d643-79a3-40bd-a5393a9c667f" testName="FS.GG.Coord.Cli.Tests.OpLockDispatchVerbTests.the NotHeld refusal describes itself and is distinct from every other arm" computerName="c2756152e150" duration="00:00:00.0003886" startTime="2026-08-21T20:03:35.5766590+02:00" endTime="2026-08-21T20:03:35.5766755+02:00" testType="13cdc9d9-ddb5-4fa4-a97d-d965ccfc6d4b" outcome="Passed" testListId="8c84fa94-04c1-424b-9868-57a2d4851a1d" relativeResultsDirectory="afcf3e99-e308-4255-9a2e-a965b09f0821" />
    <UnitTestResult executionId="6da80dda-3c96-4f27-a7c1-47fdfa7464b7" testId="c9b724e0-2c28-31f8-9cdc-f77f20e47a5b" testName="FS.GG.Coord.Cli.Tests.SnapshotTests.bashPaths is carried through untouched — the engine decides from its OWN parse" computerName="c2756152e150" duration="00:00:00.0022451" startTime="2026-08-21T20:03:36.4839633+02:00" endTime="2026-08-21T20:03:36.4860209+02:00" testType="13cdc9d9-ddb5-4fa4-a97d-d965ccfc6d4b" outcome="Passed" testListId="8c84fa94-04c1-424b-9868-57a2d4851a1d" relativeResultsDirectory="6da80dda-3c96-4f27-a7c1-47fdfa7464b7" />
    <UnitTestResult executionId="b9a3a732-0b75-4052-8b9d-e0687a4654ed" testId="18dfcb29-b494-396c-adaf-dac2d9ca1f0d" testName="FS.GG.Coord.Cli.Tests.DeliveryApplicationTests.#2395 a legacy FOUR-field marker is replaced in place by the six-field one, never left beside it" computerName="c2756152e150" duration="00:00:00.0017759" startTime="2026-08-21T20:03:35.6408621+02:00" endTime="2026-08-21T20:03:35.6425897+02:00" testType="13cdc9d9-ddb5-4fa4-a97d-d965ccfc6d4b" outcome="Passed" testListId="8c84fa94-04c1-424b-9868-57a2d4851a1d" relativeResultsDirectory="b9a3a732-0b75-4052-8b9d-e0687a4654ed" />
    <UnitTestResult executionId="5d11ce84-a443-4b42-8a75-567b5c376302" testId="2d5a93f1-fae8-e24f-0465-ce5cbd39f042" testName="FS.GG.Coord.Cli.Tests.ChoresTests.a worker mid-item in ANOTHER repo is not idle — idleness is asked of the WHOLE board" computerName="c2756152e150" duration="00:00:00.0001302" startTime="2026-08-21T20:03:34.8801570+02:00" endTime="2026-08-21T20:03:34.8802632+02:00" testType="13cdc9d9-ddb5-4fa4-a97d-d965ccfc6d4b" outcome="Passed" testListId="8c84fa94-04c1-424b-9868-57a2d4851a1d" relativeResultsDirectory="5d11ce84-a443-4b42-8a75-567b5c376302" />
    <UnitTestResult executionId="a760fdff-3e7d-4f64-8072-393702d32a18" testId="fd42c497-f939-f89a-d1c4-164ba846034e" testName="FS.GG.Coord.Cli.Tests.SnapshotTests.#277 a fenced 'Paths:' line is a QUOTATION — the engine's own parser must see that" computerName="c2756152e150" duration="00:00:00.0005882" startTime="2026-08-21T20:03:36.4824327+02:00" endTime="2026-08-21T20:03:36.4824411+02:00" testType="13cdc9d9-ddb5-4fa4-a97d-d965ccfc6d4b" outcome="Passed" testListId="8c84fa94-04c1-424b-9868-57a2d4851a1d" relativeResultsDirectory="a760fdff-3e7d-4f64-8072-393702d32a18" />
    <UnitTestResult executionId="2007bcb1-a570-406d-8d67-35a5a2ccd6f8" testId="f4635cf0-ef63-9c23-7297-e21b54e27169" testName="FS.GG.Coord.Cli.Tests.ForceStealTests.#1620 the #516 refusal that RECOMMENDS --force says what else the flag will do" computerName="c2756152e150" duration="00:00:00.0004661" startTime="2026-08-21T20:03:35.6191113+02:00" endTime="2026-08-21T20:03:35.6194731+02:00" testType="13cdc9d9-ddb5-4fa4-a97d-d965ccfc6d4b" outcome="Passed" testListId="8c84fa94-04c1-424b-9868-57a2d4851a1d" relativeResultsDirectory="2007bcb1-a570-406d-8d67-35a5a2ccd6f8" />
    <UnitTestResult executionId="6c84469b-2515-4e34-9c20-6c12d3e26f81" testId="52895319-163c-ff64-dd4c-228f9fdf3de7" testName="FS.GG.Coord.Cli.Tests.RuleSubsetTests.#889 no subset is EMPTY - a region rendering nothing still regenerates green" computerName="c2756152e150" duration="00:00:00.0005641" startTime="2026-08-21T20:03:35.6205770+02:00" endTime="2026-08-21T20:03:35.6211397+02:00" testType="13cdc9d9-ddb5-4fa4-a97d-d965ccfc6d4b" outcome="Passed" testListId="8c84fa94-04c1-424b-9868-57a2d4851a1d" relativeResultsDirectory="6c84469b-2515-4e34-9c20-6c12d3e26f81" />
    <UnitTestResult executionId="bb511dbe-ab8a-403d-b23a-028cca09a8d6" testId="dfbf359d-fab7-6218-923b-35db0c33b9fa" testName="FS.GG.Coord.Cli.Tests.ClaimOverlapTests.#2801 board orchestrator promotes an idempotent external block ahead of ordinary work" computerName="c2756152e150" duration="00:00:00.0009466" startTime="2026-08-21T20:03:35.7613424+02:00" endTime="2026-08-21T20:03:35.7622639+02:00" testType="13cdc9d9-ddb5-4fa4-a97d-d965ccfc6d4b" outcome="Passed" testListId="8c84fa94-04c1-424b-9868-57a2d4851a1d" relativeResultsDirectory="bb511dbe-ab8a-403d-b23a-028cca09a8d6" />
    <UnitTestResult executionId="43b9f733-ec9e-486b-a85b-739614b83c03" testId="a4f66a48-2b03-e957-532c-7c8e9697bc46" testName="FS.GG.Coord.Cli.Tests.RepoScopeTests.every documented --repo spelling resolves to the board's repo name(raw: &quot;sdd&quot;, expected: &quot;FS.GG.SDD&quot;)" computerName="c2756152e150" duration="00:00:00.0000993" startTime="2026-08-21T20:03:36.4795752+02:00" endTime="2026-08-21T20:03:36.4795851+02:00" testType="13cdc9d9-ddb5-4fa4-a97d-d965ccfc6d4b" outcome="Passed" testListId="8c84fa94-04c1-424b-9868-57a2d4851a1d" relativeResultsDirectory="43b9f733-ec9e-486b-a85b-739614b83c03" />
    <UnitTestResult executionId="2b9d688c-d43b-45c0-9e21-ac523b29ea4d" testId="77917aae-bcf1-2694-8199-cb92af67524d" testName="FS.GG.Coord.Cli.Tests.FollowupsTests.the terminal audit refuses an unusable worker key rather than calling it empty" computerName="c2756152e150" duration="00:00:00.0003666" startTime="2026-08-21T20:03:34.9864652+02:00" endTime="2026-08-21T20:03:34.9867834+02:00" testType="13cdc9d9-ddb5-4fa4-a97d-d965ccfc6d4b" outcome="Passed" testListId="8c84fa94-04c1-424b-9868-57a2d4851a1d" relativeResultsDirectory="2b9d688c-d43b-45c0-9e21-ac523b29ea4d" />
    <UnitTestResult executionId="10360a7d-981f-43eb-9825-3fb35d1810c1" testId="2fb7aafa-5c8e-de43-1ffb-96f745b6905d" testName="FS.GG.Coord.Cli.Tests.ChoresTests.#1086: a FILTERED board offers nothing, and spends NOTHING finding that out" computerName="c2756152e150" duration="00:00:00.0001146" startTime="2026-08-21T20:03:34.8795215+02:00" endTime="2026-08-21T20:03:34.8796110+02:00" testType="13cdc9d9-ddb5-4fa4-a97d-d965ccfc6d4b" outcome="Passed" testListId="8c84fa94-04c1-424b-9868-57a2d4851a1d" relativeResultsDirectory="10360a7d-981f-43eb-9825-3fb35d1810c1" />
    <UnitTestResult executionId="9b17e922-e1eb-46e4-b144-9dcf76a6db28" testId="27ca694e-9d0a-cc8f-3913-e86f8607602a" testName="FS.GG.Coord.Cli.Tests.ClassLintTests.AC3 - the invalid diagnostic lists EVERY legal value, read from the union" computerName="c2756152e150" duration="00:00:00.0001334" startTime="2026-08-21T20:03:36.5870877+02:00" endTime="2026-08-21T20:03:36.5871696+02:00" testType="13cdc9d9-ddb5-4fa4-a97d-d965ccfc6d4b" outcome="Passed" testListId="8c84fa94-04c1-424b-9868-57a2d4851a1d" relativeResultsDirectory="9b17e922-e1eb-46e4-b144-9dcf76a6db28" />
    <UnitTestResult executionId="24c4bd1f-3bfa-49cf-a1b2-36f92ba2c74a" testId="6a6c9af2-2e1c-1a00-879c-ca6e2238c9a3" testName="FS.GG.Coord.Cli.Tests.RepoScopeTests.every documented --repo spelling resolves to the board's repo name(raw: &quot;governance&quot;, expected: &quot;FS.GG.Governance&quot;)" computerName="c2756152e150" duration="00:00:00.0000005" startTime="2026-08-21T20:03:36.4799857+02:00" endTime="2026-08-21T20:03:36.4799959+02:00" testType="13cdc9d9-ddb5-4fa4-a97d-d965ccfc6d4b" outcome="Passed" testListId="8c84fa94-04c1-424b-9868-57a2d4851a1d" relativeResultsDirectory="24c4bd1f-3bfa-49cf-a1b2-36f92ba2c74a" />
    <UnitTestResult executionId="25811f63-4a36-4fa2-bb99-0515568fc990" testId="33fa0a3d-8560-d7d7-46ee-1fe97f4676f4" testName="FS.GG.Coord.Cli.Tests.VerifyPathsClosingKeywordTests.#2107 a board-shorthand closing keyword fails verify-paths even when the touch-set is clean" computerName="c2756152e150" duration="00:00:00.0025793" startTime="2026-08-21T20:03:35.4953315+02:00" endTime="2026-08-21T20:03:35.4978210+02:00" testType="13cdc9d9-ddb5-4fa4-a97d-d965ccfc6d4b" outcome="Passed" testListId="8c84fa94-04c1-424b-9868-57a2d4851a1d" relativeResultsDirectory="25811f63-4a36-4fa2-bb99-0515568fc990" />
    <UnitTestResult executionId="d387307f-831b-44c4-8cd9-6341d72a80bf" testId="d4db9cfc-be7f-68ea-dfd1-51420c70b4d3" testName="FS.GG.Coord.Cli.Tests.DeliveryRouteCliTests.#2298 record posts an sdd-required receipt whose readiness analysis names a substituted workId" computerName="c2756152e150" duration="00:00:00.0073989" startTime="2026-08-21T20:03:35.7685751+02:00" endTime="2026-08-21T20:03:35.7759782+02:00" testType="13cdc9d9-ddb5-4fa4-a97d-d965ccfc6d4b" outcome="Passed" testListId="8c84fa94-04c1-424b-9868-57a2d4851a1d" relativeResultsDirectory="d387307f-831b-44c4-8cd9-6341d72a80bf" />
    <UnitTestResult executionId="37380fba-fb05-4347-bb19-ea05b86a2b0c" testId="fd612cac-e065-7076-6ad5-165cc070f2ff" testName="FS.GG.Coord.Cli.Tests.DeliveryApplicationTests.#2395 electionsOwnedBy keeps this opkey and this pull request, and nothing else" computerName="c2756152e150" duration="00:00:00.0001851" startTime="2026-08-21T20:03:35.6792376+02:00" endTime="2026-08-21T20:03:35.6793984+02:00" testType="13cdc9d9-ddb5-4fa4-a97d-d965ccfc6d4b" outcome="Passed" testListId="8c84fa94-04c1-424b-9868-57a2d4851a1d" relativeResultsDirectory="37380fba-fb05-4347-bb19-ea05b86a2b0c" />
    <UnitTestResult executionId="7f741dd8-6fa3-4303-bb08-a1f55d735bcf" testId="74bca4c9-edbf-707d-9292-9bf0350fe383" testName="FS.GG.Coord.Cli.Tests.RuleSubsetTests.#889 every subset is STRICT - one that grows into all of rules has no reason to be a kind" computerName="c2756152e150" duration="00:00:00.0000718" startTime="2026-08-21T20:03:35.6361000+02:00" endTime="2026-08-21T20:03:35.6361260+02:00" testType="13cdc9d9-ddb5-4fa4-a97d-d965ccfc6d4b" outcome="Passed" testListId="8c84fa94-04c1-424b-9868-57a2d4851a1d" relativeResultsDirectory="7f741dd8-6fa3-4303-bb08-a1f55d735bcf" />
    <UnitTestResult executionId="1ea5a85a-9cd9-4e77-9e82-9681ce6b8578" testId="84d3159e-49f7-4483-decc-ee772df7f743" testName="FS.GG.Coord.Cli.Tests.OpLockDispatchVerbTests.the key is composed BEFORE the lock is taken - a malformed request never strands a receiver" computerName="c2756152e150" duration="00:00:00.0004759" startTime="2026-08-21T20:03:35.5578809+02:00" endTime="2026-08-21T20:03:35.5582908+02:00" testType="13cdc9d9-ddb5-4fa4-a97d-d965ccfc6d4b" outcome="Passed" testListId="8c84fa94-04c1-424b-9868-57a2d4851a1d" relativeResultsDirectory="1ea5a85a-9cd9-4e77-9e82-9681ce6b8578" />
    <UnitTestResult executionId="cdd4464b-e11a-4b9a-9156-3e21f22e18db" testId="dde74a1b-c61a-ef30-a712-b8c0ad40007d" testName="FS.GG.Coord.Cli.Tests.FollowupsTests.fleet audit keeps a recently active queue visible without calling it abandoned" computerName="c2756152e150" duration="00:00:00.0004431" startTime="2026-08-21T20:03:35.0048965+02:00" endTime="2026-08-21T20:03:35.0053140+02:00" testType="13cdc9d9-ddb5-4fa4-a97d-d965ccfc6d4b" outcome="Passed" testListId="8c84fa94-04c1-424b-9868-57a2d4851a1d" relativeResultsDirectory="cdd4464b-e11a-4b9a-9156-3e21f22e18db" />
    <UnitTestResult executionId="62dcca2f-7b02-4ead-9ebc-b0bcc03c8b7b" testId="ea52c491-adc2-0264-8db5-97b83ba899c9" testName="FS.GG.Coord.Cli.Tests.ChoresTests.#1679: a column that genuinely lags is STILL offered through the fresh read — the fix is freshness, not removal" computerName="c2756152e150" duration="00:00:00.0010709" startTime="2026-08-21T20:03:34.8755981+02:00" endTime="2026-08-21T20:03:34.8765851+02:00" testType="13cdc9d9-ddb5-4fa4-a97d-d965ccfc6d4b" outcome="Passed" testListId="8c84fa94-04c1-424b-9868-57a2d4851a1d" relativeResultsDirectory="62dcca2f-7b02-4ead-9ebc-b0bcc03c8b7b" />
    <UnitTestResult executionId="bee9ef9e-9017-4c55-94ae-789cf89a0bf8" testId="cbfd6faf-1e97-22ce-32e5-b0995e57436f" testName="FS.GG.Coord.Cli.Tests.ChoresTests.a cross-repo board still yields THIS repo's chore, under THIS repo's lock" computerName="c2756152e150" duration="00:00:00.0001866" startTime="2026-08-21T20:03:34.8799518+02:00" endTime="2026-08-21T20:03:34.8801116+02:00" testType="13cdc9d9-ddb5-4fa4-a97d-d965ccfc6d4b" outcome="Passed" testListId="8c84fa94-04c1-424b-9868-57a2d4851a1d" relativeResultsDirectory="bee9ef9e-9017-4c55-94ae-789cf89a0bf8" />
    <UnitTestResult executionId="fd611137-c833-4d96-b357-4b8ab92e8440" testId="4c948b85-1691-766f-9b46-fc7adbe51e66" testName="FS.GG.Coord.Cli.Tests.OpLockTests.the CLI consumers actually CALL the exported rule - the gate is not vacuous" computerName="c2756152e150" duration="00:00:00.0022193" startTime="2026-08-21T20:03:36.4987553+02:00" endTime="2026-08-21T20:03:36.5009619+02:00" testType="13cdc9d9-ddb5-4fa4-a97d-d965ccfc6d4b" outcome="Passed" testListId="8c84fa94-04c1-424b-9868-57a2d4851a1d" relativeResultsDirectory="fd611137-c833-4d96-b357-4b8ab92e8440" />
    <UnitTestResult executionId="28050043-bf34-4bf6-ae08-ba7ccb16af1b" testId="d9e821c4-bccf-de7e-febe-ea1ccd8bd9bd" testName="FS.GG.Coord.Cli.Tests.DocumentedInvocationTests.the corpus actually prescribes invocations — this gate has a subject" computerName="c2756152e150" duration="00:00:00.0146023" startTime="2026-08-21T20:03:36.4524559+02:00" endTime="2026-08-21T20:03:36.4670296+02:00" testType="13cdc9d9-ddb5-4fa4-a97d-d965ccfc6d4b" outcome="Passed" testListId="8c84fa94-04c1-424b-9868-57a2d4851a1d" relativeResultsDirectory="28050043-bf34-4bf6-ae08-ba7ccb16af1b" />
    <UnitTestResult executionId="4889396c-3b54-4808-a050-2ac77f92a4a2" testId="ca62235b-e294-19d8-f31e-c6b39db513b8" testName="FS.GG.Coord.Cli.Tests.SchedulingCostTests.#2300 AC1/AC2: candidates rejected on column, blocker, or human grounds pay at most ONE issue read each, not two" computerName="c2756152e150" duration="00:00:00.0098698" startTime="2026-08-21T20:03:34.8043182+02:00" endTime="2026-08-21T20:03:34.8141246+02:00" testType="13cdc9d9-ddb5-4fa4-a97d-d965ccfc6d4b" outcome="Passed" testListId="8c84fa94-04c1-424b-9868-57a2d4851a1d" relativeResultsDirectory="4889396c-3b54-4808-a050-2ac77f92a4a2" />
    <UnitTestResult executionId="b8964919-a779-4f17-b422-a6913ceb63a9" testId="59c0ed0b-4df5-520a-69c3-622b6d244303" testName="FS.GG.Coord.Cli.Tests.VerifyPathsSddPackageTests.#2324 AC-005 another item's sdd package is ordinary drift" computerName="c2756152e150" duration="00:00:00.0851121" startTime="2026-08-21T20:03:36.2225885+02:00" endTime="2026-08-21T20:03:36.3076201+02:00" testType="13cdc9d9-ddb5-4fa4-a97d-d965ccfc6d4b" outcome="Passed" testListId="8c84fa94-04c1-424b-9868-57a2d4851a1d" relativeResultsDirectory="b8964919-a779-4f17-b422-a6913ceb63a9" />
    <UnitTestResult executionId="5a58eb6b-b0a7-4b05-a1ee-3c638bd05177" testId="e0eda72f-db5a-ce36-5c74-9a5145b9ee1e" testName="FS.GG.Coord.Cli.Tests.FollowupsTests.fleet audit names an abandoned queued ref rather than leaving it as an invisible file" computerName="c2756152e150" duration="00:00:00.0011578" startTime="2026-08-21T20:03:35.0020216+02:00" endTime="2026-08-21T20:03:35.0031446+02:00" testType="13cdc9d9-ddb5-4fa4-a97d-d965ccfc6d4b" outcome="Passed" testListId="8c84fa94-04c1-424b-9868-57a2d4851a1d" relativeResultsDirectory="5a58eb6b-b0a7-4b05-a1ee-3c638bd05177" />
    <UnitTestResult executionId="a2252011-d48c-4138-a0ed-9c9f5ef3329b" testId="ba05f975-e3a0-df86-0da5-db0041a49e5c" testName="FS.GG.Coord.Cli.Tests.ClaimLifecycleDestinationTests.#2645 a RENEWED claim on an item in review leaves the column In review" computerName="c2756152e150" duration="00:00:00.0016950" startTime="2026-08-21T20:03:35.1460511+02:00" endTime="2026-08-21T20:03:35.1477357+02:00" testType="13cdc9d9-ddb5-4fa4-a97d-d965ccfc6d4b" outcome="Passed" testListId="8c84fa94-04c1-424b-9868-57a2d4851a1d" relativeResultsDirectory="a2252011-d48c-4138-a0ed-9c9f5ef3329b" />
    <UnitTestResult executionId="3c858aa4-7630-4e5a-abf7-13a745c9a2dd" testId="b33cd3f6-fa4b-9cf1-c25a-f49d7d9b8bec" testName="FS.GG.Coord.Cli.Tests.ConsolidationLintTests.the weight is 1 over sqrt(n-1), and ONE token suffices at THREE rows but not FOUR (AC3)" computerName="c2756152e150" duration="00:00:00.0004059" startTime="2026-08-21T20:03:35.5190929+02:00" endTime="2026-08-21T20:03:35.5191069+02:00" testType="13cdc9d9-ddb5-4fa4-a97d-d965ccfc6d4b" outcome="Passed" testListId="8c84fa94-04c1-424b-9868-57a2d4851a1d" relativeResultsDirectory="3c858aa4-7630-4e5a-abf7-13a745c9a2dd" />
    <UnitTestResult executionId="626699a3-91f8-43fe-80f4-e1720f10ab80" testId="757976e3-a275-e895-7a7c-58d6e235e67d" testName="FS.GG.Coord.Cli.Tests.FollowupsTests.Empty and Unreadable are DIFFERENT outcomes and different codes" computerName="c2756152e150" duration="00:00:00.0003599" startTime="2026-08-21T20:03:34.9783717+02:00" endTime="2026-08-21T20:03:34.9787268+02:00" testType="13cdc9d9-ddb5-4fa4-a97d-d965ccfc6d4b" outcome="Passed" testListId="8c84fa94-04c1-424b-9868-57a2d4851a1d" relativeResultsDirectory="626699a3-91f8-43fe-80f4-e1720f10ab80" />
    <UnitTestResult executionId="a6190f44-6def-4e65-89e4-bf95240bb316" testId="5e8122b8-eaf6-e8c3-7e4b-35698177763e" testName="FS.GG.Coord.Cli.Tests.ChoresTests.a short-id repo still finds its lock — the scope is the LOCK's canonical repo, not the raw argument" computerName="c2756152e150" duration="00:00:00.0158999" startTime="2026-08-21T20:03:34.8416799+02:00" endTime="2026-08-21T20:03:34.8576091+02:00" testType="13cdc9d9-ddb5-4fa4-a97d-d965ccfc6d4b" outcome="Passed" testListId="8c84fa94-04c1-424b-9868-57a2d4851a1d" relativeResultsDirectory="a6190f44-6def-4e65-89e4-bf95240bb316" />
    <UnitTestResult executionId="b136ad4e-e80a-4a26-9a9e-67b621dc266f" testId="1aa1ed72-f605-9e97-a969-a25635264968" testName="FS.GG.Coord.Cli.Tests.ChoresTests.an idle worker on a board with a cleared blocker is offered the chore, and HOLDS the lock" computerName="c2756152e150" duration="00:00:00.0001803" startTime="2026-08-21T20:03:34.8796611+02:00" endTime="2026-08-21T20:03:34.8798135+02:00" testType="13cdc9d9-ddb5-4fa4-a97d-d965ccfc6d4b" outcome="Passed" testListId="8c84fa94-04c1-424b-9868-57a2d4851a1d" relativeResultsDirectory="b136ad4e-e80a-4a26-9a9e-67b621dc266f" />
    <UnitTestResult executionId="9b6a612c-3f95-49df-bb0c-745d33100d68" testId="7e4392dc-91c9-b2ea-aa92-877f23257da9" testName="FS.GG.Coord.Cli.Tests.FollowupsTests.every QUALIFIED form is accepted(raw: &quot;FS.GG.Audio#12&quot;, owner: &quot;FS-GG&quot;, repo: &quot;FS.GG.Audio&quot;, n: 12)" computerName="c2756152e150" duration="00:00:00.0001881" startTime="2026-08-21T20:03:34.9862189+02:00" endTime="2026-08-21T20:03:34.9864010+02:00" testType="13cdc9d9-ddb5-4fa4-a97d-d965ccfc6d4b" outcome="Passed" testListId="8c84fa94-04c1-424b-9868-57a2d4851a1d" relativeResultsDirectory="9b6a612c-3f95-49df-bb0c-745d33100d68" />
    <UnitTestResult executionId="c318e15d-465f-4c16-af6f-d9ccfe6aa2c5" testId="f36be0ca-37ad-f511-7725-1af48f7efd49" testName="FS.GG.Coord.Cli.Tests.EpicVerdictTests.EPIC-CHILDREN-TRUNCATED fires when the graph is short" computerName="c2756152e150" duration="00:00:00.0000961" startTime="2026-08-21T20:03:36.4024764+02:00" endTime="2026-08-21T20:03:36.4024914+02:00" testType="13cdc9d9-ddb5-4fa4-a97d-d965ccfc6d4b" outcome="Passed" testListId="8c84fa94-04c1-424b-9868-57a2d4851a1d" relativeResultsDirectory="c318e15d-465f-4c16-af6f-d9ccfe6aa2c5" />
    <UnitTestResult executionId="ce9604ff-3ffd-4dc9-860b-601769018017" testId="b7d9a494-b033-b089-0a29-edf65c2d57cb" testName="FS.GG.Coord.Cli.Tests.ClaimLifecycleDestinationTests.#2645 a fresh claim on an item with NO pull request still lands In progress" computerName="c2756152e150" duration="00:00:00.0015173" startTime="2026-08-21T20:03:35.1398272+02:00" endTime="2026-08-21T20:03:35.1412387+02:00" testType="13cdc9d9-ddb5-4fa4-a97d-d965ccfc6d4b" outcome="Passed" testListId="8c84fa94-04c1-424b-9868-57a2d4851a1d" relativeResultsDirectory="ce9604ff-3ffd-4dc9-860b-601769018017" />
    <UnitTestResult executionId="2f08a36c-5aa2-4ce6-8c11-4faa64397a7d" testId="60009c69-1277-c1e1-7195-f47b0db0169b" testName="FS.GG.Coord.Cli.Tests.RepoScopeTests.every receiver's chore lock resolves to its closed lock issue(repo: &quot;governance&quot;, canonicalRepo: &quot;FS.GG.Governance&quot;, number: 268)" computerName="c2756152e150" duration="00:00:00.0001093" startTime="2026-08-21T20:03:36.4778253+02:00" endTime="2026-08-21T20:03:36.4778345+02:00" testType="13cdc9d9-ddb5-4fa4-a97d-d965ccfc6d4b" outcome="Passed" testListId="8c84fa94-04c1-424b-9868-57a2d4851a1d" relativeResultsDirectory="2f08a36c-5aa2-4ce6-8c11-4faa64397a7d" />
    <UnitTestResult executionId="cb1ef250-a704-44f5-82e1-bb22fcbcfaf5" testId="647ead65-cdba-da99-3a1a-16e01810fb96" testName="FS.GG.Coord.Cli.Tests.DeliveryApplicationTests.#2233 a malformed declaredPaths shape is refused, never a confident verdict(malformed: &quot;{\&quot;foo\&quot;:\&quot;bar\&quot;}&quot;)" computerName="c2756152e150" duration="00:00:00.0015789" startTime="2026-08-21T20:03:35.6426853+02:00" endTime="2026-08-21T20:03:35.6442068+02:00" testType="13cdc9d9-ddb5-4fa4-a97d-d965ccfc6d4b" outcome="Passed" testListId="8c84fa94-04c1-424b-9868-57a2d4851a1d" relativeResultsDirectory="cb1ef250-a704-44f5-82e1-bb22fcbcfaf5" />
    <UnitTestResult executionId="8dc4e4b8-c37c-4455-99cf-01fd2ce0cfb6" testId="619d9405-9648-fa56-55dd-5fb567f64ac5" testName="FS.GG.Coord.Cli.Tests.SnapshotTests.an item with no sentinel has HumanBlock None" computerName="c2756152e150" duration="00:00:00.0001045" startTime="2026-08-21T20:03:36.4894566+02:00" endTime="2026-08-21T20:03:36.4895360+02:00" testType="13cdc9d9-ddb5-4fa4-a97d-d965ccfc6d4b" outcome="Passed" testListId="8c84fa94-04c1-424b-9868-57a2d4851a1d" relativeResultsDirectory="8dc4e4b8-c37c-4455-99cf-01fd2ce0cfb6" />
    <UnitTestResult executionId="95685c59-2a1b-4894-9b93-1ed02e923eb3" testId="759eef5c-4680-9874-d28d-27caee332641" testName="FS.GG.Coord.Cli.Tests.DeliveryApplicationTests.#2395 a marker naming a superseded GRANT is rebound, not left grounded in a lost election" computerName="c2756152e150" duration="00:00:00.0000919" startTime="2026-08-21T20:03:35.6767215+02:00" endTime="2026-08-21T20:03:35.6767575+02:00" testType="13cdc9d9-ddb5-4fa4-a97d-d965ccfc6d4b" outcome="Passed" testListId="8c84fa94-04c1-424b-9868-57a2d4851a1d" relativeResultsDirectory="95685c59-2a1b-4894-9b93-1ed02e923eb3" />
    <UnitTestResult executionId="7e0286f0-11a1-40bb-863f-921344b84d90" testId="4afcbcb7-32da-004d-d8cc-094fcfce86af" testName="FS.GG.Coord.Cli.Tests.DeliveryApplicationTests.#2395 authorizationMarker renders all six fields the fence requires, in the gate's order" computerName="c2756152e150" duration="00:00:00.0000398" startTime="2026-08-21T20:03:35.6640839+02:00" endTime="2026-08-21T20:03:35.6640913+02:00" testType="13cdc9d9-ddb5-4fa4-a97d-d965ccfc6d4b" outcome="Passed" testListId="8c84fa94-04c1-424b-9868-57a2d4851a1d" relativeResultsDirectory="7e0286f0-11a1-40bb-863f-921344b84d90" />
    <UnitTestResult executionId="78703da0-5b0a-4b05-929c-c6a153549ac5" testId="9c86fde7-64d7-255c-2e9b-2172653ec89b" testName="FS.GG.Coord.Cli.Tests.RepoScopeTests.every git remote form yields owner/repo(url: &quot;https://github.com/FS-GG/FS.GG.SDD.git&quot;, expected: &quot;FS-GG/FS.GG.SDD&quot;)" computerName="c2756152e150" duration="00:00:00.0000006" startTime="2026-08-21T20:03:36.4789301+02:00" endTime="2026-08-21T20:03:36.4789389+02:00" testType="13cdc9d9-ddb5-4fa4-a97d-d965ccfc6d4b" outcome="Passed" testListId="8c84fa94-04c1-424b-9868-57a2d4851a1d" relativeResultsDirectory="78703da0-5b0a-4b05-929c-c6a153549ac5" />
    <UnitTestResult executionId="be7d5965-d5ca-4c6a-9695-8cfc5fae6d3d" testId="8b32264f-eb77-7135-f9df-b6c0b45b47bc" testName="FS.GG.Coord.Cli.Tests.FollowupsTests.the terminal audit reports a locked queue as unreadable, never empty" computerName="c2756152e150" duration="00:00:00.0006398" startTime="2026-08-21T20:03:35.0008170+02:00" endTime="2026-08-21T20:03:35.0014106+02:00" testType="13cdc9d9-ddb5-4fa4-a97d-d965ccfc6d4b" outcome="Passed" testListId="8c84fa94-04c1-424b-9868-57a2d4851a1d" relativeResultsDirectory="be7d5965-d5ca-4c6a-9695-8cfc5fae6d3d" />
    <UnitTestResult executionId="1bb47b9a-f815-4f1d-8365-a86dc5c2f471" testId="38a6f4d8-56e1-5b08-ae03-62ebc392283e" testName="FS.GG.Coord.Cli.Tests.DeliveryApplicationTests.#2233 declaredPaths as a plain array parses as Known and reaches guarded land" computerName="c2756152e150" duration="00:00:00.0010694" startTime="2026-08-21T20:03:35.6661670+02:00" endTime="2026-08-21T20:03:35.6671131+02:00" testType="13cdc9d9-ddb5-4fa4-a97d-d965ccfc6d4b" outcome="Passed" testListId="8c84fa94-04c1-424b-9868-57a2d4851a1d" relativeResultsDirectory="1bb47b9a-f815-4f1d-8365-a86dc5c2f471" />
    <UnitTestResult executionId="e9a97826-5a88-4765-ac05-55a43212ab5d" testId="650c5c74-be61-cf97-16ef-7687399c4c86" testName="FS.GG.Coord.Cli.Tests.RepoScopeTests.--repo is resolved for every repo-taking verb, not a list of them(verb: &quot;ready&quot;)" computerName="c2756152e150" duration="00:00:00.0000136" startTime="2026-08-21T20:03:36.4776389+02:00" endTime="2026-08-21T20:03:36.4776539+02:00" testType="13cdc9d9-ddb5-4fa4-a97d-d965ccfc6d4b" outcome="Passed" testListId="8c84fa94-04c1-424b-9868-57a2d4851a1d" relativeResultsDirectory="e9a97826-5a88-4765-ac05-55a43212ab5d" />
    <UnitTestResult executionId="334d6ac4-b506-4f4a-b0f2-24ea65fd29d9" testId="72be3b60-1544-43ee-0cc7-5fa790a31bb9" testName="FS.GG.Coord.Cli.Tests.DriverEventsCliTests.writeEventsCursorAtomic: writes a cursor readEventsCursor reads back exactly" computerName="c2756152e150" duration="00:00:00.0045457" startTime="2026-08-21T20:03:36.5257750+02:00" endTime="2026-08-21T20:03:36.5302721+02:00" testType="13cdc9d9-ddb5-4fa4-a97d-d965ccfc6d4b" outcome="Passed" testListId="8c84fa94-04c1-424b-9868-57a2d4851a1d" relativeResultsDirectory="334d6ac4-b506-4f4a-b0f2-24ea65fd29d9" />
    <UnitTestResult executionId="798f24c5-0241-408b-8b03-6ea1653a5db2" testId="91f3be91-efdf-0aaa-4039-6f785330616f" testName="FS.GG.Coord.Cli.Tests.DeliveryApplicationTests.#2544 leg E prose above the marker stays inert, and the refusal names that comment" computerName="c2756152e150" duration="00:00:00.0000757" startTime="2026-08-21T20:03:35.6826594+02:00" endTime="2026-08-21T20:03:35.6827074+02:00" testType="13cdc9d9-ddb5-4fa4-a97d-d965ccfc6d4b" outcome="Passed" testListId="8c84fa94-04c1-424b-9868-57a2d4851a1d" relativeResultsDirectory="798f24c5-0241-408b-8b03-6ea1653a5db2" />
    <UnitTestResult executionId="377fcd19-3e18-431f-872b-68ae03594c38" testId="f8e7a393-d93e-6420-7566-666d302306ca" testName="FS.GG.Coord.Cli.Tests.ClaimLifecycleDestinationTests.#2645 a STOLEN claim projects from the same live facts as a fresh one" computerName="c2756152e150" duration="00:00:00.0038627" startTime="2026-08-21T20:03:35.1480506+02:00" endTime="2026-08-21T20:03:35.1516231+02:00" testType="13cdc9d9-ddb5-4fa4-a97d-d965ccfc6d4b" outcome="Passed" testListId="8c84fa94-04c1-424b-9868-57a2d4851a1d" relativeResultsDirectory="377fcd19-3e18-431f-872b-68ae03594c38" />
    <UnitTestResult executionId="2a26d994-d43b-421f-9eb3-5483f9156005" testId="302373a5-7b3e-b5eb-d721-ed18a07a6a6e" testName="FS.GG.Coord.Cli.Tests.ClassLintTests.AC4 DECISION - a case or whitespace variant of a legal value is ACCEPTED" computerName="c2756152e150" duration="00:00:00.0001287" startTime="2026-08-21T20:03:36.5885945+02:00" endTime="2026-08-21T20:03:36.5886260+02:00" testType="13cdc9d9-ddb5-4fa4-a97d-d965ccfc6d4b" outcome="Passed" testListId="8c84fa94-04c1-424b-9868-57a2d4851a1d" relativeResultsDirectory="2a26d994-d43b-421f-9eb3-5483f9156005" />
    <UnitTestResult executionId="084d646a-ce52-45d9-a058-69b50b592dd7" testId="ef137562-1619-136c-edb8-5c756af7bd72" testName="FS.GG.Coord.Cli.Tests.ClaimOverlapTests.#2459 claim --refuse-overlap REFUSES an overlapping claim instead of warning" computerName="c2756152e150" duration="00:00:00.0012343" startTime="2026-08-21T20:03:35.7532548+02:00" endTime="2026-08-21T20:03:35.7541352+02:00" testType="13cdc9d9-ddb5-4fa4-a97d-d965ccfc6d4b" outcome="Passed" testListId="8c84fa94-04c1-424b-9868-57a2d4851a1d" relativeResultsDirectory="084d646a-ce52-45d9-a058-69b50b592dd7" />
    <UnitTestResult executionId="4cd13225-c000-4783-966d-2dae929e74e7" testId="dfdf389d-bc21-4880-e076-e122097a438b" testName="FS.GG.Coord.Cli.Tests.RepoScopeTests.a repo with no lock issue has no lock(repo: &quot;FS.GG.Nonexistent&quot;)" computerName="c2756152e150" duration="00:00:00.0000598" startTime="2026-08-21T20:03:36.4762024+02:00" endTime="2026-08-21T20:03:36.4762137+02:00" testType="13cdc9d9-ddb5-4fa4-a97d-d965ccfc6d4b" outcome="Passed" testListId="8c84fa94-04c1-424b-9868-57a2d4851a1d" relativeResultsDirectory="4cd13225-c000-4783-966d-2dae929e74e7" />
    <UnitTestResult executionId="95d6e635-e794-435b-aa5c-ae44680b7c37" testId="0ce51e8f-1efc-4736-0379-fb5ba58d7080" testName="FS.GG.Coord.Cli.Tests.VerifyPathsSddPackageTests.#2324 AC-002 a genuinely undeclared file still drifts beside the exempted package" computerName="c2756152e150" duration="00:00:00.0844738" startTime="2026-08-21T20:03:35.9645231+02:00" endTime="2026-08-21T20:03:36.0489791+02:00" testType="13cdc9d9-ddb5-4fa4-a97d-d965ccfc6d4b" outcome="Passed" testListId="8c84fa94-04c1-424b-9868-57a2d4851a1d" relativeResultsDirectory="95d6e635-e794-435b-aa5c-ae44680b7c37" />
    <UnitTestResult executionId="5f12e846-586d-4dab-a1ec-fbc517ad4012" testId="6072b006-9a97-47e8-4b25-934ded07aa58" testName="FS.GG.Coord.Cli.Tests.DriverEventsCliTests.candidateToItemFacts: review evidence keyed by the candidate's ItemPr is attached" computerName="c2756152e150" duration="00:00:00.0010078" startTime="2026-08-21T20:03:36.5612652+02:00" endTime="2026-08-21T20:03:36.5622291+02:00" testType="13cdc9d9-ddb5-4fa4-a97d-d965ccfc6d4b" outcome="Passed" testListId="8c84fa94-04c1-424b-9868-57a2d4851a1d" relativeResultsDirectory="5f12e846-586d-4dab-a1ec-fbc517ad4012" />
    <UnitTestResult executionId="0a3b5b4a-2f2f-4c11-aef2-b0941b0af944" testId="a4bb0dfd-8c0e-2986-b850-2c6a9b65b1a9" testName="FS.GG.Coord.Cli.Tests.DriverEventsCliTests..github#2525 acceptance #4: a complete read reports activeComplete=true with an empty unreadable array" computerName="c2756152e150" duration="00:00:00.0022656" startTime="2026-08-21T20:03:36.5314349+02:00" endTime="2026-08-21T20:03:36.5334952+02:00" testType="13cdc9d9-ddb5-4fa4-a97d-d965ccfc6d4b" outcome="Passed" testListId="8c84fa94-04c1-424b-9868-57a2d4851a1d" relativeResultsDirectory="0a3b5b4a-2f2f-4c11-aef2-b0941b0af944" />
    <UnitTestResult executionId="071150ca-9f12-43d0-b7ad-9caf969eb262" testId="47e65234-313c-c658-1b43-52dd86f3e145" testName="FS.GG.Coord.Cli.Tests.EpicVerdictTests.EPIC-ROLLUP-READY must NOT fire on a childless epic - the empty-forall vacuous truth" computerName="c2756152e150" duration="00:00:00.0001369" startTime="2026-08-21T20:03:36.4020645+02:00" endTime="2026-08-21T20:03:36.4020818+02:00" testType="13cdc9d9-ddb5-4fa4-a97d-d965ccfc6d4b" outcome="Passed" testListId="8c84fa94-04c1-424b-9868-57a2d4851a1d" relativeResultsDirectory="071150ca-9f12-43d0-b7ad-9caf969eb262" />
    <UnitTestResult executionId="d4001772-9c0b-4980-9c8b-6c87e8999c7c" testId="60d8cb5a-c090-41aa-e3f9-fad184d1eb5d" testName="FS.GG.Coord.Cli.Tests.PacketCliTests.#2737 a malformed packet exits non-zero and reads its findings on STDERR" computerName="c2756152e150" duration="00:00:00.0062541" startTime="2026-08-21T20:03:34.8339087+02:00" endTime="2026-08-21T20:03:34.8362223+02:00" testType="13cdc9d9-ddb5-4fa4-a97d-d965ccfc6d4b" outcome="Passed" testListId="8c84fa94-04c1-424b-9868-57a2d4851a1d" relativeResultsDirectory="d4001772-9c0b-4980-9c8b-6c87e8999c7c" />
    <UnitTestResult executionId="97791824-f170-40e3-af9f-31e2f4e224d5" testId="c6b672fa-fcad-cd9d-e644-5ab9b81e7010" testName="FS.GG.Coord.Cli.Tests.ChoresTests.#1086: the SAME rows offer when the board is WHOLE — the refusal above is the scope, not the rows" computerName="c2756152e150" duration="00:00:00.0001975" startTime="2026-08-21T20:03:34.9772370+02:00" endTime="2026-08-21T20:03:34.9774421+02:00" testType="13cdc9d9-ddb5-4fa4-a97d-d965ccfc6d4b" outcome="Passed" testListId="8c84fa94-04c1-424b-9868-57a2d4851a1d" relativeResultsDirectory="97791824-f170-40e3-af9f-31e2f4e224d5" />
    <UnitTestResult executionId="6cf7d0f8-90a4-45a2-9b2d-4ea38c29bb92" testId="a15c7cd9-88d6-036c-c716-a4aa42fe2bfc" testName="FS.GG.Coord.Cli.Tests.OpLockTests.a vendored deployment may inject its own lock, and it is consulted FIRST" computerName="c2756152e150" duration="00:00:00.0000775" startTime="2026-08-21T20:03:36.4896964+02:00" endTime="2026-08-21T20:03:36.4897704+02:00" testType="13cdc9d9-ddb5-4fa4-a97d-d965ccfc6d4b" outcome="Passed" testListId="8c84fa94-04c1-424b-9868-57a2d4851a1d" relativeResultsDirectory="6cf7d0f8-90a4-45a2-9b2d-4ea38c29bb92" />
    <UnitTestResult executionId="f658c6c7-6da3-4159-bbcc-a7f8e95a5f21" testId="fa3dafd2-3d13-5abb-f799-183811fa8829" testName="FS.GG.Coord.Cli.Tests.FollowupsTests.every QUALIFIED form is accepted(raw: &quot;https://github.com/FS-GG/FS.GG.SDD/issues/393&quot;, owner: &quot;FS-GG&quot;, repo: &quot;FS.GG.SDD&quot;, n: 393)" computerName="c2756152e150" duration="00:00:00.0004021" startTime="2026-08-21T20:03:34.9858421+02:00" endTime="2026-08-21T20:03:34.9861744+02:00" testType="13cdc9d9-ddb5-4fa4-a97d-d965ccfc6d4b" outcome="Passed" testListId="8c84fa94-04c1-424b-9868-57a2d4851a1d" relativeResultsDirectory="f658c6c7-6da3-4159-bbcc-a7f8e95a5f21" />
    <UnitTestResult executionId="c43183f3-e2d4-46a8-9235-009a4c7a19db" testId="211b0b12-d2ef-66d8-41e8-c9ba7459fb95" testName="FS.GG.Coord.Cli.Tests.ScanRoundTripTests.#1055 a STALE claim with a pushed branch and NO PR round-trips as lease-expired-branch-pushed" computerName="c2756152e150" duration="00:00:00.0011607" startTime="2026-08-21T20:03:36.5046801+02:00" endTime="2026-08-21T20:03:36.5057905+02:00" testType="13cdc9d9-ddb5-4fa4-a97d-d965ccfc6d4b" outcome="Passed" testListId="8c84fa94-04c1-424b-9868-57a2d4851a1d" relativeResultsDirectory="c43183f3-e2d4-46a8-9235-009a4c7a19db" />
    <UnitTestResult executionId="5d5e3e95-3a45-4db6-a7aa-680d3422aa70" testId="c4c96480-046a-ed51-16e8-a9699a4ab7d4" testName="FS.GG.Coord.Cli.Tests.CrossRepoRankTests.#1986 board-fact application owns the scheduler blocking-count seam" computerName="c2756152e150" duration="00:00:00.0001090" startTime="2026-08-21T20:03:35.0171529+02:00" endTime="2026-08-21T20:03:35.0172020+02:00" testType="13cdc9d9-ddb5-4fa4-a97d-d965ccfc6d4b" outcome="Passed" testListId="8c84fa94-04c1-424b-9868-57a2d4851a1d" relativeResultsDirectory="5d5e3e95-3a45-4db6-a7aa-680d3422aa70" />
    <UnitTestResult executionId="0928976d-67c3-42d7-9531-a16b834a71d3" testId="ea055de0-5b0b-d086-dd4b-3721cff5690a" testName="FS.GG.Coord.Cli.Tests.ReviewApplicationTests.successor_wait_uses_typed_state_round_not_live_binding_default" computerName="c2756152e150" duration="00:00:00.0039300" startTime="2026-08-21T20:03:35.1090121+02:00" endTime="2026-08-21T20:03:35.1126871+02:00" testType="13cdc9d9-ddb5-4fa4-a97d-d965ccfc6d4b" outcome="Passed" testListId="8c84fa94-04c1-424b-9868-57a2d4851a1d" relativeResultsDirectory="0928976d-67c3-42d7-9531-a16b834a71d3" />
    <UnitTestResult executionId="b1174bea-c7fa-4a8c-94b5-e4dd6715911f" testId="a4a243a7-3f3f-505c-7c9e-bd985aeff48a" testName="FS.GG.Coord.Cli.Tests.DriverEventsCliTests.readEventsCursor: a directory at the cursor path never reaches writeEventsCursorAtomic, so no temp file is left behind (repair round 2)" computerName="c2756152e150" duration="00:00:00.0009197" startTime="2026-08-21T20:03:36.5237372+02:00" endTime="2026-08-21T20:03:36.5246556+02:00" testType="13cdc9d9-ddb5-4fa4-a97d-d965ccfc6d4b" outcome="Passed" testListId="8c84fa94-04c1-424b-9868-57a2d4851a1d" relativeResultsDirectory="b1174bea-c7fa-4a8c-94b5-e4dd6715911f" />
    <UnitTestResult executionId="72722f5d-fe83-4965-870b-47d6347bbef6" testId="62298fe4-cac3-d5d0-2dae-c0822111c940" testName="FS.GG.Coord.Cli.Tests.OpLockTests.the lease-free ordering rule is written EXACTLY ONCE, inside Reads" computerName="c2756152e150" duration="00:00:00.0006882" startTime="2026-08-21T20:03:36.4965688+02:00" endTime="2026-08-21T20:03:36.4971390+02:00" testType="13cdc9d9-ddb5-4fa4-a97d-d965ccfc6d4b" outcome="Passed" testListId="8c84fa94-04c1-424b-9868-57a2d4851a1d" relativeResultsDirectory="72722f5d-fe83-4965-870b-47d6347bbef6" />
    <UnitTestResult executionId="3fc3a664-7e1d-43a2-941d-443ffc872d86" testId="21612c7b-5057-1986-2055-ce808879f29b" testName="FS.GG.Coord.Cli.Tests.RepoScopeTests.every git remote form yields owner/repo(url: &quot;https://github.com/FS-GG/.github&quot;, expected: &quot;FS-GG/.github&quot;)" computerName="c2756152e150" duration="00:00:00.0000013" startTime="2026-08-21T20:03:36.4788762+02:00" endTime="2026-08-21T20:03:36.4788863+02:00" testType="13cdc9d9-ddb5-4fa4-a97d-d965ccfc6d4b" outcome="Passed" testListId="8c84fa94-04c1-424b-9868-57a2d4851a1d" relativeResultsDirectory="3fc3a664-7e1d-43a2-941d-443ffc872d86" />
    <UnitTestResult executionId="a52becbd-9343-4df6-9248-f079219090d0" testId="2afa83dd-b79e-084b-dca3-4b03b9a3e3dc" testName="FS.GG.Coord.Cli.Tests.ClaimOverlapTests.#2801 compiled reciprocal wait route creates one automatic room and backrefs both items" computerName="c2756152e150" duration="00:00:00.0195568" startTime="2026-08-21T20:03:35.7113103+02:00" endTime="2026-08-21T20:03:35.7308842+02:00" testType="13cdc9d9-ddb5-4fa4-a97d-d965ccfc6d4b" outcome="Passed" testListId="8c84fa94-04c1-424b-9868-57a2d4851a1d" relativeResultsDirectory="a52becbd-9343-4df6-9248-f079219090d0" />
    <UnitTestResult executionId="bf037609-dc72-4a9b-8a12-571bfd2ae386" testId="64cedcda-c325-9b90-42c9-517aeae73cae" testName="FS.GG.Coord.Cli.Tests.DriverEventsCliTests.readEventsCursor: no --cursor flag reads as an empty cursor" computerName="c2756152e150" duration="00:00:00.0000774" startTime="2026-08-21T20:03:36.5335680+02:00" endTime="2026-08-21T20:03:36.5335942+02:00" testType="13cdc9d9-ddb5-4fa4-a97d-d965ccfc6d4b" outcome="Passed" testListId="8c84fa94-04c1-424b-9868-57a2d4851a1d" relativeResultsDirectory="bf037609-dc72-4a9b-8a12-571bfd2ae386" />
    <UnitTestResult executionId="5a342587-4cd0-4ad2-a232-56a47602cac1" testId="a0014754-8738-8d13-2891-4014fc437908" testName="FS.GG.Coord.Cli.Tests.SnapshotTests.an item whose body declares no assertion has DeclaredPredicate None" computerName="c2756152e150" duration="00:00:00.0000900" startTime="2026-08-21T20:03:36.4889465+02:00" endTime="2026-08-21T20:03:36.4890086+02:00" testType="13cdc9d9-ddb5-4fa4-a97d-d965ccfc6d4b" outcome="Passed" testListId="8c84fa94-04c1-424b-9868-57a2d4851a1d" relativeResultsDirectory="5a342587-4cd0-4ad2-a232-56a47602cac1" />
    <UnitTestResult executionId="eab5bf6c-8622-4a1c-9c52-024c2331a2f7" testId="44730f8b-e5c4-bc51-0b12-7754d7e1b2ed" testName="FS.GG.Coord.Cli.Tests.ConsolidationLintTests.four mutually-similar rows with NO common token are never proposed as one group" computerName="c2756152e150" duration="00:00:00.0035808" startTime="2026-08-21T20:03:35.5151115+02:00" endTime="2026-08-21T20:03:35.5186886+02:00" testType="13cdc9d9-ddb5-4fa4-a97d-d965ccfc6d4b" outcome="Passed" testListId="8c84fa94-04c1-424b-9868-57a2d4851a1d" relativeResultsDirectory="eab5bf6c-8622-4a1c-9c52-024c2331a2f7" />
    <UnitTestResult executionId="13b77db2-54b3-4596-941f-75b3054b5041" testId="f0f9ccd7-e847-e966-f32d-b7a792214e7b" testName="FS.GG.Coord.Cli.Tests.DeliveryRouteCliTests.#2298 claim refuses with zero writes when NO delivery-route receipt exists" computerName="c2756152e150" duration="00:00:00.0002382" startTime="2026-08-21T20:03:35.7832118+02:00" endTime="2026-08-21T20:03:35.7834099+02:00" testType="13cdc9d9-ddb5-4fa4-a97d-d965ccfc6d4b" outcome="Passed" testListId="8c84fa94-04c1-424b-9868-57a2d4851a1d" relativeResultsDirectory="13b77db2-54b3-4596-941f-75b3054b5041" />
    <UnitTestResult executionId="2ef60882-7c9b-4d41-9cc0-41ec7642db80" testId="09f180ac-f4fc-a29b-51ea-fcf97020a1b7" testName="FS.GG.Coord.Cli.Tests.DeliveryApplicationTests.#2395 with two owned elections the LOWER comment id is granted, whatever order they are read in" computerName="c2756152e150" duration="00:00:00.0002458" startTime="2026-08-21T20:03:35.6798565+02:00" endTime="2026-08-21T20:03:35.6799266+02:00" testType="13cdc9d9-ddb5-4fa4-a97d-d965ccfc6d4b" outcome="Passed" testListId="8c84fa94-04c1-424b-9868-57a2d4851a1d" relativeResultsDirectory="2ef60882-7c9b-4d41-9cc0-41ec7642db80" />
    <UnitTestResult executionId="0e1a72d4-b44a-4556-8d39-7932f592dee9" testId="dfd0ece1-888a-bb5b-122c-f8b9c69c5704" testName="FS.GG.Coord.Cli.Tests.DeliveryApplicationTests.#2264 round 1: every obligation genuinely receipted clears Outstanding" computerName="c2756152e150" duration="00:00:00.0006037" startTime="2026-08-21T20:03:35.6644265+02:00" endTime="2026-08-21T20:03:35.6650223+02:00" testType="13cdc9d9-ddb5-4fa4-a97d-d965ccfc6d4b" outcome="Passed" testListId="8c84fa94-04c1-424b-9868-57a2d4851a1d" relativeResultsDirectory="0e1a72d4-b44a-4556-8d39-7932f592dee9" />
    <UnitTestResult executionId="b6a9e60c-94d4-46b2-bb90-17e760e6c17d" testId="ee64d758-6925-a45a-ff15-daf4b40cca1d" testName="FS.GG.Coord.Cli.Tests.DeliveryApplicationTests.#2395 a failed election POST writes NO authorization at all" computerName="c2756152e150" duration="00:00:00.0002736" startTime="2026-08-21T20:03:35.6769276+02:00" endTime="2026-08-21T20:03:35.6771703+02:00" testType="13cdc9d9-ddb5-4fa4-a97d-d965ccfc6d4b" outcome="Passed" testListId="8c84fa94-04c1-424b-9868-57a2d4851a1d" relativeResultsDirectory="b6a9e60c-94d4-46b2-bb90-17e760e6c17d" />
    <UnitTestResult executionId="b822d217-3734-4735-a269-491f9235ba52" testId="064705b8-8c93-f838-3afc-23849e0586ab" testName="FS.GG.Coord.Cli.Tests.ScanRoundTripTests.#461 a marker read that FAILS aborts the scan - it never yields an unclaimed item" computerName="c2756152e150" duration="00:00:00.0003097" startTime="2026-08-21T20:03:36.5196514+02:00" endTime="2026-08-21T20:03:36.5198716+02:00" testType="13cdc9d9-ddb5-4fa4-a97d-d965ccfc6d4b" outcome="Passed" testListId="8c84fa94-04c1-424b-9868-57a2d4851a1d" relativeResultsDirectory="b822d217-3734-4735-a269-491f9235ba52" />
    <UnitTestResult executionId="8352b74e-e0d4-4450-9049-45b9bf8c2b37" testId="5e542120-bf6b-df12-a3db-1b795a351cdb" testName="FS.GG.Coord.Cli.Tests.TouchSetLintTests.the three no-token shapes produce no finding HERE — they are other rules' business (#496)" computerName="c2756152e150" duration="00:00:00.0001444" startTime="2026-08-21T20:03:36.5725392+02:00" endTime="2026-08-21T20:03:36.5725474+02:00" testType="13cdc9d9-ddb5-4fa4-a97d-d965ccfc6d4b" outcome="Passed" testListId="8c84fa94-04c1-424b-9868-57a2d4851a1d" relativeResultsDirectory="8352b74e-e0d4-4450-9049-45b9bf8c2b37" />
    <UnitTestResult executionId="01f07ec7-6fcc-425b-9186-6ac4e6f4316a" testId="7fb1ccff-90ae-b4b8-633c-ffebaf4085a4" testName="FS.GG.Coord.Cli.Tests.ChoresTests.#1649: a chore ALREADY DISCHARGED is not offered again — and costs no lock to decline" computerName="c2756152e150" duration="00:00:00.0006278" startTime="2026-08-21T20:03:34.8749495+02:00" endTime="2026-08-21T20:03:34.8754843+02:00" testType="13cdc9d9-ddb5-4fa4-a97d-d965ccfc6d4b" outcome="Passed" testListId="8c84fa94-04c1-424b-9868-57a2d4851a1d" relativeResultsDirectory="01f07ec7-6fcc-425b-9186-6ac4e6f4316a" />
    <UnitTestResult executionId="8a58d373-6899-4646-b124-387dd7f8dede" testId="b69f6a5b-846f-a24b-ba35-3f32e15e0626" testName="FS.GG.Coord.Cli.Tests.SchedulingCostTests.#2300 repair 1: a human-held candidate never pays a delivery-route read, however stale its receipt would be" computerName="c2756152e150" duration="00:00:00.0009622" startTime="2026-08-21T20:03:34.8141995+02:00" endTime="2026-08-21T20:03:34.8151124+02:00" testType="13cdc9d9-ddb5-4fa4-a97d-d965ccfc6d4b" outcome="Passed" testListId="8c84fa94-04c1-424b-9868-57a2d4851a1d" relativeResultsDirectory="8a58d373-6899-4646-b124-387dd7f8dede" />
    <UnitTestResult executionId="80db91b1-5e4b-4a4e-aa95-48ddd47c21b4" testId="a1304cfb-ba2f-a281-4115-2bb120cac5ec" testName="FS.GG.Coord.Cli.Tests.DocumentedInvocationTests.say accepts the form all seven prescribing sites document" computerName="c2756152e150" duration="00:00:00.0001912" startTime="2026-08-21T20:03:36.4517287+02:00" endTime="2026-08-21T20:03:36.4518504+02:00" testType="13cdc9d9-ddb5-4fa4-a97d-d965ccfc6d4b" outcome="Passed" testListId="8c84fa94-04c1-424b-9868-57a2d4851a1d" relativeResultsDirectory="80db91b1-5e4b-4a4e-aa95-48ddd47c21b4" />
    <UnitTestResult executionId="ec6e479b-089b-4f84-9dd3-61fc8c89328f" testId="d75b285f-4cf6-0a7a-8d68-5246f2f041b8" testName="FS.GG.Coord.Cli.Tests.ClaimOverlapTests.#2801 compiled arbitration route records precedence and narrows loser while its claim remains held" computerName="c2756152e150" duration="00:00:00.0128822" startTime="2026-08-21T20:03:35.7343387+02:00" endTime="2026-08-21T20:03:35.7471500+02:00" testType="13cdc9d9-ddb5-4fa4-a97d-d965ccfc6d4b" outcome="Passed" testListId="8c84fa94-04c1-424b-9868-57a2d4851a1d" relativeResultsDirectory="ec6e479b-089b-4f84-9dd3-61fc8c89328f" />
    <UnitTestResult executionId="85f3d85f-6be3-4e00-917d-9e2de099e983" testId="0988bc77-ace0-cd6b-52e8-168f75828eb2" testName="FS.GG.Coord.Cli.Tests.FollowupsTests.the ids that used to reach that guard are now stopped at the RESOLVER(id: &quot;///&quot;)" computerName="c2756152e150" duration="00:00:00.0001234" startTime="2026-08-21T20:03:34.9799984+02:00" endTime="2026-08-21T20:03:34.9800079+02:00" testType="13cdc9d9-ddb5-4fa4-a97d-d965ccfc6d4b" outcome="Passed" testListId="8c84fa94-04c1-424b-9868-57a2d4851a1d" relativeResultsDirectory="85f3d85f-6be3-4e00-917d-9e2de099e983" />
    <UnitTestResult executionId="8aa795fc-1154-4013-91f2-e853af05422f" testId="c5b00304-7a7e-ea60-0805-6f74beed8c75" testName="FS.GG.Coord.Cli.Tests.DriverEventsCliTests.readEventsCursor: a DIRECTORY at the cursor path is a REFUSED read, never a silent empty cursor (repair round 2)" computerName="c2756152e150" duration="00:00:00.0001884" startTime="2026-08-21T20:03:36.5670594+02:00" endTime="2026-08-21T20:03:36.5672182+02:00" testType="13cdc9d9-ddb5-4fa4-a97d-d965ccfc6d4b" outcome="Passed" testListId="8c84fa94-04c1-424b-9868-57a2d4851a1d" relativeResultsDirectory="8aa795fc-1154-4013-91f2-e853af05422f" />
    <UnitTestResult executionId="612e69ea-dee6-43a3-94c6-af12dbb8a4a0" testId="b60d1dfb-f751-06c7-0895-bf0af73bf103" testName="FS.GG.Coord.Cli.Tests.SnapshotTests.#496 'Paths: none' parses to the SENTINEL, not to an absent declaration" computerName="c2756152e150" duration="00:00:00.0001113" startTime="2026-08-21T20:03:36.4833994+02:00" endTime="2026-08-21T20:03:36.4834457+02:00" testType="13cdc9d9-ddb5-4fa4-a97d-d965ccfc6d4b" outcome="Passed" testListId="8c84fa94-04c1-424b-9868-57a2d4851a1d" relativeResultsDirectory="612e69ea-dee6-43a3-94c6-af12dbb8a4a0" />
    <UnitTestResult executionId="f17ecfbc-7239-4ebb-8464-538da73d8320" testId="a67fdcd1-dc2e-e6ba-9448-5a00a35befaf" testName="FS.GG.Coord.Cli.Tests.ClassLintTests.the invalid diagnostic never says the row records no Class - that is the whole bug" computerName="c2756152e150" duration="00:00:00.0001021" startTime="2026-08-21T20:03:36.5885361+02:00" endTime="2026-08-21T20:03:36.5885438+02:00" testType="13cdc9d9-ddb5-4fa4-a97d-d965ccfc6d4b" outcome="Passed" testListId="8c84fa94-04c1-424b-9868-57a2d4851a1d" relativeResultsDirectory="f17ecfbc-7239-4ebb-8464-538da73d8320" />
    <UnitTestResult executionId="98b5ee95-aa31-4065-975b-1f18e016bd19" testId="a7f54834-f1b5-546b-3bf4-3855aafd6030" testName="FS.GG.Coord.Cli.Tests.OpLockDispatchVerbTests.CONTROL - the reachability scan can report ZERO, so a non-zero answer is evidence" computerName="c2756152e150" duration="00:00:00.0004290" startTime="2026-08-21T20:03:35.5583542+02:00" endTime="2026-08-21T20:03:35.5587482+02:00" testType="13cdc9d9-ddb5-4fa4-a97d-d965ccfc6d4b" outcome="Passed" testListId="8c84fa94-04c1-424b-9868-57a2d4851a1d" relativeResultsDirectory="98b5ee95-aa31-4065-975b-1f18e016bd19" />
    <UnitTestResult executionId="ba1f0354-e00a-4889-864f-212bed4a49d3" testId="dfe65a02-9fd2-8656-263e-343a82a87cfc" testName="FS.GG.Coord.Cli.Tests.VerifyPathsSddPackageTests.#2324 the receipt ledger is read exactly once when there IS drift to subtract from" computerName="c2756152e150" duration="00:00:00.0839299" startTime="2026-08-21T20:03:36.1389609+02:00" endTime="2026-08-21T20:03:36.2223901+02:00" testType="13cdc9d9-ddb5-4fa4-a97d-d965ccfc6d4b" outcome="Passed" testListId="8c84fa94-04c1-424b-9868-57a2d4851a1d" relativeResultsDirectory="ba1f0354-e00a-4889-864f-212bed4a49d3" />
    <UnitTestResult executionId="bae51be4-94f7-4e6b-a925-65bd5473e74d" testId="40c4e9d4-d61c-e9d2-5214-671853dd1c99" testName="FS.GG.Coord.Cli.Tests.ClassLintTests.an invalid line SUPPRESSES CLASS-UNSET - one fault, one finding" computerName="c2756152e150" duration="00:00:00.0000445" startTime="2026-08-21T20:03:36.5884108+02:00" endTime="2026-08-21T20:03:36.5884226+02:00" testType="13cdc9d9-ddb5-4fa4-a97d-d965ccfc6d4b" outcome="Passed" testListId="8c84fa94-04c1-424b-9868-57a2d4851a1d" relativeResultsDirectory="bae51be4-94f7-4e6b-a925-65bd5473e74d" />
    <UnitTestResult executionId="4d9694e1-52ba-45ae-9492-cab2c69beae1" testId="df6d0ca3-253f-5ca1-6c88-443804b5f0e0" testName="FS.GG.Coord.Cli.Tests.FollowupsTests.two workers do not share a queue" computerName="c2756152e150" duration="00:00:00.0004545" startTime="2026-08-21T20:03:35.0044542+02:00" endTime="2026-08-21T20:03:35.0048435+02:00" testType="13cdc9d9-ddb5-4fa4-a97d-d965ccfc6d4b" outcome="Passed" testListId="8c84fa94-04c1-424b-9868-57a2d4851a1d" relativeResultsDirectory="4d9694e1-52ba-45ae-9492-cab2c69beae1" />
    <UnitTestResult executionId="837b8ecc-2d46-4f49-b48d-c1e7b70362c4" testId="1bb48eec-4596-f0a2-eec0-36d6e15d1df1" testName="FS.GG.Coord.Cli.Tests.RepoScopeTests.every documented --repo spelling resolves to the board's repo name(raw: &quot;FS.GG.SDD&quot;, expected: &quot;FS.GG.SDD&quot;)" computerName="c2756152e150" duration="00:00:00.0000019" startTime="2026-08-21T20:03:36.4796302+02:00" endTime="2026-08-21T20:03:36.4796397+02:00" testType="13cdc9d9-ddb5-4fa4-a97d-d965ccfc6d4b" outcome="Passed" testListId="8c84fa94-04c1-424b-9868-57a2d4851a1d" relativeResultsDirectory="837b8ecc-2d46-4f49-b48d-c1e7b70362c4" />
    <UnitTestResult executionId="45269178-fd47-46d3-bf80-caa61b5c4951" testId="46c403eb-b929-cd25-353c-87aaff92e696" testName="FS.GG.Coord.Cli.Tests.ExitContractTests.landable's pending code is distinct from every code that means stop" computerName="c2756152e150" duration="00:00:00.0000339" startTime="2026-08-21T20:03:36.4755645+02:00" endTime="2026-08-21T20:03:36.4755759+02:00" testType="13cdc9d9-ddb5-4fa4-a97d-d965ccfc6d4b" outcome="Passed" testListId="8c84fa94-04c1-424b-9868-57a2d4851a1d" relativeResultsDirectory="45269178-fd47-46d3-bf80-caa61b5c4951" />
    <UnitTestResult executionId="e0f2fd54-ce5a-44cf-9aa2-acc32c66fe10" testId="879d5e32-fdfd-5311-c928-4312296c93ff" testName="FS.GG.Coord.Cli.Tests.TakeFallthroughTests..github#2683 no engine message instructs the caller to perform the forbidden retry" computerName="c2756152e150" duration="00:00:00.0074531" startTime="2026-08-21T20:03:35.0285968+02:00" endTime="2026-08-21T20:03:35.0360044+02:00" testType="13cdc9d9-ddb5-4fa4-a97d-d965ccfc6d4b" outcome="Passed" testListId="8c84fa94-04c1-424b-9868-57a2d4851a1d" relativeResultsDirectory="e0f2fd54-ce5a-44cf-9aa2-acc32c66fe10" />
    <UnitTestResult executionId="feb63b9b-b626-47c9-86bb-3dcb92e12176" testId="1b678b67-d3d8-550a-b732-374a71f97daa" testName="FS.GG.Coord.Cli.Tests.DeliveryApplicationTests.#2233 declaredPaths as {unread: reason} refuses with a reason naming the read" computerName="c2756152e150" duration="00:00:00.0003279" startTime="2026-08-21T20:03:35.6799896+02:00" endTime="2026-08-21T20:03:35.6802827+02:00" testType="13cdc9d9-ddb5-4fa4-a97d-d965ccfc6d4b" outcome="Passed" testListId="8c84fa94-04c1-424b-9868-57a2d4851a1d" relativeResultsDirectory="feb63b9b-b626-47c9-86bb-3dcb92e12176" />
    <UnitTestResult executionId="30b968dc-87fe-4383-80d4-9e45338b4ba4" testId="3817639a-4205-1bf1-612f-aba287474574" testName="FS.GG.Coord.Cli.Tests.FollowupsTests.a BARE ref is refused, and the refusal explains the queue's own reason(raw: &quot;#1063&quot;)" computerName="c2756152e150" duration="00:00:00.0002307" startTime="2026-08-21T20:03:34.9844399+02:00" endTime="2026-08-21T20:03:34.9845270+02:00" testType="13cdc9d9-ddb5-4fa4-a97d-d965ccfc6d4b" outcome="Passed" testListId="8c84fa94-04c1-424b-9868-57a2d4851a1d" relativeResultsDirectory="30b968dc-87fe-4383-80d4-9e45338b4ba4" />
    <UnitTestResult executionId="49d18133-8ce0-4313-8a8c-6d6047d931ff" testId="c5b28f8b-3f3a-a9f3-2eb9-bdbe2ade2f76" testName="FS.GG.Coord.Cli.Tests.SkillProgressiveDisclosureTests.all active roots carry the same routed skill directories" computerName="c2756152e150" duration="00:00:00.0053612" startTime="2026-08-21T20:03:36.5770930+02:00" endTime="2026-08-21T20:03:36.5824282+02:00" testType="13cdc9d9-ddb5-4fa4-a97d-d965ccfc6d4b" outcome="Passed" testListId="8c84fa94-04c1-424b-9868-57a2d4851a1d" relativeResultsDirectory="49d18133-8ce0-4313-8a8c-6d6047d931ff" />
    <UnitTestResult executionId="d46a75b1-86fd-43bf-8b6b-3d4124685cd7" testId="fe56662d-076f-5f86-d6d7-1864abd34bf4" testName="FS.GG.Coord.Cli.Tests.ClassLintTests.AC5 the ABSENT diagnostic reads the same vocabulary" computerName="c2756152e150" duration="00:00:00.0000976" startTime="2026-08-21T20:03:36.5884777+02:00" endTime="2026-08-21T20:03:36.5884856+02:00" testType="13cdc9d9-ddb5-4fa4-a97d-d965ccfc6d4b" outcome="Passed" testListId="8c84fa94-04c1-424b-9868-57a2d4851a1d" relativeResultsDirectory="d46a75b1-86fd-43bf-8b6b-3d4124685cd7" />
    <UnitTestResult executionId="d49003c2-4e4a-4d74-9f0d-536145679caa" testId="5e6d1ecd-149b-0159-858f-a551f3552524" testName="FS.GG.Coord.Cli.Tests.OpLockDispatchVerbTests.op-lock acquire takes the grant and prints the broker's whole input tuple" computerName="c2756152e150" duration="00:00:00.0013057" startTime="2026-08-21T20:03:35.5564161+02:00" endTime="2026-08-21T20:03:35.5577093+02:00" testType="13cdc9d9-ddb5-4fa4-a97d-d965ccfc6d4b" outcome="Passed" testListId="8c84fa94-04c1-424b-9868-57a2d4851a1d" relativeResultsDirectory="d49003c2-4e4a-4d74-9f0d-536145679caa" />
    <UnitTestResult executionId="5f7e92c5-c585-4d07-9447-e23c284c0135" testId="dec3c6e6-d4c3-088f-18e5-5cb5b60edf8e" testName="FS.GG.Coord.Cli.Tests.SkillProgressiveDisclosureTests.generated protocol facts live in routed references not triggered bodies" computerName="c2756152e150" duration="00:00:00.0009428" startTime="2026-08-21T20:03:36.5825081+02:00" endTime="2026-08-21T20:03:36.5833852+02:00" testType="13cdc9d9-ddb5-4fa4-a97d-d965ccfc6d4b" outcome="Passed" testListId="8c84fa94-04c1-424b-9868-57a2d4851a1d" relativeResultsDirectory="5f7e92c5-c585-4d07-9447-e23c284c0135" />
    <UnitTestResult executionId="c66736f4-34b3-4e87-8fa7-a6edb4436cbd" testId="525ac5cf-24d5-69e3-9467-86d4f68b538a" testName="FS.GG.Coord.Cli.Tests.EpicVerdictTests.EPIC-UNLINKED-CHILD fires when the WHOLE graph misses a body-declared child" computerName="c2756152e150" duration="00:00:00.0001704" startTime="2026-08-21T20:03:36.4021941+02:00" endTime="2026-08-21T20:03:36.4022480+02:00" testType="13cdc9d9-ddb5-4fa4-a97d-d965ccfc6d4b" outcome="Passed" testListId="8c84fa94-04c1-424b-9868-57a2d4851a1d" relativeResultsDirectory="c66736f4-34b3-4e87-8fa7-a6edb4436cbd" />
    <UnitTestResult executionId="500701c1-157b-421b-bb41-fcec61668ab6" testId="2e15c788-7ed7-0f21-61a0-e05f9503e197" testName="FS.GG.Coord.Cli.Tests.FollowupsTests.the STORED form carries the owner, so it round-trips from another checkout" computerName="c2756152e150" duration="00:00:00.0003284" startTime="2026-08-21T20:03:34.9868448+02:00" endTime="2026-08-21T20:03:34.9871416+02:00" testType="13cdc9d9-ddb5-4fa4-a97d-d965ccfc6d4b" outcome="Passed" testListId="8c84fa94-04c1-424b-9868-57a2d4851a1d" relativeResultsDirectory="500701c1-157b-421b-bb41-fcec61668ab6" />
    <UnitTestResult executionId="5d914f1b-0aab-4906-964e-3468394d83be" testId="aea3c760-c41e-052a-fd7d-1a131811315b" testName="FS.GG.Coord.Cli.Tests.ChoresTests.#1649: the SAME item IS offered while the column genuinely lags — the silence above is the read" computerName="c2756152e150" duration="00:00:00.0002560" startTime="2026-08-21T20:03:34.8777370+02:00" endTime="2026-08-21T20:03:34.8779515+02:00" testType="13cdc9d9-ddb5-4fa4-a97d-d965ccfc6d4b" outcome="Passed" testListId="8c84fa94-04c1-424b-9868-57a2d4851a1d" relativeResultsDirectory="5d914f1b-0aab-4906-964e-3468394d83be" />
    <UnitTestResult executionId="9257c37b-c35b-4b1a-b16d-c0f515fa719b" testId="c18a1adf-7f5a-7db3-ec53-7c53887ce93b" testName="FS.GG.Coord.Cli.Tests.DeliveryApplicationTests.#2544 round 1: an indented declaration and receipt pair does not read as verified" computerName="c2756152e150" duration="00:00:00.0001324" startTime="2026-08-21T20:03:35.6639242+02:00" endTime="2026-08-21T20:03:35.6640301+02:00" testType="13cdc9d9-ddb5-4fa4-a97d-d965ccfc6d4b" outcome="Passed" testListId="8c84fa94-04c1-424b-9868-57a2d4851a1d" relativeResultsDirectory="9257c37b-c35b-4b1a-b16d-c0f515fa719b" />
    <UnitTestResult executionId="0c81e097-ffde-42ec-a29a-adc617f30a87" testId="77c503b9-8c9c-997b-3cfd-7e6dd21106cf" testName="FS.GG.Coord.Cli.Tests.DriverEventsCliTests.renderEventsJson: a persistent Unreadable transition is present in BOTH successive renders (repair round 1, finding 1, end to end)" computerName="c2756152e150" duration="00:00:00.0036412" startTime="2026-08-21T20:03:36.5627708+02:00" endTime="2026-08-21T20:03:36.5663931+02:00" testType="13cdc9d9-ddb5-4fa4-a97d-d965ccfc6d4b" outcome="Passed" testListId="8c84fa94-04c1-424b-9868-57a2d4851a1d" relativeResultsDirectory="0c81e097-ffde-42ec-a29a-adc617f30a87" />
    <UnitTestResult executionId="97aa6622-06ea-477f-86de-1f7a7d29bc1f" testId="fab19b3a-733c-cf57-95fe-1e70cfc6f12f" testName="FS.GG.Coord.Cli.Tests.ScanRoundTripTests.#2254 SweptBody, when carried, is RENDERED into the swept row's body — Scan.snapshot's half of the fix" computerName="c2756152e150" duration="00:00:00.0004347" startTime="2026-08-21T20:03:36.5075537+02:00" endTime="2026-08-21T20:03:36.5079527+02:00" testType="13cdc9d9-ddb5-4fa4-a97d-d965ccfc6d4b" outcome="Passed" testListId="8c84fa94-04c1-424b-9868-57a2d4851a1d" relativeResultsDirectory="97aa6622-06ea-477f-86de-1f7a7d29bc1f" />
    <UnitTestResult executionId="b031882e-fa1b-467f-b283-072a63456808" testId="cef1171f-a228-a6da-3f60-3c1b0ad68d3e" testName="FS.GG.Coord.Cli.Tests.ClassLintTests.VALID - each of the three legal values classes the row and produces NO finding" computerName="c2756152e150" duration="00:00:00.0005580" startTime="2026-08-21T20:03:36.5864945+02:00" endTime="2026-08-21T20:03:36.5870025+02:00" testType="13cdc9d9-ddb5-4fa4-a97d-d965ccfc6d4b" outcome="Passed" testListId="8c84fa94-04c1-424b-9868-57a2d4851a1d" relativeResultsDirectory="b031882e-fa1b-467f-b283-072a63456808" />
    <UnitTestResult executionId="9e1f7e3e-6b05-4b0e-a7d0-cb32f4f4992e" testId="f379142e-7009-e157-a65d-de3b3f9bfd7c" testName="FS.GG.Coord.Cli.Tests.DeliveryRouteCliTests.M4 a wholly buried v2 route ledger remains authoritative and appends safely" computerName="c2756152e150" duration="00:00:00.0018006" startTime="2026-08-21T20:03:35.7813677+02:00" endTime="2026-08-21T20:03:35.7831450+02:00" testType="13cdc9d9-ddb5-4fa4-a97d-d965ccfc6d4b" outcome="Passed" testListId="8c84fa94-04c1-424b-9868-57a2d4851a1d" relativeResultsDirectory="9e1f7e3e-6b05-4b0e-a7d0-cb32f4f4992e" />
    <UnitTestResult executionId="c016ea41-cfe8-4be2-840f-02fed3dca7c9" testId="4ea7d856-210f-d99a-617d-25515d08b336" testName="FS.GG.Coord.Cli.Tests.ScanRoundTripTests.#2225 a CLOSED but UNSTAMPED item is READ, and its live claim still RESERVES its touch-set" computerName="c2756152e150" duration="00:00:00.0005400" startTime="2026-08-21T20:03:36.5125720+02:00" endTime="2026-08-21T20:03:36.5130541+02:00" testType="13cdc9d9-ddb5-4fa4-a97d-d965ccfc6d4b" outcome="Passed" testListId="8c84fa94-04c1-424b-9868-57a2d4851a1d" relativeResultsDirectory="c016ea41-cfe8-4be2-840f-02fed3dca7c9" />
    <UnitTestResult executionId="b46f770a-9988-4664-aa79-1a5213687f74" testId="17608d93-01e7-ae69-4d13-4dfc9a3f8a2e" testName="FS.GG.Coord.Cli.Tests.DeliveryApplicationTests.#2395 an unreadable item comment list writes NO authorization at all" computerName="c2756152e150" duration="00:00:00.0001155" startTime="2026-08-21T20:03:35.6784111+02:00" endTime="2026-08-21T20:03:35.6784191+02:00" testType="13cdc9d9-ddb5-4fa4-a97d-d965ccfc6d4b" outcome="Passed" testListId="8c84fa94-04c1-424b-9868-57a2d4851a1d" relativeResultsDirectory="b46f770a-9988-4664-aa79-1a5213687f74" />
    <UnitTestResult executionId="3e2a8f31-0e79-4de0-b3e9-71418a5e3b97" testId="658cee94-e401-bad4-83bc-73672f09be4c" testName="FS.GG.Coord.Cli.Tests.RepoScopeTests.a repo with no lock issue has no lock(repo: &quot;&quot;)" computerName="c2756152e150" duration="00:00:00.0000016" startTime="2026-08-21T20:03:36.4763178+02:00" endTime="2026-08-21T20:03:36.4763268+02:00" testType="13cdc9d9-ddb5-4fa4-a97d-d965ccfc6d4b" outcome="Passed" testListId="8c84fa94-04c1-424b-9868-57a2d4851a1d" relativeResultsDirectory="3e2a8f31-0e79-4de0-b3e9-71418a5e3b97" />
    <UnitTestResult executionId="ef838241-5c22-4d09-9aa9-7633367b7dfc" testId="acb2ecd0-70d7-cb45-4979-4efff9d2ad81" testName="FS.GG.Coord.Cli.Tests.FollowupsTests.pop is FIFO — the promise you made first is the one you keep first" computerName="c2756152e150" duration="00:00:00.0011528" startTime="2026-08-21T20:03:34.9968788+02:00" endTime="2026-08-21T20:03:34.9980010+02:00" testType="13cdc9d9-ddb5-4fa4-a97d-d965ccfc6d4b" outcome="Passed" testListId="8c84fa94-04c1-424b-9868-57a2d4851a1d" relativeResultsDirectory="ef838241-5c22-4d09-9aa9-7633367b7dfc" />
    <UnitTestResult executionId="92b7330d-58db-44f2-8ecf-bc4ca2a1090f" testId="bf8ee8c9-e661-c169-1064-5d5a0acfbf4e" testName="FS.GG.Coord.Cli.Tests.TouchSetLintTests.SOME tokens dead renders the WORSE sentence, and names only the dead ones (#646)" computerName="c2756152e150" duration="00:00:00.0001324" startTime="2026-08-21T20:03:36.5720821+02:00" endTime="2026-08-21T20:03:36.5721749+02:00" testType="13cdc9d9-ddb5-4fa4-a97d-d965ccfc6d4b" outcome="Passed" testListId="8c84fa94-04c1-424b-9868-57a2d4851a1d" relativeResultsDirectory="92b7330d-58db-44f2-8ecf-bc4ca2a1090f" />
    <UnitTestResult executionId="db9f4177-306b-4b17-ab73-d2aebc10bcfd" testId="2e6b303f-c7e8-d4eb-5f1f-738f5510657e" testName="FS.GG.Coord.Cli.Tests.ConsolidationLintTests.the verdict is a pure function of its rows — order cannot change it (AC4)" computerName="c2756152e150" duration="00:00:00.0011033" startTime="2026-08-21T20:03:35.5216626+02:00" endTime="2026-08-21T20:03:35.5226963+02:00" testType="13cdc9d9-ddb5-4fa4-a97d-d965ccfc6d4b" outcome="Passed" testListId="8c84fa94-04c1-424b-9868-57a2d4851a1d" relativeResultsDirectory="db9f4177-306b-4b17-ab73-d2aebc10bcfd" />
    <UnitTestResult executionId="bb68b5b0-1858-4112-bb78-155bff9553cf" testId="25863abb-0def-060f-eed6-3a25f9448382" testName="FS.GG.Coord.Cli.Tests.SnapshotTests.'lease-expired-pr-open' without the PR number is refused — that is proof without the proof" computerName="c2756152e150" duration="00:00:00.0033032" startTime="2026-08-21T20:03:36.4824942+02:00" endTime="2026-08-21T20:03:36.4833175+02:00" testType="13cdc9d9-ddb5-4fa4-a97d-d965ccfc6d4b" outcome="Passed" testListId="8c84fa94-04c1-424b-9868-57a2d4851a1d" relativeResultsDirectory="bb68b5b0-1858-4112-bb78-155bff9553cf" />
    <UnitTestResult executionId="b088b9a9-e536-4a27-b92c-f4f31e56d503" testId="e7d59045-422e-bb68-1d6b-397052139e44" testName="FS.GG.Coord.Cli.Tests.ChoresTests.losing the lock race offers nothing — the rival is draining this repo, and we say so to nobody" computerName="c2756152e150" duration="00:00:00.0017351" startTime="2026-08-21T20:03:34.9753544+02:00" endTime="2026-08-21T20:03:34.9769865+02:00" testType="13cdc9d9-ddb5-4fa4-a97d-d965ccfc6d4b" outcome="Passed" testListId="8c84fa94-04c1-424b-9868-57a2d4851a1d" relativeResultsDirectory="b088b9a9-e536-4a27-b92c-f4f31e56d503" />
    <UnitTestResult executionId="dfcfd174-124f-4e2a-be7a-3e12ef0f17bd" testId="11ef81e7-8370-e156-5658-575ed3433a93" testName="FS.GG.Coord.Cli.Tests.ClaimOverlapTests.#2801 loser resume requires every winner-land rebase re-overlap re-widen and review predicate" computerName="c2756152e150" duration="00:00:00.0003396" startTime="2026-08-21T20:03:35.7675730+02:00" endTime="2026-08-21T20:03:35.7678877+02:00" testType="13cdc9d9-ddb5-4fa4-a97d-d965ccfc6d4b" outcome="Passed" testListId="8c84fa94-04c1-424b-9868-57a2d4851a1d" relativeResultsDirectory="dfcfd174-124f-4e2a-be7a-3e12ef0f17bd" />
    <UnitTestResult executionId="f1c0248b-34ad-4689-a8a0-719cda50d87c" testId="abc5be80-1af8-eeef-db81-8c5df45a7e7f" testName="FS.GG.Coord.Cli.Tests.DeliveryApplicationTests.#2216 stale declaration identifies its comment and append-proof repair" computerName="c2756152e150" duration="00:00:00.0001085" startTime="2026-08-21T20:03:35.6641813+02:00" endTime="2026-08-21T20:03:35.6642219+02:00" testType="13cdc9d9-ddb5-4fa4-a97d-d965ccfc6d4b" outcome="Passed" testListId="8c84fa94-04c1-424b-9868-57a2d4851a1d" relativeResultsDirectory="f1c0248b-34ad-4689-a8a0-719cda50d87c" />
    <UnitTestResult executionId="365ba5a0-8dc3-4f53-8b28-b01208d167cd" testId="474b2daf-a526-14cf-0ed8-1020831ff21e" testName="FS.GG.Coord.Cli.Tests.VerifyPathsSddPackageTests.#2324 AC-004 a stale receipt is not a licence to exempt, and says why" computerName="c2756152e150" duration="00:00:00.0863630" startTime="2026-08-21T20:03:36.0520173+02:00" endTime="2026-08-21T20:03:36.1383697+02:00" testType="13cdc9d9-ddb5-4fa4-a97d-d965ccfc6d4b" outcome="Passed" testListId="8c84fa94-04c1-424b-9868-57a2d4851a1d" relativeResultsDirectory="365ba5a0-8dc3-4f53-8b28-b01208d167cd" />
    <UnitTestResult executionId="291832e7-7cd4-4031-99b1-2beb032581bb" testId="9f3455a2-2102-a9cb-aceb-58a681e214d9" testName="FS.GG.Coord.Cli.Tests.DeliveryApplicationTests.#2264 round 1: an unreadable head or comment thread fails closed as Outstanding" computerName="c2756152e150" duration="00:00:00.0000662" startTime="2026-08-21T20:03:35.6820024+02:00" endTime="2026-08-21T20:03:35.6820377+02:00" testType="13cdc9d9-ddb5-4fa4-a97d-d965ccfc6d4b" outcome="Passed" testListId="8c84fa94-04c1-424b-9868-57a2d4851a1d" relativeResultsDirectory="291832e7-7cd4-4031-99b1-2beb032581bb" />
    <UnitTestResult executionId="a82d209b-d91b-4577-b6dc-1dbd80c34113" testId="c819f0fc-3651-b8b1-26d4-97945145330a" testName="FS.GG.Coord.Cli.Tests.ChoresTests.#1679: reconcile and the offer path reach the SAME verdict for the same item at the same instant(cached: null, live: &quot;hardening&quot;, expected: &quot;&quot;)" computerName="c2756152e150" duration="00:00:00.0138907" startTime="2026-08-21T20:03:34.8577629+02:00" endTime="2026-08-21T20:03:34.8715455+02:00" testType="13cdc9d9-ddb5-4fa4-a97d-d965ccfc6d4b" outcome="Passed" testListId="8c84fa94-04c1-424b-9868-57a2d4851a1d" relativeResultsDirectory="a82d209b-d91b-4577-b6dc-1dbd80c34113" />
    <UnitTestResult executionId="df98ad68-4b4f-4c51-828c-449f5d095989" testId="4162645c-8046-d4de-372e-4b7043967b54" testName="FS.GG.Coord.Cli.Tests.CacheIsolationTests+Guard.Cache.root() resolves inside the sandbox, never under the user's home" computerName="c2756152e150" duration="00:00:00.0000825" startTime="2026-08-21T20:03:36.4677611+02:00" endTime="2026-08-21T20:03:36.4677698+02:00" testType="13cdc9d9-ddb5-4fa4-a97d-d965ccfc6d4b" outcome="Passed" testListId="8c84fa94-04c1-424b-9868-57a2d4851a1d" relativeResultsDirectory="df98ad68-4b4f-4c51-828c-449f5d095989" />
    <UnitTestResult executionId="0f040f6d-6926-4fdb-9171-40a3cc471578" testId="036b51d4-285f-1fa9-b3b2-87db49f64c3b" testName="FS.GG.Coord.Cli.Tests.DeliveryApplicationTests.#2544 round 1: a tab-indented marker is inert, and is NAMED" computerName="c2756152e150" duration="00:00:00.0001332" startTime="2026-08-21T20:03:35.6489794+02:00" endTime="2026-08-21T20:03:35.6489879+02:00" testType="13cdc9d9-ddb5-4fa4-a97d-d965ccfc6d4b" outcome="Passed" testListId="8c84fa94-04c1-424b-9868-57a2d4851a1d" relativeResultsDirectory="0f040f6d-6926-4fdb-9171-40a3cc471578" />
    <UnitTestResult executionId="53404060-f21a-439e-ba15-931ebcc1e6be" testId="f33201e3-b176-0225-ca64-c8e4a13f732d" testName="FS.GG.Coord.Cli.Tests.DeliveryApplicationTests.#2347 a declaration with trailing explanatory prose parses successfully" computerName="c2756152e150" duration="00:00:00.0001323" startTime="2026-08-21T20:03:35.6790798+02:00" endTime="2026-08-21T20:03:35.6791858+02:00" testType="13cdc9d9-ddb5-4fa4-a97d-d965ccfc6d4b" outcome="Passed" testListId="8c84fa94-04c1-424b-9868-57a2d4851a1d" relativeResultsDirectory="53404060-f21a-439e-ba15-931ebcc1e6be" />
    <UnitTestResult executionId="aeb528f0-492a-48a7-b644-63c74456930d" testId="1eb6f300-e59d-cdf7-e383-ef75c5bb9023" testName="FS.GG.Coord.Cli.Tests.ConsolidationLintTests.UNMATCHABLE tokens never make a group, however identical they are (#273)" computerName="c2756152e150" duration="00:00:00.0001930" startTime="2026-08-21T20:03:35.5206712+02:00" endTime="2026-08-21T20:03:35.5207893+02:00" testType="13cdc9d9-ddb5-4fa4-a97d-d965ccfc6d4b" outcome="Passed" testListId="8c84fa94-04c1-424b-9868-57a2d4851a1d" relativeResultsDirectory="aeb528f0-492a-48a7-b644-63c74456930d" />
    <UnitTestResult executionId="ae90c0dd-c3f5-441d-b94e-a027ebb6a7f1" testId="91fe6a69-a71b-33a7-c072-3b399afcd9c1" testName="FS.GG.Coord.Cli.Tests.DeliveryApplicationTests.#2544 round 1: blank lines above a correctly-indented marker still declare" computerName="c2756152e150" duration="00:00:00.0000989" startTime="2026-08-21T20:03:35.6636475+02:00" endTime="2026-08-21T20:03:35.6637436+02:00" testType="13cdc9d9-ddb5-4fa4-a97d-d965ccfc6d4b" outcome="Passed" testListId="8c84fa94-04c1-424b-9868-57a2d4851a1d" relativeResultsDirectory="ae90c0dd-c3f5-441d-b94e-a027ebb6a7f1" />
    <UnitTestResult executionId="327fe898-6fde-4ab9-8dbf-10c5467f5bfe" testId="466fc332-615b-31d8-6a2c-3634393efe77" testName="FS.GG.Coord.Cli.Tests.SchedulingCostTests.#2300 AC3: a genuinely schedulable row with NO delivery-route receipt is still refused" computerName="c2756152e150" duration="00:00:00.0123289" startTime="2026-08-21T20:03:34.7817271+02:00" endTime="2026-08-21T20:03:34.7880128+02:00" testType="13cdc9d9-ddb5-4fa4-a97d-d965ccfc6d4b" outcome="Passed" testListId="8c84fa94-04c1-424b-9868-57a2d4851a1d" relativeResultsDirectory="327fe898-6fde-4ab9-8dbf-10c5467f5bfe" />
    <UnitTestResult executionId="c3cbe0dc-e660-454d-8791-e7dc0f8a56e5" testId="205c14e9-f9ac-e399-013c-548d0bce2d92" testName="FS.GG.Coord.Cli.Tests.DeliveryApplicationTests.#2131 non-empty obligation receipt is head-bound and verifies only its declared id" computerName="c2756152e150" duration="00:00:00.0001218" startTime="2026-08-21T20:03:35.6642773+02:00" endTime="2026-08-21T20:03:35.6643730+02:00" testType="13cdc9d9-ddb5-4fa4-a97d-d965ccfc6d4b" outcome="Passed" testListId="8c84fa94-04c1-424b-9868-57a2d4851a1d" relativeResultsDirectory="c3cbe0dc-e660-454d-8791-e7dc0f8a56e5" />
    <UnitTestResult executionId="88a2d4fc-3115-47f6-a79d-8ba343afa611" testId="b8002e6e-74db-a970-8a7c-30a70f395080" testName="FS.GG.Coord.Cli.Tests.RepoScopeTests.cross-repo resolves to NonRepository, never a Repository(raw: &quot;cross-repo&quot;)" computerName="c2756152e150" duration="00:00:00.0000009" startTime="2026-08-21T20:03:36.4817303+02:00" endTime="2026-08-21T20:03:36.4817399+02:00" testType="13cdc9d9-ddb5-4fa4-a97d-d965ccfc6d4b" outcome="Passed" testListId="8c84fa94-04c1-424b-9868-57a2d4851a1d" relativeResultsDirectory="88a2d4fc-3115-47f6-a79d-8ba343afa611" />
[...]
    <TestEntry testId="d769efce-dcca-5d0e-1147-92193a9ee8e8" executionId="a1c98624-e93c-4c51-8481-39aede893b58" testListId="8c84fa94-04c1-424b-9868-57a2d4851a1d" />
    <TestEntry testId="568e9b21-8584-09eb-0e3f-cec44fea3939" executionId="85bd7370-5540-4b02-8828-536bfb5f0b9b" testListId="8c84fa94-04c1-424b-9868-57a2d4851a1d" />
    <TestEntry testId="bc15e70d-2cc7-051e-61af-a673d7c27f29" executionId="aa919f05-2c9a-4d34-9091-159482fcdbfe" testListId="8c84fa94-04c1-424b-9868-57a2d4851a1d" />
    <TestEntry testId="31ec5179-cb19-e5cb-b6b3-81c2b4e7bbcf" executionId="fdab4a25-e5f1-4dfa-8949-46969d83a477" testListId="8c84fa94-04c1-424b-9868-57a2d4851a1d" />
    <TestEntry testId="91cf9506-9e5d-2921-1506-186515a2f59b" executionId="65a3cd39-3d9d-4f84-821f-ea3274a197ee" testListId="8c84fa94-04c1-424b-9868-57a2d4851a1d" />
    <TestEntry testId="3bb9b95b-856b-ab1a-9c63-6af498491cb4" executionId="c425bfad-5c22-430c-a2db-7b692bc506dc" testListId="8c84fa94-04c1-424b-9868-57a2d4851a1d" />
    <TestEntry testId="af4edee7-7f1d-6c64-7af7-32c6bdf11d68" executionId="55ff598f-9f5d-4545-aaba-73f51f505078" testListId="8c84fa94-04c1-424b-9868-57a2d4851a1d" />
    <TestEntry testId="bd6fe394-26c5-46af-efe1-a39fe3d7f990" executionId="fd0c2bb6-02f3-4f8f-8274-3640a5b8ead4" testListId="8c84fa94-04c1-424b-9868-57a2d4851a1d" />
    <TestEntry testId="0792c27b-95a7-89dc-ddaf-046ffc069620" executionId="750e62f9-a499-4725-ba2d-47164a4ec797" testListId="8c84fa94-04c1-424b-9868-57a2d4851a1d" />
    <TestEntry testId="995e8f00-a1e2-dc54-9aa5-8d295424e8f7" executionId="a9edb238-1178-4315-9e0c-79eb2393828f" testListId="8c84fa94-04c1-424b-9868-57a2d4851a1d" />
    <TestEntry testId="5c817999-91c1-b380-d5d9-276d408ccd3e" executionId="133e3ae8-92ef-4ab3-8c21-74abae7d3569" testListId="8c84fa94-04c1-424b-9868-57a2d4851a1d" />
    <TestEntry testId="5a65246c-88f3-0d01-8242-d629f522373f" executionId="e0fb862e-9b55-4acc-9cf9-bbdf952a886d" testListId="8c84fa94-04c1-424b-9868-57a2d4851a1d" />
    <TestEntry testId="3ec1f05f-0451-d479-5ccc-e610cf691165" executionId="6ff4d517-b678-465e-ac7a-3f54f40ab45f" testListId="8c84fa94-04c1-424b-9868-57a2d4851a1d" />
    <TestEntry testId="314a462e-8612-58dd-922b-b9f06a4bb9d7" executionId="a209c7b0-9cba-4b80-8f32-587a434b5280" testListId="8c84fa94-04c1-424b-9868-57a2d4851a1d" />
    <TestEntry testId="0a27912e-947b-4a74-af28-a84e5db43ce5" executionId="50584fa3-7214-4f89-8366-231aab90bb67" testListId="8c84fa94-04c1-424b-9868-57a2d4851a1d" />
    <TestEntry testId="696a62fe-9b0e-1d99-0d6f-ffdb2213b98d" executionId="22835e52-4964-4ac6-9c8c-5562803872a8" testListId="8c84fa94-04c1-424b-9868-57a2d4851a1d" />
    <TestEntry testId="d269fef5-831b-4dfd-7786-e203d54cd81b" executionId="b450d29d-d887-43d8-b70a-f6b641b7de18" testListId="8c84fa94-04c1-424b-9868-57a2d4851a1d" />
    <TestEntry testId="4415c11e-63aa-931b-022a-ca0464ba2e34" executionId="afc6f91f-e7dc-4fbf-91fd-9918c2eaf84f" testListId="8c84fa94-04c1-424b-9868-57a2d4851a1d" />
    <TestEntry testId="c5c2a765-425d-c290-604d-6f895c72172a" executionId="759690ae-d4c1-4449-bd57-1b069415f2f2" testListId="8c84fa94-04c1-424b-9868-57a2d4851a1d" />
    <TestEntry testId="ae561851-1031-dd9e-0712-f14e915ddfd4" executionId="a60f9756-9f93-4f88-a31e-0509a1eb73a4" testListId="8c84fa94-04c1-424b-9868-57a2d4851a1d" />
    <TestEntry testId="6364316c-12d5-2128-a1cf-33482ea7225f" executionId="47ba7c68-08d4-4b4e-86dd-e58fbff15973" testListId="8c84fa94-04c1-424b-9868-57a2d4851a1d" />
    <TestEntry testId="124c425f-df50-fa20-e015-3e38b3554537" executionId="0af6e322-b299-4e95-a516-be234524b79c" testListId="8c84fa94-04c1-424b-9868-57a2d4851a1d" />
    <TestEntry testId="b61ba17e-7282-edc2-a317-74880f6a3a63" executionId="6d809cc1-f538-4aac-acbe-bd3d6423950a" testListId="8c84fa94-04c1-424b-9868-57a2d4851a1d" />
    <TestEntry testId="cc458135-a85a-cc2c-d40a-4b48fdcc0a6a" executionId="fa28c0e7-3df8-4874-a83c-f8fd7dbdfbce" testListId="8c84fa94-04c1-424b-9868-57a2d4851a1d" />
    <TestEntry testId="cfe9afb0-9b44-937f-05d5-9a1d89885830" executionId="728c16f9-fd1a-4ec5-baea-1cc44181d35b" testListId="8c84fa94-04c1-424b-9868-57a2d4851a1d" />
    <TestEntry testId="a726792a-6b1f-3d09-c7f1-b9ed3475fd5a" executionId="c8d7ea75-cbd5-42dd-aa5c-f36e7c3987fe" testListId="8c84fa94-04c1-424b-9868-57a2d4851a1d" />
    <TestEntry testId="b07d3d1f-0536-09b1-ebe0-f89adbaa03f8" executionId="bdb64355-c65c-432b-90c2-a0ffa5a805ee" testListId="8c84fa94-04c1-424b-9868-57a2d4851a1d" />
    <TestEntry testId="95f3aa46-7900-ed66-40cb-bd978a62a0ee" executionId="1c0c8c62-3d3a-44b3-a1fa-3134d980d91b" testListId="8c84fa94-04c1-424b-9868-57a2d4851a1d" />
    <TestEntry testId="9daf4940-86bc-c4dd-139c-3ac09b05754b" executionId="5cecf202-5dec-45b8-b938-401f7efb4e39" testListId="8c84fa94-04c1-424b-9868-57a2d4851a1d" />
    <TestEntry testId="85849d40-6c23-885a-8550-438cb933da09" executionId="59591fcc-17e3-4a52-a932-fb7d6da19795" testListId="8c84fa94-04c1-424b-9868-57a2d4851a1d" />
    <TestEntry testId="e5a25c25-e50b-bff9-4aeb-2403bcca0031" executionId="de75100e-d3c1-48dd-8ee5-0f94a507084a" testListId="8c84fa94-04c1-424b-9868-57a2d4851a1d" />
    <TestEntry testId="2293b0ef-a9be-96c0-6112-d9b6b7593698" executionId="ccbf4182-d547-48eb-ada0-21232b0225a9" testListId="8c84fa94-04c1-424b-9868-57a2d4851a1d" />
    <TestEntry testId="1fbc6d57-d2b7-d09e-83e5-f261c70fa546" executionId="fe8d9207-c501-4190-81f4-1403f9d6e75e" testListId="8c84fa94-04c1-424b-9868-57a2d4851a1d" />
    <TestEntry testId="bb28aa3b-a419-f9db-09db-2b68cd55500f" executionId="74e81833-a5c5-49ba-8330-2662ab71d3fc" testListId="8c84fa94-04c1-424b-9868-57a2d4851a1d" />
    <TestEntry testId="1263e7c0-af56-3766-742d-0c4619a7b58b" executionId="6d9afe52-4109-4a92-8917-feeb39f0947e" testListId="8c84fa94-04c1-424b-9868-57a2d4851a1d" />
    <TestEntry testId="9be13d0e-a83f-df2c-d9d4-b9e4c0e905d8" executionId="c8dbb04f-cef7-4401-aa96-66b57d3fd960" testListId="8c84fa94-04c1-424b-9868-57a2d4851a1d" />
    <TestEntry testId="7fab88dc-807b-ee65-c9a9-a98323ba650f" executionId="d73064c3-85fb-4b36-a9d3-c9f9acd8ee6e" testListId="8c84fa94-04c1-424b-9868-57a2d4851a1d" />
    <TestEntry testId="bee2edd8-a02f-2d06-d52e-095a8a8f1301" executionId="07557400-fc85-4830-982c-d9482004d0d1" testListId="8c84fa94-04c1-424b-9868-57a2d4851a1d" />
    <TestEntry testId="c37d5ff2-8f4d-a36c-50e6-f5e178378b11" executionId="53c282d5-7390-4e6c-b239-eb50e1932bac" testListId="8c84fa94-04c1-424b-9868-57a2d4851a1d" />
    <TestEntry testId="bfeb4634-1d59-7f16-259b-247c46a10c7e" executionId="06efdec3-00d0-4d31-86c8-dbd8f8ca28f5" testListId="8c84fa94-04c1-424b-9868-57a2d4851a1d" />
    <TestEntry testId="f395902a-afe0-a079-2573-ec0174733104" executionId="ca8a8ce3-9b63-4d68-bf4a-df476c1d9295" testListId="8c84fa94-04c1-424b-9868-57a2d4851a1d" />
    <TestEntry testId="a17e1395-6583-7ab5-bc91-4d710c9c9196" executionId="20e217cc-6a9e-4d2e-8207-0c5175bddde6" testListId="8c84fa94-04c1-424b-9868-57a2d4851a1d" />
    <TestEntry testId="66d44c63-3c40-643b-5a66-d687276b0269" executionId="28aa272e-7e94-4e88-8a41-bd1eac605db9" testListId="8c84fa94-04c1-424b-9868-57a2d4851a1d" />
    <TestEntry testId="b152c8bd-c95d-de18-cbb5-a1864a44f072" executionId="7e9fd1b3-a337-48d8-9dd1-bb3fbe2de679" testListId="8c84fa94-04c1-424b-9868-57a2d4851a1d" />
    <TestEntry testId="f8018761-f1c1-34af-b15d-c553b26f3a05" executionId="ec53b69d-bb23-412b-9ff2-0297a2832302" testListId="8c84fa94-04c1-424b-9868-57a2d4851a1d" />
    <TestEntry testId="9e6f6d87-6a48-aa17-65ac-f38d79a4a102" executionId="e9f8678c-fb1b-4574-8cde-f82c898b8483" testListId="8c84fa94-04c1-424b-9868-57a2d4851a1d" />
    <TestEntry testId="56d76894-7094-d0ef-691d-bc8695d0bca5" executionId="174a5551-2f22-4f4e-8be5-88f733a927e8" testListId="8c84fa94-04c1-424b-9868-57a2d4851a1d" />
    <TestEntry testId="ff29cc7c-90b8-87f4-0f18-c568c1301434" executionId="62c62204-a4b3-4221-9ad6-47b8e6a34406" testListId="8c84fa94-04c1-424b-9868-57a2d4851a1d" />
    <TestEntry testId="13d97376-f65d-50ec-e39b-240daa89eb47" executionId="32ca5324-7937-4feb-98c9-fbf2b8dd9c68" testListId="8c84fa94-04c1-424b-9868-57a2d4851a1d" />
    <TestEntry testId="4b353644-5212-792c-af64-58f04ca0fd04" executionId="dedf1d47-2e72-4ce7-9acd-dfeacd5ecdc8" testListId="8c84fa94-04c1-424b-9868-57a2d4851a1d" />
    <TestEntry testId="7503197b-0dce-79bb-23e8-6e5f9958fc50" executionId="f35038d6-527b-407f-9409-83e77dfeefaa" testListId="8c84fa94-04c1-424b-9868-57a2d4851a1d" />
    <TestEntry testId="1dba45ef-4750-a981-9229-9816a5f451ac" executionId="64487301-f5e3-4a34-8477-67210bd2a226" testListId="8c84fa94-04c1-424b-9868-57a2d4851a1d" />
    <TestEntry testId="89e97942-f437-925b-ac60-e16aac9a0614" executionId="65340499-1a75-4163-86b2-3a22439399b8" testListId="8c84fa94-04c1-424b-9868-57a2d4851a1d" />
    <TestEntry testId="78d91af6-acd1-e794-18c8-817df7dfb6a3" executionId="83785242-f6d2-4654-8333-c0e00093fcba" testListId="8c84fa94-04c1-424b-9868-57a2d4851a1d" />
    <TestEntry testId="98494d21-d27b-29b4-d53d-73d2a37a5b44" executionId="6aa279c9-4491-49d2-b62a-e7bd064b3637" testListId="8c84fa94-04c1-424b-9868-57a2d4851a1d" />
    <TestEntry testId="9a854160-2bcf-1f80-22f9-2e9eae30197e" executionId="286f0df8-fb4d-4e18-90fc-2aa6cb99317c" testListId="8c84fa94-04c1-424b-9868-57a2d4851a1d" />
    <TestEntry testId="b524ec22-3fc6-dbce-3fa6-daaf65a17b41" executionId="e121af07-555b-4891-9773-75383089ee74" testListId="8c84fa94-04c1-424b-9868-57a2d4851a1d" />
    <TestEntry testId="ed6b77a4-6c8f-bb40-42bf-c49db62f1400" executionId="74d1cbc8-5feb-441a-bd94-42bbb8e26777" testListId="8c84fa94-04c1-424b-9868-57a2d4851a1d" />
    <TestEntry testId="faa4280e-d181-1cad-c4d9-17df582a5062" executionId="6a53b648-1605-42f1-bed7-a0f2cc66f9e8" testListId="8c84fa94-04c1-424b-9868-57a2d4851a1d" />
    <TestEntry testId="57407036-6327-4a58-afb5-a182666b01e5" executionId="cc63220e-7d66-4850-9cd3-9242efb03f0b" testListId="8c84fa94-04c1-424b-9868-57a2d4851a1d" />
    <TestEntry testId="c49e850b-1aa9-fcb7-b011-df265c7a9b3c" executionId="3cc13c49-59a3-4a8d-a5b9-d5778e2d026d" testListId="8c84fa94-04c1-424b-9868-57a2d4851a1d" />
    <TestEntry testId="fdb8f17f-8204-f3e2-b916-5c8b6a34d88c" executionId="3e9c5af4-e688-4881-97db-3cb66fe80fb6" testListId="8c84fa94-04c1-424b-9868-57a2d4851a1d" />
  </TestEntries>
  <TestLists>
    <TestList name="Results Not in a List" id="8c84fa94-04c1-424b-9868-57a2d4851a1d" />
    <TestList name="All Loaded Results" id="19431567-8539-422a-85d7-44ee4e166bda" />
  </TestLists>
  <ResultSummary outcome="Completed">
    <Counters total="511" executed="511" passed="511" failed="0" error="0" timeout="0" aborted="0" inconclusive="0" passedButRunAborted="0" notRunnable="0" notExecuted="0" disconnected="0" warning="0" completed="0" inProgress="0" pending="0" />
    <Output>
      <StdOut>[xUnit.net 00:00:00.00] xUnit.net VSTest Adapter v3.1.5+1b188a7b0a (64-bit .NET 10.0.10)
[xUnit.net 00:00:00.07]   Discovering: FS.GG.Coord.Cli.Tests
[xUnit.net 00:00:00.12]   Discovered:  FS.GG.Coord.Cli.Tests
[xUnit.net 00:00:00.15]   Starting:    FS.GG.Coord.Cli.Tests
considered 1 candidate(s) — this is a measured count, not an assumption.
  .github#398 — the issue is closed (the board column says Done; /check-board reconciles it)
wave occupancy: {"activeItems":0,"waveCapacity":6,"openSlots":6}
fsgg-coord-engine: could not establish .github#42's delivery route (not found: unexpected read for this fixture: repos/FS-GG/.github/issues/42/comments. The server said so — this is an absence, not a failed read.) — NOTHING is subtracted for the sdd-required route's mandatory work/&lt;id&gt; + readiness/&lt;id&gt; output, so it will be reported as drift below.
  Widen the touch-set (scripts/fsgg-coord widen), or split the PR.
  Fix the PR body now — this is unrecoverable once the PR is merged (editing a merged PR's body does not replay the close, .github#2107).
fsgg-coord-engine: could not establish .github#42's delivery route (not found: unexpected read for this fixture: repos/FS-GG/.github/issues/42/comments. The server said so — this is an absence, not a failed read.) — NOTHING is subtracted for the sdd-required route's mandatory work/&lt;id&gt; + readiness/&lt;id&gt; output, so it will be reported as drift below.
  Fix the PR body now — this is unrecoverable once the PR is merged (editing a merged PR's body does not replay the close, .github#2107).
fsgg-coord-engine: landable: evaluated the host review-acceptance assertion (`fsgg:review-decision/v2`) for PR #801.
fsgg-coord-engine: landable: evaluated the host review-acceptance assertion (`fsgg:review-decision/v2`) for PR #801.
fsgg-coord-engine: landable: PR #801 is not landable — PR #801 carries no valid host review-acceptance marker (`fsgg:review-decision/v2`) — the review chain is absent, incomplete, or malformed.
fsgg-coord-engine:   These are assertions you asked for, and an unmet one is `pending`, never `green` — an ABSENT check reads exactly like a passing one to any 'is anything red?' rollup (#606). Usually transient (registration, a superseded suite's replacement, GitHub catching up with a force-push). If it never resolves: the job was RENAMED, its workflow's `paths:` filter no longer matches, or --sha named the wrong commit.
fsgg-coord-engine: landable: PR #801 is ALREADY MERGED — there is nothing to gate, and --wait does not poll it.
fsgg-coord-engine:   This is a TERMINAL verdict, not a retry. If you are recovering an item whose worker died between merge and stamp, the work LANDED — go stamp it: scripts/fsgg-coord done &lt;ref&gt; --flip --pr 801
fsgg-coord-engine: landable: PR #801 is ALREADY MERGED — there is nothing to gate, and --wait does not poll it.
fsgg-coord-engine:   This is a TERMINAL verdict, not a retry. If you are recovering an item whose worker died between merge and stamp, the work LANDED — go stamp it: scripts/fsgg-coord done &lt;ref&gt; --flip --pr 801
fsgg-coord-engine: landable: PR #801 is ALREADY MERGED — there is nothing to gate, and --wait does not poll it.
fsgg-coord-engine:   This is a TERMINAL verdict, not a retry. If you are recovering an item whose worker died between merge and stamp, the work LANDED — go stamp it: scripts/fsgg-coord done &lt;ref&gt; --flip --pr 801
fsgg-coord-engine: landable: evaluated the host review-acceptance assertion (`fsgg:review-decision/v2`) for PR #801.
fsgg-coord-engine: landable: PR #801 is not landable — PR #801's host review-acceptance marker is bound to head `bbbbbbbbbbbbbbbbbbbbbbbbbbbbbbbbbbbbbbbb`, not the current head `aaaaaaaaaaaaaaaaaaaaaaaaaaaaaaaaaaaaaaaa` — a stale-sha marker is treated as ABSENT, never as satisfaction.
fsgg-coord-engine:   These are assertions you asked for, and an unmet one is `pending`, never `green` — an ABSENT check reads exactly like a passing one to any 'is anything red?' rollup (#606). Usually transient (registration, a superseded suite's replacement, GitHub catching up with a force-push). If it never resolves: the job was RENAMED, its workflow's `paths:` filter no longer matches, or --sha named the wrong commit.
fsgg-coord-engine: landable: PR #801 is CLOSED WITHOUT MERGING — nothing landed, so there is nothing to gate.
fsgg-coord-engine:   Terminal, and NOT the merged case: do NOT stamp the item done. The branch was abandoned or the PR rejected, so the item needs re-working or releasing.
STOLE FS.GG.SDD#42 from worker 'snipe-f893' (--force)
fsgg-coord-engine: post-claim Status readback FAILED for FS.GG.SDD#42: not found: the fixture serves no board WRITE — the lock is what is under test. The server said so — this is an absence, not a failed read.
fsgg-coord-engine: the Status board write for FS.GG.SDD#42 was WITHHELD — the item's open-PR probe could not be completed. The lock IS held; the column is UNCHANGED, because a column derived from a fact this process could not read would be an invention. Re-run `claim FS.GG.SDD#42 --json` once the read recovers, or repair the column with `reconcile --apply`.
STOLE FS.GG.SDD#42 from worker 'snipe-f893' (--force)
fsgg-coord-engine: post-claim Status readback FAILED for FS.GG.SDD#42: not found: the fixture serves no board WRITE — the lock is what is under test. The server said so — this is an absence, not a failed read.
fsgg-coord-engine: the Status board write for FS.GG.SDD#42 was WITHHELD — the item's open-PR probe could not be completed. The lock IS held; the column is UNCHANGED, because a column derived from a fact this process could not read would be an invention. Re-run `claim FS.GG.SDD#42 --json` once the read recovers, or repair the column with `reconcile --apply`.
fsgg-coord-engine: post-claim Status readback FAILED for FS.GG.SDD#42: not found: the fixture serves no board WRITE — the lock is what is under test. The server said so — this is an absence, not a failed read.
fsgg-coord-engine: the Status board write for FS.GG.SDD#42 was WITHHELD — the item's open-PR probe could not be completed. The lock IS held; the column is UNCHANGED, because a column derived from a fact this process could not read would be an invention. Re-run `claim FS.GG.SDD#42 --json` once the read recovers, or repair the column with `reconcile --apply`.
fsgg-coord-engine: FS.GG.SDD#42 carries a live marker with YOUR worker id 'vole-418' but a DIFFERENT session (79b9e347) — two workers share one id (#419). Adopting it would put both of you on this item, which is the double-claim ADR-0027 exists to prevent.
  Mint a fresh, unique id in THIS shell (do NOT invent one):  eval "$(scripts/fsgg-coord whoami --mint)"
fsgg-coord-engine: FS.GG.SDD#42 is already held by snipe-f893 — you did not get it. Wait for the lease to lapse, or work whatever `take` offers instead; `take` advances through its own ranked candidates on a lost race, so no caller re-runs it to retry (.github#2683).
fsgg-coord-engine: delivery-route: recording sdd-required ahead of its SDD package (sdd readiness workId does not match 'substituted-2298') — the claimed worker owns producing it before touching Paths.
fsgg-coord-engine: delivery-route: only structured v2 records may be written: revision is required; scope is required; dependencies is required; touchSet is required; policyVersion is required; digest is required
fsgg-coord-engine: delivery-route: recording sdd-required ahead of its SDD package (sdd readiness status is not implementationReady) — the claimed worker owns producing it before touching Paths.
{"kind":"error","exitCode":1,"message":"malformed response reading FS-GG/FS.GG.SDD#42: delivery route is not current: structured route ledger is missing. That is a FAILED READ, not an empty answer \u2014 refusing to decide from it.","rateLimit":null}
fsgg-coord-engine: malformed response reading FS-GG/FS.GG.SDD#42: structured route ledger is missing. That is a FAILED READ, not an empty answer — refusing to decide from it.
{"kind":"error","exitCode":1,"message":"malformed response reading FS-GG/FS.GG.SDD#42: delivery route is not current: structured route ledger is missing. That is a FAILED READ, not an empty answer \u2014 refusing to decide from it.","rateLimit":null}
fsgg-coord-engine: delivery-route: recording sdd-required ahead of its SDD package (sdd spec does not exist: work/no-package-2298/spec.md; sdd readiness evidence does not exist: /tmp/fsgg-2298-268668f1cded46f2a7bafd2c439b9020/readiness/no-package-2298/analysis.json) — the claimed worker owns producing it before touching Paths.
{"kind":"error","exitCode":1,"message":"malformed response reading FS-GG/FS.GG.SDD#42: delivery route is not current: revision is required; scope is required; dependencies is required; touchSet is required; policyVersion is required; route is required; agent is required; timestamp is required; reasonCodes is required; rationale is required; requiredGates is required; digest is required. That is a FAILED READ, not an empty answer \u2014 refusing to decide from it.","rateLimit":null}
[xUnit.net 00:00:02.14]   Finished:    FS.GG.Coord.Cli.Tests
</StdOut>
    </Output>
  </ResultSummary>
</TestRun>