<?xml version="1.0" encoding="utf-8"?>
<TestRun id="b7bb03b5-73d3-4d3a-adb9-abe533163984" name="@c2756152e150 2026-08-21 21:24:47" xmlns="http://microsoft.com/schemas/VisualStudio/TeamTest/2010">
  <Times creation="2026-08-21T21:24:47.4663636+02:00" queuing="2026-08-21T21:24:47.4663636+02:00" start="2026-08-21T21:24:46.8852337+02:00" finish="2026-08-21T21:24:49.6392504+02:00" />
  <TestSettings name="default" id="21ebd8ee-2424-4301-bd60-4d0ddc00c0e7">
    <Deployment runDeploymentRoot="_c2756152e150_2026-08-21_21_24_47" />
  </TestSettings>
  <Results>
    <UnitTestResult executionId="857a7101-7a36-4a15-95e5-237773dbae94" testId="5e6d1ecd-149b-0159-858f-a551f3552524" testName="FS.GG.Coord.Cli.Tests.OpLockDispatchVerbTests.op-lock acquire takes the grant and prints the broker's whole input tuple" computerName="c2756152e150" duration="00:00:00.0016797" startTime="2026-08-21T21:24:49.5241718+02:00" endTime="2026-08-21T21:24:49.5258034+02:00" testType="13cdc9d9-ddb5-4fa4-a97d-d965ccfc6d4b" outcome="Passed" testListId="8c84fa94-04c1-424b-9868-57a2d4851a1d" relativeResultsDirectory="857a7101-7a36-4a15-95e5-237773dbae94" />
    <UnitTestResult executionId="214e8b2e-493c-46df-bf47-55ab8529a51c" testId="0ebbacd4-4c7c-e080-760a-72c849a9246b" testName="FS.GG.Coord.Cli.Tests.ClaimOverlapTests.#2801 detector refuses unreadable self stale missing changed nonoverlap dependency and conflict inversions" computerName="c2756152e150" duration="00:00:00.0012155" startTime="2026-08-21T21:24:48.4179994+02:00" endTime="2026-08-21T21:24:48.4191489+02:00" testType="13cdc9d9-ddb5-4fa4-a97d-d965ccfc6d4b" outcome="Passed" testListId="8c84fa94-04c1-424b-9868-57a2d4851a1d" relativeResultsDirectory="214e8b2e-493c-46df-bf47-55ab8529a51c" />
    <UnitTestResult executionId="251200f6-0ebf-41d5-bd98-13dce058398b" testId="c021fbe0-dcd6-c92f-148d-1f436882d192" testName="FS.GG.Coord.Cli.Tests.DeliveryApplicationTests.#2395 a second call posts NO second election and grants the same comment id" computerName="c2756152e150" duration="00:00:00.0062689" startTime="2026-08-21T21:24:49.5769404+02:00" endTime="2026-08-21T21:24:49.5829354+02:00" testType="13cdc9d9-ddb5-4fa4-a97d-d965ccfc6d4b" outcome="Passed" testListId="8c84fa94-04c1-424b-9868-57a2d4851a1d" relativeResultsDirectory="251200f6-0ebf-41d5-bd98-13dce058398b" />
    <UnitTestResult executionId="89a80595-b4cb-4055-8d1d-9e058e82d4d3" testId="ee43d79b-c6b3-0c19-d917-dc2c6917fb64" testName="FS.GG.Coord.Cli.Tests.DeliveryApplicationTests.#2395 a suffixed prefix is a different marker, never this one" computerName="c2756152e150" duration="00:00:00.0027237" startTime="2026-08-21T21:24:49.5448805+02:00" endTime="2026-08-21T21:24:49.5476097+02:00" testType="13cdc9d9-ddb5-4fa4-a97d-d965ccfc6d4b" outcome="Passed" testListId="8c84fa94-04c1-424b-9868-57a2d4851a1d" relativeResultsDirectory="89a80595-b4cb-4055-8d1d-9e058e82d4d3" />
    <UnitTestResult executionId="85dca884-4078-4f9c-ae45-1bc82f8829a2" testId="69e72238-44b8-11ba-7d9c-31d65e09d511" testName="FS.GG.Coord.Cli.Tests.EpicVerdictTests.EPIC-DONE-OPEN-CHILD does NOT fire when the board is not Done" computerName="c2756152e150" duration="00:00:00.0000833" startTime="2026-08-21T21:24:48.2776806+02:00" endTime="2026-08-21T21:24:48.2776922+02:00" testType="13cdc9d9-ddb5-4fa4-a97d-d965ccfc6d4b" outcome="Passed" testListId="8c84fa94-04c1-424b-9868-57a2d4851a1d" relativeResultsDirectory="85dca884-4078-4f9c-ae45-1bc82f8829a2" />
    <UnitTestResult executionId="238ca0f8-d8d9-4583-b37e-4fd25f12e25b" testId="dec3c6e6-d4c3-088f-18e5-5cb5b60edf8e" testName="FS.GG.Coord.Cli.Tests.SkillProgressiveDisclosureTests.generated protocol facts live in routed references not triggered bodies" computerName="c2756152e150" duration="00:00:00.0011197" startTime="2026-08-21T21:24:48.3023259+02:00" endTime="2026-08-21T21:24:48.3031187+02:00" testType="13cdc9d9-ddb5-4fa4-a97d-d965ccfc6d4b" outcome="Passed" testListId="8c84fa94-04c1-424b-9868-57a2d4851a1d" relativeResultsDirectory="238ca0f8-d8d9-4583-b37e-4fd25f12e25b" />
    <UnitTestResult executionId="a5d59040-3b28-453f-97c2-d0b75dad2394" testId="01f5920b-9115-6646-5da0-ab940a716050" testName="FS.GG.Coord.Cli.Tests.ScanRoundTripTests.#1738 a BLOCKED row with an OPEN blocker is NOT probed - the widened probe buys no request it need not" computerName="c2756152e150" duration="00:00:00.0003027" startTime="2026-08-21T21:24:47.6967429+02:00" endTime="2026-08-21T21:24:47.6970073+02:00" testType="13cdc9d9-ddb5-4fa4-a97d-d965ccfc6d4b" outcome="Passed" testListId="8c84fa94-04c1-424b-9868-57a2d4851a1d" relativeResultsDirectory="a5d59040-3b28-453f-97c2-d0b75dad2394" />
    <UnitTestResult executionId="41404d03-9ebc-4786-af3f-22bdb469f69b" testId="a65ad9d2-3253-6c5e-4fdd-76e2975c1c1e" testName="FS.GG.Coord.Cli.Tests.ExitContractTests.the documented success and read-failure codes are the engine's" computerName="c2756152e150" duration="00:00:00.0001562" startTime="2026-08-21T21:24:48.2611213+02:00" endTime="2026-08-21T21:24:48.2612650+02:00" testType="13cdc9d9-ddb5-4fa4-a97d-d965ccfc6d4b" outcome="Passed" testListId="8c84fa94-04c1-424b-9868-57a2d4851a1d" relativeResultsDirectory="41404d03-9ebc-4786-af3f-22bdb469f69b" />
    <UnitTestResult executionId="d4643c8b-eaf7-4a2d-a7ac-7fdf0a69b270" testId="7fb1ccff-90ae-b4b8-633c-ffebaf4085a4" testName="FS.GG.Coord.Cli.Tests.ChoresTests.#1649: a chore ALREADY DISCHARGED is not offered again — and costs no lock to decline" computerName="c2756152e150" duration="00:00:00.0044944" startTime="2026-08-21T21:24:47.5260969+02:00" endTime="2026-08-21T21:24:47.5305280+02:00" testType="13cdc9d9-ddb5-4fa4-a97d-d965ccfc6d4b" outcome="Passed" testListId="8c84fa94-04c1-424b-9868-57a2d4851a1d" relativeResultsDirectory="d4643c8b-eaf7-4a2d-a7ac-7fdf0a69b270" />
    <UnitTestResult executionId="de35f1f8-9370-48b4-904c-bb30a95f90a9" testId="c234939e-71e5-7a94-6cc8-797c5f8ecc33" testName="FS.GG.Coord.Cli.Tests.ClaimOverlapTests.#2801 one-way wait and unrelated room are negative controls" computerName="c2756152e150" duration="00:00:00.0002485" startTime="2026-08-21T21:24:48.4247657+02:00" endTime="2026-08-21T21:24:48.4247993+02:00" testType="13cdc9d9-ddb5-4fa4-a97d-d965ccfc6d4b" outcome="Passed" testListId="8c84fa94-04c1-424b-9868-57a2d4851a1d" relativeResultsDirectory="de35f1f8-9370-48b4-904c-bb30a95f90a9" />
    <UnitTestResult executionId="f34a6797-6e0e-4d79-8c82-c30da57cb573" testId="7503197b-0dce-79bb-23e8-6e5f9958fc50" testName="FS.GG.Coord.Cli.Tests.EpicVerdictTests.EPIC-UNDELEGATED-ACCEPTANCE fires on an acceptance line naming no child" computerName="c2756152e150" duration="00:00:00.0001713" startTime="2026-08-21T21:24:48.2762686+02:00" endTime="2026-08-21T21:24:48.2763767+02:00" testType="13cdc9d9-ddb5-4fa4-a97d-d965ccfc6d4b" outcome="Passed" testListId="8c84fa94-04c1-424b-9868-57a2d4851a1d" relativeResultsDirectory="f34a6797-6e0e-4d79-8c82-c30da57cb573" />
    <UnitTestResult executionId="9d9a5dce-56ba-420a-b9da-8a62421ed015" testId="b0b55602-8950-e3d8-c4ab-ed1eaa9cbeed" testName="FS.GG.Coord.Cli.Tests.RepoScopeTests.an owner the map does not know has no lock, never a foreign one(owner: &quot;acme&quot;)" computerName="c2756152e150" duration="00:00:00.0000521" startTime="2026-08-21T21:24:47.7406955+02:00" endTime="2026-08-21T21:24:47.7407035+02:00" testType="13cdc9d9-ddb5-4fa4-a97d-d965ccfc6d4b" outcome="Passed" testListId="8c84fa94-04c1-424b-9868-57a2d4851a1d" relativeResultsDirectory="9d9a5dce-56ba-420a-b9da-8a62421ed015" />
    <UnitTestResult executionId="917f73ab-94e4-4055-8ccb-1167e43041ce" testId="fe883d71-3d1d-de8d-c20f-dc4cd3accf59" testName="FS.GG.Coord.Cli.Tests.LandableNotOpenTests.#2360 a changed live claim generation invalidates the accepted tuple" computerName="c2756152e150" duration="00:00:00.0010149" startTime="2026-08-21T21:24:49.3452853+02:00" endTime="2026-08-21T21:24:49.3462527+02:00" testType="13cdc9d9-ddb5-4fa4-a97d-d965ccfc6d4b" outcome="Passed" testListId="8c84fa94-04c1-424b-9868-57a2d4851a1d" relativeResultsDirectory="917f73ab-94e4-4055-8ccb-1167e43041ce" />
    <UnitTestResult executionId="c8b4f8fe-5abc-432f-a74e-d1ead18c67ba" testId="df6d0ca3-253f-5ca1-6c88-443804b5f0e0" testName="FS.GG.Coord.Cli.Tests.FollowupsTests.two workers do not share a queue" computerName="c2756152e150" duration="00:00:00.0006150" startTime="2026-08-21T21:24:48.3411196+02:00" endTime="2026-08-21T21:24:48.3416699+02:00" testType="13cdc9d9-ddb5-4fa4-a97d-d965ccfc6d4b" outcome="Passed" testListId="8c84fa94-04c1-424b-9868-57a2d4851a1d" relativeResultsDirectory="c8b4f8fe-5abc-432f-a74e-d1ead18c67ba" />
    <UnitTestResult executionId="37fa41e1-b769-4ca6-8854-9989feca633a" testId="d269fef5-831b-4dfd-7786-e203d54cd81b" testName="FS.GG.Coord.Cli.Tests.RepoScopeTests..github's chore lock resolves to the closed lock issue(repo: &quot;.github&quot;)" computerName="c2756152e150" duration="00:00:00.0000660" startTime="2026-08-21T21:24:47.7382804+02:00" endTime="2026-08-21T21:24:47.7382881+02:00" testType="13cdc9d9-ddb5-4fa4-a97d-d965ccfc6d4b" outcome="Passed" testListId="8c84fa94-04c1-424b-9868-57a2d4851a1d" relativeResultsDirectory="37fa41e1-b769-4ca6-8854-9989feca633a" />
    <UnitTestResult executionId="440976f6-edc3-45c5-bc9b-ebee6168b0ee" testId="13d97376-f65d-50ec-e39b-240daa89eb47" testName="FS.GG.Coord.Cli.Tests.VerifyPathsSddPackageTests.#2324 AC-004 an unreadable receipt window subtracts nothing rather than everything, and says so" computerName="c2756152e150" duration="00:00:00.0932506" startTime="2026-08-21T21:24:49.1712702+02:00" endTime="2026-08-21T21:24:49.2642149+02:00" testType="13cdc9d9-ddb5-4fa4-a97d-d965ccfc6d4b" outcome="Passed" testListId="8c84fa94-04c1-424b-9868-57a2d4851a1d" relativeResultsDirectory="440976f6-edc3-45c5-bc9b-ebee6168b0ee" />
    <UnitTestResult executionId="bd749e44-4c52-479a-9b41-c299a32215e7" testId="51cc00a3-ea3a-2bd5-a024-e9919d0682cb" testName="FS.GG.Coord.Cli.Tests.PacketCliTests.#2737 an unknown action is refused rather than treated as validate" computerName="c2756152e150" duration="00:00:00.0001462" startTime="2026-08-21T21:24:48.4901325+02:00" endTime="2026-08-21T21:24:48.4901510+02:00" testType="13cdc9d9-ddb5-4fa4-a97d-d965ccfc6d4b" outcome="Passed" testListId="8c84fa94-04c1-424b-9868-57a2d4851a1d" relativeResultsDirectory="bd749e44-4c52-479a-9b41-c299a32215e7" />
    <UnitTestResult executionId="ed03f9ac-cf50-4f2a-a653-a080b8856f8e" testId="f85815e3-ebbe-049e-6d89-131007c984bf" testName="FS.GG.Coord.Cli.Tests.SchedulingCostTests.#2300 AC4: a rejected candidate's own comment-thread size cannot affect scan cost" computerName="c2756152e150" duration="00:00:00.0078637" startTime="2026-08-21T21:24:49.3533748+02:00" endTime="2026-08-21T21:24:49.3608265+02:00" testType="13cdc9d9-ddb5-4fa4-a97d-d965ccfc6d4b" outcome="Passed" testListId="8c84fa94-04c1-424b-9868-57a2d4851a1d" relativeResultsDirectory="ed03f9ac-cf50-4f2a-a653-a080b8856f8e" />
    <UnitTestResult executionId="aec9c89d-a6b7-4ed7-8f09-c5b04baf0387" testId="0792c27b-95a7-89dc-ddaf-046ffc069620" testName="FS.GG.Coord.Cli.Tests.OverlapTests.#2351 AC1: genuinely different repos stay DISJOINT BY CONSTRUCTION, sentinel or not" computerName="c2756152e150" duration="00:00:00.0008259" startTime="2026-08-21T21:24:49.4941774+02:00" endTime="2026-08-21T21:24:49.4949246+02:00" testType="13cdc9d9-ddb5-4fa4-a97d-d965ccfc6d4b" outcome="Passed" testListId="8c84fa94-04c1-424b-9868-57a2d4851a1d" relativeResultsDirectory="aec9c89d-a6b7-4ed7-8f09-c5b04baf0387" />
    <UnitTestResult executionId="09ca28bd-a558-4d24-97cd-0b3071784e2e" testId="f8492a3b-d1d2-a52a-473f-baae8d3af452" testName="FS.GG.Coord.Cli.Tests.ClaimOverlapTests.#2459 round-1: claim --refuse-overlap REFUSES on an UNREADABLE collision scan (AC3)" computerName="c2756152e150" duration="00:00:00.0014085" startTime="2026-08-21T21:24:48.4164400+02:00" endTime="2026-08-21T21:24:48.4176931+02:00" testType="13cdc9d9-ddb5-4fa4-a97d-d965ccfc6d4b" outcome="Passed" testListId="8c84fa94-04c1-424b-9868-57a2d4851a1d" relativeResultsDirectory="09ca28bd-a558-4d24-97cd-0b3071784e2e" />
    <UnitTestResult executionId="0ffa4065-0c2c-48c0-b77f-6ae17594091c" testId="c18a1adf-7f5a-7db3-ec53-7c53887ce93b" testName="FS.GG.Coord.Cli.Tests.DeliveryApplicationTests.#2544 round 1: an indented declaration and receipt pair does not read as verified" computerName="c2756152e150" duration="00:00:00.0000999" startTime="2026-08-21T21:24:49.5731427+02:00" endTime="2026-08-21T21:24:49.5731594+02:00" testType="13cdc9d9-ddb5-4fa4-a97d-d965ccfc6d4b" outcome="Passed" testListId="8c84fa94-04c1-424b-9868-57a2d4851a1d" relativeResultsDirectory="0ffa4065-0c2c-48c0-b77f-6ae17594091c" />
    <UnitTestResult executionId="2c3d1640-023b-43b3-aad1-a7ef8904d9cc" testId="c6978604-3fde-351d-cba9-c308c511fd42" testName="FS.GG.Coord.Cli.Tests.OverlapTests.#2351 AC1/AC2: the same fixture with BOTH scopes cross-repo also collides" computerName="c2756152e150" duration="00:00:00.0033467" startTime="2026-08-21T21:24:49.4907231+02:00" endTime="2026-08-21T21:24:49.4940531+02:00" testType="13cdc9d9-ddb5-4fa4-a97d-d965ccfc6d4b" outcome="Passed" testListId="8c84fa94-04c1-424b-9868-57a2d4851a1d" relativeResultsDirectory="2c3d1640-023b-43b3-aad1-a7ef8904d9cc" />
    <UnitTestResult executionId="74875e49-a169-4e15-b4f6-eb38220fd017" testId="4efc9264-64bb-53dd-225e-9e0368cb9052" testName="FS.GG.Coord.Cli.Tests.LandableNotOpenTests.#2360 AC1 --require fsgg:review-decision/v2 REFUSES a head with NO acceptance record" computerName="c2756152e150" duration="00:00:00.0006607" startTime="2026-08-21T21:24:49.3466195+02:00" endTime="2026-08-21T21:24:49.3469393+02:00" testType="13cdc9d9-ddb5-4fa4-a97d-d965ccfc6d4b" outcome="Passed" testListId="8c84fa94-04c1-424b-9868-57a2d4851a1d" relativeResultsDirectory="74875e49-a169-4e15-b4f6-eb38220fd017" />
    <UnitTestResult executionId="815c3203-e6c6-40d8-9923-c6858382a1b1" testId="17bac10c-fab8-49d4-1040-a23eb758a593" testName="FS.GG.Coord.Cli.Tests.RepoScopeTests..github's chore lock resolves to the closed lock issue(repo: &quot;FS-GG/.github&quot;)" computerName="c2756152e150" duration="00:00:00.0000014" startTime="2026-08-21T21:24:47.7383224+02:00" endTime="2026-08-21T21:24:47.7383297+02:00" testType="13cdc9d9-ddb5-4fa4-a97d-d965ccfc6d4b" outcome="Passed" testListId="8c84fa94-04c1-424b-9868-57a2d4851a1d" relativeResultsDirectory="815c3203-e6c6-40d8-9923-c6858382a1b1" />
    <UnitTestResult executionId="6c48a5db-1f9c-4444-bf10-ace7dcc7e902" testId="c7e2441f-9964-54a1-70bb-eef63660cc0b" testName="FS.GG.Coord.Cli.Tests.ChoresTests.claimed rows never reach a second lifecycle reducer regardless of prose facts" computerName="c2756152e150" duration="00:00:00.0005356" startTime="2026-08-21T21:24:47.5335947+02:00" endTime="2026-08-21T21:24:47.5340748+02:00" testType="13cdc9d9-ddb5-4fa4-a97d-d965ccfc6d4b" outcome="Passed" testListId="8c84fa94-04c1-424b-9868-57a2d4851a1d" relativeResultsDirectory="6c48a5db-1f9c-4444-bf10-ace7dcc7e902" />
    <UnitTestResult executionId="33bd1c56-555b-4c54-b688-eb7dd2836b38" testId="bf8ee8c9-e661-c169-1064-5d5a0acfbf4e" testName="FS.GG.Coord.Cli.Tests.TouchSetLintTests.SOME tokens dead renders the WORSE sentence, and names only the dead ones (#646)" computerName="c2756152e150" duration="00:00:00.0001373" startTime="2026-08-21T21:24:48.1833028+02:00" endTime="2026-08-21T21:24:48.1833624+02:00" testType="13cdc9d9-ddb5-4fa4-a97d-d965ccfc6d4b" outcome="Passed" testListId="8c84fa94-04c1-424b-9868-57a2d4851a1d" relativeResultsDirectory="33bd1c56-555b-4c54-b688-eb7dd2836b38" />
    <UnitTestResult executionId="63b06ad3-6b55-4f07-85dc-484ac564eded" testId="89e97942-f437-925b-ac60-e16aac9a0614" testName="FS.GG.Coord.Cli.Tests.RepoScopeTests.resolveRepo is idempotent(raw: &quot;FS-GG/FS.GG.SDD&quot;)" computerName="c2756152e150" duration="00:00:00.0000745" startTime="2026-08-21T21:24:47.7397949+02:00" endTime="2026-08-21T21:24:47.7398035+02:00" testType="13cdc9d9-ddb5-4fa4-a97d-d965ccfc6d4b" outcome="Passed" testListId="8c84fa94-04c1-424b-9868-57a2d4851a1d" relativeResultsDirectory="63b06ad3-6b55-4f07-85dc-484ac564eded" />
    <UnitTestResult executionId="160b3d8e-7081-4252-9881-9221c256c829" testId="5572e8be-b507-d600-080f-f9f752a032d4" testName="FS.GG.Coord.Cli.Tests.SnapshotTests.NO claim at all is a FACT, not an omission — the item is simply unheld" computerName="c2756152e150" duration="00:00:00.0001343" startTime="2026-08-21T21:24:47.7294434+02:00" endTime="2026-08-21T21:24:47.7294548+02:00" testType="13cdc9d9-ddb5-4fa4-a97d-d965ccfc6d4b" outcome="Passed" testListId="8c84fa94-04c1-424b-9868-57a2d4851a1d" relativeResultsDirectory="160b3d8e-7081-4252-9881-9221c256c829" />
    <UnitTestResult executionId="f97561f5-6d3e-4103-bd90-a6b19684a3ac" testId="4f7146d1-3ab6-614e-e855-81fc712a2fc1" testName="FS.GG.Coord.Cli.Tests.RepoScopeTests.cross-repo resolves to NonRepository, never a Repository(raw: &quot;CROSS-REPO&quot;)" computerName="c2756152e150" duration="00:00:00.0000539" startTime="2026-08-21T21:24:47.7400131+02:00" endTime="2026-08-21T21:24:47.7400207+02:00" testType="13cdc9d9-ddb5-4fa4-a97d-d965ccfc6d4b" outcome="Passed" testListId="8c84fa94-04c1-424b-9868-57a2d4851a1d" relativeResultsDirectory="f97561f5-6d3e-4103-bd90-a6b19684a3ac" />
    <UnitTestResult executionId="3861475e-9fad-4878-9698-0751d9a850eb" testId="502e2c9c-0f30-6e77-0b59-f283913f9c29" testName="FS.GG.Coord.Cli.Tests.RepoScopeTests.a remote that does not name exactly one owner/repo is refused(url: &quot;https://gitlab.com/FS-GG/x.git&quot;)" computerName="c2756152e150" duration="00:00:00.0000010" startTime="2026-08-21T21:24:47.7365372+02:00" endTime="2026-08-21T21:24:47.7365444+02:00" testType="13cdc9d9-ddb5-4fa4-a97d-d965ccfc6d4b" outcome="Passed" testListId="8c84fa94-04c1-424b-9868-57a2d4851a1d" relativeResultsDirectory="3861475e-9fad-4878-9698-0751d9a850eb" />
    <UnitTestResult executionId="5c34ca11-a4d0-49ce-86d6-0b39edde24fd" testId="60c68c5d-07a5-5179-795e-7c39248663a1" testName="FS.GG.Coord.Cli.Tests.ExitContractTests.landable's wait code and its stop code are pinned to the engine's constants" computerName="c2756152e150" duration="00:00:00.0001903" startTime="2026-08-21T21:24:48.2618092+02:00" endTime="2026-08-21T21:24:48.2618266+02:00" testType="13cdc9d9-ddb5-4fa4-a97d-d965ccfc6d4b" outcome="Passed" testListId="8c84fa94-04c1-424b-9868-57a2d4851a1d" relativeResultsDirectory="5c34ca11-a4d0-49ce-86d6-0b39edde24fd" />
    <UnitTestResult executionId="1b1fb122-20bd-48d1-ae96-9ef03c1cd632" testId="dc68cced-215c-f43d-69d2-e5b92440881b" testName="FS.GG.Coord.Cli.Tests.WhoLivenessTests.#1668 a comment with no readable body is unclassifiable too — not 'not a marker'" computerName="c2756152e150" duration="00:00:00.0005869" startTime="2026-08-21T21:24:49.4900715+02:00" endTime="2026-08-21T21:24:49.4905625+02:00" testType="13cdc9d9-ddb5-4fa4-a97d-d965ccfc6d4b" outcome="Passed" testListId="8c84fa94-04c1-424b-9868-57a2d4851a1d" relativeResultsDirectory="1b1fb122-20bd-48d1-ae96-9ef03c1cd632" />
    <UnitTestResult executionId="c64bc052-c24d-4d05-ad50-6c7bbdb73577" testId="96a9306e-edf2-cc4f-90c5-56b24787b217" testName="FS.GG.Coord.Cli.Tests.ChoresTests.a clean board costs NO REST — the lock is taken only when there is a chore to take it for" computerName="c2756152e150" duration="00:00:00.0000710" startTime="2026-08-21T21:24:47.5353491+02:00" endTime="2026-08-21T21:24:47.5353599+02:00" testType="13cdc9d9-ddb5-4fa4-a97d-d965ccfc6d4b" outcome="Passed" testListId="8c84fa94-04c1-424b-9868-57a2d4851a1d" relativeResultsDirectory="c64bc052-c24d-4d05-ad50-6c7bbdb73577" />
    <UnitTestResult executionId="48826e04-24e4-427f-9038-869f221232ed" testId="25863abb-0def-060f-eed6-3a25f9448382" testName="FS.GG.Coord.Cli.Tests.SnapshotTests.'lease-expired-pr-open' without the PR number is refused — that is proof without the proof" computerName="c2756152e150" duration="00:00:00.0014793" startTime="2026-08-21T21:24:47.7241357+02:00" endTime="2026-08-21T21:24:47.7255648+02:00" testType="13cdc9d9-ddb5-4fa4-a97d-d965ccfc6d4b" outcome="Passed" testListId="8c84fa94-04c1-424b-9868-57a2d4851a1d" relativeResultsDirectory="48826e04-24e4-427f-9038-869f221232ed" />
    <UnitTestResult executionId="4127138a-6396-45e9-9c48-95d51ba1c5d0" testId="fd612cac-e065-7076-6ad5-165cc070f2ff" testName="FS.GG.Coord.Cli.Tests.DeliveryApplicationTests.#2395 electionsOwnedBy keeps this opkey and this pull request, and nothing else" computerName="c2756152e150" duration="00:00:00.0002027" startTime="2026-08-21T21:24:49.5894936+02:00" endTime="2026-08-21T21:24:49.5896150+02:00" testType="13cdc9d9-ddb5-4fa4-a97d-d965ccfc6d4b" outcome="Passed" testListId="8c84fa94-04c1-424b-9868-57a2d4851a1d" relativeResultsDirectory="4127138a-6396-45e9-9c48-95d51ba1c5d0" />
    <UnitTestResult executionId="11f3d791-4506-4e0f-a3d6-b462b496add2" testId="9f3455a2-2102-a9cb-aceb-58a681e214d9" testName="FS.GG.Coord.Cli.Tests.DeliveryApplicationTests.#2264 round 1: an unreadable head or comment thread fails closed as Outstanding" computerName="c2756152e150" duration="00:00:00.0000734" startTime="2026-08-21T21:24:49.5926989+02:00" endTime="2026-08-21T21:24:49.5927092+02:00" testType="13cdc9d9-ddb5-4fa4-a97d-d965ccfc6d4b" outcome="Passed" testListId="8c84fa94-04c1-424b-9868-57a2d4851a1d" relativeResultsDirectory="11f3d791-4506-4e0f-a3d6-b462b496add2" />
    <UnitTestResult executionId="ecbdd242-a384-4499-a493-c62773442460" testId="956f31dd-f2fd-fb73-c52b-009233e4d318" testName="FS.GG.Coord.Cli.Tests.CrossRepoRankTests.#1628 AC3 the whole-board count costs the transport NOTHING" computerName="c2756152e150" duration="00:00:00.0004687" startTime="2026-08-21T21:24:48.4471372+02:00" endTime="2026-08-21T21:24:48.4474930+02:00" testType="13cdc9d9-ddb5-4fa4-a97d-d965ccfc6d4b" outcome="Passed" testListId="8c84fa94-04c1-424b-9868-57a2d4851a1d" relativeResultsDirectory="ecbdd242-a384-4499-a493-c62773442460" />
    <UnitTestResult executionId="858d3c7d-dd72-4009-94cf-1a136dca4e2d" testId="60fe7de2-b17a-273b-b572-062af668c59c" testName="FS.GG.Coord.Cli.Tests.ChoresTests.a chore is NEVER offered under another repo's lock — the subject and the lock must name one repo" computerName="c2756152e150" duration="00:00:00.0000850" startTime="2026-08-21T21:24:47.5321263+02:00" endTime="2026-08-21T21:24:47.5321423+02:00" testType="13cdc9d9-ddb5-4fa4-a97d-d965ccfc6d4b" outcome="Passed" testListId="8c84fa94-04c1-424b-9868-57a2d4851a1d" relativeResultsDirectory="858d3c7d-dd72-4009-94cf-1a136dca4e2d" />
    <UnitTestResult executionId="aba4eebb-179b-41f6-bf75-e3cd829ab1da" testId="620b3f98-6a5e-2948-83f3-8339483568cb" testName="FS.GG.Coord.Cli.Tests.OpLockTests.every refusal describes itself without deciding anything" computerName="c2756152e150" duration="00:00:00.0010792" startTime="2026-08-21T21:24:49.4028852+02:00" endTime="2026-08-21T21:24:49.4037905+02:00" testType="13cdc9d9-ddb5-4fa4-a97d-d965ccfc6d4b" outcome="Passed" testListId="8c84fa94-04c1-424b-9868-57a2d4851a1d" relativeResultsDirectory="aba4eebb-179b-41f6-bf75-e3cd829ab1da" />
    <UnitTestResult executionId="b0e97a2f-daaa-4f62-9102-287aeb2d9c41" testId="dfdf389d-bc21-4880-e076-e122097a438b" testName="FS.GG.Coord.Cli.Tests.RepoScopeTests.a repo with no lock issue has no lock(repo: &quot;FS.GG.Nonexistent&quot;)" computerName="c2756152e150" duration="00:00:00.0000782" startTime="2026-08-21T21:24:47.7360893+02:00" endTime="2026-08-21T21:24:47.7361004+02:00" testType="13cdc9d9-ddb5-4fa4-a97d-d965ccfc6d4b" outcome="Passed" testListId="8c84fa94-04c1-424b-9868-57a2d4851a1d" relativeResultsDirectory="b0e97a2f-daaa-4f62-9102-287aeb2d9c41" />
    <UnitTestResult executionId="e376cdc9-76d3-4f72-89dc-a0192091b913" testId="b0f0dfa9-b55c-7bde-9f50-c1118ed25974" testName="FS.GG.Coord.Cli.Tests.ClaimLifecycleDestinationTests.#2645 deriving the destination costs exactly five extra REST reads and one GraphQL read" computerName="c2756152e150" duration="00:00:00.0017973" startTime="2026-08-21T21:24:49.2852295+02:00" endTime="2026-08-21T21:24:49.2868840+02:00" testType="13cdc9d9-ddb5-4fa4-a97d-d965ccfc6d4b" outcome="Passed" testListId="8c84fa94-04c1-424b-9868-57a2d4851a1d" relativeResultsDirectory="e376cdc9-76d3-4f72-89dc-a0192091b913" />
    <UnitTestResult executionId="bc92d471-e353-414e-a366-579f62674a55" testId="fc0a3dfd-7703-2458-ea90-522bab6150e5" testName="FS.GG.Coord.Cli.Tests.SchedulingCostTests.M4 a complete route ledger finds a recent marker in a 251-comment thread" computerName="c2756152e150" duration="00:00:00.0116200" startTime="2026-08-21T21:24:49.3720864+02:00" endTime="2026-08-21T21:24:49.3837159+02:00" testType="13cdc9d9-ddb5-4fa4-a97d-d965ccfc6d4b" outcome="Passed" testListId="8c84fa94-04c1-424b-9868-57a2d4851a1d" relativeResultsDirectory="bc92d471-e353-414e-a366-579f62674a55" />
    <UnitTestResult executionId="fa448ad7-53f2-493b-9430-007cbbefb13e" testId="f3d2b769-9faf-e51b-2e9c-784edf47ea2d" testName="FS.GG.Coord.Cli.Tests.TouchSetLintTests.EVERY token dead renders the 'as dead as no touch-set' sentence" computerName="c2756152e150" duration="00:00:00.0003163" startTime="2026-08-21T21:24:48.1828791+02:00" endTime="2026-08-21T21:24:48.1832096+02:00" testType="13cdc9d9-ddb5-4fa4-a97d-d965ccfc6d4b" outcome="Passed" testListId="8c84fa94-04c1-424b-9868-57a2d4851a1d" relativeResultsDirectory="fa448ad7-53f2-493b-9430-007cbbefb13e" />
    <UnitTestResult executionId="5e4703a9-aab9-4a3d-9e43-a5ebb5639864" testId="1a1aa10f-70d2-fe08-2228-f6e8fe8e6d2a" testName="FS.GG.Coord.Cli.Tests.CrossRepoRankTests.#1628 AC5 --explain reports the same count the ordering used" computerName="c2756152e150" duration="00:00:00.0025861" startTime="2026-08-21T21:24:48.4515981+02:00" endTime="2026-08-21T21:24:48.4541461+02:00" testType="13cdc9d9-ddb5-4fa4-a97d-d965ccfc6d4b" outcome="Passed" testListId="8c84fa94-04c1-424b-9868-57a2d4851a1d" relativeResultsDirectory="5e4703a9-aab9-4a3d-9e43-a5ebb5639864" />
    <UnitTestResult executionId="7093213f-e5a3-4006-a4e4-1f5f8431da1d" testId="e757de01-c959-1a92-6b2f-1a8b2e4305f7" testName="FS.GG.Coord.Cli.Tests.ScanRoundTripTests.#641 a PULL REQUEST on the board is not a candidate" computerName="c2756152e150" duration="00:00:00.0002843" startTime="2026-08-21T21:24:47.7227240+02:00" endTime="2026-08-21T21:24:47.7229878+02:00" testType="13cdc9d9-ddb5-4fa4-a97d-d965ccfc6d4b" outcome="Passed" testListId="8c84fa94-04c1-424b-9868-57a2d4851a1d" relativeResultsDirectory="7093213f-e5a3-4006-a4e4-1f5f8431da1d" />
    <UnitTestResult executionId="bd40e2c2-2ff6-468e-8b40-9e6661a116f4" testId="0f416810-7a6e-a3f5-d282-840a63959953" testName="FS.GG.Coord.Cli.Tests.DriverEventsCliTests.renderEventsJson: an empty projection renders empty transitions/active arrays, not an omitted field" computerName="c2756152e150" duration="00:00:00.0001696" startTime="2026-08-21T21:24:48.5645156+02:00" endTime="2026-08-21T21:24:48.5646513+02:00" testType="13cdc9d9-ddb5-4fa4-a97d-d965ccfc6d4b" outcome="Passed" testListId="8c84fa94-04c1-424b-9868-57a2d4851a1d" relativeResultsDirectory="bd40e2c2-2ff6-468e-8b40-9e6661a116f4" />
    <UnitTestResult executionId="eb5a238d-6194-4296-bbbe-fc1cd62038ba" testId="17e0cf36-f02b-1661-f303-18f281a833a7" testName="FS.GG.Coord.Cli.Tests.AuthorizedMarkerTests.no markers at all authorizes nobody, and never asks about liveness" computerName="c2756152e150" duration="00:00:00.0001394" startTime="2026-08-21T21:24:49.2999289+02:00" endTime="2026-08-21T21:24:49.3000163+02:00" testType="13cdc9d9-ddb5-4fa4-a97d-d965ccfc6d4b" outcome="Passed" testListId="8c84fa94-04c1-424b-9868-57a2d4851a1d" relativeResultsDirectory="eb5a238d-6194-4296-bbbe-fc1cd62038ba" />
    <UnitTestResult executionId="3d4603b9-2087-4af2-b70e-93ce96a56e47" testId="ce3c0297-2e12-da87-5fea-da20640a8dee" testName="FS.GG.Coord.Cli.Tests.DeliveryApplicationTests.#2395 a marker that does not open the comment at byte 0 is not an election(prefix: &quot;We elected this merge: &quot;)" computerName="c2756152e150" duration="00:00:00.0000751" startTime="2026-08-21T21:24:49.5576772+02:00" endTime="2026-08-21T21:24:49.5576997+02:00" testType="13cdc9d9-ddb5-4fa4-a97d-d965ccfc6d4b" outcome="Passed" testListId="8c84fa94-04c1-424b-9868-57a2d4851a1d" relativeResultsDirectory="3d4603b9-2087-4af2-b70e-93ce96a56e47" />
    <UnitTestResult executionId="a7fedc3d-81fb-47cc-9356-1e0101f0f8aa" testId="77c503b9-8c9c-997b-3cfd-7e6dd21106cf" testName="FS.GG.Coord.Cli.Tests.DriverEventsCliTests.renderEventsJson: a persistent Unreadable transition is present in BOTH successive renders (repair round 1, finding 1, end to end)" computerName="c2756152e150" duration="00:00:00.0043122" startTime="2026-08-21T21:24:48.5597491+02:00" endTime="2026-08-21T21:24:48.5640098+02:00" testType="13cdc9d9-ddb5-4fa4-a97d-d965ccfc6d4b" outcome="Passed" testListId="8c84fa94-04c1-424b-9868-57a2d4851a1d" relativeResultsDirectory="a7fedc3d-81fb-47cc-9356-1e0101f0f8aa" />
    <UnitTestResult executionId="a1b3558b-0ffd-49d8-a34c-9802cc07569a" testId="b8d05fce-9ae2-65be-544f-05b705a68328" testName="FS.GG.Coord.Cli.Tests.DriverEventsCliTests.readEventsCursor: a cursor file with an unrecognized state encoding is REFUSED, not silently dropped" computerName="c2756152e150" duration="00:00:00.0002946" startTime="2026-08-21T21:24:48.5653764+02:00" endTime="2026-08-21T21:24:48.5653930+02:00" testType="13cdc9d9-ddb5-4fa4-a97d-d965ccfc6d4b" outcome="Passed" testListId="8c84fa94-04c1-424b-9868-57a2d4851a1d" relativeResultsDirectory="a1b3558b-0ffd-49d8-a34c-9802cc07569a" />
    <UnitTestResult executionId="788c5bf5-71ca-40b6-a85d-9f9cdd2d8fba" testId="4e98f03f-33d4-12f7-41e6-6b07a6c6fb53" testName="FS.GG.Coord.Cli.Tests.RepoScopeTests.the lock ref is canonical however the owner was spelled(owner: &quot;FS-GG&quot;)" computerName="c2756152e150" duration="00:00:00.0000562" startTime="2026-08-21T21:24:47.7388838+02:00" endTime="2026-08-21T21:24:47.7388917+02:00" testType="13cdc9d9-ddb5-4fa4-a97d-d965ccfc6d4b" outcome="Passed" testListId="8c84fa94-04c1-424b-9868-57a2d4851a1d" relativeResultsDirectory="788c5bf5-71ca-40b6-a85d-9f9cdd2d8fba" />
    <UnitTestResult executionId="a2489942-bfc5-46d7-85e4-ef137dfb0bf9" testId="5cffd0c2-e858-5e2b-42f6-023f71e9e9a2" testName="FS.GG.Coord.Cli.Tests.OpLockDispatchVerbTests.FSGG_COORD_OP_LOCKS reaches opLockRef's extra parameter, and is NOT the chore lock's variable" computerName="c2756152e150" duration="00:00:00.0003235" startTime="2026-08-21T21:24:49.5202230+02:00" endTime="2026-08-21T21:24:49.5205619+02:00" testType="13cdc9d9-ddb5-4fa4-a97d-d965ccfc6d4b" outcome="Passed" testListId="8c84fa94-04c1-424b-9868-57a2d4851a1d" relativeResultsDirectory="a2489942-bfc5-46d7-85e4-ef137dfb0bf9" />
    <UnitTestResult executionId="5fb00a2e-9509-416f-a680-b24433fc00f0" testId="2bc0ffb5-806d-3a2e-4a59-e224a70232aa" testName="FS.GG.Coord.Cli.Tests.DeliveryRouteCliTests.#2298 claim refuses with zero writes when the delivery-route comment is UNDECODABLE" computerName="c2756152e150" duration="00:00:00.0003684" startTime="2026-08-21T21:24:47.4405026+02:00" endTime="2026-08-21T21:24:47.4405117+02:00" testType="13cdc9d9-ddb5-4fa4-a97d-d965ccfc6d4b" outcome="Passed" testListId="8c84fa94-04c1-424b-9868-57a2d4851a1d" relativeResultsDirectory="5fb00a2e-9509-416f-a680-b24433fc00f0" />
    <UnitTestResult executionId="ac8a8e4a-1145-4ae4-85d6-2e6ac248ade5" testId="4b5aef91-881c-b6bb-4c8c-0e0c6939828a" testName="FS.GG.Coord.Cli.Tests.WhoLivenessTests.#1668 a STALE row built from an incomplete read is flagged and is NOT offered to reap or adopt" computerName="c2756152e150" duration="00:00:00.0014753" startTime="2026-08-21T21:24:49.4842740+02:00" endTime="2026-08-21T21:24:49.4856801+02:00" testType="13cdc9d9-ddb5-4fa4-a97d-d965ccfc6d4b" outcome="Passed" testListId="8c84fa94-04c1-424b-9868-57a2d4851a1d" relativeResultsDirectory="ac8a8e4a-1145-4ae4-85d6-2e6ac248ade5" />
    <UnitTestResult executionId="79fa8078-4370-48c6-b96b-dec4ed7d7cd6" testId="ff72ed84-03fe-9f1f-ec9c-ee02fe0f2847" testName="FS.GG.Coord.Cli.Tests.VerifyPathsClosingKeywordTests.#2264 delivery and verify-paths classify the generated registry lock outside authored Paths" computerName="c2756152e150" duration="00:00:00.2870113" startTime="2026-08-21T21:24:47.8504292+02:00" endTime="2026-08-21T21:24:48.1373952+02:00" testType="13cdc9d9-ddb5-4fa4-a97d-d965ccfc6d4b" outcome="Passed" testListId="8c84fa94-04c1-424b-9868-57a2d4851a1d" relativeResultsDirectory="79fa8078-4370-48c6-b96b-dec4ed7d7cd6" />
    <UnitTestResult executionId="1a730069-e445-42e7-b8a5-ce7095a0e869" testId="0fef46ba-6d59-5990-ede7-a61515db838b" testName="FS.GG.Coord.Cli.Tests.RepoScopeTests.every documented --repo spelling resolves to the board's repo name(raw: &quot;Governance&quot;, expected: &quot;FS.GG.Governance&quot;)" computerName="c2756152e150" duration="00:00:00.0000011" startTime="2026-08-21T21:24:47.7395703+02:00" endTime="2026-08-21T21:24:47.7395774+02:00" testType="13cdc9d9-ddb5-4fa4-a97d-d965ccfc6d4b" outcome="Passed" testListId="8c84fa94-04c1-424b-9868-57a2d4851a1d" relativeResultsDirectory="1a730069-e445-42e7-b8a5-ce7095a0e869" />
    <UnitTestResult executionId="0abe9e53-a642-4af1-8ae9-36de8a8f1d51" testId="421dfe2a-269f-8de2-c637-bcb1451257aa" testName="FS.GG.Coord.Cli.Tests.TakeFallthroughTests..github#2683 EX_CONTENDED fires only when every candidate in the BOUNDED ranking has been lost" computerName="c2756152e150" duration="00:00:00.0029412" startTime="2026-08-21T21:24:49.3146838+02:00" endTime="2026-08-21T21:24:49.3175405+02:00" testType="13cdc9d9-ddb5-4fa4-a97d-d965ccfc6d4b" outcome="Passed" testListId="8c84fa94-04c1-424b-9868-57a2d4851a1d" relativeResultsDirectory="0abe9e53-a642-4af1-8ae9-36de8a8f1d51" />
    <UnitTestResult executionId="d6037e17-11e6-4180-9bf5-6f3ca86b2866" testId="de64d2df-57e0-d1df-263f-0ddaf2dc7bde" testName="FS.GG.Coord.Cli.Tests.SchedulingCostTests.#2300 AC1/AC2: closed-and-Done candidates never pay a delivery-route read, however many there are" computerName="c2756152e150" duration="00:00:00.0028755" startTime="2026-08-21T21:24:49.3654500+02:00" endTime="2026-08-21T21:24:49.3682914+02:00" testType="13cdc9d9-ddb5-4fa4-a97d-d965ccfc6d4b" outcome="Passed" testListId="8c84fa94-04c1-424b-9868-57a2d4851a1d" relativeResultsDirectory="d6037e17-11e6-4180-9bf5-6f3ca86b2866" />
    <UnitTestResult executionId="e9003b4e-6deb-4b11-99ac-af08f616f351" testId="75dc55a4-4d6e-06a0-5c4c-22ac8af8fe2c" testName="FS.GG.Coord.Cli.Tests.FollowupsTests.a BARE ref is refused, and the refusal explains the queue's own reason(raw: &quot;1063&quot;)" computerName="c2756152e150" duration="00:00:00.0002115" startTime="2026-08-21T21:24:48.3099403+02:00" endTime="2026-08-21T21:24:48.3100454+02:00" testType="13cdc9d9-ddb5-4fa4-a97d-d965ccfc6d4b" outcome="Passed" testListId="8c84fa94-04c1-424b-9868-57a2d4851a1d" relativeResultsDirectory="e9003b4e-6deb-4b11-99ac-af08f616f351" />
    <UnitTestResult executionId="7ff1fe25-6121-42fb-81b7-31a719113dc5" testId="fd38a810-92e5-a154-dca5-b0ef8e3c2b70" testName="FS.GG.Coord.Cli.Tests.ExitContractTests.take's REFUSED leg is documented" computerName="c2756152e150" duration="00:00:00.0000236" startTime="2026-08-21T21:24:48.2641548+02:00" endTime="2026-08-21T21:24:48.2641655+02:00" testType="13cdc9d9-ddb5-4fa4-a97d-d965ccfc6d4b" outcome="Passed" testListId="8c84fa94-04c1-424b-9868-57a2d4851a1d" relativeResultsDirectory="7ff1fe25-6121-42fb-81b7-31a719113dc5" />
    <UnitTestResult executionId="e235097f-8515-4c9d-ab3f-b8918d550f2a" testId="696a62fe-9b0e-1d99-0d6f-ffdb2213b98d" testName="FS.GG.Coord.Cli.Tests.DeliveryApplicationTests.#2544 round 1: the diagnostic does not tell a documentation author to make their sample declare" computerName="c2756152e150" duration="00:00:00.0001577" startTime="2026-08-21T21:24:49.5850140+02:00" endTime="2026-08-21T21:24:49.5850673+02:00" testType="13cdc9d9-ddb5-4fa4-a97d-d965ccfc6d4b" outcome="Passed" testListId="8c84fa94-04c1-424b-9868-57a2d4851a1d" relativeResultsDirectory="e235097f-8515-4c9d-ab3f-b8918d550f2a" />
    <UnitTestResult executionId="e38589b0-dfe3-42bf-9b26-c7e494a17f7c" testId="4633f05c-8ada-5e1c-3f8f-3fc8bb595659" testName="FS.GG.Coord.Cli.Tests.AuthorizedMarkerTests.#2378 negative control — an expired lease with NO open PR does not authorize" computerName="c2756152e150" duration="00:00:00.0004875" startTime="2026-08-21T21:24:49.2990997+02:00" endTime="2026-08-21T21:24:49.2995755+02:00" testType="13cdc9d9-ddb5-4fa4-a97d-d965ccfc6d4b" outcome="Passed" testListId="8c84fa94-04c1-424b-9868-57a2d4851a1d" relativeResultsDirectory="e38589b0-dfe3-42bf-9b26-c7e494a17f7c" />
    <UnitTestResult executionId="afe00799-34bf-4135-9e74-2c3d2b858fae" testId="32de8516-be46-8c05-0478-be440a05f7b8" testName="FS.GG.Coord.Cli.Tests.DriverEventsCliTests.candidateToItemFacts: an unclaimed Ready candidate assembles into a Ready ItemFacts" computerName="c2756152e150" duration="00:00:00.0004506" startTime="2026-08-21T21:24:48.5592498+02:00" endTime="2026-08-21T21:24:48.5596111+02:00" testType="13cdc9d9-ddb5-4fa4-a97d-d965ccfc6d4b" outcome="Passed" testListId="8c84fa94-04c1-424b-9868-57a2d4851a1d" relativeResultsDirectory="afe00799-34bf-4135-9e74-2c3d2b858fae" />
    <UnitTestResult executionId="c7680fb8-e9ea-4e50-a8f4-0e11bbf4bb31" testId="0ca21190-f823-0cba-3dbb-c3b29dbe0623" testName="FS.GG.Coord.Cli.Tests.AuthorizedMarkerTests.#2378 a failed liveness probe propagates as an error, never a silent refusal" computerName="c2756152e150" duration="00:00:00.0002746" startTime="2026-08-21T21:24:49.2997284+02:00" endTime="2026-08-21T21:24:49.2998415+02:00" testType="13cdc9d9-ddb5-4fa4-a97d-d965ccfc6d4b" outcome="Passed" testListId="8c84fa94-04c1-424b-9868-57a2d4851a1d" relativeResultsDirectory="c7680fb8-e9ea-4e50-a8f4-0e11bbf4bb31" />
    <UnitTestResult executionId="b796fe40-a1f5-4e90-8fe1-f2d6c1d6d155" testId="fdb8f17f-8204-f3e2-b916-5c8b6a34d88c" testName="FS.GG.Coord.Cli.Tests.FollowupsTests.extra args to add are refused, not silently dropped" computerName="c2756152e150" duration="00:00:00.0001152" startTime="2026-08-21T21:24:48.3101359+02:00" endTime="2026-08-21T21:24:48.3101893+02:00" testType="13cdc9d9-ddb5-4fa4-a97d-d965ccfc6d4b" outcome="Passed" testListId="8c84fa94-04c1-424b-9868-57a2d4851a1d" relativeResultsDirectory="b796fe40-a1f5-4e90-8fe1-f2d6c1d6d155" />
    <UnitTestResult executionId="c21a20d1-f229-463c-b686-3c9197c762bd" testId="da2d4858-6dbd-78e6-6d84-a22e8e3b3e88" testName="FS.GG.Coord.Cli.Tests.CacheIsolationTests+Guard.the assembly redirected the cache fallback before any test ran" computerName="c2756152e150" duration="00:00:00.0000875" startTime="2026-08-21T21:24:49.2941223+02:00" endTime="2026-08-21T21:24:49.2941444+02:00" testType="13cdc9d9-ddb5-4fa4-a97d-d965ccfc6d4b" outcome="Passed" testListId="8c84fa94-04c1-424b-9868-57a2d4851a1d" relativeResultsDirectory="c21a20d1-f229-463c-b686-3c9197c762bd" />
    <UnitTestResult executionId="574f69dd-fe7f-4f98-8f79-4f117c121a12" testId="b7d9a494-b033-b089-0a29-edf65c2d57cb" testName="FS.GG.Coord.Cli.Tests.ClaimLifecycleDestinationTests.#2645 a fresh claim on an item with NO pull request still lands In progress" computerName="c2756152e150" duration="00:00:00.0020797" startTime="2026-08-21T21:24:49.2806622+02:00" endTime="2026-08-21T21:24:49.2826194+02:00" testType="13cdc9d9-ddb5-4fa4-a97d-d965ccfc6d4b" outcome="Passed" testListId="8c84fa94-04c1-424b-9868-57a2d4851a1d" relativeResultsDirectory="574f69dd-fe7f-4f98-8f79-4f117c121a12" />
    <UnitTestResult executionId="2e479f0a-123a-4ed0-a003-57d2d3379f58" testId="3ec1f05f-0451-d479-5ccc-e610cf691165" testName="FS.GG.Coord.Cli.Tests.DriverEventsCliTests.candidateToItemFacts: merged-obligations facts are keyed by canonical ref" computerName="c2756152e150" duration="00:00:00.0028596" startTime="2026-08-21T21:24:48.5254693+02:00" endTime="2026-08-21T21:24:48.5283014+02:00" testType="13cdc9d9-ddb5-4fa4-a97d-d965ccfc6d4b" outcome="Passed" testListId="8c84fa94-04c1-424b-9868-57a2d4851a1d" relativeResultsDirectory="2e479f0a-123a-4ed0-a003-57d2d3379f58" />
    <UnitTestResult executionId="62f5889d-bf78-498a-8a5e-d68146345137" testId="4fc4de3e-8410-9612-5237-bd04dc44b68d" testName="FS.GG.Coord.Cli.Tests.DeliveryApplicationTests.#2395 ensureAuthorization posts the election FIRST, then PATCHes a marker naming its comment id" computerName="c2756152e150" duration="00:00:00.0012010" startTime="2026-08-21T21:24:49.5935323+02:00" endTime="2026-08-21T21:24:49.5946326+02:00" testType="13cdc9d9-ddb5-4fa4-a97d-d965ccfc6d4b" outcome="Passed" testListId="8c84fa94-04c1-424b-9868-57a2d4851a1d" relativeResultsDirectory="62f5889d-bf78-498a-8a5e-d68146345137" />
    <UnitTestResult executionId="767215dc-802d-4a64-8c6e-8d17336953f3" testId="6e8db527-8bf5-d6ff-9f28-5fa8a8a6226f" testName="FS.GG.Coord.Cli.Tests.CrossRepoRankTests.#1628 AC1 the scoped count equals the unscoped count, on one board at one instant" computerName="c2756152e150" duration="00:00:00.0045712" startTime="2026-08-21T21:24:48.4427743+02:00" endTime="2026-08-21T21:24:48.4469952+02:00" testType="13cdc9d9-ddb5-4fa4-a97d-d965ccfc6d4b" outcome="Passed" testListId="8c84fa94-04c1-424b-9868-57a2d4851a1d" relativeResultsDirectory="767215dc-802d-4a64-8c6e-8d17336953f3" />
    <UnitTestResult executionId="216dba59-4319-4d8b-b96d-8b729758d082" testId="aea3c760-c41e-052a-fd7d-1a131811315b" testName="FS.GG.Coord.Cli.Tests.ChoresTests.#1649: the SAME item IS offered while the column genuinely lags — the silence above is the read" computerName="c2756152e150" duration="00:00:00.0003311" startTime="2026-08-21T21:24:47.5332597+02:00" endTime="2026-08-21T21:24:47.5335124+02:00" testType="13cdc9d9-ddb5-4fa4-a97d-d965ccfc6d4b" outcome="Passed" testListId="8c84fa94-04c1-424b-9868-57a2d4851a1d" relativeResultsDirectory="216dba59-4319-4d8b-b96d-8b729758d082" />
    <UnitTestResult executionId="c121abc7-67e6-4257-8784-c9898f61ad56" testId="78d91af6-acd1-e794-18c8-817df7dfb6a3" testName="FS.GG.Coord.Cli.Tests.FollowupsTests.reconciliation removes only durably selected refs and preserves a concurrent obligation" computerName="c2756152e150" duration="00:00:00.0012705" startTime="2026-08-21T21:24:48.3355353+02:00" endTime="2026-08-21T21:24:48.3367221+02:00" testType="13cdc9d9-ddb5-4fa4-a97d-d965ccfc6d4b" outcome="Passed" testListId="8c84fa94-04c1-424b-9868-57a2d4851a1d" relativeResultsDirectory="c121abc7-67e6-4257-8784-c9898f61ad56" />
    <UnitTestResult executionId="ad00b2b6-241a-4b5e-b944-303beac9f853" testId="1b332136-b189-c719-6447-5c202d69ce50" testName="FS.GG.Coord.Cli.Tests.FollowupsTests.stdout carries the REF and nothing else, so pop composes" computerName="c2756152e150" duration="00:00:00.0004603" startTime="2026-08-21T21:24:48.3332525+02:00" endTime="2026-08-21T21:24:48.3336233+02:00" testType="13cdc9d9-ddb5-4fa4-a97d-d965ccfc6d4b" outcome="Passed" testListId="8c84fa94-04c1-424b-9868-57a2d4851a1d" relativeResultsDirectory="ad00b2b6-241a-4b5e-b944-303beac9f853" />
    <UnitTestResult executionId="a487c07d-26b8-4ae6-9efc-a871838964e6" testId="b8002e6e-74db-a970-8a7c-30a70f395080" testName="FS.GG.Coord.Cli.Tests.RepoScopeTests.cross-repo resolves to NonRepository, never a Repository(raw: &quot;cross-repo&quot;)" computerName="c2756152e150" duration="00:00:00.0000007" startTime="2026-08-21T21:24:47.7400541+02:00" endTime="2026-08-21T21:24:47.7400646+02:00" testType="13cdc9d9-ddb5-4fa4-a97d-d965ccfc6d4b" outcome="Passed" testListId="8c84fa94-04c1-424b-9868-57a2d4851a1d" relativeResultsDirectory="a487c07d-26b8-4ae6-9efc-a871838964e6" />
    <UnitTestResult executionId="9acec8e6-1e9c-4e0d-b808-b4882033f758" testId="22b868f6-566d-0b63-5661-8c394659f823" testName="FS.GG.Coord.Cli.Tests.RepoScopeTests.every documented --repo spelling resolves to the board's repo name(raw: &quot;.github&quot;, expected: &quot;.github&quot;)" computerName="c2756152e150" duration="00:00:00.0000004" startTime="2026-08-21T21:24:47.7394508+02:00" endTime="2026-08-21T21:24:47.7394584+02:00" testType="13cdc9d9-ddb5-4fa4-a97d-d965ccfc6d4b" outcome="Passed" testListId="8c84fa94-04c1-424b-9868-57a2d4851a1d" relativeResultsDirectory="9acec8e6-1e9c-4e0d-b808-b4882033f758" />
    <UnitTestResult executionId="9ee31283-38cb-4b43-8c84-ad539b079389" testId="dfd0ece1-888a-bb5b-122c-f8b9c69c5704" testName="FS.GG.Coord.Cli.Tests.DeliveryApplicationTests.#2264 round 1: every obligation genuinely receipted clears Outstanding" computerName="c2756152e150" duration="00:00:00.0006897" startTime="2026-08-21T21:24:49.5735159+02:00" endTime="2026-08-21T21:24:49.5741679+02:00" testType="13cdc9d9-ddb5-4fa4-a97d-d965ccfc6d4b" outcome="Passed" testListId="8c84fa94-04c1-424b-9868-57a2d4851a1d" relativeResultsDirectory="9ee31283-38cb-4b43-8c84-ad539b079389" />
    <UnitTestResult executionId="dfe6435e-c03a-4fac-bc55-084de984cbc6" testId="7aed1e48-b64d-fab6-1991-4f346583315d" testName="FS.GG.Coord.Cli.Tests.ReviewApplicationTests.text_projection_has_no_dual_read_classification" computerName="c2756152e150" duration="00:00:00.0013356" startTime="2026-08-21T21:24:48.2535443+02:00" endTime="2026-08-21T21:24:48.2547023+02:00" testType="13cdc9d9-ddb5-4fa4-a97d-d965ccfc6d4b" outcome="Passed" testListId="8c84fa94-04c1-424b-9868-57a2d4851a1d" relativeResultsDirectory="dfe6435e-c03a-4fac-bc55-084de984cbc6" />
    <UnitTestResult executionId="259b5e39-938a-42fa-8b49-77423ca2263a" testId="a4f718be-327e-7322-1386-a0d01558f120" testName="FS.GG.Coord.Cli.Tests.DocumentedInvocationTests.--message remains an explicit alias, so neither documented form is broken" computerName="c2756152e150" duration="00:00:00.0003844" startTime="2026-08-21T21:24:49.4039324+02:00" endTime="2026-08-21T21:24:49.4043277+02:00" testType="13cdc9d9-ddb5-4fa4-a97d-d965ccfc6d4b" outcome="Passed" testListId="8c84fa94-04c1-424b-9868-57a2d4851a1d" relativeResultsDirectory="259b5e39-938a-42fa-8b49-77423ca2263a" />
    <UnitTestResult executionId="116f626b-fec2-4142-a81b-8b8245cff107" testId="7e979428-9af1-2129-4c43-98e8f8aee011" testName="FS.GG.Coord.Cli.Tests.DocumentedInvocationTests.a known gap that has been FIXED must be deleted, not left to rot" computerName="c2756152e150" duration="00:00:00.0001570" startTime="2026-08-21T21:24:49.4510334+02:00" endTime="2026-08-21T21:24:49.4510490+02:00" testType="13cdc9d9-ddb5-4fa4-a97d-d965ccfc6d4b" outcome="Passed" testListId="8c84fa94-04c1-424b-9868-57a2d4851a1d" relativeResultsDirectory="116f626b-fec2-4142-a81b-8b8245cff107" />
    <UnitTestResult executionId="d089d70e-30ab-4f9c-9682-45b4ddd5b381" testId="f8018761-f1c1-34af-b15d-c553b26f3a05" testName="FS.GG.Coord.Cli.Tests.RepoScopeTests..github's chore lock resolves to the closed lock issue(repo: &quot;.GitHub&quot;)" computerName="c2756152e150" duration="00:00:00.0000738" startTime="2026-08-21T21:24:47.7382375+02:00" endTime="2026-08-21T21:24:47.7382455+02:00" testType="13cdc9d9-ddb5-4fa4-a97d-d965ccfc6d4b" outcome="Passed" testListId="8c84fa94-04c1-424b-9868-57a2d4851a1d" relativeResultsDirectory="d089d70e-30ab-4f9c-9682-45b4ddd5b381" />
    <UnitTestResult executionId="9f75b638-434e-45b3-a002-b8a27931c45d" testId="00557fa0-d5e9-546b-57fa-1b2385de25bb" testName="FS.GG.Coord.Cli.Tests.DriverEventsCliTests.readEventsCursor: a CORRUPT (truncated) cursor file is a REFUSED read, never a silent empty cursor" computerName="c2756152e150" duration="00:00:00.0003735" startTime="2026-08-21T21:24:48.5641638+02:00" endTime="2026-08-21T21:24:48.5644147+02:00" testType="13cdc9d9-ddb5-4fa4-a97d-d965ccfc6d4b" outcome="Passed" testListId="8c84fa94-04c1-424b-9868-57a2d4851a1d" relativeResultsDirectory="9f75b638-434e-45b3-a002-b8a27931c45d" />
    <UnitTestResult executionId="53447e79-2109-4aac-863f-7626101e4e20" testId="af418c72-3c5f-00a4-d62d-44d0a6e6b86b" testName="FS.GG.Coord.Cli.Tests.ClaimOverlapTests.#2801 detects the authoritative two-cycle independent of receipt and claim order" computerName="c2756152e150" duration="00:00:00.0003158" startTime="2026-08-21T21:24:48.4192886+02:00" endTime="2026-08-21T21:24:48.4194995+02:00" testType="13cdc9d9-ddb5-4fa4-a97d-d965ccfc6d4b" outcome="Passed" testListId="8c84fa94-04c1-424b-9868-57a2d4851a1d" relativeResultsDirectory="53447e79-2109-4aac-863f-7626101e4e20" />
    <UnitTestResult executionId="0757e5fb-48da-4d17-a062-dc3b8bfbc7a3" testId="4deb4aa5-a4c1-9480-6176-a784b3131a35" testName="FS.GG.Coord.Cli.Tests.LandableNotOpenTests.#2360 reopened AC4 registry-coherence remains explicitly EXEMPT and observable" computerName="c2756152e150" duration="00:00:00.0006065" startTime="2026-08-21T21:24:49.3509519+02:00" endTime="2026-08-21T21:24:49.3514902+02:00" testType="13cdc9d9-ddb5-4fa4-a97d-d965ccfc6d4b" outcome="Passed" testListId="8c84fa94-04c1-424b-9868-57a2d4851a1d" relativeResultsDirectory="0757e5fb-48da-4d17-a062-dc3b8bfbc7a3" />
    <UnitTestResult executionId="cb7785f1-93f4-4735-b313-394fcceb2fef" testId="f9031d6e-3136-f52e-7844-b07dfca6178c" testName="FS.GG.Coord.Cli.Tests.RuleSubsetTests.#889 no subset renders a rule twice - a document arguing with itself" computerName="c2756152e150" duration="00:00:00.0001762" startTime="2026-08-21T21:24:48.4756835+02:00" endTime="2026-08-21T21:24:48.4757565+02:00" testType="13cdc9d9-ddb5-4fa4-a97d-d965ccfc6d4b" outcome="Passed" testListId="8c84fa94-04c1-424b-9868-57a2d4851a1d" relativeResultsDirectory="cb7785f1-93f4-4735-b313-394fcceb2fef" />
    <UnitTestResult executionId="92d65fbc-b655-4579-877b-d87ae332b97c" testId="302373a5-7b3e-b5eb-d721-ed18a07a6a6e" testName="FS.GG.Coord.Cli.Tests.ClassLintTests.AC4 DECISION - a case or whitespace variant of a legal value is ACCEPTED" computerName="c2756152e150" duration="00:00:00.0001693" startTime="2026-08-21T21:24:48.5732002+02:00" endTime="2026-08-21T21:24:48.5732950+02:00" testType="13cdc9d9-ddb5-4fa4-a97d-d965ccfc6d4b" outcome="Passed" testListId="8c84fa94-04c1-424b-9868-57a2d4851a1d" relativeResultsDirectory="92d65fbc-b655-4579-877b-d87ae332b97c" />
    <UnitTestResult executionId="79c91505-a19c-4f98-86d6-0344f0b57f27" testId="b07d3d1f-0536-09b1-ebe0-f89adbaa03f8" testName="FS.GG.Coord.Cli.Tests.SnapshotTests.a missing 'state' is an ERROR — it is not &quot;probably open&quot;" computerName="c2756152e150" duration="00:00:00.0000792" startTime="2026-08-21T21:24:47.7350675+02:00" endTime="2026-08-21T21:24:47.7350783+02:00" testType="13cdc9d9-ddb5-4fa4-a97d-d965ccfc6d4b" outcome="Passed" testListId="8c84fa94-04c1-424b-9868-57a2d4851a1d" relativeResultsDirectory="79c91505-a19c-4f98-86d6-0344f0b57f27" />
    <UnitTestResult executionId="449f81ad-8d3d-4195-bd00-9d54fda36f18" testId="6e607609-121b-3424-fecf-a8e9b11a4a3d" testName="FS.GG.Coord.Cli.Tests.OpLockDispatchVerbTests.both op-lock commands are BOARD WRITES in the engine and in the shim's partition" computerName="c2756152e150" duration="00:00:00.0166753" startTime="2026-08-21T21:24:49.5276919+02:00" endTime="2026-08-21T21:24:49.5443234+02:00" testType="13cdc9d9-ddb5-4fa4-a97d-d965ccfc6d4b" outcome="Passed" testListId="8c84fa94-04c1-424b-9868-57a2d4851a1d" relativeResultsDirectory="449f81ad-8d3d-4195-bd00-9d54fda36f18" />
    <UnitTestResult executionId="c902b954-136a-42a3-9fde-87a46b1fc625" testId="ba217fde-442d-6e35-15ea-14f74b924558" testName="FS.GG.Coord.Cli.Tests.ScanRoundTripTests.a scanned item is SCHEDULABLE end to end - scan, parse, decide" computerName="c2756152e150" duration="00:00:00.0007425" startTime="2026-08-21T21:24:47.7020982+02:00" endTime="2026-08-21T21:24:47.7027907+02:00" testType="13cdc9d9-ddb5-4fa4-a97d-d965ccfc6d4b" outcome="Passed" testListId="8c84fa94-04c1-424b-9868-57a2d4851a1d" relativeResultsDirectory="c902b954-136a-42a3-9fde-87a46b1fc625" />
    <UnitTestResult executionId="f37baa70-93cb-489a-9610-caa50df0668b" testId="a9e88e0b-cc1a-42e4-d6f4-db5bff39beb7" testName="FS.GG.Coord.Cli.Tests.PacketCliTests.#2737 an unreadable file is a refusal document, not an exception" computerName="c2756152e150" duration="00:00:00.0092441" startTime="2026-08-21T21:24:48.4763043+02:00" endTime="2026-08-21T21:24:48.4851966+02:00" testType="13cdc9d9-ddb5-4fa4-a97d-d965ccfc6d4b" outcome="Passed" testListId="8c84fa94-04c1-424b-9868-57a2d4851a1d" relativeResultsDirectory="f37baa70-93cb-489a-9610-caa50df0668b" />
    <UnitTestResult executionId="d8d70e75-347b-4df5-86db-a3686124d071" testId="a0014754-8738-8d13-2891-4014fc437908" testName="FS.GG.Coord.Cli.Tests.SnapshotTests.an item whose body declares no assertion has DeclaredPredicate None" computerName="c2756152e150" duration="00:00:00.0001108" startTime="2026-08-21T21:24:47.7351485+02:00" endTime="2026-08-21T21:24:47.7352216+02:00" testType="13cdc9d9-ddb5-4fa4-a97d-d965ccfc6d4b" outcome="Passed" testListId="8c84fa94-04c1-424b-9868-57a2d4851a1d" relativeResultsDirectory="d8d70e75-347b-4df5-86db-a3686124d071" />
    <UnitTestResult executionId="9f96e036-bd37-4954-b604-597a0a7d3217" testId="70ff8474-9935-2f07-a17b-a8855217f2b1" testName="FS.GG.Coord.Cli.Tests.CrossRepoRankTests.#1628 AC2 a --repo scoped batch ranks a cross-repo hub as blocking THREE" computerName="c2756152e150" duration="00:00:00.0007171" startTime="2026-08-21T21:24:48.4475953+02:00" endTime="2026-08-21T21:24:48.4482636+02:00" testType="13cdc9d9-ddb5-4fa4-a97d-d965ccfc6d4b" outcome="Passed" testListId="8c84fa94-04c1-424b-9868-57a2d4851a1d" relativeResultsDirectory="9f96e036-bd37-4954-b604-597a0a7d3217" />
    <UnitTestResult executionId="2412f789-57db-4a8d-87d8-05818de595ab" testId="087eef53-ee34-6c19-805b-f1bc983a998d" testName="FS.GG.Coord.Cli.Tests.DeliveryRouteCliTests.#2298 record posts an sdd-required receipt whose readiness analysis is not implementationReady" computerName="c2756152e150" duration="00:00:00.0014371" startTime="2026-08-21T21:24:47.4184678+02:00" endTime="2026-08-21T21:24:47.4184781+02:00" testType="13cdc9d9-ddb5-4fa4-a97d-d965ccfc6d4b" outcome="Passed" testListId="8c84fa94-04c1-424b-9868-57a2d4851a1d" relativeResultsDirectory="2412f789-57db-4a8d-87d8-05818de595ab" />
    <UnitTestResult executionId="b7e392a8-2d54-4d89-b0f8-0c75d9bfd6fc" testId="e570bbf0-8b7c-6d8f-5b7f-a7a753e326f3" testName="FS.GG.Coord.Cli.Tests.ScanRoundTripTests.Protocol states the schema Scan actually writes, and Snapshot actually accepts" computerName="c2756152e150" duration="00:00:00.0003495" startTime="2026-08-21T21:24:47.6880218+02:00" endTime="2026-08-21T21:24:47.6882547+02:00" testType="13cdc9d9-ddb5-4fa4-a97d-d965ccfc6d4b" outcome="Passed" testListId="8c84fa94-04c1-424b-9868-57a2d4851a1d" relativeResultsDirectory="b7e392a8-2d54-4d89-b0f8-0c75d9bfd6fc" />
    <UnitTestResult executionId="aba8f6ce-0a86-4e89-97cf-bf8ed4029311" testId="ddb0199b-58da-da4d-23cc-3d471ac103b5" testName="FS.GG.Coord.Cli.Tests.DeliveryApplicationTests.#2264 round 1: a malformed or stale declaration fails closed as Outstanding" computerName="c2756152e150" duration="00:00:00.0000875" startTime="2026-08-21T21:24:49.5891798+02:00" endTime="2026-08-21T21:24:49.5891943+02:00" testType="13cdc9d9-ddb5-4fa4-a97d-d965ccfc6d4b" outcome="Passed" testListId="8c84fa94-04c1-424b-9868-57a2d4851a1d" relativeResultsDirectory="aba8f6ce-0a86-4e89-97cf-bf8ed4029311" />
    <UnitTestResult executionId="61ac0a36-272d-4bc2-b403-4d5f8be4e93e" testId="2e15c788-7ed7-0f21-61a0-e05f9503e197" testName="FS.GG.Coord.Cli.Tests.FollowupsTests.the STORED form carries the owner, so it round-trips from another checkout" computerName="c2756152e150" duration="00:00:00.0004183" startTime="2026-08-21T21:24:48.3130697+02:00" endTime="2026-08-21T21:24:48.3131211+02:00" testType="13cdc9d9-ddb5-4fa4-a97d-d965ccfc6d4b" outcome="Passed" testListId="8c84fa94-04c1-424b-9868-57a2d4851a1d" relativeResultsDirectory="61ac0a36-272d-4bc2-b403-4d5f8be4e93e" />
    <UnitTestResult executionId="f790d986-e4a7-465c-a6d0-d35d5d236da7" testId="122bbd2f-a8b1-5f4d-6bca-924d577c30a4" testName="FS.GG.Coord.Cli.Tests.EpicVerdictTests.EPIC-NO-STATED-ACCEPTANCE fires on a body with no task lines" computerName="c2756152e150" duration="00:00:00.0000684" startTime="2026-08-21T21:24:48.2777510+02:00" endTime="2026-08-21T21:24:48.2778047+02:00" testType="13cdc9d9-ddb5-4fa4-a97d-d965ccfc6d4b" outcome="Passed" testListId="8c84fa94-04c1-424b-9868-57a2d4851a1d" relativeResultsDirectory="f790d986-e4a7-465c-a6d0-d35d5d236da7" />
    <UnitTestResult executionId="20c3d769-49c3-4447-830c-7e5060a10631" testId="e5f3ac37-436a-c0b8-559e-89faaf7dcfcc" testName="FS.GG.Coord.Cli.Tests.DeliveryApplicationTests.#2563 the engine agrees with the shared cross-language leading-line corpus, entry for entry" computerName="c2756152e150" duration="00:00:00.0011489" startTime="2026-08-21T21:24:49.5831257+02:00" endTime="2026-08-21T21:24:49.5841322+02:00" testType="13cdc9d9-ddb5-4fa4-a97d-d965ccfc6d4b" outcome="Passed" testListId="8c84fa94-04c1-424b-9868-57a2d4851a1d" relativeResultsDirectory="20c3d769-49c3-4447-830c-7e5060a10631" />
    <UnitTestResult executionId="caf6bb2d-b4ed-4793-b887-9f2841cb374b" testId="42b85252-ee30-4965-90a3-f5ab1b9457e2" testName="FS.GG.Coord.Cli.Tests.ExitContractTests.the github-layer codes no longer collide with the verdict codes" computerName="c2756152e150" duration="00:00:00.0000452" startTime="2026-08-21T21:24:48.2643160+02:00" endTime="2026-08-21T21:24:48.2643241+02:00" testType="13cdc9d9-ddb5-4fa4-a97d-d965ccfc6d4b" outcome="Passed" testListId="8c84fa94-04c1-424b-9868-57a2d4851a1d" relativeResultsDirectory="caf6bb2d-b4ed-4793-b887-9f2841cb374b" />
    <UnitTestResult executionId="4b07e59f-832d-40df-a7a1-a466f58f15f0" testId="f31a0078-eb40-f2e9-2982-e2ddae89d655" testName="FS.GG.Coord.Cli.Tests.RepoScopeTests.the lock ref is canonical however the owner was spelled(owner: &quot;Fs-Gg&quot;)" computerName="c2756152e150" duration="00:00:00.0000570" startTime="2026-08-21T21:24:47.7388410+02:00" endTime="2026-08-21T21:24:47.7388495+02:00" testType="13cdc9d9-ddb5-4fa4-a97d-d965ccfc6d4b" outcome="Passed" testListId="8c84fa94-04c1-424b-9868-57a2d4851a1d" relativeResultsDirectory="4b07e59f-832d-40df-a7a1-a466f58f15f0" />
    <UnitTestResult executionId="88b741b5-65d3-4709-bf55-aca694c66eb8" testId="28833b43-582e-9fa9-5da7-eeed18111c2b" testName="FS.GG.Coord.Cli.Tests.RepoScopeTests.--repo is resolved for every repo-taking verb, not a list of them(verb: &quot;scan&quot;)" computerName="c2756152e150" duration="00:00:00.0000077" startTime="2026-08-21T21:24:47.7371665+02:00" endTime="2026-08-21T21:24:47.7371742+02:00" testType="13cdc9d9-ddb5-4fa4-a97d-d965ccfc6d4b" outcome="Passed" testListId="8c84fa94-04c1-424b-9868-57a2d4851a1d" relativeResultsDirectory="88b741b5-65d3-4709-bf55-aca694c66eb8" />
    <UnitTestResult executionId="d4bd254e-1c31-478e-b714-f400ef975679" testId="8fdb11af-112f-f8e3-24c3-a42a6512b980" testName="FS.GG.Coord.Cli.Tests.ScanRoundTripTests.a live claim survives the round trip, and RESERVES its touch-set" computerName="c2756152e150" duration="00:00:00.0006896" startTime="2026-08-21T21:24:47.6898522+02:00" endTime="2026-08-21T21:24:47.6904749+02:00" testType="13cdc9d9-ddb5-4fa4-a97d-d965ccfc6d4b" outcome="Passed" testListId="8c84fa94-04c1-424b-9868-57a2d4851a1d" relativeResultsDirectory="d4bd254e-1c31-478e-b714-f400ef975679" />
    <UnitTestResult executionId="94949851-3f19-40b6-be54-6506efe2fd27" testId="711f6d8b-670c-a1f9-86f7-9c1daad81a93" testName="FS.GG.Coord.Cli.Tests.ForceStealTests.#1620 a steal is RECORDED ON THE ITEM, naming the prior holder and the worker that took it" computerName="c2756152e150" duration="00:00:00.0020298" startTime="2026-08-21T21:24:48.5050411+02:00" endTime="2026-08-21T21:24:48.5069782+02:00" testType="13cdc9d9-ddb5-4fa4-a97d-d965ccfc6d4b" outcome="Passed" testListId="8c84fa94-04c1-424b-9868-57a2d4851a1d" relativeResultsDirectory="94949851-3f19-40b6-be54-6506efe2fd27" />
    <UnitTestResult executionId="34236036-d093-45e4-aa10-05ea6fa9877a" testId="dcaf9c23-00dc-05df-8760-8b4e624d63d3" testName="FS.GG.Coord.Cli.Tests.VerifyPathsClosingKeywordTests.#2107 a board-shorthand defect turns an already-RED drift verdict red for the same reason, not silently" computerName="c2756152e150" duration="00:00:00.1108194" startTime="2026-08-21T21:24:47.7408868+02:00" endTime="2026-08-21T21:24:47.8502790+02:00" testType="13cdc9d9-ddb5-4fa4-a97d-d965ccfc6d4b" outcome="Passed" testListId="8c84fa94-04c1-424b-9868-57a2d4851a1d" relativeResultsDirectory="34236036-d093-45e4-aa10-05ea6fa9877a" />
    <UnitTestResult executionId="a50b4b30-50c2-49eb-8835-68fa0410e61b" testId="31ec5179-cb19-e5cb-b6b3-81c2b4e7bbcf" testName="FS.GG.Coord.Cli.Tests.DeliveryApplicationTests.#2233 declaredPaths as {declaredNone: true} refuses with the deliberate-omission reason" computerName="c2756152e150" duration="00:00:00.0003460" startTime="2026-08-21T21:24:49.5925291+02:00" endTime="2026-08-21T21:24:49.5925924+02:00" testType="13cdc9d9-ddb5-4fa4-a97d-d965ccfc6d4b" outcome="Passed" testListId="8c84fa94-04c1-424b-9868-57a2d4851a1d" relativeResultsDirectory="a50b4b30-50c2-49eb-8835-68fa0410e61b" />
    <UnitTestResult executionId="9b43cf32-3843-48dd-b1ce-56bd07c3f85b" testId="6259f4d9-b9a1-7ffa-e904-6800f883bda8" testName="FS.GG.Coord.Cli.Tests.RepoScopeTests.every documented --repo spelling resolves to the board's repo name(raw: &quot;templates&quot;, expected: &quot;FS.GG.Templates&quot;)" computerName="c2756152e150" duration="00:00:00.0000004" startTime="2026-08-21T21:24:47.7393249+02:00" endTime="2026-08-21T21:24:47.7393344+02:00" testType="13cdc9d9-ddb5-4fa4-a97d-d965ccfc6d4b" outcome="Passed" testListId="8c84fa94-04c1-424b-9868-57a2d4851a1d" relativeResultsDirectory="9b43cf32-3843-48dd-b1ce-56bd07c3f85b" />
    <UnitTestResult executionId="b547197f-e997-42fb-a2ed-2c3ebfbac5dd" testId="72be3b60-1544-43ee-0cc7-5fa790a31bb9" testName="FS.GG.Coord.Cli.Tests.DriverEventsCliTests.writeEventsCursorAtomic: writes a cursor readEventsCursor reads back exactly" computerName="c2756152e150" duration="00:00:00.0055383" startTime="2026-08-21T21:24:48.5150070+02:00" endTime="2026-08-21T21:24:48.5205007+02:00" testType="13cdc9d9-ddb5-4fa4-a97d-d965ccfc6d4b" outcome="Passed" testListId="8c84fa94-04c1-424b-9868-57a2d4851a1d" relativeResultsDirectory="b547197f-e997-42fb-a2ed-2c3ebfbac5dd" />
    <UnitTestResult executionId="73ad3963-c276-4f98-a0d9-6cce04e17452" testId="66d44c63-3c40-643b-5a66-d687276b0269" testName="FS.GG.Coord.Cli.Tests.ExitContractTests.take's contract is actually stated" computerName="c2756152e150" duration="00:00:00.0001753" startTime="2026-08-21T21:24:48.2624137+02:00" endTime="2026-08-21T21:24:48.2625378+02:00" testType="13cdc9d9-ddb5-4fa4-a97d-d965ccfc6d4b" outcome="Passed" testListId="8c84fa94-04c1-424b-9868-57a2d4851a1d" relativeResultsDirectory="73ad3963-c276-4f98-a0d9-6cce04e17452" />
    <UnitTestResult executionId="27f7e7cc-12b7-4b3a-8e50-593894bc8bc0" testId="a4a243a7-3f3f-505c-7c9e-bd985aeff48a" testName="FS.GG.Coord.Cli.Tests.DriverEventsCliTests.readEventsCursor: a directory at the cursor path never reaches writeEventsCursorAtomic, so no temp file is left behind (repair round 2)" computerName="c2756152e150" duration="00:00:00.0009435" startTime="2026-08-21T21:24:48.5126383+02:00" endTime="2026-08-21T21:24:48.5134185+02:00" testType="13cdc9d9-ddb5-4fa4-a97d-d965ccfc6d4b" outcome="Passed" testListId="8c84fa94-04c1-424b-9868-57a2d4851a1d" relativeResultsDirectory="27f7e7cc-12b7-4b3a-8e50-593894bc8bc0" />
    <UnitTestResult executionId="b1704655-be40-4fda-a405-9dcab5be08be" testId="26fbab40-25e4-e253-c057-b22baf6afa48" testName="FS.GG.Coord.Cli.Tests.DeliveryApplicationTests.#2395 two markers collapse to exactly one, never left duplicated" computerName="c2756152e150" duration="00:00:00.0001499" startTime="2026-08-21T21:24:49.5615638+02:00" endTime="2026-08-21T21:24:49.5616305+02:00" testType="13cdc9d9-ddb5-4fa4-a97d-d965ccfc6d4b" outcome="Passed" testListId="8c84fa94-04c1-424b-9868-57a2d4851a1d" relativeResultsDirectory="b1704655-be40-4fda-a405-9dcab5be08be" />
    <UnitTestResult executionId="9fa634d4-7675-4d31-8061-49d641e1cfc7" testId="60d8cb5a-c090-41aa-e3f9-fad184d1eb5d" testName="FS.GG.Coord.Cli.Tests.PacketCliTests.#2737 a malformed packet exits non-zero and reads its findings on STDERR" computerName="c2756152e150" duration="00:00:00.0046118" startTime="2026-08-21T21:24:48.4853441+02:00" endTime="2026-08-21T21:24:48.4899542+02:00" testType="13cdc9d9-ddb5-4fa4-a97d-d965ccfc6d4b" outcome="Passed" testListId="8c84fa94-04c1-424b-9868-57a2d4851a1d" relativeResultsDirectory="9fa634d4-7675-4d31-8061-49d641e1cfc7" />
    <UnitTestResult executionId="2bc76fd2-9969-4704-b376-33af0c4e16fb" testId="74bca4c9-edbf-707d-9292-9bf0350fe383" testName="FS.GG.Coord.Cli.Tests.RuleSubsetTests.#889 every subset is STRICT - one that grows into all of rules has no reason to be a kind" computerName="c2756152e150" duration="00:00:00.0000872" startTime="2026-08-21T21:24:48.4752957+02:00" endTime="2026-08-21T21:24:48.4753518+02:00" testType="13cdc9d9-ddb5-4fa4-a97d-d965ccfc6d4b" outcome="Passed" testListId="8c84fa94-04c1-424b-9868-57a2d4851a1d" relativeResultsDirectory="2bc76fd2-9969-4704-b376-33af0c4e16fb" />
    <UnitTestResult executionId="392f2fd4-edde-4268-8fee-3fccaa418e04" testId="879d5e32-fdfd-5311-c928-4312296c93ff" testName="FS.GG.Coord.Cli.Tests.TakeFallthroughTests..github#2683 no engine message instructs the caller to perform the forbidden retry" computerName="c2756152e150" duration="00:00:00.0028199" startTime="2026-08-21T21:24:49.3119309+02:00" endTime="2026-08-21T21:24:49.3145228+02:00" testType="13cdc9d9-ddb5-4fa4-a97d-d965ccfc6d4b" outcome="Passed" testListId="8c84fa94-04c1-424b-9868-57a2d4851a1d" relativeResultsDirectory="392f2fd4-edde-4268-8fee-3fccaa418e04" />
    <UnitTestResult executionId="4e982f8c-a2ea-4d8c-b265-ff10cd3086f7" testId="29786a0b-77a0-eb09-ad26-93702ba36d78" testName="FS.GG.Coord.Cli.Tests.ReviewApplicationTests.empty_thread_dispatches_critic" computerName="c2756152e150" duration="00:00:00.0271123" startTime="2026-08-21T21:24:48.1943158+02:00" endTime="2026-08-21T21:24:48.2214750+02:00" testType="13cdc9d9-ddb5-4fa4-a97d-d965ccfc6d4b" outcome="Passed" testListId="8c84fa94-04c1-424b-9868-57a2d4851a1d" relativeResultsDirectory="4e982f8c-a2ea-4d8c-b265-ff10cd3086f7" />
    <UnitTestResult executionId="c0e42058-2506-4167-acec-f7e96aaaba60" testId="f316cca0-22c8-a4e3-d9e0-4752aad7247a" testName="FS.GG.Coord.Cli.Tests.VerifyPathsSddPackageTests.#2324 AC-003 a CURRENT lightweight route exempts nothing at all" computerName="c2756152e150" duration="00:00:00.0958925" startTime="2026-08-21T21:24:48.6792966+02:00" endTime="2026-08-21T21:24:48.7751251+02:00" testType="13cdc9d9-ddb5-4fa4-a97d-d965ccfc6d4b" outcome="Passed" testListId="8c84fa94-04c1-424b-9868-57a2d4851a1d" relativeResultsDirectory="c0e42058-2506-4167-acec-f7e96aaaba60" />
    <UnitTestResult executionId="3ef34c0e-b03c-4426-9a29-959b35d94fc2" testId="6bcbe8a5-fd31-7133-a9fc-2406a9349c25" testName="FS.GG.Coord.Cli.Tests.DeliveryApplicationTests.#2395 a body already carrying exactly the desired marker is reported current, not rewritten" computerName="c2756152e150" duration="00:00:00.0001652" startTime="2026-08-21T21:24:49.5851599+02:00" endTime="2026-08-21T21:24:49.5852590+02:00" testType="13cdc9d9-ddb5-4fa4-a97d-d965ccfc6d4b" outcome="Passed" testListId="8c84fa94-04c1-424b-9868-57a2d4851a1d" relativeResultsDirectory="3ef34c0e-b03c-4426-9a29-959b35d94fc2" />
    <UnitTestResult executionId="06ac45bf-69a8-4e3e-8126-308f96140a85" testId="9250db1f-a75d-eb6c-da8d-8bc29c5c8fc1" testName="FS.GG.Coord.Cli.Tests.RepoScopeTests.a remote that does not name exactly one owner/repo is refused(url: &quot;git@github.com:FS-GG/&quot;)" computerName="c2756152e150" duration="00:00:00.0000006" startTime="2026-08-21T21:24:47.7365845+02:00" endTime="2026-08-21T21:24:47.7365941+02:00" testType="13cdc9d9-ddb5-4fa4-a97d-d965ccfc6d4b" outcome="Passed" testListId="8c84fa94-04c1-424b-9868-57a2d4851a1d" relativeResultsDirectory="06ac45bf-69a8-4e3e-8126-308f96140a85" />
    <UnitTestResult executionId="96549e5c-0da3-4908-ac1f-13a7b34c5fd5" testId="95f3aa46-7900-ed66-40cb-bd978a62a0ee" testName="FS.GG.Coord.Cli.Tests.OpLockDispatchVerbTests.the text projection prints grant and opkey on stdout, and the release reminder on stderr" computerName="c2756152e150" duration="00:00:00.0008401" startTime="2026-08-21T21:24:49.5173883+02:00" endTime="2026-08-21T21:24:49.5181094+02:00" testType="13cdc9d9-ddb5-4fa4-a97d-d965ccfc6d4b" outcome="Passed" testListId="8c84fa94-04c1-424b-9868-57a2d4851a1d" relativeResultsDirectory="96549e5c-0da3-4908-ac1f-13a7b34c5fd5" />
    <UnitTestResult executionId="3be8e50d-f50a-47bd-bf2c-2fa3353bfbfd" testId="1497c833-0699-6463-3a51-b4181dfa309b" testName="FS.GG.Coord.Cli.Tests.CrossRepoRankTests.#1628 a CLOSED blocker is filtered AFTER the graph is built, never before" computerName="c2756152e150" duration="00:00:00.0002419" startTime="2026-08-21T21:24:48.4577466+02:00" endTime="2026-08-21T21:24:48.4577602+02:00" testType="13cdc9d9-ddb5-4fa4-a97d-d965ccfc6d4b" outcome="Passed" testListId="8c84fa94-04c1-424b-9868-57a2d4851a1d" relativeResultsDirectory="3be8e50d-f50a-47bd-bf2c-2fa3353bfbfd" />
    <UnitTestResult executionId="4923ce6d-810e-4b2e-b2e4-21854d19314c" testId="48d5c0f4-34c0-c8bd-50b9-abaf21384613" testName="FS.GG.Coord.Cli.Tests.ScanRoundTripTests.a scanned cleared blocker cannot invoke the retired Status reducer" computerName="c2756152e150" duration="00:00:00.0016560" startTime="2026-08-21T21:24:47.6865787+02:00" endTime="2026-08-21T21:24:47.6879144+02:00" testType="13cdc9d9-ddb5-4fa4-a97d-d965ccfc6d4b" outcome="Passed" testListId="8c84fa94-04c1-424b-9868-57a2d4851a1d" relativeResultsDirectory="4923ce6d-810e-4b2e-b2e4-21854d19314c" />
    <UnitTestResult executionId="467abfc1-5974-471c-b858-addf90f31378" testId="e0eda72f-db5a-ce36-5c74-9a5145b9ee1e" testName="FS.GG.Coord.Cli.Tests.FollowupsTests.fleet audit names an abandoned queued ref rather than leaving it as an invisible file" computerName="c2756152e150" duration="00:00:00.0012649" startTime="2026-08-21T21:24:48.3385534+02:00" endTime="2026-08-21T21:24:48.3394823+02:00" testType="13cdc9d9-ddb5-4fa4-a97d-d965ccfc6d4b" outcome="Passed" testListId="8c84fa94-04c1-424b-9868-57a2d4851a1d" relativeResultsDirectory="467abfc1-5974-471c-b858-addf90f31378" />
    <UnitTestResult executionId="0d5da382-7651-48a7-8d54-4f6912d796d8" testId="9a854160-2bcf-1f80-22f9-2e9eae30197e" testName="FS.GG.Coord.Cli.Tests.TouchSetLintTests.the two sentences are DIFFERENT — the distinction #646 bought is not quietly collapsed" computerName="c2756152e150" duration="00:00:00.0009044" startTime="2026-08-21T21:24:48.1841790+02:00" endTime="2026-08-21T21:24:48.1845696+02:00" testType="13cdc9d9-ddb5-4fa4-a97d-d965ccfc6d4b" outcome="Passed" testListId="8c84fa94-04c1-424b-9868-57a2d4851a1d" relativeResultsDirectory="0d5da382-7651-48a7-8d54-4f6912d796d8" />
    <UnitTestResult executionId="a2674bfa-78bb-4a5e-848b-9152ffdab25a" testId="fa3dafd2-3d13-5abb-f799-183811fa8829" testName="FS.GG.Coord.Cli.Tests.FollowupsTests.every QUALIFIED form is accepted(raw: &quot;https://github.com/FS-GG/FS.GG.SDD/issues/393&quot;, owner: &quot;FS-GG&quot;, repo: &quot;FS.GG.SDD&quot;, n: 393)" computerName="c2756152e150" duration="00:00:00.0006249" startTime="2026-08-21T21:24:48.3113399+02:00" endTime="2026-08-21T21:24:48.3118757+02:00" testType="13cdc9d9-ddb5-4fa4-a97d-d965ccfc6d4b" outcome="Passed" testListId="8c84fa94-04c1-424b-9868-57a2d4851a1d" relativeResultsDirectory="a2674bfa-78bb-4a5e-848b-9152ffdab25a" />
    <UnitTestResult executionId="9b8bd2a2-7372-42bc-b764-6cb30ea63e5c" testId="802574c6-e935-bc27-8a28-aaf5e36a46cb" testName="FS.GG.Coord.Cli.Tests.EpicVerdictTests.a CLOSED epic fires none of the open-only rules" computerName="c2756152e150" duration="00:00:00.0001376" startTime="2026-08-21T21:24:48.2759843+02:00" endTime="2026-08-21T21:24:48.2759938+02:00" testType="13cdc9d9-ddb5-4fa4-a97d-d965ccfc6d4b" outcome="Passed" testListId="8c84fa94-04c1-424b-9868-57a2d4851a1d" relativeResultsDirectory="9b8bd2a2-7372-42bc-b764-6cb30ea63e5c" />
    <UnitTestResult executionId="c85c1714-42d1-46ed-a5d3-9c06a4eccd8d" testId="bfeb4634-1d59-7f16-259b-247c46a10c7e" testName="FS.GG.Coord.Cli.Tests.VerifyPathsSddPackageTests.#2324 AC-001 the item's own sdd package is expected output, not drift" computerName="c2756152e150" duration="00:00:00.1053432" startTime="2026-08-21T21:24:48.5738269+02:00" endTime="2026-08-21T21:24:48.6791259+02:00" testType="13cdc9d9-ddb5-4fa4-a97d-d965ccfc6d4b" outcome="Passed" testListId="8c84fa94-04c1-424b-9868-57a2d4851a1d" relativeResultsDirectory="c85c1714-42d1-46ed-a5d3-9c06a4eccd8d" />
    <UnitTestResult executionId="df0b309a-b59c-4d1f-aef8-57f9af7d7504" testId="c5b28f8b-3f3a-a9f3-2eb9-bdbe2ade2f76" testName="FS.GG.Coord.Cli.Tests.SkillProgressiveDisclosureTests.all active roots carry the same routed skill directories" computerName="c2756152e150" duration="00:00:00.0061450" startTime="2026-08-21T21:24:48.2958696+02:00" endTime="2026-08-21T21:24:48.3019416+02:00" testType="13cdc9d9-ddb5-4fa4-a97d-d965ccfc6d4b" outcome="Passed" testListId="8c84fa94-04c1-424b-9868-57a2d4851a1d" relativeResultsDirectory="df0b309a-b59c-4d1f-aef8-57f9af7d7504" />
    <UnitTestResult executionId="06155465-5636-4a98-9042-94de760cb080" testId="03163d7c-eea4-379b-eba6-412b1ddc19e2" testName="FS.GG.Coord.Cli.Tests.FollowupsTests.the terminal audit is local, worker-keyed, and does not consume an owed queue" computerName="c2756152e150" duration="00:00:00.0015046" startTime="2026-08-21T21:24:48.3395827+02:00" endTime="2026-08-21T21:24:48.3410263+02:00" testType="13cdc9d9-ddb5-4fa4-a97d-d965ccfc6d4b" outcome="Passed" testListId="8c84fa94-04c1-424b-9868-57a2d4851a1d" relativeResultsDirectory="06155465-5636-4a98-9042-94de760cb080" />
    <UnitTestResult executionId="15d99a02-07a5-4846-ae45-50a38603b4c4" testId="6fdb8d6a-7b35-cbd8-4296-eb8045960a69" testName="FS.GG.Coord.Cli.Tests.ClaimOverlapTests.#2801 live board orchestrator makes external repo route instead of competing" computerName="c2756152e150" duration="00:00:00.0002129" startTime="2026-08-21T21:24:48.4162504+02:00" endTime="2026-08-21T21:24:48.4162677+02:00" testType="13cdc9d9-ddb5-4fa4-a97d-d965ccfc6d4b" outcome="Passed" testListId="8c84fa94-04c1-424b-9868-57a2d4851a1d" relativeResultsDirectory="15d99a02-07a5-4846-ae45-50a38603b4c4" />
    <UnitTestResult executionId="3eed70a0-77e1-45eb-a327-489d1c2e1b37" testId="40d73e23-2dd5-19f5-5b77-cec5a6a2e2a2" testName="FS.GG.Coord.Cli.Tests.SnapshotTests.facts --json projects only the structured review policy" computerName="c2756152e150" duration="00:00:00.0025362" startTime="2026-08-21T21:24:47.7323362+02:00" endTime="2026-08-21T21:24:47.7348527+02:00" testType="13cdc9d9-ddb5-4fa4-a97d-d965ccfc6d4b" outcome="Passed" testListId="8c84fa94-04c1-424b-9868-57a2d4851a1d" relativeResultsDirectory="3eed70a0-77e1-45eb-a327-489d1c2e1b37" />
    <UnitTestResult executionId="96e58d25-f2b5-4c3d-8267-e019fbb73ce6" testId="98f8830c-70a2-6c53-88b3-733bca30e8d9" testName="FS.GG.Coord.Cli.Tests.LandableNotOpenTests.#2360 a second PR advancing main invalidates authorization while PR base snapshot stays stale" computerName="c2756152e150" duration="00:00:00.0016904" startTime="2026-08-21T21:24:49.3435487+02:00" endTime="2026-08-21T21:24:49.3451847+02:00" testType="13cdc9d9-ddb5-4fa4-a97d-d965ccfc6d4b" outcome="Passed" testListId="8c84fa94-04c1-424b-9868-57a2d4851a1d" relativeResultsDirectory="96e58d25-f2b5-4c3d-8267-e019fbb73ce6" />
    <UnitTestResult executionId="65ad693c-482c-49e3-925a-0657884f1a91" testId="f63b9cb4-473e-0d29-52f1-df005e219768" testName="FS.GG.Coord.Cli.Tests.ChoresTests.#2254 batch does NOT pay the census read - the critic's measured regression, closed" computerName="c2756152e150" duration="00:00:00.1293886" startTime="2026-08-21T21:24:47.5383503+02:00" endTime="2026-08-21T21:24:47.6677174+02:00" testType="13cdc9d9-ddb5-4fa4-a97d-d965ccfc6d4b" outcome="Passed" testListId="8c84fa94-04c1-424b-9868-57a2d4851a1d" relativeResultsDirectory="65ad693c-482c-49e3-925a-0657884f1a91" />
    <UnitTestResult executionId="2da0fe8a-9af1-492f-858f-8edfb06db533" testId="8aa5477a-e3c2-59cc-d62b-4e55f7874ef2" testName="FS.GG.Coord.Cli.Tests.CrossRepoRankTests.#1628 AC3 the SCAN's own cost is unchanged — the wider count reads no wider" computerName="c2756152e150" duration="00:00:00.0017610" startTime="2026-08-21T21:24:48.4495287+02:00" endTime="2026-08-21T21:24:48.4512711+02:00" testType="13cdc9d9-ddb5-4fa4-a97d-d965ccfc6d4b" outcome="Passed" testListId="8c84fa94-04c1-424b-9868-57a2d4851a1d" relativeResultsDirectory="2da0fe8a-9af1-492f-858f-8edfb06db533" />
    <UnitTestResult executionId="426850d9-7ffa-41fe-8b69-1028c2bc85fd" testId="5187fd2a-b7b7-e95e-5593-ab9e19ea7857" testName="FS.GG.Coord.Cli.Tests.SkillProgressiveDisclosureTests.moving detail into references does not break relative markdown links" computerName="c2756152e150" duration="00:00:00.0023000" startTime="2026-08-21T21:24:48.2934912+02:00" endTime="2026-08-21T21:24:48.2957236+02:00" testType="13cdc9d9-ddb5-4fa4-a97d-d965ccfc6d4b" outcome="Passed" testListId="8c84fa94-04c1-424b-9868-57a2d4851a1d" relativeResultsDirectory="426850d9-7ffa-41fe-8b69-1028c2bc85fd" />
    <UnitTestResult executionId="e3d94f8f-7808-4fd7-b7c7-9cd60479e00c" testId="46c403eb-b929-cd25-353c-87aaff92e696" testName="FS.GG.Coord.Cli.Tests.ExitContractTests.landable's pending code is distinct from every code that means stop" computerName="c2756152e150" duration="00:00:00.0000293" startTime="2026-08-21T21:24:48.2640590+02:00" endTime="2026-08-21T21:24:48.2640721+02:00" testType="13cdc9d9-ddb5-4fa4-a97d-d965ccfc6d4b" outcome="Passed" testListId="8c84fa94-04c1-424b-9868-57a2d4851a1d" relativeResultsDirectory="e3d94f8f-7808-4fd7-b7c7-9cd60479e00c" />
    <UnitTestResult executionId="9a4aff3e-661d-49d5-9b28-d477361ee7f4" testId="9c92bcb8-2180-51ec-cc19-325d5fe93f5d" testName="FS.GG.Coord.Cli.Tests.OpLockTests.the roster parse is NON-VACUOUS - a fixture that reads nothing proves nothing" computerName="c2756152e150" duration="00:00:00.0014137" startTime="2026-08-21T21:24:49.3887553+02:00" endTime="2026-08-21T21:24:49.3897879+02:00" testType="13cdc9d9-ddb5-4fa4-a97d-d965ccfc6d4b" outcome="Passed" testListId="8c84fa94-04c1-424b-9868-57a2d4851a1d" relativeResultsDirectory="9a4aff3e-661d-49d5-9b28-d477361ee7f4" />
    <UnitTestResult executionId="fb2ac183-6575-4118-b802-469a91a1be8a" testId="77be1a0b-574f-9f79-d5b2-8f6e4157241a" testName="FS.GG.Coord.Cli.Tests.OpLockTests.opLockRef resolves through the same map as --repo - short ids and casing agree" computerName="c2756152e150" duration="00:00:00.0000734" startTime="2026-08-21T21:24:49.4027594+02:00" endTime="2026-08-21T21:24:49.4027679+02:00" testType="13cdc9d9-ddb5-4fa4-a97d-d965ccfc6d4b" outcome="Passed" testListId="8c84fa94-04c1-424b-9868-57a2d4851a1d" relativeResultsDirectory="fb2ac183-6575-4118-b802-469a91a1be8a" />
    <UnitTestResult executionId="2575c2a2-5396-4252-bdaa-d7c459f04b8f" testId="d2c00573-a438-fdab-bcb4-7f438632e70d" testName="FS.GG.Coord.Cli.Tests.VerifyPathsSddPackageTests.#2324 AC-007 a PR with no drift asks for no receipt at all" computerName="c2756152e150" duration="00:00:00.0030706" startTime="2026-08-21T21:24:48.8730287+02:00" endTime="2026-08-21T21:24:48.8760316+02:00" testType="13cdc9d9-ddb5-4fa4-a97d-d965ccfc6d4b" outcome="Passed" testListId="8c84fa94-04c1-424b-9868-57a2d4851a1d" relativeResultsDirectory="2575c2a2-5396-4252-bdaa-d7c459f04b8f" />
    <UnitTestResult executionId="40fdefa3-031b-41cd-83de-6d32afa2c89a" testId="ad49a739-976a-dd3e-9c3e-3a6d80a1054c" testName="FS.GG.Coord.Cli.Tests.ExitContractTests.every module's exit constant is the union's number" computerName="c2756152e150" duration="00:00:00.0002090" startTime="2026-08-21T21:24:48.2613397+02:00" endTime="2026-08-21T21:24:48.2615362+02:00" testType="13cdc9d9-ddb5-4fa4-a97d-d965ccfc6d4b" outcome="Passed" testListId="8c84fa94-04c1-424b-9868-57a2d4851a1d" relativeResultsDirectory="40fdefa3-031b-41cd-83de-6d32afa2c89a" />
[...]
    <TestEntry testId="245a421a-83c0-dce7-3f76-11af60b65b1a" executionId="da561a97-2212-4b29-940d-4b61f3d26cb2" testListId="8c84fa94-04c1-424b-9868-57a2d4851a1d" />
    <TestEntry testId="91fe6a69-a71b-33a7-c072-3b399afcd9c1" executionId="878a69d7-2cc2-42d3-83a5-3501006129a6" testListId="8c84fa94-04c1-424b-9868-57a2d4851a1d" />
    <TestEntry testId="57407036-6327-4a58-afb5-a182666b01e5" executionId="c063eb5e-a712-4f05-8a47-6652a9060838" testListId="8c84fa94-04c1-424b-9868-57a2d4851a1d" />
    <TestEntry testId="40c4e9d4-d61c-e9d2-5214-671853dd1c99" executionId="3201ca18-2836-4a49-9966-16b025401b05" testListId="8c84fa94-04c1-424b-9868-57a2d4851a1d" />
    <TestEntry testId="ee9a69ea-1047-8650-cbd2-49c699968eb9" executionId="bbac89da-2c71-4d76-9931-d7ba6518ff4f" testListId="8c84fa94-04c1-424b-9868-57a2d4851a1d" />
    <TestEntry testId="a6524fe2-3f03-de7d-3b30-9898f489dc1a" executionId="a600c00f-ebf7-4cb6-abf7-ef87bf0b89a7" testListId="8c84fa94-04c1-424b-9868-57a2d4851a1d" />
    <TestEntry testId="164763f0-64ae-969f-6dfa-3f32d0ec9658" executionId="fd86dd49-c6e7-4522-b465-e242d3cf5a21" testListId="8c84fa94-04c1-424b-9868-57a2d4851a1d" />
    <TestEntry testId="41b4add0-e52f-2762-9ae5-d8a5a08c1b56" executionId="f73ea1ef-9792-445b-82a6-4de9f5d861b4" testListId="8c84fa94-04c1-424b-9868-57a2d4851a1d" />
    <TestEntry testId="effd2652-2860-9c64-d120-8ef6d39f3517" executionId="317afbcd-39a7-4d3c-a38f-310420669c83" testListId="8c84fa94-04c1-424b-9868-57a2d4851a1d" />
    <TestEntry testId="444f55a4-78f5-be62-b7b2-5228065da4d1" executionId="e176d907-1edc-43d1-b4e8-a8306e39cd56" testListId="8c84fa94-04c1-424b-9868-57a2d4851a1d" />
    <TestEntry testId="91f3be91-efdf-0aaa-4039-6f785330616f" executionId="ada36d8c-a61e-4017-a9a8-b855888addcd" testListId="8c84fa94-04c1-424b-9868-57a2d4851a1d" />
    <TestEntry testId="4b353644-5212-792c-af64-58f04ca0fd04" executionId="03b15117-d7fb-417f-96f8-38067b5149f9" testListId="8c84fa94-04c1-424b-9868-57a2d4851a1d" />
    <TestEntry testId="cef1171f-a228-a6da-3f60-3c1b0ad68d3e" executionId="985268ef-e04c-4531-a760-404f3c879cb6" testListId="8c84fa94-04c1-424b-9868-57a2d4851a1d" />
    <TestEntry testId="0bb58b84-7fe8-a68d-5052-94211358f25b" executionId="58d36146-4294-4599-911f-98a3b956abd5" testListId="8c84fa94-04c1-424b-9868-57a2d4851a1d" />
    <TestEntry testId="a4bb7ebb-3341-33c6-fe68-005d0cd3e5c1" executionId="68fdec52-ca21-4072-9fc4-f34eea7725e8" testListId="8c84fa94-04c1-424b-9868-57a2d4851a1d" />
    <TestEntry testId="32c40dd6-df25-1543-9f0b-25dfc757a9a7" executionId="701602f3-88bd-4039-bd5d-434f5a8c2963" testListId="8c84fa94-04c1-424b-9868-57a2d4851a1d" />
    <TestEntry testId="b69f6a5b-846f-a24b-ba35-3f32e15e0626" executionId="0ce846df-4124-4a29-b6e9-e5fd9d3a9433" testListId="8c84fa94-04c1-424b-9868-57a2d4851a1d" />
    <TestEntry testId="a4bb0dfd-8c0e-2986-b850-2c6a9b65b1a9" executionId="5ebcc1bf-4ac5-4db6-8519-fe55b7998779" testListId="8c84fa94-04c1-424b-9868-57a2d4851a1d" />
    <TestEntry testId="196088c0-a331-4376-dd88-c5817585c91c" executionId="96f7a9e7-650f-4cb2-8c19-b374ba22c0e4" testListId="8c84fa94-04c1-424b-9868-57a2d4851a1d" />
    <TestEntry testId="2cfce8ba-2536-fdc7-1681-d7d08cb23252" executionId="5af8b647-dbd2-430b-9504-68bfa6eb2d32" testListId="8c84fa94-04c1-424b-9868-57a2d4851a1d" />
    <TestEntry testId="ef1f6bb9-f88c-8d7e-8419-ac49842eb029" executionId="e0924725-8f41-42e3-9864-4e435fc53370" testListId="8c84fa94-04c1-424b-9868-57a2d4851a1d" />
    <TestEntry testId="4afcbcb7-32da-004d-d8cc-094fcfce86af" executionId="c89f4f93-1eba-4d64-90e9-1b95d11f2b5f" testListId="8c84fa94-04c1-424b-9868-57a2d4851a1d" />
    <TestEntry testId="da4cfb27-b1d2-4e52-b811-69a942e964bb" executionId="21e41369-03ee-4a3c-93a3-18c738a9dabd" testListId="8c84fa94-04c1-424b-9868-57a2d4851a1d" />
    <TestEntry testId="4c6acf94-5619-57ac-3e7d-d7566f4a3fa5" executionId="d8462688-42ef-4d2b-af37-1a30c241ccd6" testListId="8c84fa94-04c1-424b-9868-57a2d4851a1d" />
    <TestEntry testId="f7f82cc2-9374-bcbb-ff67-7319928be8e1" executionId="a0b5e027-eba3-4946-a529-a016f53dc1a9" testListId="8c84fa94-04c1-424b-9868-57a2d4851a1d" />
    <TestEntry testId="b16b59c3-a475-5fb2-46bc-182834382c96" executionId="55ed5ace-0207-444e-9a85-6850bcf1a98b" testListId="8c84fa94-04c1-424b-9868-57a2d4851a1d" />
    <TestEntry testId="19dd0155-f988-7d1f-6ecd-21011115cb11" executionId="e8cd51c0-e7bd-4199-a58e-279af39d111e" testListId="8c84fa94-04c1-424b-9868-57a2d4851a1d" />
    <TestEntry testId="7fab88dc-807b-ee65-c9a9-a98323ba650f" executionId="4d1adf44-3c49-45f8-af75-55de91fdc4f7" testListId="8c84fa94-04c1-424b-9868-57a2d4851a1d" />
    <TestEntry testId="0a27912e-947b-4a74-af28-a84e5db43ce5" executionId="ac3b397f-967b-432b-b0e6-9a49f4f804cd" testListId="8c84fa94-04c1-424b-9868-57a2d4851a1d" />
    <TestEntry testId="5a221f29-f02e-488b-51a8-6890a8fc1ff8" executionId="723b2e50-bbc3-4e3d-8542-b68c1c69745b" testListId="8c84fa94-04c1-424b-9868-57a2d4851a1d" />
    <TestEntry testId="a726792a-6b1f-3d09-c7f1-b9ed3475fd5a" executionId="e22e2996-63d5-4f5f-9073-e2be76ac7488" testListId="8c84fa94-04c1-424b-9868-57a2d4851a1d" />
    <TestEntry testId="d27c424f-d022-8fac-928e-92bbd5eb6a04" executionId="61abdb08-d2a0-4b74-b503-ca7de0c11cdf" testListId="8c84fa94-04c1-424b-9868-57a2d4851a1d" />
    <TestEntry testId="a7dc91fd-fa7e-17fa-7fbe-99f2bbda27ae" executionId="93bf2880-8230-413c-86fa-2a396a3a2491" testListId="8c84fa94-04c1-424b-9868-57a2d4851a1d" />
    <TestEntry testId="1bb48eec-4596-f0a2-eec0-36d6e15d1df1" executionId="c523d272-2c46-4505-be64-177023ab4703" testListId="8c84fa94-04c1-424b-9868-57a2d4851a1d" />
    <TestEntry testId="1c4980ad-94e2-c455-09e2-4104510030c6" executionId="0568f165-da6a-43b0-a44c-0846be4b1f21" testListId="8c84fa94-04c1-424b-9868-57a2d4851a1d" />
    <TestEntry testId="223dd5da-cef2-caf3-c0cc-6b1d9901b50a" executionId="6437f225-c572-4212-9e2a-ca68db1a177d" testListId="8c84fa94-04c1-424b-9868-57a2d4851a1d" />
    <TestEntry testId="a67fdcd1-dc2e-e6ba-9448-5a00a35befaf" executionId="8f180429-cf44-4736-97e6-8269d8bfbbc4" testListId="8c84fa94-04c1-424b-9868-57a2d4851a1d" />
    <TestEntry testId="66349916-9739-566f-eab3-6980229d327b" executionId="85f4d098-812f-4fcb-85c0-06be8a0e12b4" testListId="8c84fa94-04c1-424b-9868-57a2d4851a1d" />
    <TestEntry testId="f8e7a393-d93e-6420-7566-666d302306ca" executionId="047c4951-9d79-4e8c-a3e5-2e720c760ca8" testListId="8c84fa94-04c1-424b-9868-57a2d4851a1d" />
    <TestEntry testId="0b5c4696-1672-a4ed-14a5-bb8c13830c11" executionId="b0b25c15-46c9-4988-85de-4a219fbf5538" testListId="8c84fa94-04c1-424b-9868-57a2d4851a1d" />
    <TestEntry testId="90c8790c-6b97-bbb1-9143-ec8f46fe942b" executionId="be0a88a0-2d88-4886-ab32-151c02c9b3bd" testListId="8c84fa94-04c1-424b-9868-57a2d4851a1d" />
    <TestEntry testId="12f4c287-0ee8-7362-a30f-6ffc0f54d320" executionId="1504903e-44a3-4ad1-b2f0-d6b9d0f97b17" testListId="8c84fa94-04c1-424b-9868-57a2d4851a1d" />
    <TestEntry testId="f55aff9d-1db9-c814-68e3-54116ca81f43" executionId="07b27381-6465-491a-8eac-079df6d14d85" testListId="8c84fa94-04c1-424b-9868-57a2d4851a1d" />
    <TestEntry testId="5fc460a0-0c39-e2a2-da4d-fea592330690" executionId="7ed841c2-984c-452d-8086-4090fb1133b5" testListId="8c84fa94-04c1-424b-9868-57a2d4851a1d" />
    <TestEntry testId="0418e71b-64c3-b3e5-520c-fce07ad03944" executionId="b347fb6f-f686-4868-9c13-2ef5c128da89" testListId="8c84fa94-04c1-424b-9868-57a2d4851a1d" />
    <TestEntry testId="af4edee7-7f1d-6c64-7af7-32c6bdf11d68" executionId="04e3f786-8097-4eb7-a4d1-19ba03fa9dde" testListId="8c84fa94-04c1-424b-9868-57a2d4851a1d" />
    <TestEntry testId="ea055de0-5b0b-d086-dd4b-3721cff5690a" executionId="04131393-cf84-4b05-a52d-6194fe5a25b8" testListId="8c84fa94-04c1-424b-9868-57a2d4851a1d" />
    <TestEntry testId="4571500c-6dd2-da26-cb22-be975d3f8935" executionId="b8555e7a-ccc0-4330-bc83-de7703f6e608" testListId="8c84fa94-04c1-424b-9868-57a2d4851a1d" />
    <TestEntry testId="759eef5c-4680-9874-d28d-27caee332641" executionId="14530387-549c-48f4-8a18-b7397f70e3ca" testListId="8c84fa94-04c1-424b-9868-57a2d4851a1d" />
    <TestEntry testId="4eef952d-93a2-a7a1-1742-a9d4f9622f3b" executionId="1ab85ce6-bd2d-4145-9dd1-60bcd97c7835" testListId="8c84fa94-04c1-424b-9868-57a2d4851a1d" />
    <TestEntry testId="2fc78171-cd45-b33a-b1ec-9b46945e9f9a" executionId="041bf591-0b4e-4d72-9f32-5826b3668874" testListId="8c84fa94-04c1-424b-9868-57a2d4851a1d" />
    <TestEntry testId="ddfa5033-befb-966f-629b-66182f032bbb" executionId="98bcf114-c8bb-4c72-b9ae-c15a246ff9f7" testListId="8c84fa94-04c1-424b-9868-57a2d4851a1d" />
    <TestEntry testId="658cee94-e401-bad4-83bc-73672f09be4c" executionId="f38d9dec-f3d2-407b-8c78-49d3de294c64" testListId="8c84fa94-04c1-424b-9868-57a2d4851a1d" />
    <TestEntry testId="9b61e12d-4291-bf01-4665-baa79cbd37aa" executionId="1e8dd9ae-0ac1-4798-ae10-0f76676ffad3" testListId="8c84fa94-04c1-424b-9868-57a2d4851a1d" />
    <TestEntry testId="2f89b6dc-14b1-1da6-aabd-d93c350d0931" executionId="a66c84da-6634-438e-9b4b-359576a8294c" testListId="8c84fa94-04c1-424b-9868-57a2d4851a1d" />
    <TestEntry testId="999cb9dd-8196-8869-c078-3dad647fc8f9" executionId="954343f7-24cf-4c0d-875a-0634262528da" testListId="8c84fa94-04c1-424b-9868-57a2d4851a1d" />
    <TestEntry testId="38a6f4d8-56e1-5b08-ae03-62ebc392283e" executionId="20686690-2b39-44d4-8974-bedf35fe4879" testListId="8c84fa94-04c1-424b-9868-57a2d4851a1d" />
    <TestEntry testId="f2a8f6b1-3ccb-b7ed-f1d6-0a13b64d7c3d" executionId="7c9f4112-778c-4890-9fa3-ac2cc8442b46" testListId="8c84fa94-04c1-424b-9868-57a2d4851a1d" />
    <TestEntry testId="fab82166-5f79-1d4f-d8d1-17c4ceffce4b" executionId="7c99f166-f650-484a-9708-3680cb259185" testListId="8c84fa94-04c1-424b-9868-57a2d4851a1d" />
    <TestEntry testId="7cfc5a3c-5012-1ef3-f964-79d892c805de" executionId="eb887cd2-6934-4c82-be74-524982206dbe" testListId="8c84fa94-04c1-424b-9868-57a2d4851a1d" />
    <TestEntry testId="a59ba809-d2a3-4b5a-e21b-d67b6c7a934a" executionId="c397fcce-42cf-43fc-ab1a-b4dc9d1e2953" testListId="8c84fa94-04c1-424b-9868-57a2d4851a1d" />
    <TestEntry testId="ca62235b-e294-19d8-f31e-c6b39db513b8" executionId="83289a03-59b7-4d1d-9d65-da433b445405" testListId="8c84fa94-04c1-424b-9868-57a2d4851a1d" />
  </TestEntries>
  <TestLists>
    <TestList name="Results Not in a List" id="8c84fa94-04c1-424b-9868-57a2d4851a1d" />
    <TestList name="All Loaded Results" id="19431567-8539-422a-85d7-44ee4e166bda" />
  </TestLists>
  <ResultSummary outcome="Completed">
    <Counters total="511" executed="511" passed="511" failed="0" error="0" timeout="0" aborted="0" inconclusive="0" passedButRunAborted="0" notRunnable="0" notExecuted="0" disconnected="0" warning="0" completed="0" inProgress="0" pending="0" />
    <Output>
      <StdOut>[xUnit.net 00:00:00.00] xUnit.net VSTest Adapter v3.1.5+1b188a7b0a (64-bit .NET 10.0.10)
[xUnit.net 00:00:00.08]   Discovering: FS.GG.Coord.Cli.Tests
[xUnit.net 00:00:00.13]   Discovered:  FS.GG.Coord.Cli.Tests
[xUnit.net 00:00:00.18]   Starting:    FS.GG.Coord.Cli.Tests
fsgg-coord-engine: delivery-route: recording sdd-required ahead of its SDD package (sdd readiness workId does not match 'substituted-2298') — the claimed worker owns producing it before touching Paths.
fsgg-coord-engine: delivery-route: only structured v2 records may be written: revision is required; scope is required; dependencies is required; touchSet is required; policyVersion is required; digest is required
fsgg-coord-engine: delivery-route: recording sdd-required ahead of its SDD package (sdd readiness status is not implementationReady) — the claimed worker owns producing it before touching Paths.
{"kind":"error","exitCode":1,"message":"malformed response reading FS-GG/FS.GG.SDD#42: delivery route is not current: structured route ledger is missing. That is a FAILED READ, not an empty answer \u2014 refusing to decide from it.","rateLimit":null}
fsgg-coord-engine: malformed response reading FS-GG/FS.GG.SDD#42: structured route ledger is missing. That is a FAILED READ, not an empty answer — refusing to decide from it.
{"kind":"error","exitCode":1,"message":"malformed response reading FS-GG/FS.GG.SDD#42: delivery route is not current: structured route ledger is missing. That is a FAILED READ, not an empty answer \u2014 refusing to decide from it.","rateLimit":null}
fsgg-coord-engine: delivery-route: recording sdd-required ahead of its SDD package (sdd spec does not exist: work/no-package-2298/spec.md; sdd readiness evidence does not exist: /tmp/fsgg-2298-403c06d51b784a848bae0f036e668965/readiness/no-package-2298/analysis.json) — the claimed worker owns producing it before touching Paths.
{"kind":"error","exitCode":1,"message":"malformed response reading FS-GG/FS.GG.SDD#42: delivery route is not current: revision is required; scope is required; dependencies is required; touchSet is required; policyVersion is required; route is required; agent is required; timestamp is required; reasonCodes is required; rationale is required; requiredGates is required; digest is required. That is a FAILED READ, not an empty answer \u2014 refusing to decide from it.","rateLimit":null}
considered 1 candidate(s) — this is a measured count, not an assumption.
  .github#398 — the issue is closed (the board column says Done; /check-board reconciles it)
wave occupancy: {"activeItems":0,"waveCapacity":6,"openSlots":6}
fsgg-coord-engine: could not establish .github#42's delivery route (not found: unexpected read for this fixture: repos/FS-GG/.github/issues/42/comments. The server said so — this is an absence, not a failed read.) — NOTHING is subtracted for the sdd-required route's mandatory work/&lt;id&gt; + readiness/&lt;id&gt; output, so it will be reported as drift below.
  Widen the touch-set (scripts/fsgg-coord widen), or split the PR.
  Fix the PR body now — this is unrecoverable once the PR is merged (editing a merged PR's body does not replay the close, .github#2107).
fsgg-coord-engine: could not establish .github#42's delivery route (not found: unexpected read for this fixture: repos/FS-GG/.github/issues/42/comments. The server said so — this is an absence, not a failed read.) — NOTHING is subtracted for the sdd-required route's mandatory work/&lt;id&gt; + readiness/&lt;id&gt; output, so it will be reported as drift below.
  Fix the PR body now — this is unrecoverable once the PR is merged (editing a merged PR's body does not replay the close, .github#2107).
STOLE FS.GG.SDD#42 from worker 'snipe-f893' (--force)
fsgg-coord-engine: post-claim Status readback FAILED for FS.GG.SDD#42: not found: the fixture serves no board WRITE — the lock is what is under test. The server said so — this is an absence, not a failed read.
fsgg-coord-engine: the Status board write for FS.GG.SDD#42 was WITHHELD — the item's open-PR probe could not be completed. The lock IS held; the column is UNCHANGED, because a column derived from a fact this process could not read would be an invention. Re-run `claim FS.GG.SDD#42 --json` once the read recovers, or repair the column with `reconcile --apply`.
STOLE FS.GG.SDD#42 from worker 'snipe-f893' (--force)
fsgg-coord-engine: post-claim Status readback FAILED for FS.GG.SDD#42: not found: the fixture serves no board WRITE — the lock is what is under test. The server said so — this is an absence, not a failed read.
fsgg-coord-engine: the Status board write for FS.GG.SDD#42 was WITHHELD — the item's open-PR probe could not be completed. The lock IS held; the column is UNCHANGED, because a column derived from a fact this process could not read would be an invention. Re-run `claim FS.GG.SDD#42 --json` once the read recovers, or repair the column with `reconcile --apply`.
fsgg-coord-engine: post-claim Status readback FAILED for FS.GG.SDD#42: not found: the fixture serves no board WRITE — the lock is what is under test. The server said so — this is an absence, not a failed read.
fsgg-coord-engine: the Status board write for FS.GG.SDD#42 was WITHHELD — the item's open-PR probe could not be completed. The lock IS held; the column is UNCHANGED, because a column derived from a fact this process could not read would be an invention. Re-run `claim FS.GG.SDD#42 --json` once the read recovers, or repair the column with `reconcile --apply`.
fsgg-coord-engine: FS.GG.SDD#42 carries a live marker with YOUR worker id 'vole-418' but a DIFFERENT session (79b9e347) — two workers share one id (#419). Adopting it would put both of you on this item, which is the double-claim ADR-0027 exists to prevent.
  Mint a fresh, unique id in THIS shell (do NOT invent one):  eval "$(scripts/fsgg-coord whoami --mint)"
fsgg-coord-engine: FS.GG.SDD#42 is already held by snipe-f893 — you did not get it. Wait for the lease to lapse, or work whatever `take` offers instead; `take` advances through its own ranked candidates on a lost race, so no caller re-runs it to retry (.github#2683).
fsgg-coord-engine: landable: evaluated the host review-acceptance assertion (`fsgg:review-decision/v2`) for PR #801.
fsgg-coord-engine: landable: evaluated the host review-acceptance assertion (`fsgg:review-decision/v2`) for PR #801.
fsgg-coord-engine: landable: PR #801 is not landable — PR #801 carries no valid host review-acceptance marker (`fsgg:review-decision/v2`) — the review chain is absent, incomplete, or malformed.
fsgg-coord-engine:   These are assertions you asked for, and an unmet one is `pending`, never `green` — an ABSENT check reads exactly like a passing one to any 'is anything red?' rollup (#606). Usually transient (registration, a superseded suite's replacement, GitHub catching up with a force-push). If it never resolves: the job was RENAMED, its workflow's `paths:` filter no longer matches, or --sha named the wrong commit.
fsgg-coord-engine: landable: PR #801 is ALREADY MERGED — there is nothing to gate, and --wait does not poll it.
fsgg-coord-engine:   This is a TERMINAL verdict, not a retry. If you are recovering an item whose worker died between merge and stamp, the work LANDED — go stamp it: scripts/fsgg-coord done &lt;ref&gt; --flip --pr 801
fsgg-coord-engine: landable: PR #801 is ALREADY MERGED — there is nothing to gate, and --wait does not poll it.
fsgg-coord-engine:   This is a TERMINAL verdict, not a retry. If you are recovering an item whose worker died between merge and stamp, the work LANDED — go stamp it: scripts/fsgg-coord done &lt;ref&gt; --flip --pr 801
fsgg-coord-engine: landable: PR #801 is ALREADY MERGED — there is nothing to gate, and --wait does not poll it.
fsgg-coord-engine:   This is a TERMINAL verdict, not a retry. If you are recovering an item whose worker died between merge and stamp, the work LANDED — go stamp it: scripts/fsgg-coord done &lt;ref&gt; --flip --pr 801
fsgg-coord-engine: landable: evaluated the host review-acceptance assertion (`fsgg:review-decision/v2`) for PR #801.
fsgg-coord-engine: landable: PR #801 is not landable — PR #801's host review-acceptance marker is bound to head `bbbbbbbbbbbbbbbbbbbbbbbbbbbbbbbbbbbbbbbb`, not the current head `aaaaaaaaaaaaaaaaaaaaaaaaaaaaaaaaaaaaaaaa` — a stale-sha marker is treated as ABSENT, never as satisfaction.
fsgg-coord-engine:   These are assertions you asked for, and an unmet one is `pending`, never `green` — an ABSENT check reads exactly like a passing one to any 'is anything red?' rollup (#606). Usually transient (registration, a superseded suite's replacement, GitHub catching up with a force-push). If it never resolves: the job was RENAMED, its workflow's `paths:` filter no longer matches, or --sha named the wrong commit.
fsgg-coord-engine: landable: PR #801 is CLOSED WITHOUT MERGING — nothing landed, so there is nothing to gate.
fsgg-coord-engine:   Terminal, and NOT the merged case: do NOT stamp the item done. The branch was abandoned or the PR rejected, so the item needs re-working or releasing.
[xUnit.net 00:00:02.47]   Finished:    FS.GG.Coord.Cli.Tests
</StdOut>
    </Output>
  </ResultSummary>
</TestRun>