<?xml version="1.0" encoding="utf-8"?>
<TestRun id="0e22217f-37e4-4b3d-89b2-b6f7a3a15f3e" name="@c2756152e150 2026-08-21 21:49:34" xmlns="http://microsoft.com/schemas/VisualStudio/TeamTest/2010">
  <Times creation="2026-08-21T21:49:34.7478719+02:00" queuing="2026-08-21T21:49:34.7478719+02:00" start="2026-08-21T21:49:34.3119140+02:00" finish="2026-08-21T21:49:36.5290977+02:00" />
  <TestSettings name="default" id="e9c01074-4514-458e-89b8-476766145ffd">
    <Deployment runDeploymentRoot="_c2756152e150_2026-08-21_21_49_34" />
  </TestSettings>
  <Results>
    <UnitTestResult executionId="4fa70b5d-d149-43c6-9157-4ef9bf967705" testId="ca62235b-e294-19d8-f31e-c6b39db513b8" testName="FS.GG.Coord.Cli.Tests.SchedulingCostTests.#2300 AC1/AC2: candidates rejected on column, blocker, or human grounds pay at most ONE issue read each, not two" computerName="c2756152e150" duration="00:00:00.0089589" startTime="2026-08-21T21:49:34.9908843+02:00" endTime="2026-08-21T21:49:34.9998395+02:00" testType="13cdc9d9-ddb5-4fa4-a97d-d965ccfc6d4b" outcome="Passed" testListId="8c84fa94-04c1-424b-9868-57a2d4851a1d" relativeResultsDirectory="4fa70b5d-d149-43c6-9157-4ef9bf967705" />
    <UnitTestResult executionId="f7059e53-bee5-4a23-b191-d612675f56f5" testId="dcaf9c23-00dc-05df-8760-8b4e624d63d3" testName="FS.GG.Coord.Cli.Tests.VerifyPathsClosingKeywordTests.#2107 a board-shorthand defect turns an already-RED drift verdict red for the same reason, not silently" computerName="c2756152e150" duration="00:00:00.0913357" startTime="2026-08-21T21:49:35.3757117+02:00" endTime="2026-08-21T21:49:35.4670832+02:00" testType="13cdc9d9-ddb5-4fa4-a97d-d965ccfc6d4b" outcome="Passed" testListId="8c84fa94-04c1-424b-9868-57a2d4851a1d" relativeResultsDirectory="f7059e53-bee5-4a23-b191-d612675f56f5" />
    <UnitTestResult executionId="72073de3-793a-4cae-ae4c-211600307eb7" testId="5e6d1ecd-149b-0159-858f-a551f3552524" testName="FS.GG.Coord.Cli.Tests.OpLockDispatchVerbTests.op-lock acquire takes the grant and prints the broker's whole input tuple" computerName="c2756152e150" duration="00:00:00.0011450" startTime="2026-08-21T21:49:36.4294599+02:00" endTime="2026-08-21T21:49:36.4305820+02:00" testType="13cdc9d9-ddb5-4fa4-a97d-d965ccfc6d4b" outcome="Passed" testListId="8c84fa94-04c1-424b-9868-57a2d4851a1d" relativeResultsDirectory="72073de3-793a-4cae-ae4c-211600307eb7" />
    <UnitTestResult executionId="e36fc743-7fdf-4364-ab39-bbae6b5bf690" testId="dfbf359d-fab7-6218-923b-35db0c33b9fa" testName="FS.GG.Coord.Cli.Tests.ClaimOverlapTests.#2801 board orchestrator promotes an idempotent external block ahead of ordinary work" computerName="c2756152e150" duration="00:00:00.0010048" startTime="2026-08-21T21:49:35.1814519+02:00" endTime="2026-08-21T21:49:35.1824182+02:00" testType="13cdc9d9-ddb5-4fa4-a97d-d965ccfc6d4b" outcome="Passed" testListId="8c84fa94-04c1-424b-9868-57a2d4851a1d" relativeResultsDirectory="e36fc743-7fdf-4364-ab39-bbae6b5bf690" />
    <UnitTestResult executionId="dc84e913-c03c-4d9c-b7bf-0215db97ca48" testId="228ed8ff-7a02-edcd-4b41-58986623f5fa" testName="FS.GG.Coord.Cli.Tests.DeliveryApplicationTests.#2544 a real obligation and its receipt parse when both bodies open with a newline" computerName="c2756152e150" duration="00:00:00.0041791" startTime="2026-08-21T21:49:34.8263007+02:00" endTime="2026-08-21T21:49:34.8279165+02:00" testType="13cdc9d9-ddb5-4fa4-a97d-d965ccfc6d4b" outcome="Passed" testListId="8c84fa94-04c1-424b-9868-57a2d4851a1d" relativeResultsDirectory="dc84e913-c03c-4d9c-b7bf-0215db97ca48" />
    <UnitTestResult executionId="01e40442-d924-4cec-a62d-4b543202ab9c" testId="b61ba17e-7282-edc2-a317-74880f6a3a63" testName="FS.GG.Coord.Cli.Tests.DeliveryApplicationTests.#2360 guarded landing emits the exact head and base receipt used by the conditional write" computerName="c2756152e150" duration="00:00:00.0004204" startTime="2026-08-21T21:49:34.8648815+02:00" endTime="2026-08-21T21:49:34.8652786+02:00" testType="13cdc9d9-ddb5-4fa4-a97d-d965ccfc6d4b" outcome="Passed" testListId="8c84fa94-04c1-424b-9868-57a2d4851a1d" relativeResultsDirectory="01e40442-d924-4cec-a62d-4b543202ab9c" />
    <UnitTestResult executionId="60589952-9cf8-4fc6-b134-d850f0be1fd2" testId="b524ec22-3fc6-dbce-3fa6-daaf65a17b41" testName="FS.GG.Coord.Cli.Tests.ClassLintTests.AC1 add refuses exactly the bodies lint calls invalid, with the same words" computerName="c2756152e150" duration="00:00:00.0001533" startTime="2026-08-21T21:49:36.4024732+02:00" endTime="2026-08-21T21:49:36.4025689+02:00" testType="13cdc9d9-ddb5-4fa4-a97d-d965ccfc6d4b" outcome="Passed" testListId="8c84fa94-04c1-424b-9868-57a2d4851a1d" relativeResultsDirectory="60589952-9cf8-4fc6-b134-d850f0be1fd2" />
    <UnitTestResult executionId="3eff36db-0326-45f6-835a-4d0d8c7b9829" testId="bb25de02-076d-bb47-425f-0c4f8fdb44c7" testName="FS.GG.Coord.Cli.Tests.DeliveryApplicationTests.#2233 declaredPaths as {undeclared: true} refuses with the never-declared reason" computerName="c2756152e150" duration="00:00:00.0046327" startTime="2026-08-21T21:49:34.8325452+02:00" endTime="2026-08-21T21:49:34.8371788+02:00" testType="13cdc9d9-ddb5-4fa4-a97d-d965ccfc6d4b" outcome="Passed" testListId="8c84fa94-04c1-424b-9868-57a2d4851a1d" relativeResultsDirectory="3eff36db-0326-45f6-835a-4d0d8c7b9829" />
    <UnitTestResult executionId="27864e70-e366-4fcd-9d4e-c54acf100ad6" testId="89f0a2c1-7fdc-97c1-181c-acfea4e9b1f8" testName="FS.GG.Coord.Cli.Tests.RepoScopeTests.the embedded lock number is pinned" computerName="c2756152e150" duration="00:00:00.0000718" startTime="2026-08-21T21:49:35.0607534+02:00" endTime="2026-08-21T21:49:35.0607606+02:00" testType="13cdc9d9-ddb5-4fa4-a97d-d965ccfc6d4b" outcome="Passed" testListId="8c84fa94-04c1-424b-9868-57a2d4851a1d" relativeResultsDirectory="27864e70-e366-4fcd-9d4e-c54acf100ad6" />
    <UnitTestResult executionId="207f1d21-11c1-42bd-8209-4bc318db8c70" testId="44730f8b-e5c4-bc51-0b12-7754d7e1b2ed" testName="FS.GG.Coord.Cli.Tests.ConsolidationLintTests.four mutually-similar rows with NO common token are never proposed as one group" computerName="c2756152e150" duration="00:00:00.0039106" startTime="2026-08-21T21:49:36.3533734+02:00" endTime="2026-08-21T21:49:36.3572399+02:00" testType="13cdc9d9-ddb5-4fa4-a97d-d965ccfc6d4b" outcome="Passed" testListId="8c84fa94-04c1-424b-9868-57a2d4851a1d" relativeResultsDirectory="207f1d21-11c1-42bd-8209-4bc318db8c70" />
    <UnitTestResult executionId="67aa3539-e2ef-4e12-af46-43a1da4dd3a7" testId="e5caa903-986c-3d4d-96fe-a225853da90c" testName="FS.GG.Coord.Cli.Tests.EpicVerdictTests.EPIC-ROLLUP-READY must NOT fire on a truncated graph whose visible children are all closed" computerName="c2756152e150" duration="00:00:00.0000780" startTime="2026-08-21T21:49:36.4477192+02:00" endTime="2026-08-21T21:49:36.4477704+02:00" testType="13cdc9d9-ddb5-4fa4-a97d-d965ccfc6d4b" outcome="Passed" testListId="8c84fa94-04c1-424b-9868-57a2d4851a1d" relativeResultsDirectory="67aa3539-e2ef-4e12-af46-43a1da4dd3a7" />
    <UnitTestResult executionId="10ecb6d3-4890-4a4f-834e-a79fbcaa1599" testId="21612c7b-5057-1986-2055-ce808879f29b" testName="FS.GG.Coord.Cli.Tests.RepoScopeTests.every git remote form yields owner/repo(url: &quot;https://github.com/FS-GG/.github&quot;, expected: &quot;FS-GG/.github&quot;)" computerName="c2756152e150" duration="00:00:00.0000006" startTime="2026-08-21T21:49:35.0591200+02:00" endTime="2026-08-21T21:49:35.0591270+02:00" testType="13cdc9d9-ddb5-4fa4-a97d-d965ccfc6d4b" outcome="Passed" testListId="8c84fa94-04c1-424b-9868-57a2d4851a1d" relativeResultsDirectory="10ecb6d3-4890-4a4f-834e-a79fbcaa1599" />
    <UnitTestResult executionId="518c867e-9cd5-4dd5-abc2-0686c8c3d594" testId="0ce51e8f-1efc-4736-0379-fb5ba58d7080" testName="FS.GG.Coord.Cli.Tests.VerifyPathsSddPackageTests.#2324 AC-002 a genuinely undeclared file still drifts beside the exempted package" computerName="c2756152e150" duration="00:00:00.0794836" startTime="2026-08-21T21:49:35.8944830+02:00" endTime="2026-08-21T21:49:35.9739246+02:00" testType="13cdc9d9-ddb5-4fa4-a97d-d965ccfc6d4b" outcome="Passed" testListId="8c84fa94-04c1-424b-9868-57a2d4851a1d" relativeResultsDirectory="518c867e-9cd5-4dd5-abc2-0686c8c3d594" />
    <UnitTestResult executionId="5f18cf85-b7ff-4c09-933e-5d37f5e070b3" testId="02c4b006-3c03-e017-7675-c03f282c16d7" testName="FS.GG.Coord.Cli.Tests.ClassLintTests.a FENCED Class line declares nothing, so it is ABSENT and not invalid" computerName="c2756152e150" duration="00:00:00.0000618" startTime="2026-08-21T21:49:36.4037360+02:00" endTime="2026-08-21T21:49:36.4037588+02:00" testType="13cdc9d9-ddb5-4fa4-a97d-d965ccfc6d4b" outcome="Passed" testListId="8c84fa94-04c1-424b-9868-57a2d4851a1d" relativeResultsDirectory="5f18cf85-b7ff-4c09-933e-5d37f5e070b3" />
    <UnitTestResult executionId="ca69c2eb-e902-434d-9b60-681fd536cf77" testId="b07d3d1f-0536-09b1-ebe0-f89adbaa03f8" testName="FS.GG.Coord.Cli.Tests.SnapshotTests.a missing 'state' is an ERROR — it is not &quot;probably open&quot;" computerName="c2756152e150" duration="00:00:00.0000835" startTime="2026-08-21T21:49:36.3678289+02:00" endTime="2026-08-21T21:49:36.3678769+02:00" testType="13cdc9d9-ddb5-4fa4-a97d-d965ccfc6d4b" outcome="Passed" testListId="8c84fa94-04c1-424b-9868-57a2d4851a1d" relativeResultsDirectory="ca69c2eb-e902-434d-9b60-681fd536cf77" />
    <UnitTestResult executionId="608a51fc-7664-4458-b1ab-3580eae3f94b" testId="33fa0a3d-8560-d7d7-46ee-1fe97f4676f4" testName="FS.GG.Coord.Cli.Tests.VerifyPathsClosingKeywordTests.#2107 a board-shorthand closing keyword fails verify-paths even when the touch-set is clean" computerName="c2756152e150" duration="00:00:00.0022575" startTime="2026-08-21T21:49:35.6980396+02:00" endTime="2026-08-21T21:49:35.7002941+02:00" testType="13cdc9d9-ddb5-4fa4-a97d-d965ccfc6d4b" outcome="Passed" testListId="8c84fa94-04c1-424b-9868-57a2d4851a1d" relativeResultsDirectory="608a51fc-7664-4458-b1ab-3580eae3f94b" />
    <UnitTestResult executionId="f7564b91-dc75-49fb-bf60-583d35b03654" testId="6a3bb3b9-6699-292d-bd87-85faed3ca294" testName="FS.GG.Coord.Cli.Tests.ClaimOverlapTests.#2801 request written under a stale A generation fails closed" computerName="c2756152e150" duration="00:00:00.0004462" startTime="2026-08-21T21:49:35.1533919+02:00" endTime="2026-08-21T21:49:35.1535779+02:00" testType="13cdc9d9-ddb5-4fa4-a97d-d965ccfc6d4b" outcome="Passed" testListId="8c84fa94-04c1-424b-9868-57a2d4851a1d" relativeResultsDirectory="f7564b91-dc75-49fb-bf60-583d35b03654" />
    <UnitTestResult executionId="783b1941-d454-4ed7-b54f-cb80ca2d6057" testId="f3a7d3f9-17ab-d4b9-64ec-53c2414195c9" testName="FS.GG.Coord.Cli.Tests.SnapshotTests.limit 0 means UNLIMITED, not a cap of zero" computerName="c2756152e150" duration="00:00:00.0000560" startTime="2026-08-21T21:49:36.3636670+02:00" endTime="2026-08-21T21:49:36.3636805+02:00" testType="13cdc9d9-ddb5-4fa4-a97d-d965ccfc6d4b" outcome="Passed" testListId="8c84fa94-04c1-424b-9868-57a2d4851a1d" relativeResultsDirectory="783b1941-d454-4ed7-b54f-cb80ca2d6057" />
    <UnitTestResult executionId="9413d7e1-9aa2-40dc-a137-f2d87a2f5189" testId="b8d05fce-9ae2-65be-544f-05b705a68328" testName="FS.GG.Coord.Cli.Tests.DriverEventsCliTests.readEventsCursor: a cursor file with an unrecognized state encoding is REFUSED, not silently dropped" computerName="c2756152e150" duration="00:00:00.0002209" startTime="2026-08-21T21:49:34.7570203+02:00" endTime="2026-08-21T21:49:34.7572077+02:00" testType="13cdc9d9-ddb5-4fa4-a97d-d965ccfc6d4b" outcome="Passed" testListId="8c84fa94-04c1-424b-9868-57a2d4851a1d" relativeResultsDirectory="9413d7e1-9aa2-40dc-a137-f2d87a2f5189" />
    <UnitTestResult executionId="a99537c2-c47e-460c-9ed5-6669bc1cdefb" testId="995e8f00-a1e2-dc54-9aa5-8d295424e8f7" testName="FS.GG.Coord.Cli.Tests.ClaimOverlapTests.#2801 precedence refuses missing same-revision stale-chain participant digest and unmeasured reversal inversions" computerName="c2756152e150" duration="00:00:00.0004499" startTime="2026-08-21T21:49:35.1879777+02:00" endTime="2026-08-21T21:49:35.1884005+02:00" testType="13cdc9d9-ddb5-4fa4-a97d-d965ccfc6d4b" outcome="Passed" testListId="8c84fa94-04c1-424b-9868-57a2d4851a1d" relativeResultsDirectory="a99537c2-c47e-460c-9ed5-6669bc1cdefb" />
    <UnitTestResult executionId="350731b1-03e0-4780-816b-17fc6e156b5c" testId="b69f6a5b-846f-a24b-ba35-3f32e15e0626" testName="FS.GG.Coord.Cli.Tests.SchedulingCostTests.#2300 repair 1: a human-held candidate never pays a delivery-route read, however stale its receipt would be" computerName="c2756152e150" duration="00:00:00.0009539" startTime="2026-08-21T21:49:34.9999175+02:00" endTime="2026-08-21T21:49:35.0008292+02:00" testType="13cdc9d9-ddb5-4fa4-a97d-d965ccfc6d4b" outcome="Passed" testListId="8c84fa94-04c1-424b-9868-57a2d4851a1d" relativeResultsDirectory="350731b1-03e0-4780-816b-17fc6e156b5c" />
    <UnitTestResult executionId="33c3422c-44ae-446e-8625-54671aa72601" testId="c4d7ba0d-c824-9230-c57d-beb163bcf1db" testName="FS.GG.Coord.Cli.Tests.DeliveryApplicationTests.#2395 a marker bound to a superseded head is rebound to the current one, not left stale" computerName="c2756152e150" duration="00:00:00.0001034" startTime="2026-08-21T21:49:34.8236685+02:00" endTime="2026-08-21T21:49:34.8237096+02:00" testType="13cdc9d9-ddb5-4fa4-a97d-d965ccfc6d4b" outcome="Passed" testListId="8c84fa94-04c1-424b-9868-57a2d4851a1d" relativeResultsDirectory="33c3422c-44ae-446e-8625-54671aa72601" />
    <UnitTestResult executionId="39c91b97-a3a6-4585-86d1-48c06c02197e" testId="802574c6-e935-bc27-8a28-aaf5e36a46cb" testName="FS.GG.Coord.Cli.Tests.EpicVerdictTests.a CLOSED epic fires none of the open-only rules" computerName="c2756152e150" duration="00:00:00.0000933" startTime="2026-08-21T21:49:36.4479273+02:00" endTime="2026-08-21T21:49:36.4479387+02:00" testType="13cdc9d9-ddb5-4fa4-a97d-d965ccfc6d4b" outcome="Passed" testListId="8c84fa94-04c1-424b-9868-57a2d4851a1d" relativeResultsDirectory="39c91b97-a3a6-4585-86d1-48c06c02197e" />
    <UnitTestResult executionId="09508527-e7e4-4b47-9ad9-27314848ea2f" testId="f060b2a0-13b8-94fe-c3bb-dc79501b0769" testName="FS.GG.Coord.Cli.Tests.ForceStealTests.#1620 the usage block advertises --force as a STEAL, not merely as a flag" computerName="c2756152e150" duration="00:00:00.0004812" startTime="2026-08-21T21:49:36.2935582+02:00" endTime="2026-08-21T21:49:36.2940277+02:00" testType="13cdc9d9-ddb5-4fa4-a97d-d965ccfc6d4b" outcome="Passed" testListId="8c84fa94-04c1-424b-9868-57a2d4851a1d" relativeResultsDirectory="09508527-e7e4-4b47-9ad9-27314848ea2f" />
    <UnitTestResult executionId="09533ae5-4ca3-49da-9004-0cb938319e91" testId="78d91af6-acd1-e794-18c8-817df7dfb6a3" testName="FS.GG.Coord.Cli.Tests.FollowupsTests.reconciliation removes only durably selected refs and preserves a concurrent obligation" computerName="c2756152e150" duration="00:00:00.0009337" startTime="2026-08-21T21:49:35.3084587+02:00" endTime="2026-08-21T21:49:35.3093671+02:00" testType="13cdc9d9-ddb5-4fa4-a97d-d965ccfc6d4b" outcome="Passed" testListId="8c84fa94-04c1-424b-9868-57a2d4851a1d" relativeResultsDirectory="09533ae5-4ca3-49da-9004-0cb938319e91" />
    <UnitTestResult executionId="2e736019-b32a-4c76-aa91-34b468ff9a9e" testId="ea52c491-adc2-0264-8db5-97b83ba899c9" testName="FS.GG.Coord.Cli.Tests.ChoresTests.#1679: a column that genuinely lags is STILL offered through the fresh read — the fix is freshness, not removal" computerName="c2756152e150" duration="00:00:00.0009644" startTime="2026-08-21T21:49:35.2025048+02:00" endTime="2026-08-21T21:49:35.2034434+02:00" testType="13cdc9d9-ddb5-4fa4-a97d-d965ccfc6d4b" outcome="Passed" testListId="8c84fa94-04c1-424b-9868-57a2d4851a1d" relativeResultsDirectory="2e736019-b32a-4c76-aa91-34b468ff9a9e" />
    <UnitTestResult executionId="822f8970-f787-43c5-ac7c-e7a24f999726" testId="57407036-6327-4a58-afb5-a182666b01e5" testName="FS.GG.Coord.Cli.Tests.RepoScopeTests.a remote that does not name exactly one owner/repo is refused(url: &quot;https://github.com/FS-GG/group/repo&quot;)" computerName="c2756152e150" duration="00:00:00.0000007" startTime="2026-08-21T21:49:35.0576101+02:00" endTime="2026-08-21T21:49:35.0576172+02:00" testType="13cdc9d9-ddb5-4fa4-a97d-d965ccfc6d4b" outcome="Passed" testListId="8c84fa94-04c1-424b-9868-57a2d4851a1d" relativeResultsDirectory="822f8970-f787-43c5-ac7c-e7a24f999726" />
    <UnitTestResult executionId="93431dfa-f20c-43bd-9c30-35d4caded7cf" testId="a4a243a7-3f3f-505c-7c9e-bd985aeff48a" testName="FS.GG.Coord.Cli.Tests.DriverEventsCliTests.readEventsCursor: a directory at the cursor path never reaches writeEventsCursorAtomic, so no temp file is left behind (repair round 2)" computerName="c2756152e150" duration="00:00:00.0146234" startTime="2026-08-21T21:49:34.6645989+02:00" endTime="2026-08-21T21:49:34.6826844+02:00" testType="13cdc9d9-ddb5-4fa4-a97d-d965ccfc6d4b" outcome="Passed" testListId="8c84fa94-04c1-424b-9868-57a2d4851a1d" relativeResultsDirectory="93431dfa-f20c-43bd-9c30-35d4caded7cf" />
    <UnitTestResult executionId="f9b6cf1b-eac8-4e4e-a473-1c118225b317" testId="7503197b-0dce-79bb-23e8-6e5f9958fc50" testName="FS.GG.Coord.Cli.Tests.EpicVerdictTests.EPIC-UNDELEGATED-ACCEPTANCE fires on an acceptance line naming no child" computerName="c2756152e150" duration="00:00:00.0001392" startTime="2026-08-21T21:49:36.4483176+02:00" endTime="2026-08-21T21:49:36.4483249+02:00" testType="13cdc9d9-ddb5-4fa4-a97d-d965ccfc6d4b" outcome="Passed" testListId="8c84fa94-04c1-424b-9868-57a2d4851a1d" relativeResultsDirectory="f9b6cf1b-eac8-4e4e-a473-1c118225b317" />
    <UnitTestResult executionId="7f585e76-9d11-4e28-9f0d-986faad7535b" testId="6259f4d9-b9a1-7ffa-e904-6800f883bda8" testName="FS.GG.Coord.Cli.Tests.RepoScopeTests.every documented --repo spelling resolves to the board's repo name(raw: &quot;templates&quot;, expected: &quot;FS.GG.Templates&quot;)" computerName="c2756152e150" duration="00:00:00.0000004" startTime="2026-08-21T21:49:35.0596662+02:00" endTime="2026-08-21T21:49:35.0596732+02:00" testType="13cdc9d9-ddb5-4fa4-a97d-d965ccfc6d4b" outcome="Passed" testListId="8c84fa94-04c1-424b-9868-57a2d4851a1d" relativeResultsDirectory="7f585e76-9d11-4e28-9f0d-986faad7535b" />
    <UnitTestResult executionId="b1af5336-2ba9-4523-a8da-ca7c372c4874" testId="22b868f6-566d-0b63-5661-8c394659f823" testName="FS.GG.Coord.Cli.Tests.RepoScopeTests.every documented --repo spelling resolves to the board's repo name(raw: &quot;.github&quot;, expected: &quot;.github&quot;)" computerName="c2756152e150" duration="00:00:00.0000004" startTime="2026-08-21T21:49:35.0597969+02:00" endTime="2026-08-21T21:49:35.0598039+02:00" testType="13cdc9d9-ddb5-4fa4-a97d-d965ccfc6d4b" outcome="Passed" testListId="8c84fa94-04c1-424b-9868-57a2d4851a1d" relativeResultsDirectory="b1af5336-2ba9-4523-a8da-ca7c372c4874" />
    <UnitTestResult executionId="ec71a59c-853f-437f-ac96-27a5553c665a" testId="b0f517de-e2bf-2741-88e8-3609b7ae915e" testName="FS.GG.Coord.Cli.Tests.FollowupsTests.an unknown or missing subcommand is NAMED and refused(verb: &quot;&quot;)" computerName="c2756152e150" duration="00:00:00.0002317" startTime="2026-08-21T21:49:35.2929774+02:00" endTime="2026-08-21T21:49:35.2931834+02:00" testType="13cdc9d9-ddb5-4fa4-a97d-d965ccfc6d4b" outcome="Passed" testListId="8c84fa94-04c1-424b-9868-57a2d4851a1d" relativeResultsDirectory="ec71a59c-853f-437f-ac96-27a5553c665a" />
    <UnitTestResult executionId="8c983147-2796-4acc-95a8-72abda58e653" testId="2293b0ef-a9be-96c0-6112-d9b6b7593698" testName="FS.GG.Coord.Cli.Tests.FollowupsTests.the subcommands parse" computerName="c2756152e150" duration="00:00:00.0002785" startTime="2026-08-21T21:49:35.3056970+02:00" endTime="2026-08-21T21:49:35.3059165+02:00" testType="13cdc9d9-ddb5-4fa4-a97d-d965ccfc6d4b" outcome="Passed" testListId="8c84fa94-04c1-424b-9868-57a2d4851a1d" relativeResultsDirectory="8c983147-2796-4acc-95a8-72abda58e653" />
    <UnitTestResult executionId="4cfd4528-748d-4a45-87ed-396078c07dc2" testId="cef1171f-a228-a6da-3f60-3c1b0ad68d3e" testName="FS.GG.Coord.Cli.Tests.ClassLintTests.VALID - each of the three legal values classes the row and produces NO finding" computerName="c2756152e150" duration="00:00:00.0005746" startTime="2026-08-21T21:49:36.4019017+02:00" endTime="2026-08-21T21:49:36.4022082+02:00" testType="13cdc9d9-ddb5-4fa4-a97d-d965ccfc6d4b" outcome="Passed" testListId="8c84fa94-04c1-424b-9868-57a2d4851a1d" relativeResultsDirectory="4cfd4528-748d-4a45-87ed-396078c07dc2" />
    <UnitTestResult executionId="193154c2-af2c-4e78-aeb8-de1f64e1befc" testId="004e4651-3da9-c403-4096-b754924b660f" testName="FS.GG.Coord.Cli.Tests.WhoLivenessTests..github#2225 a CLOSED item with NO marker is still silent - the repair widens the read, not the verdict" computerName="c2756152e150" duration="00:00:00.0005274" startTime="2026-08-21T21:49:36.3834561+02:00" endTime="2026-08-21T21:49:36.3838967+02:00" testType="13cdc9d9-ddb5-4fa4-a97d-d965ccfc6d4b" outcome="Passed" testListId="8c84fa94-04c1-424b-9868-57a2d4851a1d" relativeResultsDirectory="193154c2-af2c-4e78-aeb8-de1f64e1befc" />
    <UnitTestResult executionId="8d027be6-0157-4fef-80d1-65e278d5fa0a" testId="ff4fbdfa-aa34-c191-91e2-ee733feeb0ac" testName="FS.GG.Coord.Cli.Tests.PacketCliTests.#2737 a valid packet exits green with an fsgg.coord.packet-result/v1 document" computerName="c2756152e150" duration="00:00:00.0044165" startTime="2026-08-21T21:49:34.8931721+02:00" endTime="2026-08-21T21:49:34.8975692+02:00" testType="13cdc9d9-ddb5-4fa4-a97d-d965ccfc6d4b" outcome="Passed" testListId="8c84fa94-04c1-424b-9868-57a2d4851a1d" relativeResultsDirectory="8d027be6-0157-4fef-80d1-65e278d5fa0a" />
    <UnitTestResult executionId="f25d62ce-b79f-4e39-a0a3-fcb9ee794e4f" testId="696a62fe-9b0e-1d99-0d6f-ffdb2213b98d" testName="FS.GG.Coord.Cli.Tests.DeliveryApplicationTests.#2544 round 1: the diagnostic does not tell a documentation author to make their sample declare" computerName="c2756152e150" duration="00:00:00.0001250" startTime="2026-08-21T21:49:34.8625063+02:00" endTime="2026-08-21T21:49:34.8626067+02:00" testType="13cdc9d9-ddb5-4fa4-a97d-d965ccfc6d4b" outcome="Passed" testListId="8c84fa94-04c1-424b-9868-57a2d4851a1d" relativeResultsDirectory="f25d62ce-b79f-4e39-a0a3-fcb9ee794e4f" />
    <UnitTestResult executionId="6d2e6e49-d1d3-49d0-af46-d24671ae68c1" testId="37754e4a-cf4f-dccc-3a72-f10692c9c8c1" testName="FS.GG.Coord.Cli.Tests.LandableNotOpenTests.#2360 reopened AC1 plain landable REFUSES an absent review record by default" computerName="c2756152e150" duration="00:00:00.0006478" startTime="2026-08-21T21:49:36.3316032+02:00" endTime="2026-08-21T21:49:36.3322213+02:00" testType="13cdc9d9-ddb5-4fa4-a97d-d965ccfc6d4b" outcome="Passed" testListId="8c84fa94-04c1-424b-9868-57a2d4851a1d" relativeResultsDirectory="6d2e6e49-d1d3-49d0-af46-d24671ae68c1" />
    <UnitTestResult executionId="dd0df358-a86a-4008-a00f-7b0fa06aa3ab" testId="2fc78171-cd45-b33a-b1ec-9b46945e9f9a" testName="FS.GG.Coord.Cli.Tests.RepoScopeTests.--repo is resolved for every repo-taking verb, not a list of them(verb: &quot;reap&quot;)" computerName="c2756152e150" duration="00:00:00.0000075" startTime="2026-08-21T21:49:35.0577828+02:00" endTime="2026-08-21T21:49:35.0577906+02:00" testType="13cdc9d9-ddb5-4fa4-a97d-d965ccfc6d4b" outcome="Passed" testListId="8c84fa94-04c1-424b-9868-57a2d4851a1d" relativeResultsDirectory="dd0df358-a86a-4008-a00f-7b0fa06aa3ab" />
    <UnitTestResult executionId="b2e3e11c-3be3-4e74-9c37-651ee54933bd" testId="41b4add0-e52f-2762-9ae5-d8a5a08c1b56" testName="FS.GG.Coord.Cli.Tests.ExitContractTests.landable's contract is actually stated" computerName="c2756152e150" duration="00:00:00.0000110" startTime="2026-08-21T21:49:35.7332880+02:00" endTime="2026-08-21T21:49:35.7332946+02:00" testType="13cdc9d9-ddb5-4fa4-a97d-d965ccfc6d4b" outcome="Passed" testListId="8c84fa94-04c1-424b-9868-57a2d4851a1d" relativeResultsDirectory="b2e3e11c-3be3-4e74-9c37-651ee54933bd" />
    <UnitTestResult executionId="06614912-e857-465a-a89c-d7990e39a291" testId="c49e850b-1aa9-fcb7-b011-df265c7a9b3c" testName="FS.GG.Coord.Cli.Tests.DeliveryApplicationTests.#2544 round 1: three spaces still declares, because three spaces render invisibly" computerName="c2756152e150" duration="00:00:00.0000796" startTime="2026-08-21T21:49:34.8661996+02:00" endTime="2026-08-21T21:49:34.8662246+02:00" testType="13cdc9d9-ddb5-4fa4-a97d-d965ccfc6d4b" outcome="Passed" testListId="8c84fa94-04c1-424b-9868-57a2d4851a1d" relativeResultsDirectory="06614912-e857-465a-a89c-d7990e39a291" />
    <UnitTestResult executionId="49c389dc-bbf9-45fc-a20b-1324a243d010" testId="2d69d799-2d83-73dd-0ef4-68407fba2fa9" testName="FS.GG.Coord.Cli.Tests.DeliveryApplicationTests.#2395 an operation key that cannot be composed refuses before it spends any IO" computerName="c2756152e150" duration="00:00:00.0066551" startTime="2026-08-21T21:49:34.8375007+02:00" endTime="2026-08-21T21:49:34.8438648+02:00" testType="13cdc9d9-ddb5-4fa4-a97d-d965ccfc6d4b" outcome="Passed" testListId="8c84fa94-04c1-424b-9868-57a2d4851a1d" relativeResultsDirectory="49c389dc-bbf9-45fc-a20b-1324a243d010" />
    <UnitTestResult executionId="fdf31a31-fb4e-4472-b904-e28721a43a93" testId="79bbae1f-4275-ce26-4387-af11068cf02a" testName="FS.GG.Coord.Cli.Tests.RepoScopeTests.every documented --repo spelling resolves to the board's repo name(raw: &quot;game&quot;, expected: &quot;FS.GG.Game&quot;)" computerName="c2756152e150" duration="00:00:00.0000004" startTime="2026-08-21T21:49:35.0598343+02:00" endTime="2026-08-21T21:49:35.0598411+02:00" testType="13cdc9d9-ddb5-4fa4-a97d-d965ccfc6d4b" outcome="Passed" testListId="8c84fa94-04c1-424b-9868-57a2d4851a1d" relativeResultsDirectory="fdf31a31-fb4e-4472-b904-e28721a43a93" />
    <UnitTestResult executionId="c2babfef-0f9e-49ac-a06f-edc9d4a5fb51" testId="66d44c63-3c40-643b-5a66-d687276b0269" testName="FS.GG.Coord.Cli.Tests.ExitContractTests.take's contract is actually stated" computerName="c2756152e150" duration="00:00:00.0001178" startTime="2026-08-21T21:49:35.7319201+02:00" endTime="2026-08-21T21:49:35.7320082+02:00" testType="13cdc9d9-ddb5-4fa4-a97d-d965ccfc6d4b" outcome="Passed" testListId="8c84fa94-04c1-424b-9868-57a2d4851a1d" relativeResultsDirectory="c2babfef-0f9e-49ac-a06f-edc9d4a5fb51" />
    <UnitTestResult executionId="38f40987-d671-4cfb-945e-e314e2298b82" testId="d75b285f-4cf6-0a7a-8d68-5246f2f041b8" testName="FS.GG.Coord.Cli.Tests.ClaimOverlapTests.#2801 compiled arbitration route records precedence and narrows loser while its claim remains held" computerName="c2756152e150" duration="00:00:00.0135398" startTime="2026-08-21T21:49:35.1536465+02:00" endTime="2026-08-21T21:49:35.1671906+02:00" testType="13cdc9d9-ddb5-4fa4-a97d-d965ccfc6d4b" outcome="Passed" testListId="8c84fa94-04c1-424b-9868-57a2d4851a1d" relativeResultsDirectory="38f40987-d671-4cfb-945e-e314e2298b82" />
    <UnitTestResult executionId="1b44afdf-6af7-48e3-adcc-ccc57ff97c68" testId="88b0b7ef-6c93-d1fc-1f0b-1c3e2fe65e42" testName="FS.GG.Coord.Cli.Tests.ScanRoundTripTests.the touch-set survives the round trip, parsed by the ENGINE's own grammar" computerName="c2756152e150" duration="00:00:00.0004491" startTime="2026-08-21T21:49:35.3492991+02:00" endTime="2026-08-21T21:49:35.3497258+02:00" testType="13cdc9d9-ddb5-4fa4-a97d-d965ccfc6d4b" outcome="Passed" testListId="8c84fa94-04c1-424b-9868-57a2d4851a1d" relativeResultsDirectory="1b44afdf-6af7-48e3-adcc-ccc57ff97c68" />
    <UnitTestResult executionId="5ac3db9b-a9a0-4d3d-a0e2-18e869904fe6" testId="c5b00304-7a7e-ea60-0805-6f74beed8c75" testName="FS.GG.Coord.Cli.Tests.DriverEventsCliTests.readEventsCursor: a DIRECTORY at the cursor path is a REFUSED read, never a silent empty cursor (repair round 2)" computerName="c2756152e150" duration="00:00:00.0001982" startTime="2026-08-21T21:49:34.7566754+02:00" endTime="2026-08-21T21:49:34.7568395+02:00" testType="13cdc9d9-ddb5-4fa4-a97d-d965ccfc6d4b" outcome="Passed" testListId="8c84fa94-04c1-424b-9868-57a2d4851a1d" relativeResultsDirectory="5ac3db9b-a9a0-4d3d-a0e2-18e869904fe6" />
    <UnitTestResult executionId="19467cdb-ce37-4ed3-90ce-14a1b5d53581" testId="49f43497-d95a-fc33-6980-5187a0f522a3" testName="FS.GG.Coord.Cli.Tests.DeliveryApplicationTests.#2488 ensureAuthorization is no longer gated on --apply: a plain live status read writes the marker too" computerName="c2756152e150" duration="00:00:00.0002563" startTime="2026-08-21T21:49:34.8658852+02:00" endTime="2026-08-21T21:49:34.8660386+02:00" testType="13cdc9d9-ddb5-4fa4-a97d-d965ccfc6d4b" outcome="Passed" testListId="8c84fa94-04c1-424b-9868-57a2d4851a1d" relativeResultsDirectory="19467cdb-ce37-4ed3-90ce-14a1b5d53581" />
    <UnitTestResult executionId="c2a60e81-85a9-484e-8c19-c882916de194" testId="32de8516-be46-8c05-0478-be440a05f7b8" testName="FS.GG.Coord.Cli.Tests.DriverEventsCliTests.candidateToItemFacts: an unclaimed Ready candidate assembles into a Ready ItemFacts" computerName="c2756152e150" duration="00:00:00.0004067" startTime="2026-08-21T21:49:34.7506135+02:00" endTime="2026-08-21T21:49:34.7509245+02:00" testType="13cdc9d9-ddb5-4fa4-a97d-d965ccfc6d4b" outcome="Passed" testListId="8c84fa94-04c1-424b-9868-57a2d4851a1d" relativeResultsDirectory="c2a60e81-85a9-484e-8c19-c882916de194" />
    <UnitTestResult executionId="64e0974e-cc29-4a14-9713-294815d3d5ad" testId="69659e2c-5f4b-c5f2-1415-5ca3bbfed437" testName="FS.GG.Coord.Cli.Tests.ClaimOverlapTests.#2801 two-B generation race never authorizes two live orchestrators" computerName="c2756152e150" duration="00:00:00.0001218" startTime="2026-08-21T21:49:35.1690073+02:00" endTime="2026-08-21T21:49:35.1690598+02:00" testType="13cdc9d9-ddb5-4fa4-a97d-d965ccfc6d4b" outcome="Passed" testListId="8c84fa94-04c1-424b-9868-57a2d4851a1d" relativeResultsDirectory="64e0974e-cc29-4a14-9713-294815d3d5ad" />
    <UnitTestResult executionId="85650935-0bb8-4388-b068-81a217c17fce" testId="274733a5-b74e-54c0-8197-e05b394023ca" testName="FS.GG.Coord.Cli.Tests.ScanRoundTripTests.an unreadable BODY does not drop the item - it arrives UNREADABLE, and is UNDETERMINED" computerName="c2756152e150" duration="00:00:00.0004619" startTime="2026-08-21T21:49:35.3422746+02:00" endTime="2026-08-21T21:49:35.3424853+02:00" testType="13cdc9d9-ddb5-4fa4-a97d-d965ccfc6d4b" outcome="Passed" testListId="8c84fa94-04c1-424b-9868-57a2d4851a1d" relativeResultsDirectory="85650935-0bb8-4388-b068-81a217c17fce" />
    <UnitTestResult executionId="d9ae5d03-84ca-4bdc-8731-19402f54caa6" testId="03a451d3-23c9-085f-e6af-cd21b6a89dfc" testName="FS.GG.Coord.Cli.Tests.LandableNotOpenTests.#2360 reopened AC2 plain landable PERMITS the exact accepted head by default" computerName="c2756152e150" duration="00:00:00.0006413" startTime="2026-08-21T21:49:36.3381412+02:00" endTime="2026-08-21T21:49:36.3387144+02:00" testType="13cdc9d9-ddb5-4fa4-a97d-d965ccfc6d4b" outcome="Passed" testListId="8c84fa94-04c1-424b-9868-57a2d4851a1d" relativeResultsDirectory="d9ae5d03-84ca-4bdc-8731-19402f54caa6" />
    <UnitTestResult executionId="8354bcd4-3b7a-4035-9b49-d94663ade03f" testId="502e2c9c-0f30-6e77-0b59-f283913f9c29" testName="FS.GG.Coord.Cli.Tests.RepoScopeTests.a remote that does not name exactly one owner/repo is refused(url: &quot;https://gitlab.com/FS-GG/x.git&quot;)" computerName="c2756152e150" duration="00:00:00.0000007" startTime="2026-08-21T21:49:35.0575208+02:00" endTime="2026-08-21T21:49:35.0575307+02:00" testType="13cdc9d9-ddb5-4fa4-a97d-d965ccfc6d4b" outcome="Passed" testListId="8c84fa94-04c1-424b-9868-57a2d4851a1d" relativeResultsDirectory="8354bcd4-3b7a-4035-9b49-d94663ade03f" />
    <UnitTestResult executionId="038d7038-5927-4866-afe3-3f00dc2c285b" testId="994d7d1c-9c98-1a29-9d4f-d9fbcc356138" testName="FS.GG.Coord.Cli.Tests.RepoScopeTests.--repo is resolved for every repo-taking verb, not a list of them(verb: &quot;batch&quot;)" computerName="c2756152e150" duration="00:00:00.0000061" startTime="2026-08-21T21:49:35.0580133+02:00" endTime="2026-08-21T21:49:35.0580219+02:00" testType="13cdc9d9-ddb5-4fa4-a97d-d965ccfc6d4b" outcome="Passed" testListId="8c84fa94-04c1-424b-9868-57a2d4851a1d" relativeResultsDirectory="038d7038-5927-4866-afe3-3f00dc2c285b" />
    <UnitTestResult executionId="dd90f4fc-b4a6-47ea-bd85-cca2ad3c344a" testId="cc53a011-fc95-8912-80a5-d974e390a7f1" testName="FS.GG.Coord.Cli.Tests.ClaimOverlapTests.#2459 claim warns on an OVERLAP by default and STILL claims (exit green)" computerName="c2756152e150" duration="00:00:00.0022246" startTime="2026-08-21T21:49:35.1792092+02:00" endTime="2026-08-21T21:49:35.1813886+02:00" testType="13cdc9d9-ddb5-4fa4-a97d-d965ccfc6d4b" outcome="Passed" testListId="8c84fa94-04c1-424b-9868-57a2d4851a1d" relativeResultsDirectory="dd90f4fc-b4a6-47ea-bd85-cca2ad3c344a" />
    <UnitTestResult executionId="276d6a08-2a06-411d-82e1-d4cdef8fb423" testId="3c708aec-894a-52b1-055f-9c0d934926a7" testName="FS.GG.Coord.Cli.Tests.ReviewApplicationTests.historical_prose_cannot_authorize" computerName="c2756152e150" duration="00:00:00.0025753" startTime="2026-08-21T21:49:36.4804917+02:00" endTime="2026-08-21T21:49:36.4830247+02:00" testType="13cdc9d9-ddb5-4fa4-a97d-d965ccfc6d4b" outcome="Passed" testListId="8c84fa94-04c1-424b-9868-57a2d4851a1d" relativeResultsDirectory="276d6a08-2a06-411d-82e1-d4cdef8fb423" />
    <UnitTestResult executionId="f820d9e7-5793-420b-ac95-4ca425c60dbc" testId="42f2e8e7-bab5-83b2-a704-b9b313261730" testName="FS.GG.Coord.Cli.Tests.FollowupsTests.peek does NOT remove, and pop does" computerName="c2756152e150" duration="00:00:00.0003633" startTime="2026-08-21T21:49:35.3136061+02:00" endTime="2026-08-21T21:49:35.3139419+02:00" testType="13cdc9d9-ddb5-4fa4-a97d-d965ccfc6d4b" outcome="Passed" testListId="8c84fa94-04c1-424b-9868-57a2d4851a1d" relativeResultsDirectory="f820d9e7-5793-420b-ac95-4ca425c60dbc" />
    <UnitTestResult executionId="bef9fafd-eacc-4d4b-86ca-a0ed873f1d4a" testId="3ec37f35-5815-6f8d-b8d1-b0b2a491b160" testName="FS.GG.Coord.Cli.Tests.ConsolidationLintTests.identical touch-sets are judged by WHO ELSE declares them, not by the ratio (AC3)" computerName="c2756152e150" duration="00:00:00.0001626" startTime="2026-08-21T21:49:36.3588193+02:00" endTime="2026-08-21T21:49:36.3589577+02:00" testType="13cdc9d9-ddb5-4fa4-a97d-d965ccfc6d4b" outcome="Passed" testListId="8c84fa94-04c1-424b-9868-57a2d4851a1d" relativeResultsDirectory="bef9fafd-eacc-4d4b-86ca-a0ed873f1d4a" />
    <UnitTestResult executionId="cd529801-3a01-4074-9a37-ba589819c9b7" testId="223dd5da-cef2-caf3-c0cc-6b1d9901b50a" testName="FS.GG.Coord.Cli.Tests.DeliveryApplicationTests.#2347 the real kit-0.48.0 declaration from .github#2264 PR #2271 (comment 5225891717) parses" computerName="c2756152e150" duration="00:00:00.0035478" startTime="2026-08-21T21:49:34.8198233+02:00" endTime="2026-08-21T21:49:34.8233060+02:00" testType="13cdc9d9-ddb5-4fa4-a97d-d965ccfc6d4b" outcome="Passed" testListId="8c84fa94-04c1-424b-9868-57a2d4851a1d" relativeResultsDirectory="cd529801-3a01-4074-9a37-ba589819c9b7" />
    <UnitTestResult executionId="5cd93c3f-8d09-4074-8f50-bbac62c6f919" testId="4f7146d1-3ab6-614e-e855-81fc712a2fc1" testName="FS.GG.Coord.Cli.Tests.RepoScopeTests.cross-repo resolves to NonRepository, never a Repository(raw: &quot;CROSS-REPO&quot;)" computerName="c2756152e150" duration="00:00:00.0000507" startTime="2026-08-21T21:49:35.0602684+02:00" endTime="2026-08-21T21:49:35.0602753+02:00" testType="13cdc9d9-ddb5-4fa4-a97d-d965ccfc6d4b" outcome="Passed" testListId="8c84fa94-04c1-424b-9868-57a2d4851a1d" relativeResultsDirectory="5cd93c3f-8d09-4074-8f50-bbac62c6f919" />
    <UnitTestResult executionId="3989f48d-0c34-42bd-8133-a74414dbd005" testId="38a6f4d8-56e1-5b08-ae03-62ebc392283e" testName="FS.GG.Coord.Cli.Tests.DeliveryApplicationTests.#2233 declaredPaths as a plain array parses as Known and reaches guarded land" computerName="c2756152e150" duration="00:00:00.0011643" startTime="2026-08-21T21:49:34.8470029+02:00" endTime="2026-08-21T21:49:34.8479691+02:00" testType="13cdc9d9-ddb5-4fa4-a97d-d965ccfc6d4b" outcome="Passed" testListId="8c84fa94-04c1-424b-9868-57a2d4851a1d" relativeResultsDirectory="3989f48d-0c34-42bd-8133-a74414dbd005" />
    <UnitTestResult executionId="4e092ace-c355-4032-af9b-e72a8bb4acb0" testId="956f31dd-f2fd-fb73-c52b-009233e4d318" testName="FS.GG.Coord.Cli.Tests.CrossRepoRankTests.#1628 AC3 the whole-board count costs the transport NOTHING" computerName="c2756152e150" duration="00:00:00.0003344" startTime="2026-08-21T21:49:36.3082160+02:00" endTime="2026-08-21T21:49:36.3084754+02:00" testType="13cdc9d9-ddb5-4fa4-a97d-d965ccfc6d4b" outcome="Passed" testListId="8c84fa94-04c1-424b-9868-57a2d4851a1d" relativeResultsDirectory="4e092ace-c355-4032-af9b-e72a8bb4acb0" />
    <UnitTestResult executionId="81ee722e-9781-4413-9920-e69ca7b007bf" testId="474b2daf-a526-14cf-0ed8-1020831ff21e" testName="FS.GG.Coord.Cli.Tests.VerifyPathsSddPackageTests.#2324 AC-004 a stale receipt is not a licence to exempt, and says why" computerName="c2756152e150" duration="00:00:00.0776239" startTime="2026-08-21T21:49:35.9768264+02:00" endTime="2026-08-21T21:49:36.0544564+02:00" testType="13cdc9d9-ddb5-4fa4-a97d-d965ccfc6d4b" outcome="Passed" testListId="8c84fa94-04c1-424b-9868-57a2d4851a1d" relativeResultsDirectory="81ee722e-9781-4413-9920-e69ca7b007bf" />
    <UnitTestResult executionId="e1315840-8b8f-40d7-991d-eda6b89df05b" testId="c6b672fa-fcad-cd9d-e644-5ab9b81e7010" testName="FS.GG.Coord.Cli.Tests.ChoresTests.#1086: the SAME rows offer when the board is WHOLE — the refusal above is the scope, not the rows" computerName="c2756152e150" duration="00:00:00.0001703" startTime="2026-08-21T21:49:35.2906176+02:00" endTime="2026-08-21T21:49:35.2907629+02:00" testType="13cdc9d9-ddb5-4fa4-a97d-d965ccfc6d4b" outcome="Passed" testListId="8c84fa94-04c1-424b-9868-57a2d4851a1d" relativeResultsDirectory="e1315840-8b8f-40d7-991d-eda6b89df05b" />
    <UnitTestResult executionId="ad1c9e90-844b-4b21-9d90-5b867a1f2d81" testId="b0b55602-8950-e3d8-c4ab-ed1eaa9cbeed" testName="FS.GG.Coord.Cli.Tests.RepoScopeTests.an owner the map does not know has no lock, never a foreign one(owner: &quot;acme&quot;)" computerName="c2756152e150" duration="00:00:00.0000609" startTime="2026-08-21T21:49:35.0606656+02:00" endTime="2026-08-21T21:49:35.0606720+02:00" testType="13cdc9d9-ddb5-4fa4-a97d-d965ccfc6d4b" outcome="Passed" testListId="8c84fa94-04c1-424b-9868-57a2d4851a1d" relativeResultsDirectory="ad1c9e90-844b-4b21-9d90-5b867a1f2d81" />
    <UnitTestResult executionId="eedffed7-6168-4136-afd6-9b51c1b8015a" testId="9c92bcb8-2180-51ec-cc19-325d5fe93f5d" testName="FS.GG.Coord.Cli.Tests.OpLockTests.the roster parse is NON-VACUOUS - a fixture that reads nothing proves nothing" computerName="c2756152e150" duration="00:00:00.0009833" startTime="2026-08-21T21:49:36.3863934+02:00" endTime="2026-08-21T21:49:36.3873333+02:00" testType="13cdc9d9-ddb5-4fa4-a97d-d965ccfc6d4b" outcome="Passed" testListId="8c84fa94-04c1-424b-9868-57a2d4851a1d" relativeResultsDirectory="eedffed7-6168-4136-afd6-9b51c1b8015a" />
    <UnitTestResult executionId="90fbf85b-7f82-47bf-a8c5-c9dfc1e6463f" testId="578415e7-5899-7dff-be9d-6969b48030e7" testName="FS.GG.Coord.Cli.Tests.LandableNotOpenTests.#1680 a closed pr costs ONE read — the runs and check-runs are never fetched" computerName="c2756152e150" duration="00:00:00.0002827" startTime="2026-08-21T21:49:36.3359947+02:00" endTime="2026-08-21T21:49:36.3362355+02:00" testType="13cdc9d9-ddb5-4fa4-a97d-d965ccfc6d4b" outcome="Passed" testListId="8c84fa94-04c1-424b-9868-57a2d4851a1d" relativeResultsDirectory="90fbf85b-7f82-47bf-a8c5-c9dfc1e6463f" />
    <UnitTestResult executionId="2ef0d208-6732-4271-a385-dae8eab59a33" testId="effd2652-2860-9c64-d120-8ef6d39f3517" testName="FS.GG.Coord.Cli.Tests.SkillProgressiveDisclosureTests.triggered skill bodies stay below the progressive-disclosure budget" computerName="c2756152e150" duration="00:00:00.0009050" startTime="2026-08-21T21:49:36.4625903+02:00" endTime="2026-08-21T21:49:36.4634895+02:00" testType="13cdc9d9-ddb5-4fa4-a97d-d965ccfc6d4b" outcome="Passed" testListId="8c84fa94-04c1-424b-9868-57a2d4851a1d" relativeResultsDirectory="2ef0d208-6732-4271-a385-dae8eab59a33" />
    <UnitTestResult executionId="6a5f5b77-4758-4c3c-88d3-f9d2b6a6dd5f" testId="999cb9dd-8196-8869-c078-3dad647fc8f9" testName="FS.GG.Coord.Cli.Tests.WhoLivenessTests.#1668 --json gives the two facts DIFFERENT state words, not a cleverer worker field" computerName="c2756152e150" duration="00:00:00.0015597" startTime="2026-08-21T21:49:36.3797334+02:00" endTime="2026-08-21T21:49:36.3812326+02:00" testType="13cdc9d9-ddb5-4fa4-a97d-d965ccfc6d4b" outcome="Passed" testListId="8c84fa94-04c1-424b-9868-57a2d4851a1d" relativeResultsDirectory="6a5f5b77-4758-4c3c-88d3-f9d2b6a6dd5f" />
    <UnitTestResult executionId="1dbc841f-f914-4a3b-b831-ee4425697358" testId="e7d59045-422e-bb68-1d6b-397052139e44" testName="FS.GG.Coord.Cli.Tests.ChoresTests.losing the lock race offers nothing — the rival is draining this repo, and we say so to nobody" computerName="c2756152e150" duration="00:00:00.0004559" startTime="2026-08-21T21:49:35.2902406+02:00" endTime="2026-08-21T21:49:35.2903843+02:00" testType="13cdc9d9-ddb5-4fa4-a97d-d965ccfc6d4b" outcome="Passed" testListId="8c84fa94-04c1-424b-9868-57a2d4851a1d" relativeResultsDirectory="1dbc841f-f914-4a3b-b831-ee4425697358" />
    <UnitTestResult executionId="d505ebce-7674-4292-9479-3f1576d93f36" testId="40d73e23-2dd5-19f5-5b77-cec5a6a2e2a2" testName="FS.GG.Coord.Cli.Tests.SnapshotTests.facts --json projects only the structured review policy" computerName="c2756152e150" duration="00:00:00.0004738" startTime="2026-08-21T21:49:36.3672423+02:00" endTime="2026-08-21T21:49:36.3676657+02:00" testType="13cdc9d9-ddb5-4fa4-a97d-d965ccfc6d4b" outcome="Passed" testListId="8c84fa94-04c1-424b-9868-57a2d4851a1d" relativeResultsDirectory="d505ebce-7674-4292-9479-3f1576d93f36" />
    <UnitTestResult executionId="c1f30989-4429-44f5-b6dc-25dadba787eb" testId="56d76894-7094-d0ef-691d-bc8695d0bca5" testName="FS.GG.Coord.Cli.Tests.DocumentedInvocationTests.every invocation the corpus prescribes is one the parser ACCEPTS" computerName="c2756152e150" duration="00:00:00.0346004" startTime="2026-08-21T21:49:35.0022466+02:00" endTime="2026-08-21T21:49:35.0369107+02:00" testType="13cdc9d9-ddb5-4fa4-a97d-d965ccfc6d4b" outcome="Passed" testListId="8c84fa94-04c1-424b-9868-57a2d4851a1d" relativeResultsDirectory="c1f30989-4429-44f5-b6dc-25dadba787eb" />
    <UnitTestResult executionId="5a01bd0f-00cc-46fe-8b9b-b7675b205ff5" testId="ddfa5033-befb-966f-629b-66182f032bbb" testName="FS.GG.Coord.Cli.Tests.OpLockDispatchVerbTests.an unrostered receiver REFUSES with exit 1 and spends no network call" computerName="c2756152e150" duration="00:00:00.0161576" startTime="2026-08-21T21:49:36.4038647+02:00" endTime="2026-08-21T21:49:36.4200646+02:00" testType="13cdc9d9-ddb5-4fa4-a97d-d965ccfc6d4b" outcome="Passed" testListId="8c84fa94-04c1-424b-9868-57a2d4851a1d" relativeResultsDirectory="5a01bd0f-00cc-46fe-8b9b-b7675b205ff5" />
    <UnitTestResult executionId="37edbc91-a526-40e3-ad07-6165bf9e791b" testId="fbf8a42d-c18f-fc7b-c7a4-0b42275a0f52" testName="FS.GG.Coord.Cli.Tests.DeliveryApplicationTests.#2207 client delivery adapter retains malformed parser diagnostics" computerName="c2756152e150" duration="00:00:00.0013845" startTime="2026-08-21T21:49:34.8452686+02:00" endTime="2026-08-21T21:49:34.8466240+02:00" testType="13cdc9d9-ddb5-4fa4-a97d-d965ccfc6d4b" outcome="Passed" testListId="8c84fa94-04c1-424b-9868-57a2d4851a1d" relativeResultsDirectory="37edbc91-a526-40e3-ad07-6165bf9e791b" />
    <UnitTestResult executionId="2180e3fe-ccee-4b94-8e16-8dc6befec2b5" testId="02699b20-325c-c606-faf2-a6400f99e46d" testName="FS.GG.Coord.Cli.Tests.OpLockDispatchVerbTests.op-lock release on an unrostered receiver REFUSES and spends no network call" computerName="c2756152e150" duration="00:00:00.0002185" startTime="2026-08-21T21:49:36.4288853+02:00" endTime="2026-08-21T21:49:36.4290680+02:00" testType="13cdc9d9-ddb5-4fa4-a97d-d965ccfc6d4b" outcome="Passed" testListId="8c84fa94-04c1-424b-9868-57a2d4851a1d" relativeResultsDirectory="2180e3fe-ccee-4b94-8e16-8dc6befec2b5" />
    <UnitTestResult executionId="8bdb5750-2fbd-4acf-bb52-57054ec2abed" testId="df6d0ca3-253f-5ca1-6c88-443804b5f0e0" testName="FS.GG.Coord.Cli.Tests.FollowupsTests.two workers do not share a queue" computerName="c2756152e150" duration="00:00:00.0004319" startTime="2026-08-21T21:49:35.3126893+02:00" endTime="2026-08-21T21:49:35.3131115+02:00" testType="13cdc9d9-ddb5-4fa4-a97d-d965ccfc6d4b" outcome="Passed" testListId="8c84fa94-04c1-424b-9868-57a2d4851a1d" relativeResultsDirectory="8bdb5750-2fbd-4acf-bb52-57054ec2abed" />
    <UnitTestResult executionId="5c1e4497-0147-4368-9b04-ea6fa428f12c" testId="7195422b-4925-48e4-283e-65130649aeda" testName="FS.GG.Coord.Cli.Tests.RepoScopeTests.every documented --repo spelling resolves to the board's repo name(raw: &quot;audio&quot;, expected: &quot;FS.GG.Audio&quot;)" computerName="c2756152e150" duration="00:00:00.0000004" startTime="2026-08-21T21:49:35.0597541+02:00" endTime="2026-08-21T21:49:35.0597609+02:00" testType="13cdc9d9-ddb5-4fa4-a97d-d965ccfc6d4b" outcome="Passed" testListId="8c84fa94-04c1-424b-9868-57a2d4851a1d" relativeResultsDirectory="5c1e4497-0147-4368-9b04-ea6fa428f12c" />
    <UnitTestResult executionId="2530aeaa-fb43-44cd-a838-c031f6a932fe" testId="d26abb4d-77b8-b759-f913-e4cba41f3251" testName="FS.GG.Coord.Cli.Tests.ConsolidationLintTests.Undeclared, the none sentinel and the any chore are compared against nothing and reported by nobody here" computerName="c2756152e150" duration="00:00:00.0000938" startTime="2026-08-21T21:49:36.3591680+02:00" endTime="2026-08-21T21:49:36.3591821+02:00" testType="13cdc9d9-ddb5-4fa4-a97d-d965ccfc6d4b" outcome="Passed" testListId="8c84fa94-04c1-424b-9868-57a2d4851a1d" relativeResultsDirectory="2530aeaa-fb43-44cd-a838-c031f6a932fe" />
    <UnitTestResult executionId="27e2a738-9427-4513-9651-0071a9e7df61" testId="ee43d79b-c6b3-0c19-d917-dc2c6917fb64" testName="FS.GG.Coord.Cli.Tests.DeliveryApplicationTests.#2395 a suffixed prefix is a different marker, never this one" computerName="c2756152e150" duration="00:00:00.0040157" startTime="2026-08-21T21:49:34.7606514+02:00" endTime="2026-08-21T21:49:34.7645864+02:00" testType="13cdc9d9-ddb5-4fa4-a97d-d965ccfc6d4b" outcome="Passed" testListId="8c84fa94-04c1-424b-9868-57a2d4851a1d" relativeResultsDirectory="27e2a738-9427-4513-9651-0071a9e7df61" />
    <UnitTestResult executionId="6324e145-51e8-43fe-a50e-21a77da99b64" testId="8cedc44f-7465-bf9e-07dd-644ab51229d3" testName="FS.GG.Coord.Cli.Tests.DeliveryApplicationTests.#2544 leg A the none declaration at byte 0 parses" computerName="c2756152e150" duration="00:00:00.0000727" startTime="2026-08-21T21:49:34.8654210+02:00" endTime="2026-08-21T21:49:34.8654676+02:00" testType="13cdc9d9-ddb5-4fa4-a97d-d965ccfc6d4b" outcome="Passed" testListId="8c84fa94-04c1-424b-9868-57a2d4851a1d" relativeResultsDirectory="6324e145-51e8-43fe-a50e-21a77da99b64" />
    <UnitTestResult executionId="b69e8a70-75ab-4129-b09a-f6987eaa4e31" testId="11ebef6c-016a-a272-8ed5-afb759a871e7" testName="FS.GG.Coord.Cli.Tests.RepoScopeTests.every git remote form yields owner/repo(url: &quot;git@github.com:FS-GG/FS.GG.Templates.git&quot;, expected: &quot;FS-GG/FS.GG.Templates&quot;)" computerName="c2756152e150" duration="00:00:00.0000005" startTime="2026-08-21T21:49:35.0592327+02:00" endTime="2026-08-21T21:49:35.0592396+02:00" testType="13cdc9d9-ddb5-4fa4-a97d-d965ccfc6d4b" outcome="Passed" testListId="8c84fa94-04c1-424b-9868-57a2d4851a1d" relativeResultsDirectory="b69e8a70-75ab-4129-b09a-f6987eaa4e31" />
    <UnitTestResult executionId="18b7b3f5-764f-4577-b8d0-7780d9524107" testId="77b55732-5b68-f6a3-e13d-e4ffa03394a6" testName="FS.GG.Coord.Cli.Tests.DeliveryApplicationTests.#2347 a marker merely quoted later in a comment, never its own leading line, stays inert" computerName="c2756152e150" duration="00:00:00.0000736" startTime="2026-08-21T21:49:34.8469464+02:00" endTime="2026-08-21T21:49:34.8469541+02:00" testType="13cdc9d9-ddb5-4fa4-a97d-d965ccfc6d4b" outcome="Passed" testListId="8c84fa94-04c1-424b-9868-57a2d4851a1d" relativeResultsDirectory="18b7b3f5-764f-4577-b8d0-7780d9524107" />
    <UnitTestResult executionId="f5c69164-9c0e-41be-a77e-8b85e3a292bc" testId="466fc332-615b-31d8-6a2c-3634393efe77" testName="FS.GG.Coord.Cli.Tests.SchedulingCostTests.#2300 AC3: a genuinely schedulable row with NO delivery-route receipt is still refused" computerName="c2756152e150" duration="00:00:00.0053891" startTime="2026-08-21T21:49:34.9763143+02:00" endTime="2026-08-21T21:49:34.9815632+02:00" testType="13cdc9d9-ddb5-4fa4-a97d-d965ccfc6d4b" outcome="Passed" testListId="8c84fa94-04c1-424b-9868-57a2d4851a1d" relativeResultsDirectory="f5c69164-9c0e-41be-a77e-8b85e3a292bc" />
    <UnitTestResult executionId="58b62fe6-ac52-4b1d-afec-dd75d210fff4" testId="39ff3cff-dce2-d166-c5a2-c15ecc2a1f6a" testName="FS.GG.Coord.Cli.Tests.ClaimOverlapTests.#2459 claim with no other live claim at all never warns" computerName="c2756152e150" duration="00:00:00.0051544" startTime="2026-08-21T21:49:35.1249291+02:00" endTime="2026-08-21T21:49:35.1300906+02:00" testType="13cdc9d9-ddb5-4fa4-a97d-d965ccfc6d4b" outcome="Passed" testListId="8c84fa94-04c1-424b-9868-57a2d4851a1d" relativeResultsDirectory="58b62fe6-ac52-4b1d-afec-dd75d210fff4" />
    <UnitTestResult executionId="d50e7820-1102-44cf-a7c4-48edbe318f66" testId="bfeb4634-1d59-7f16-259b-247c46a10c7e" testName="FS.GG.Coord.Cli.Tests.VerifyPathsSddPackageTests.#2324 AC-001 the item's own sdd package is expected output, not drift" computerName="c2756152e150" duration="00:00:00.0838832" startTime="2026-08-21T21:49:35.7334654+02:00" endTime="2026-08-21T21:49:35.8172045+02:00" testType="13cdc9d9-ddb5-4fa4-a97d-d965ccfc6d4b" outcome="Passed" testListId="8c84fa94-04c1-424b-9868-57a2d4851a1d" relativeResultsDirectory="d50e7820-1102-44cf-a7c4-48edbe318f66" />
    <UnitTestResult executionId="528f0b6a-9ba9-40f6-945e-54a8995105ff" testId="ddb0199b-58da-da4d-23cc-3d471ac103b5" testName="FS.GG.Coord.Cli.Tests.DeliveryApplicationTests.#2264 round 1: a malformed or stale declaration fails closed as Outstanding" computerName="c2756152e150" duration="00:00:00.0000702" startTime="2026-08-21T21:49:34.8661005+02:00" endTime="2026-08-21T21:49:34.8661469+02:00" testType="13cdc9d9-ddb5-4fa4-a97d-d965ccfc6d4b" outcome="Passed" testListId="8c84fa94-04c1-424b-9868-57a2d4851a1d" relativeResultsDirectory="528f0b6a-9ba9-40f6-945e-54a8995105ff" />
    <UnitTestResult executionId="6895743a-0715-4e1f-aa0c-612660c19fa6" testId="f0f9ccd7-e847-e966-f32d-b7a792214e7b" testName="FS.GG.Coord.Cli.Tests.DeliveryRouteCliTests.#2298 claim refuses with zero writes when NO delivery-route receipt exists" computerName="c2756152e150" duration="00:00:00.0002307" startTime="2026-08-21T21:49:35.3728468+02:00" endTime="2026-08-21T21:49:35.3730365+02:00" testType="13cdc9d9-ddb5-4fa4-a97d-d965ccfc6d4b" outcome="Passed" testListId="8c84fa94-04c1-424b-9868-57a2d4851a1d" relativeResultsDirectory="6895743a-0715-4e1f-aa0c-612660c19fa6" />
    <UnitTestResult executionId="8ae57e78-163a-4393-9e7d-fe4fdea5e0ba" testId="62298fe4-cac3-d5d0-2dae-c0822111c940" testName="FS.GG.Coord.Cli.Tests.OpLockTests.the lease-free ordering rule is written EXACTLY ONCE, inside Reads" computerName="c2756152e150" duration="00:00:00.0006389" startTime="2026-08-21T21:49:36.3919397+02:00" endTime="2026-08-21T21:49:36.3925091+02:00" testType="13cdc9d9-ddb5-4fa4-a97d-d965ccfc6d4b" outcome="Passed" testListId="8c84fa94-04c1-424b-9868-57a2d4851a1d" relativeResultsDirectory="8ae57e78-163a-4393-9e7d-fe4fdea5e0ba" />
    <UnitTestResult executionId="fd6a9af2-b4a9-4722-a859-29f203c8930c" testId="9ce073e0-33a9-6e5a-6f53-f749a7ce69fe" testName="FS.GG.Coord.Cli.Tests.OpLockTests.an unrostered repo and a foreign owner both get NO ref - fail closed" computerName="c2756152e150" duration="00:00:00.0001323" startTime="2026-08-21T21:49:36.3925629+02:00" endTime="2026-08-21T21:49:36.3926648+02:00" testType="13cdc9d9-ddb5-4fa4-a97d-d965ccfc6d4b" outcome="Passed" testListId="8c84fa94-04c1-424b-9868-57a2d4851a1d" relativeResultsDirectory="fd6a9af2-b4a9-4722-a859-29f203c8930c" />
    <UnitTestResult executionId="f02b346d-1bdf-47e2-acfb-27a511dc006a" testId="e0eda72f-db5a-ce36-5c74-9a5145b9ee1e" testName="FS.GG.Coord.Cli.Tests.FollowupsTests.fleet audit names an abandoned queued ref rather than leaving it as an invisible file" computerName="c2756152e150" duration="00:00:00.0009899" startTime="2026-08-21T21:49:35.3105339+02:00" endTime="2026-08-21T21:49:35.3114721+02:00" testType="13cdc9d9-ddb5-4fa4-a97d-d965ccfc6d4b" outcome="Passed" testListId="8c84fa94-04c1-424b-9868-57a2d4851a1d" relativeResultsDirectory="f02b346d-1bdf-47e2-acfb-27a511dc006a" />
    <UnitTestResult executionId="191298ca-61a5-4cdc-aed3-30f482b52e50" testId="b125ad2e-255f-f9a7-f1b9-5d5f6907b638" testName="FS.GG.Coord.Cli.Tests.EpicVerdictTests.EPIC-DONE-OPEN-CHILD fires when the board says Done but a child is open" computerName="c2756152e150" duration="00:00:00.0082536" startTime="2026-08-21T21:49:36.4390475+02:00" endTime="2026-08-21T21:49:36.4473165+02:00" testType="13cdc9d9-ddb5-4fa4-a97d-d965ccfc6d4b" outcome="Passed" testListId="8c84fa94-04c1-424b-9868-57a2d4851a1d" relativeResultsDirectory="191298ca-61a5-4cdc-aed3-30f482b52e50" />
    <UnitTestResult executionId="2da07f81-89eb-4d7e-867e-65385c4e86f3" testId="f24f72f5-53d5-4f40-e206-ff505c4ce834" testName="FS.GG.Coord.Cli.Tests.FollowupsTests.a drained queue is UNLINKED, not left zero-byte" computerName="c2756152e150" duration="00:00:00.0016737" startTime="2026-08-21T21:49:35.2937521+02:00" endTime="2026-08-21T21:49:35.2954118+02:00" testType="13cdc9d9-ddb5-4fa4-a97d-d965ccfc6d4b" outcome="Passed" testListId="8c84fa94-04c1-424b-9868-57a2d4851a1d" relativeResultsDirectory="2da07f81-89eb-4d7e-867e-65385c4e86f3" />
    <UnitTestResult executionId="f7e0b5e1-7c2d-4a37-8f20-be4b3312cccc" testId="c819f0fc-3651-b8b1-26d4-97945145330a" testName="FS.GG.Coord.Cli.Tests.ChoresTests.#1679: reconcile and the offer path reach the SAME verdict for the same item at the same instant(cached: null, live: &quot;hardening&quot;, expected: &quot;&quot;)" computerName="c2756152e150" duration="00:00:00.0064782" startTime="2026-08-21T21:49:35.1929539+02:00" endTime="2026-08-21T21:49:35.1994047+02:00" testType="13cdc9d9-ddb5-4fa4-a97d-d965ccfc6d4b" outcome="Passed" testListId="8c84fa94-04c1-424b-9868-57a2d4851a1d" relativeResultsDirectory="f7e0b5e1-7c2d-4a37-8f20-be4b3312cccc" />
    <UnitTestResult executionId="f2f2979c-a777-4ec7-a132-999557dbedf0" testId="5187fd2a-b7b7-e95e-5593-ab9e19ea7857" testName="FS.GG.Coord.Cli.Tests.SkillProgressiveDisclosureTests.moving detail into references does not break relative markdown links" computerName="c2756152e150" duration="00:00:00.0021324" startTime="2026-08-21T21:49:36.4512839+02:00" endTime="2026-08-21T21:49:36.4534047+02:00" testType="13cdc9d9-ddb5-4fa4-a97d-d965ccfc6d4b" outcome="Passed" testListId="8c84fa94-04c1-424b-9868-57a2d4851a1d" relativeResultsDirectory="f2f2979c-a777-4ec7-a132-999557dbedf0" />
    <UnitTestResult executionId="2aeab0ab-6fad-4e89-bd77-d5ef7afdd670" testId="211b0b12-d2ef-66d8-41e8-c9ba7459fb95" testName="FS.GG.Coord.Cli.Tests.ScanRoundTripTests.#1055 a STALE claim with a pushed branch and NO PR round-trips as lease-expired-branch-pushed" computerName="c2756152e150" duration="00:00:00.0021675" startTime="2026-08-21T21:49:35.3389583+02:00" endTime="2026-08-21T21:49:35.3411061+02:00" testType="13cdc9d9-ddb5-4fa4-a97d-d965ccfc6d4b" outcome="Passed" testListId="8c84fa94-04c1-424b-9868-57a2d4851a1d" relativeResultsDirectory="2aeab0ab-6fad-4e89-bd77-d5ef7afdd670" />
    <UnitTestResult executionId="7fa131db-d297-47fe-b97f-ad839673f828" testId="ee64d758-6925-a45a-ff15-daf4b40cca1d" testName="FS.GG.Coord.Cli.Tests.DeliveryApplicationTests.#2395 a failed election POST writes NO authorization at all" computerName="c2756152e150" duration="00:00:00.0006940" startTime="2026-08-21T21:49:34.8640531+02:00" endTime="2026-08-21T21:49:34.8646325+02:00" testType="13cdc9d9-ddb5-4fa4-a97d-d965ccfc6d4b" outcome="Passed" testListId="8c84fa94-04c1-424b-9868-57a2d4851a1d" relativeResultsDirectory="7fa131db-d297-47fe-b97f-ad839673f828" />
    <UnitTestResult executionId="c3faa6a0-42fa-4b0a-9c00-7204db0ee1ad" testId="25863abb-0def-060f-eed6-3a25f9448382" testName="FS.GG.Coord.Cli.Tests.SnapshotTests.'lease-expired-pr-open' without the PR number is refused — that is proof without the proof" computerName="c2756152e150" duration="00:00:00.0008123" startTime="2026-08-21T21:49:36.3623564+02:00" endTime="2026-08-21T21:49:36.3631516+02:00" testType="13cdc9d9-ddb5-4fa4-a97d-d965ccfc6d4b" outcome="Passed" testListId="8c84fa94-04c1-424b-9868-57a2d4851a1d" relativeResultsDirectory="c3faa6a0-42fa-4b0a-9c00-7204db0ee1ad" />
    <UnitTestResult executionId="6538f7c0-f07c-41f9-9709-6fea224b190c" testId="e037b067-485a-c90b-6c36-8c941e15af25" testName="FS.GG.Coord.Cli.Tests.DeliveryRouteCliTests.#2298 record and show both report a ready SDD package as ready, once its analysis is implementationReady" computerName="c2756152e150" duration="00:00:00.0009033" startTime="2026-08-21T21:49:35.3744489+02:00" endTime="2026-08-21T21:49:35.3753267+02:00" testType="13cdc9d9-ddb5-4fa4-a97d-d965ccfc6d4b" outcome="Passed" testListId="8c84fa94-04c1-424b-9868-57a2d4851a1d" relativeResultsDirectory="6538f7c0-f07c-41f9-9709-6fea224b190c" />
    <UnitTestResult executionId="92262486-f8ef-4760-8106-f8b1a8978b09" testId="4da7993f-a6d5-371e-ce4a-0cd29ab74dd2" testName="FS.GG.Coord.Cli.Tests.OpLockTests.the CLI layer contains NO second implementation of lowest-id-wins" computerName="c2756152e150" duration="00:00:00.0045011" startTime="2026-08-21T21:49:36.3874007+02:00" endTime="2026-08-21T21:49:36.3918591+02:00" testType="13cdc9d9-ddb5-4fa4-a97d-d965ccfc6d4b" outcome="Passed" testListId="8c84fa94-04c1-424b-9868-57a2d4851a1d" relativeResultsDirectory="92262486-f8ef-4760-8106-f8b1a8978b09" />
    <UnitTestResult executionId="56aeafe2-1247-4bb5-a906-d2ace2fec13b" testId="4efc9264-64bb-53dd-225e-9e0368cb9052" testName="FS.GG.Coord.Cli.Tests.LandableNotOpenTests.#2360 AC1 --require fsgg:review-decision/v2 REFUSES a head with NO acceptance record" computerName="c2756152e150" duration="00:00:00.0005217" startTime="2026-08-21T21:49:36.3343907+02:00" endTime="2026-08-21T21:49:36.3348982+02:00" testType="13cdc9d9-ddb5-4fa4-a97d-d965ccfc6d4b" outcome="Passed" testListId="8c84fa94-04c1-424b-9868-57a2d4851a1d" relativeResultsDirectory="56aeafe2-1247-4bb5-a906-d2ace2fec13b" />
    <UnitTestResult executionId="2bed4ad0-b38e-4dae-9a40-ffcf18544f54" testId="f3f10a47-ec09-89aa-ce6c-e3f08ec2bf90" testName="FS.GG.Coord.Cli.Tests.OverlapTests.#2351 AC3 control: activeCollisions still reports OVERLAP when the holder's scope is unset (unaffected by the fix)" computerName="c2756152e150" duration="00:00:00.0017379" startTime="2026-08-21T21:49:35.7243290+02:00" endTime="2026-08-21T21:49:35.7260368+02:00" testType="13cdc9d9-ddb5-4fa4-a97d-d965ccfc6d4b" outcome="Passed" testListId="8c84fa94-04c1-424b-9868-57a2d4851a1d" relativeResultsDirectory="2bed4ad0-b38e-4dae-9a40-ffcf18544f54" />
    <UnitTestResult executionId="d434fe11-14e3-41f3-a28e-71f9f83c6a50" testId="c4c96480-046a-ed51-16e8-a9699a4ab7d4" testName="FS.GG.Coord.Cli.Tests.CrossRepoRankTests.#1986 board-fact application owns the scheduler blocking-count seam" computerName="c2756152e150" duration="00:00:00.0001082" startTime="2026-08-21T21:49:36.3154170+02:00" endTime="2026-08-21T21:49:36.3154305+02:00" testType="13cdc9d9-ddb5-4fa4-a97d-d965ccfc6d4b" outcome="Passed" testListId="8c84fa94-04c1-424b-9868-57a2d4851a1d" relativeResultsDirectory="d434fe11-14e3-41f3-a28e-71f9f83c6a50" />
    <UnitTestResult executionId="5ca6fd6e-24ce-481b-9f48-241bba32e3bb" testId="7b816e77-ef3b-4ea4-0f77-5cbba9b83cf9" testName="FS.GG.Coord.Cli.Tests.DriverEventsCliTests.writeEventsCursorAtomic: leaves no leftover temp file beside the target" computerName="c2756152e150" duration="00:00:00.0249629" startTime="2026-08-21T21:49:34.7278754+02:00" endTime="2026-08-21T21:49:34.7490646+02:00" testType="13cdc9d9-ddb5-4fa4-a97d-d965ccfc6d4b" outcome="Passed" testListId="8c84fa94-04c1-424b-9868-57a2d4851a1d" relativeResultsDirectory="5ca6fd6e-24ce-481b-9f48-241bba32e3bb" />
    <UnitTestResult executionId="a70898a4-1a12-4860-bf05-fa31e5d988be" testId="4633f05c-8ada-5e1c-3f8f-3fc8bb595659" testName="FS.GG.Coord.Cli.Tests.AuthorizedMarkerTests.#2378 negative control — an expired lease with NO open PR does not authorize" computerName="c2756152e150" duration="00:00:00.0004196" startTime="2026-08-21T21:49:36.4636175+02:00" endTime="2026-08-21T21:49:36.4640280+02:00" testType="13cdc9d9-ddb5-4fa4-a97d-d965ccfc6d4b" outcome="Passed" testListId="8c84fa94-04c1-424b-9868-57a2d4851a1d" relativeResultsDirectory="a70898a4-1a12-4860-bf05-fa31e5d988be" />
    <UnitTestResult executionId="45e37072-1cc2-45a8-83c1-0816e2f3feb1" testId="abc5be80-1af8-eeef-db81-8c5df45a7e7f" testName="FS.GG.Coord.Cli.Tests.DeliveryApplicationTests.#2216 stale declaration identifies its comment and append-proof repair" computerName="c2756152e150" duration="00:00:00.0001965" startTime="2026-08-21T21:49:34.8443245+02:00" endTime="2026-08-21T21:49:34.8444409+02:00" testType="13cdc9d9-ddb5-4fa4-a97d-d965ccfc6d4b" outcome="Passed" testListId="8c84fa94-04c1-424b-9868-57a2d4851a1d" relativeResultsDirectory="45e37072-1cc2-45a8-83c1-0816e2f3feb1" />
    <UnitTestResult executionId="8cb48611-8c45-4360-956f-bfa3282dffd1" testId="711f6d8b-670c-a1f9-86f7-9c1daad81a93" testName="FS.GG.Coord.Cli.Tests.ForceStealTests.#1620 a steal is RECORDED ON THE ITEM, naming the prior holder and the worker that took it" computerName="c2756152e150" duration="00:00:00.0029979" startTime="2026-08-21T21:49:36.2994199+02:00" endTime="2026-08-21T21:49:36.3018688+02:00" testType="13cdc9d9-ddb5-4fa4-a97d-d965ccfc6d4b" outcome="Passed" testListId="8c84fa94-04c1-424b-9868-57a2d4851a1d" relativeResultsDirectory="8cb48611-8c45-4360-956f-bfa3282dffd1" />
    <UnitTestResult executionId="993b04cb-38fe-4a19-898a-8fa32c23eab7" testId="5b70f977-c2b0-96a5-1e33-cb3648241093" testName="FS.GG.Coord.Cli.Tests.CrossRepoRankTests.#1628 the SCOPED candidate list still cannot see those edges — the fixture is not vacuous" computerName="c2756152e150" duration="00:00:00.0004192" startTime="2026-08-21T21:49:36.3089808+02:00" endTime="2026-08-21T21:49:36.3093253+02:00" testType="13cdc9d9-ddb5-4fa4-a97d-d965ccfc6d4b" outcome="Passed" testListId="8c84fa94-04c1-424b-9868-57a2d4851a1d" relativeResultsDirectory="993b04cb-38fe-4a19-898a-8fa32c23eab7" />
    <UnitTestResult executionId="fe495025-411d-431a-bf0a-af0c9cb5fe3a" testId="a661d02c-2196-6790-e905-44a793b93226" testName="FS.GG.Coord.Cli.Tests.ForceStealTests.#1620 the SAME board with no --force still refuses - the flag is the whole difference" computerName="c2756152e150" duration="00:00:00.0009075" startTime="2026-08-21T21:49:36.3054972+02:00" endTime="2026-08-21T21:49:36.3061181+02:00" testType="13cdc9d9-ddb5-4fa4-a97d-d965ccfc6d4b" outcome="Passed" testListId="8c84fa94-04c1-424b-9868-57a2d4851a1d" relativeResultsDirectory="fe495025-411d-431a-bf0a-af0c9cb5fe3a" />
    <UnitTestResult executionId="1087f1ed-85da-4dd4-89ad-0b728644fb2f" testId="1aa1ed72-f605-9e97-a969-a25635264968" testName="FS.GG.Coord.Cli.Tests.ChoresTests.an idle worker on a board with a cleared blocker is offered the chore, and HOLDS the lock" computerName="c2756152e150" duration="00:00:00.0001637" startTime="2026-08-21T21:49:35.2060281+02:00" endTime="2026-08-21T21:49:35.2061649+02:00" testType="13cdc9d9-ddb5-4fa4-a97d-d965ccfc6d4b" outcome="Passed" testListId="8c84fa94-04c1-424b-9868-57a2d4851a1d" relativeResultsDirectory="1087f1ed-85da-4dd4-89ad-0b728644fb2f" />
    <UnitTestResult executionId="2f09b27f-14c7-459f-bc0e-e2a9d79dd4e0" testId="a26fc3a3-40eb-f72e-bba2-3224051df0c6" testName="FS.GG.Coord.Cli.Tests.ChoresTests.#1679: a Class column written AFTER the cached scan is SEEN — the offer does not survive its discharge" computerName="c2756152e150" duration="00:00:00.0008264" startTime="2026-08-21T21:49:35.2035884+02:00" endTime="2026-08-21T21:49:35.2043869+02:00" testType="13cdc9d9-ddb5-4fa4-a97d-d965ccfc6d4b" outcome="Passed" testListId="8c84fa94-04c1-424b-9868-57a2d4851a1d" relativeResultsDirectory="2f09b27f-14c7-459f-bc0e-e2a9d79dd4e0" />
    <UnitTestResult executionId="9ed85641-0a52-42a8-a61e-b0cebf06f012" testId="4e98f03f-33d4-12f7-41e6-6b07a6c6fb53" testName="FS.GG.Coord.Cli.Tests.RepoScopeTests.the lock ref is canonical however the owner was spelled(owner: &quot;FS-GG&quot;)" computerName="c2756152e150" duration="00:00:00.0000533" startTime="2026-08-21T21:49:35.0593215+02:00" endTime="2026-08-21T21:49:35.0593284+02:00" testType="13cdc9d9-ddb5-4fa4-a97d-d965ccfc6d4b" outcome="Passed" testListId="8c84fa94-04c1-424b-9868-57a2d4851a1d" relativeResultsDirectory="9ed85641-0a52-42a8-a61e-b0cebf06f012" />
    <UnitTestResult executionId="c1a7bd23-755c-4930-90f8-54fd21d63ad8" testId="98f8830c-70a2-6c53-88b3-733bca30e8d9" testName="FS.GG.Coord.Cli.Tests.LandableNotOpenTests.#2360 a second PR advancing main invalidates authorization while PR base snapshot stays stale" computerName="c2756152e150" duration="00:00:00.0012675" startTime="2026-08-21T21:49:36.3322720+02:00" endTime="2026-08-21T21:49:36.3335156+02:00" testType="13cdc9d9-ddb5-4fa4-a97d-d965ccfc6d4b" outcome="Passed" testListId="8c84fa94-04c1-424b-9868-57a2d4851a1d" relativeResultsDirectory="c1a7bd23-755c-4930-90f8-54fd21d63ad8" />
    <UnitTestResult executionId="a80e839f-7bf7-40bf-9a70-3c1f1466004e" testId="da4cfb27-b1d2-4e52-b811-69a942e964bb" testName="FS.GG.Coord.Cli.Tests.WhoLivenessTests.#1668 a COMPLETE read of an In-progress item with no marker still says UNCLAIMED" computerName="c2756152e150" duration="00:00:00.0005804" startTime="2026-08-21T21:49:36.3849327+02:00" endTime="2026-08-21T21:49:36.3854891+02:00" testType="13cdc9d9-ddb5-4fa4-a97d-d965ccfc6d4b" outcome="Passed" testListId="8c84fa94-04c1-424b-9868-57a2d4851a1d" relativeResultsDirectory="a80e839f-7bf7-40bf-9a70-3c1f1466004e" />
    <UnitTestResult executionId="a18e48e9-87ea-49e3-9d41-57514b3b9999" testId="bc44db2e-8c6a-6a89-9855-b2fc0f8144ec" testName="FS.GG.Coord.Cli.Tests.OpLockTests.the operation lock and the chore lock are DIFFERENT subjects wherever both exist" computerName="c2756152e150" duration="00:00:00.0001044" startTime="2026-08-21T21:49:36.3989221+02:00" endTime="2026-08-21T21:49:36.3989354+02:00" testType="13cdc9d9-ddb5-4fa4-a97d-d965ccfc6d4b" outcome="Passed" testListId="8c84fa94-04c1-424b-9868-57a2d4851a1d" relativeResultsDirectory="a18e48e9-87ea-49e3-9d41-57514b3b9999" />
    <UnitTestResult executionId="628538f6-0421-40bf-ab5f-91abd0ce8953" testId="53cba2f8-f9b1-13c6-ef32-b6095f72456c" testName="FS.GG.Coord.Cli.Tests.SnapshotTests.a snapshot with several faults reports them ALL in one pass" computerName="c2756152e150" duration="00:00:00.0000762" startTime="2026-08-21T21:49:36.3671540+02:00" endTime="2026-08-21T21:49:36.3671661+02:00" testType="13cdc9d9-ddb5-4fa4-a97d-d965ccfc6d4b" outcome="Passed" testListId="8c84fa94-04c1-424b-9868-57a2d4851a1d" relativeResultsDirectory="628538f6-0421-40bf-ab5f-91abd0ce8953" />
    <UnitTestResult executionId="dbfaf29f-52fb-4aca-9c7d-cbffec73f220" testId="a5ad2f74-210a-c269-0622-0ea6631ce9e4" testName="FS.GG.Coord.Cli.Tests.RepoScopeTests.a remote that does not name exactly one owner/repo is refused(url: &quot;https://github.com/FS-GG&quot;)" computerName="c2756152e150" duration="00:00:00.0000624" startTime="2026-08-21T21:49:35.0572415+02:00" endTime="2026-08-21T21:49:35.0572876+02:00" testType="13cdc9d9-ddb5-4fa4-a97d-d965ccfc6d4b" outcome="Passed" testListId="8c84fa94-04c1-424b-9868-57a2d4851a1d" relativeResultsDirectory="dbfaf29f-52fb-4aca-9c7d-cbffec73f220" />
    <UnitTestResult executionId="28b95700-e6af-4d63-a1a3-a72ff01b3394" testId="9250db1f-a75d-eb6c-da8d-8bc29c5c8fc1" testName="FS.GG.Coord.Cli.Tests.RepoScopeTests.a remote that does not name exactly one owner/repo is refused(url: &quot;git@github.com:FS-GG/&quot;)" computerName="c2756152e150" duration="00:00:00.0000006" startTime="2026-08-21T21:49:35.0575707+02:00" endTime="2026-08-21T21:49:35.0575779+02:00" testType="13cdc9d9-ddb5-4fa4-a97d-d965ccfc6d4b" outcome="Passed" testListId="8c84fa94-04c1-424b-9868-57a2d4851a1d" relativeResultsDirectory="28b95700-e6af-4d63-a1a3-a72ff01b3394" />
    <UnitTestResult executionId="64a69e85-6b20-4773-aa69-ba92398b2406" testId="757976e3-a275-e895-7a7c-58d6e235e67d" testName="FS.GG.Coord.Cli.Tests.FollowupsTests.Empty and Unreadable are DIFFERENT outcomes and different codes" computerName="c2756152e150" duration="00:00:00.0003793" startTime="2026-08-21T21:49:35.2916607+02:00" endTime="2026-08-21T21:49:35.2920367+02:00" testType="13cdc9d9-ddb5-4fa4-a97d-d965ccfc6d4b" outcome="Passed" testListId="8c84fa94-04c1-424b-9868-57a2d4851a1d" relativeResultsDirectory="64a69e85-6b20-4773-aa69-ba92398b2406" />
    <UnitTestResult executionId="d885ebbd-9b2a-48b9-beb3-2300594caf4b" testId="0a6d3ab5-34f2-e4f7-5172-f5da580cbea4" testName="FS.GG.Coord.Cli.Tests.RepoScopeTests.every git remote form yields owner/repo(url: &quot;https://github.com/FS-GG/.github.git&quot;, expected: &quot;FS-GG/.github&quot;)" computerName="c2756152e150" duration="00:00:00.0000013" startTime="2026-08-21T21:49:35.0590756+02:00" endTime="2026-08-21T21:49:35.0590839+02:00" testType="13cdc9d9-ddb5-4fa4-a97d-d965ccfc6d4b" outcome="Passed" testListId="8c84fa94-04c1-424b-9868-57a2d4851a1d" relativeResultsDirectory="d885ebbd-9b2a-48b9-beb3-2300594caf4b" />
    <UnitTestResult executionId="64fc97f9-a4c1-4873-a0ee-53126fd75457" testId="f8492a3b-d1d2-a52a-473f-baae8d3af452" testName="FS.GG.Coord.Cli.Tests.ClaimOverlapTests.#2459 round-1: claim --refuse-overlap REFUSES on an UNREADABLE collision scan (AC3)" computerName="c2756152e150" duration="00:00:00.0014998" startTime="2026-08-21T21:49:35.1674246+02:00" endTime="2026-08-21T21:49:35.1689250+02:00" testType="13cdc9d9-ddb5-4fa4-a97d-d965ccfc6d4b" outcome="Passed" testListId="8c84fa94-04c1-424b-9868-57a2d4851a1d" relativeResultsDirectory="64fc97f9-a4c1-4873-a0ee-53126fd75457" />
    <UnitTestResult executionId="421c2d7c-b1e2-494d-8ca9-6c379881bbc7" testId="9c86fde7-64d7-255c-2e9b-2172653ec89b" testName="FS.GG.Coord.Cli.Tests.RepoScopeTests.every git remote form yields owner/repo(url: &quot;https://github.com/FS-GG/FS.GG.SDD.git&quot;, expected: &quot;FS-GG/FS.GG.SDD&quot;)" computerName="c2756152e150" duration="00:00:00.0000005" startTime="2026-08-21T21:49:35.0591581+02:00" endTime="2026-08-21T21:49:35.0591652+02:00" testType="13cdc9d9-ddb5-4fa4-a97d-d965ccfc6d4b" outcome="Passed" testListId="8c84fa94-04c1-424b-9868-57a2d4851a1d" relativeResultsDirectory="421c2d7c-b1e2-494d-8ca9-6c379881bbc7" />
    <UnitTestResult executionId="8a01c32e-5d88-481a-a62d-8b9fb877d068" testId="26fbab40-25e4-e253-c057-b22baf6afa48" testName="FS.GG.Coord.Cli.Tests.DeliveryApplicationTests.#2395 two markers collapse to exactly one, never left duplicated" computerName="c2756152e150" duration="00:00:00.0001390" startTime="2026-08-21T21:49:34.8235524+02:00" endTime="2026-08-21T21:49:34.8235608+02:00" testType="13cdc9d9-ddb5-4fa4-a97d-d965ccfc6d4b" outcome="Passed" testListId="8c84fa94-04c1-424b-9868-57a2d4851a1d" relativeResultsDirectory="8a01c32e-5d88-481a-a62d-8b9fb877d068" />
    <UnitTestResult executionId="36067056-66d5-43b6-9b9f-e84611c7c8a3" testId="7fb1ccff-90ae-b4b8-633c-ffebaf4085a4" testName="FS.GG.Coord.Cli.Tests.ChoresTests.#1649: a chore ALREADY DISCHARGED is not offered again — and costs no lock to decline" computerName="c2756152e150" duration="00:00:00.0004214" startTime="2026-08-21T21:49:35.2020725+02:00" endTime="2026-08-21T21:49:35.2024544+02:00" testType="13cdc9d9-ddb5-4fa4-a97d-d965ccfc6d4b" outcome="Passed" testListId="8c84fa94-04c1-424b-9868-57a2d4851a1d" relativeResultsDirectory="36067056-66d5-43b6-9b9f-e84611c7c8a3" />
    <UnitTestResult executionId="c86a907c-cac2-4da8-ab4a-c3e821b8c636" testId="ae561851-1031-dd9e-0712-f14e915ddfd4" testName="FS.GG.Coord.Cli.Tests.TakeFallthroughTests..github#2683 EX_RATE short-circuits immediately and is never retried against further candidates" computerName="c2756152e150" duration="00:00:00.0129297" startTime="2026-08-21T21:49:35.7004148+02:00" endTime="2026-08-21T21:49:35.7133893+02:00" testType="13cdc9d9-ddb5-4fa4-a97d-d965ccfc6d4b" outcome="Passed" testListId="8c84fa94-04c1-424b-9868-57a2d4851a1d" relativeResultsDirectory="c86a907c-cac2-4da8-ab4a-c3e821b8c636" />
    <UnitTestResult executionId="36b9cfbd-84ac-4e2f-8231-61060b4e13a3" testId="85849d40-6c23-885a-8550-438cb933da09" testName="FS.GG.Coord.Cli.Tests.FollowupsTests.an EMPTY id is refused rather than keyed on" computerName="c2756152e150" duration="00:00:00.0006214" startTime="2026-08-21T21:49:35.2923296+02:00" endTime="2026-08-21T21:49:35.2929286+02:00" testType="13cdc9d9-ddb5-4fa4-a97d-d965ccfc6d4b" outcome="Passed" testListId="8c84fa94-04c1-424b-9868-57a2d4851a1d" relativeResultsDirectory="36b9cfbd-84ac-4e2f-8231-61060b4e13a3" />
    <UnitTestResult executionId="f6461bd4-044c-4fbd-b066-7241ca432662" testId="b5a19e50-48c9-91f4-e8ed-818f06fffe60" testName="FS.GG.Coord.Cli.Tests.DeliveryApplicationTests.#2131 delivery adapter refuses a stale claim generation before issuing a merge" computerName="c2756152e150" duration="00:00:00.0009518" startTime="2026-08-21T21:49:34.8629664+02:00" endTime="2026-08-21T21:49:34.8637390+02:00" testType="13cdc9d9-ddb5-4fa4-a97d-d965ccfc6d4b" outcome="Passed" testListId="8c84fa94-04c1-424b-9868-57a2d4851a1d" relativeResultsDirectory="f6461bd4-044c-4fbd-b066-7241ca432662" />
    <UnitTestResult executionId="37bb23d7-2301-4818-b21c-f5b0a391261f" testId="9418b9a0-be27-fc38-1aae-c96d7580727d" testName="FS.GG.Coord.Cli.Tests.ClaimOverlapTests.#2459 round-1: an UNREADABLE collision scan still WARNS-and-claims by default (AC2)" computerName="c2756152e150" duration="00:00:00.0011781" startTime="2026-08-21T21:49:35.1748783+02:00" endTime="2026-08-21T21:49:35.1760253+02:00" testType="13cdc9d9-ddb5-4fa4-a97d-d965ccfc6d4b" outcome="Passed" testListId="8c84fa94-04c1-424b-9868-57a2d4851a1d" relativeResultsDirectory="37bb23d7-2301-4818-b21c-f5b0a391261f" />
    <UnitTestResult executionId="1ab2c843-338f-4d82-99cb-c0f96fa08fa2" testId="158a7bf7-6baa-b2fe-f27d-cea15f509b3c" testName="FS.GG.Coord.Cli.Tests.RepoScopeTests.--repo is resolved for every repo-taking verb, not a list of them(verb: &quot;next&quot;)" computerName="c2756152e150" duration="00:00:00.0002087" startTime="2026-08-21T21:49:35.0577020+02:00" endTime="2026-08-21T21:49:35.0577088+02:00" testType="13cdc9d9-ddb5-4fa4-a97d-d965ccfc6d4b" outcome="Passed" testListId="8c84fa94-04c1-424b-9868-57a2d4851a1d" relativeResultsDirectory="1ab2c843-338f-4d82-99cb-c0f96fa08fa2" />
    <UnitTestResult executionId="e9f2f64e-2201-4037-9335-4f55305e2d99" testId="fab82166-5f79-1d4f-d8d1-17c4ceffce4b" testName="FS.GG.Coord.Cli.Tests.RepoScopeTests.sir and S.I.R. resolve to the identical Scope value(raw: &quot;sir&quot;)" computerName="c2756152e150" duration="00:00:00.0000004" startTime="2026-08-21T21:49:35.0605757+02:00" endTime="2026-08-21T21:49:35.0605827+02:00" testType="13cdc9d9-ddb5-4fa4-a97d-d965ccfc6d4b" outcome="Passed" testListId="8c84fa94-04c1-424b-9868-57a2d4851a1d" relativeResultsDirectory="e9f2f64e-2201-4037-9335-4f55305e2d99" />
    <UnitTestResult executionId="db288939-6331-4001-b18c-21082872c90f" testId="71b4908d-c3d7-bad7-4c1f-f4b65abc6098" testName="FS.GG.Coord.Cli.Tests.ScanRoundTripTests.a STALE off-board claim still RESERVES its touch-set - a lock is broken only by reap, never a clock" computerName="c2756152e150" duration="00:00:00.0021987" startTime="2026-08-21T21:49:35.3436013+02:00" endTime="2026-08-21T21:49:35.3457810+02:00" testType="13cdc9d9-ddb5-4fa4-a97d-d965ccfc6d4b" outcome="Passed" testListId="8c84fa94-04c1-424b-9868-57a2d4851a1d" relativeResultsDirectory="db288939-6331-4001-b18c-21082872c90f" />
    <UnitTestResult executionId="a65a0f8c-c506-466a-a2ee-20f4e36aa5dd" testId="09f180ac-f4fc-a29b-51ea-fcf97020a1b7" testName="FS.GG.Coord.Cli.Tests.DeliveryApplicationTests.#2395 with two owned elections the LOWER comment id is granted, whatever order they are read in" computerName="c2756152e150" duration="00:00:00.0013420" startTime="2026-08-21T21:49:34.8670733+02:00" endTime="2026-08-21T21:49:34.8682396+02:00" testType="13cdc9d9-ddb5-4fa4-a97d-d965ccfc6d4b" outcome="Passed" testListId="8c84fa94-04c1-424b-9868-57a2d4851a1d" relativeResultsDirectory="a65a0f8c-c506-466a-a2ee-20f4e36aa5dd" />
    <UnitTestResult executionId="22d7be5d-5caf-4286-a12d-e6ec82e3c84e" testId="c021fbe0-dcd6-c92f-148d-1f436882d192" testName="FS.GG.Coord.Cli.Tests.DeliveryApplicationTests.#2395 a second call posts NO second election and grants the same comment id" computerName="c2756152e150" duration="00:00:00.0115821" startTime="2026-08-21T21:49:34.8480350+02:00" endTime="2026-08-21T21:49:34.8595924+02:00" testType="13cdc9d9-ddb5-4fa4-a97d-d965ccfc6d4b" outcome="Passed" testListId="8c84fa94-04c1-424b-9868-57a2d4851a1d" relativeResultsDirectory="22d7be5d-5caf-4286-a12d-e6ec82e3c84e" />
    <UnitTestResult executionId="bd74b1ad-9396-459b-9ab7-117f86f67d6d" testId="95f3aa46-7900-ed66-40cb-bd978a62a0ee" testName="FS.GG.Coord.Cli.Tests.OpLockDispatchVerbTests.the text projection prints grant and opkey on stdout, and the release reminder on stderr" computerName="c2756152e150" duration="00:00:00.0007025" startTime="2026-08-21T21:49:36.4241038+02:00" endTime="2026-08-21T21:49:36.4247875+02:00" testType="13cdc9d9-ddb5-4fa4-a97d-d965ccfc6d4b" outcome="Passed" testListId="8c84fa94-04c1-424b-9868-57a2d4851a1d" relativeResultsDirectory="bd74b1ad-9396-459b-9ab7-117f86f67d6d" />
    <UnitTestResult executionId="2a9b00b5-f545-4ff8-91d3-357847028bc7" testId="f1376fc7-77b9-6c8f-556f-6eedff2f66f6" testName="FS.GG.Coord.Cli.Tests.ClassLintTests.a valid line beside an invalid one still reports the invalid one" computerName="c2756152e150" duration="00:00:00.0000485" startTime="2026-08-21T21:49:36.4036793+02:00" endTime="2026-08-21T21:49:36.4036876+02:00" testType="13cdc9d9-ddb5-4fa4-a97d-d965ccfc6d4b" outcome="Passed" testListId="8c84fa94-04c1-424b-9868-57a2d4851a1d" relativeResultsDirectory="2a9b00b5-f545-4ff8-91d3-357847028bc7" />
    <UnitTestResult executionId="f06d2ee0-7cbb-42ba-96da-fcbe9da595df" testId="cfe9afb0-9b44-937f-05d5-9a1d89885830" testName="FS.GG.Coord.Cli.Tests.ForceStealTests.#1620 claim --force TAKES an item a live worker holds, and the receipt says it stole it" computerName="c2756152e150" duration="00:00:00.0047524" startTime="2026-08-21T21:49:36.2941086+02:00" endTime="2026-08-21T21:49:36.2988192+02:00" testType="13cdc9d9-ddb5-4fa4-a97d-d965ccfc6d4b" outcome="Passed" testListId="8c84fa94-04c1-424b-9868-57a2d4851a1d" relativeResultsDirectory="f06d2ee0-7cbb-42ba-96da-fcbe9da595df" />
    <UnitTestResult executionId="a9fe1f58-e39d-4b88-8662-5de592f288d4" testId="6b9f0035-18eb-b7e2-e22d-5297f2af20a6" testName="FS.GG.Coord.Cli.Tests.RuleSubsetTests.#1623 every writing ChoreKind is named by check-board, with a non-vacuous floor" computerName="c2756152e150" duration="00:00:00.0085724" startTime="2026-08-21T21:49:35.3245684+02:00" endTime="2026-08-21T21:49:35.3331164+02:00" testType="13cdc9d9-ddb5-4fa4-a97d-d965ccfc6d4b" outcome="Passed" testListId="8c84fa94-04c1-424b-9868-57a2d4851a1d" relativeResultsDirectory="a9fe1f58-e39d-4b88-8662-5de592f288d4" />
[...]
    <TestEntry testId="0b5c4696-1672-a4ed-14a5-bb8c13830c11" executionId="cc2e43e5-a702-4b15-a796-e05ca03800b9" testListId="8c84fa94-04c1-424b-9868-57a2d4851a1d" />
    <TestEntry testId="48d5c0f4-34c0-c8bd-50b9-abaf21384613" executionId="2be8ea4f-b2dd-4731-9f0c-cee9f8c6c129" testListId="8c84fa94-04c1-424b-9868-57a2d4851a1d" />
    <TestEntry testId="7aed1e48-b64d-fab6-1991-4f346583315d" executionId="5925c11d-3c16-4a6f-98ea-e49f2167ae47" testListId="8c84fa94-04c1-424b-9868-57a2d4851a1d" />
    <TestEntry testId="b72e8ec9-7037-316d-e7a8-67b24b5de385" executionId="793935d1-85a5-4bdd-ae8f-d4cf695f998b" testListId="8c84fa94-04c1-424b-9868-57a2d4851a1d" />
    <TestEntry testId="620b3f98-6a5e-2948-83f3-8339483568cb" executionId="c3450bb6-6874-4ddd-9b9e-76f6d9a6080e" testListId="8c84fa94-04c1-424b-9868-57a2d4851a1d" />
    <TestEntry testId="69e72238-44b8-11ba-7d9c-31d65e09d511" executionId="49a50d6e-9828-412a-90a0-56225d9c4193" testListId="8c84fa94-04c1-424b-9868-57a2d4851a1d" />
    <TestEntry testId="8d20e07a-93a0-c2c9-ff22-1f4bec687a09" executionId="1e743e02-93d5-4f21-84cb-0c8c035ef129" testListId="8c84fa94-04c1-424b-9868-57a2d4851a1d" />
    <TestEntry testId="196088c0-a331-4376-dd88-c5817585c91c" executionId="8c159c1d-5f25-4afb-98fb-3241d6e53dbe" testListId="8c84fa94-04c1-424b-9868-57a2d4851a1d" />
    <TestEntry testId="d8d39044-7834-86ce-7868-c9925e7e24b3" executionId="d254200f-c3d8-493d-b03e-214d6b5231b6" testListId="8c84fa94-04c1-424b-9868-57a2d4851a1d" />
    <TestEntry testId="ee5d8203-652c-0ab2-dbb2-1f148f902a40" executionId="43a46fe7-281d-4b3b-84d2-72895198c8b1" testListId="8c84fa94-04c1-424b-9868-57a2d4851a1d" />
    <TestEntry testId="91f3be91-efdf-0aaa-4039-6f785330616f" executionId="7d57e4e0-999f-4d52-811a-a7c4ca6e6273" testListId="8c84fa94-04c1-424b-9868-57a2d4851a1d" />
    <TestEntry testId="3bb9b95b-856b-ab1a-9c63-6af498491cb4" executionId="c9b515c1-ece6-498c-9ce2-6423a6461c46" testListId="8c84fa94-04c1-424b-9868-57a2d4851a1d" />
    <TestEntry testId="ba05f975-e3a0-df86-0da5-db0041a49e5c" executionId="79b0ddf3-7b83-4eb6-ae7b-816314b4fd43" testListId="8c84fa94-04c1-424b-9868-57a2d4851a1d" />
    <TestEntry testId="bd249412-9d3d-b2d7-db6b-ca642e745c08" executionId="3a5b4af1-df55-4aaf-817e-379ecec7f9b0" testListId="8c84fa94-04c1-424b-9868-57a2d4851a1d" />
    <TestEntry testId="12731b1f-e072-9d33-4c0b-c415c4dc8f35" executionId="dbf90e65-8f56-4331-aa38-d32c4d3ffd1c" testListId="8c84fa94-04c1-424b-9868-57a2d4851a1d" />
    <TestEntry testId="9adf8a6b-cf2f-b77f-af36-fae6d76e0874" executionId="53c486f5-e342-4461-a106-2a1a5ed0d17d" testListId="8c84fa94-04c1-424b-9868-57a2d4851a1d" />
    <TestEntry testId="1497c833-0699-6463-3a51-b4181dfa309b" executionId="f6cf2c91-e257-4f5a-9075-689d6b74bc3f" testListId="8c84fa94-04c1-424b-9868-57a2d4851a1d" />
    <TestEntry testId="a2946c0e-994d-fe32-8968-27a5e191f6a7" executionId="176f6b2f-eba1-40e2-b8e1-3f04368aac96" testListId="8c84fa94-04c1-424b-9868-57a2d4851a1d" />
    <TestEntry testId="3f38ed02-9e2d-eb5b-0a44-fe0e5c2c3e1a" executionId="843f76b8-744f-4494-bcab-a12c8f19da89" testListId="8c84fa94-04c1-424b-9868-57a2d4851a1d" />
    <TestEntry testId="cdcdaf6a-0a52-b7ad-e2f6-e8fd54f6cb1c" executionId="97d8b492-5617-4503-a997-ef5efc281cae" testListId="8c84fa94-04c1-424b-9868-57a2d4851a1d" />
    <TestEntry testId="31ec5179-cb19-e5cb-b6b3-81c2b4e7bbcf" executionId="9164e966-28f0-4970-9a94-e45a24945c63" testListId="8c84fa94-04c1-424b-9868-57a2d4851a1d" />
    <TestEntry testId="34d77bb4-fda7-67f0-c248-da4934fd6260" executionId="57166135-6b64-4bd1-9405-32ff768b3fd4" testListId="8c84fa94-04c1-424b-9868-57a2d4851a1d" />
    <TestEntry testId="017c6d91-231a-660e-11ec-9b053a4e46d7" executionId="4d2a128d-1992-4146-9d4a-d8937ef854a7" testListId="8c84fa94-04c1-424b-9868-57a2d4851a1d" />
    <TestEntry testId="f24d84c5-b4ad-16bd-2f57-7f472ef82526" executionId="3850c24a-9622-42ee-818b-8a80e94986c5" testListId="8c84fa94-04c1-424b-9868-57a2d4851a1d" />
    <TestEntry testId="c18a1adf-7f5a-7db3-ec53-7c53887ce93b" executionId="e3254ffc-f8b2-49ab-a47c-a155e7237f31" testListId="8c84fa94-04c1-424b-9868-57a2d4851a1d" />
    <TestEntry testId="bf8ee8c9-e661-c169-1064-5d5a0acfbf4e" executionId="3564658e-068b-496d-afc6-c4af44959522" testListId="8c84fa94-04c1-424b-9868-57a2d4851a1d" />
    <TestEntry testId="77be1a0b-574f-9f79-d5b2-8f6e4157241a" executionId="ae0210c8-0045-4c33-a780-0a2bfc66979c" testListId="8c84fa94-04c1-424b-9868-57a2d4851a1d" />
    <TestEntry testId="c37d5ff2-8f4d-a36c-50e6-f5e178378b11" executionId="5e381dab-3044-49b8-b0bc-2f9aa406fe8b" testListId="8c84fa94-04c1-424b-9868-57a2d4851a1d" />
    <TestEntry testId="a22875c7-c31d-efb6-ae9a-a8c3c994f39e" executionId="d1cf918b-eaa4-461a-8cf0-07187e4cd224" testListId="8c84fa94-04c1-424b-9868-57a2d4851a1d" />
    <TestEntry testId="b9322c18-7fdb-4b25-ed52-6e39ee286550" executionId="3dac5421-3d66-49e8-80bd-5295fe04a941" testListId="8c84fa94-04c1-424b-9868-57a2d4851a1d" />
    <TestEntry testId="5a221f29-f02e-488b-51a8-6890a8fc1ff8" executionId="8fb52f51-7e5b-4a5c-bf57-6667bd30e5eb" testListId="8c84fa94-04c1-424b-9868-57a2d4851a1d" />
    <TestEntry testId="0f416810-7a6e-a3f5-d282-840a63959953" executionId="8969ee55-36c5-43e4-aa93-94b4a7237df7" testListId="8c84fa94-04c1-424b-9868-57a2d4851a1d" />
    <TestEntry testId="0d24c694-e37c-c703-ca1b-2dfc5712f412" executionId="a85d9054-5607-4143-89c4-433f0d3428e7" testListId="8c84fa94-04c1-424b-9868-57a2d4851a1d" />
    <TestEntry testId="759eef5c-4680-9874-d28d-27caee332641" executionId="f7081129-ac86-4e20-87be-cf6b18421ac0" testListId="8c84fa94-04c1-424b-9868-57a2d4851a1d" />
    <TestEntry testId="f4635cf0-ef63-9c23-7297-e21b54e27169" executionId="4a10ff1a-07ca-4801-8a49-9174c788f50c" testListId="8c84fa94-04c1-424b-9868-57a2d4851a1d" />
    <TestEntry testId="f55aff9d-1db9-c814-68e3-54116ca81f43" executionId="e0b9e7d1-c506-451f-b14b-754d460a3f7e" testListId="8c84fa94-04c1-424b-9868-57a2d4851a1d" />
    <TestEntry testId="1b678b67-d3d8-550a-b732-374a71f97daa" executionId="c70b5f6d-e91d-4fac-9c6c-81bfd3784006" testListId="8c84fa94-04c1-424b-9868-57a2d4851a1d" />
    <TestEntry testId="786bff10-4453-a4a6-a0f8-74bc22b9fe5a" executionId="b18811d4-78e2-4066-b550-5ae06479112a" testListId="8c84fa94-04c1-424b-9868-57a2d4851a1d" />
    <TestEntry testId="4c948b85-1691-766f-9b46-fc7adbe51e66" executionId="094ea8cb-cb9d-4bbf-ac61-8d94127f2afa" testListId="8c84fa94-04c1-424b-9868-57a2d4851a1d" />
    <TestEntry testId="b59bac1b-1e74-2698-27d3-082adefd6fb6" executionId="84048d22-517c-4889-8bb8-714a102a52c3" testListId="8c84fa94-04c1-424b-9868-57a2d4851a1d" />
    <TestEntry testId="f2d80f2c-22f5-ab2f-8678-ac89d2530bd9" executionId="363865c2-8f0f-4f09-baf7-35a0dc8237b2" testListId="8c84fa94-04c1-424b-9868-57a2d4851a1d" />
    <TestEntry testId="acbb2e16-788b-e3c5-94fa-baf560681ac0" executionId="6efe2786-bb97-4c24-bc83-b4f38a6e083f" testListId="8c84fa94-04c1-424b-9868-57a2d4851a1d" />
    <TestEntry testId="60c68c5d-07a5-5179-795e-7c39248663a1" executionId="779fa2da-dc63-422b-9504-ea2221bf3fb3" testListId="8c84fa94-04c1-424b-9868-57a2d4851a1d" />
    <TestEntry testId="b8002e6e-74db-a970-8a7c-30a70f395080" executionId="bac41be0-2d95-4854-8994-3a57f7f1a4e1" testListId="8c84fa94-04c1-424b-9868-57a2d4851a1d" />
    <TestEntry testId="fdb8f17f-8204-f3e2-b916-5c8b6a34d88c" executionId="7c9119d1-8aaf-4d9b-a544-50f959dc5c75" testListId="8c84fa94-04c1-424b-9868-57a2d4851a1d" />
    <TestEntry testId="5e542120-bf6b-df12-a3db-1b795a351cdb" executionId="9519dc53-2f01-4f59-a61b-1e79a79c393a" testListId="8c84fa94-04c1-424b-9868-57a2d4851a1d" />
    <TestEntry testId="e5f3ac37-436a-c0b8-559e-89faaf7dcfcc" executionId="25d6f8ef-1cb0-45a3-a2e0-bb5d9ddb28d4" testListId="8c84fa94-04c1-424b-9868-57a2d4851a1d" />
    <TestEntry testId="b33cd3f6-fa4b-9cf1-c25a-f49d7d9b8bec" executionId="e41e2b6b-bca6-4dc9-9c7f-d4a35fa2e5cd" testListId="8c84fa94-04c1-424b-9868-57a2d4851a1d" />
    <TestEntry testId="d27c424f-d022-8fac-928e-92bbd5eb6a04" executionId="02b04bec-29bb-4547-bf2f-d54aa2d76c16" testListId="8c84fa94-04c1-424b-9868-57a2d4851a1d" />
    <TestEntry testId="7e979428-9af1-2129-4c43-98e8f8aee011" executionId="f2afe3cb-a46c-4e3d-9f21-d4464325bcb2" testListId="8c84fa94-04c1-424b-9868-57a2d4851a1d" />
    <TestEntry testId="91cf9506-9e5d-2921-1506-186515a2f59b" executionId="15f89e2d-fc87-4968-bedd-517a1a1cc93c" testListId="8c84fa94-04c1-424b-9868-57a2d4851a1d" />
    <TestEntry testId="d269fef5-831b-4dfd-7786-e203d54cd81b" executionId="11096cb0-e774-4af5-a6f0-2f55c9f66e79" testListId="8c84fa94-04c1-424b-9868-57a2d4851a1d" />
    <TestEntry testId="f7fb0f28-b250-d432-cde8-3b508cfdcd3b" executionId="f8032493-1a66-473a-9379-a993afa53248" testListId="8c84fa94-04c1-424b-9868-57a2d4851a1d" />
    <TestEntry testId="e4efecad-8dc4-ac9f-ef0d-f87534374578" executionId="b6a7cae0-9326-4afb-a955-bcb0ce410133" testListId="8c84fa94-04c1-424b-9868-57a2d4851a1d" />
    <TestEntry testId="d3c85e9b-df07-6e93-dfe5-f4ae345e665e" executionId="f3bbbcaa-badb-4945-ae13-efcd160e5a95" testListId="8c84fa94-04c1-424b-9868-57a2d4851a1d" />
    <TestEntry testId="4415c11e-63aa-931b-022a-ca0464ba2e34" executionId="27dd6a52-a386-403a-9b8a-0417ca784ad1" testListId="8c84fa94-04c1-424b-9868-57a2d4851a1d" />
    <TestEntry testId="6e607609-121b-3424-fecf-a8e9b11a4a3d" executionId="fa5176f5-273a-42b3-bcca-ad5791329336" testListId="8c84fa94-04c1-424b-9868-57a2d4851a1d" />
    <TestEntry testId="f2a8f6b1-3ccb-b7ed-f1d6-0a13b64d7c3d" executionId="c1695baa-95b2-4192-abf7-331290609fef" testListId="8c84fa94-04c1-424b-9868-57a2d4851a1d" />
    <TestEntry testId="f79987d4-22b2-d97d-ea84-14b413bc4cc0" executionId="c95b3948-9211-41bd-ba7d-aa363534a5de" testListId="8c84fa94-04c1-424b-9868-57a2d4851a1d" />
    <TestEntry testId="29786a0b-77a0-eb09-ad26-93702ba36d78" executionId="b7f8e95b-1e0c-4a45-8eec-3c8460b67ff9" testListId="8c84fa94-04c1-424b-9868-57a2d4851a1d" />
    <TestEntry testId="cee039ad-9e38-316a-54b2-1a2d3a6869dc" executionId="c2a363ef-61a1-4559-a773-09407620b54c" testListId="8c84fa94-04c1-424b-9868-57a2d4851a1d" />
    <TestEntry testId="eb0d1e07-1c25-d89c-7d9d-96300f63dec5" executionId="56583c21-0a7e-4df8-bf3e-c324a3d3bb9a" testListId="8c84fa94-04c1-424b-9868-57a2d4851a1d" />
  </TestEntries>
  <TestLists>
    <TestList name="Results Not in a List" id="8c84fa94-04c1-424b-9868-57a2d4851a1d" />
    <TestList name="All Loaded Results" id="19431567-8539-422a-85d7-44ee4e166bda" />
  </TestLists>
  <ResultSummary outcome="Completed">
    <Counters total="511" executed="511" passed="511" failed="0" error="0" timeout="0" aborted="0" inconclusive="0" passedButRunAborted="0" notRunnable="0" notExecuted="0" disconnected="0" warning="0" completed="0" inProgress="0" pending="0" />
    <Output>
      <StdOut>[xUnit.net 00:00:00.00] xUnit.net VSTest Adapter v3.1.5+1b188a7b0a (64-bit .NET 10.0.10)
[xUnit.net 00:00:00.06]   Discovering: FS.GG.Coord.Cli.Tests
[xUnit.net 00:00:00.11]   Discovered:  FS.GG.Coord.Cli.Tests
[xUnit.net 00:00:00.15]   Starting:    FS.GG.Coord.Cli.Tests
considered 1 candidate(s) — this is a measured count, not an assumption.
  .github#398 — the issue is closed (the board column says Done; /check-board reconciles it)
wave occupancy: {"activeItems":0,"waveCapacity":6,"openSlots":6}
fsgg-coord-engine: delivery-route: recording sdd-required ahead of its SDD package (sdd readiness workId does not match 'substituted-2298') — the claimed worker owns producing it before touching Paths.
fsgg-coord-engine: delivery-route: only structured v2 records may be written: revision is required; scope is required; dependencies is required; touchSet is required; policyVersion is required; digest is required
fsgg-coord-engine: delivery-route: recording sdd-required ahead of its SDD package (sdd readiness status is not implementationReady) — the claimed worker owns producing it before touching Paths.
{"kind":"error","exitCode":1,"message":"malformed response reading FS-GG/FS.GG.SDD#42: delivery route is not current: structured route ledger is missing. That is a FAILED READ, not an empty answer \u2014 refusing to decide from it.","rateLimit":null}
fsgg-coord-engine: malformed response reading FS-GG/FS.GG.SDD#42: structured route ledger is missing. That is a FAILED READ, not an empty answer — refusing to decide from it.
{"kind":"error","exitCode":1,"message":"malformed response reading FS-GG/FS.GG.SDD#42: delivery route is not current: structured route ledger is missing. That is a FAILED READ, not an empty answer \u2014 refusing to decide from it.","rateLimit":null}
fsgg-coord-engine: delivery-route: recording sdd-required ahead of its SDD package (sdd spec does not exist: work/no-package-2298/spec.md; sdd readiness evidence does not exist: /tmp/fsgg-2298-24065d42f2f8442b867281cd6f2495df/readiness/no-package-2298/analysis.json) — the claimed worker owns producing it before touching Paths.
{"kind":"error","exitCode":1,"message":"malformed response reading FS-GG/FS.GG.SDD#42: delivery route is not current: revision is required; scope is required; dependencies is required; touchSet is required; policyVersion is required; route is required; agent is required; timestamp is required; reasonCodes is required; rationale is required; requiredGates is required; digest is required. That is a FAILED READ, not an empty answer \u2014 refusing to decide from it.","rateLimit":null}
fsgg-coord-engine: could not establish .github#42's delivery route (not found: unexpected read for this fixture: repos/FS-GG/.github/issues/42/comments. The server said so — this is an absence, not a failed read.) — NOTHING is subtracted for the sdd-required route's mandatory work/&lt;id&gt; + readiness/&lt;id&gt; output, so it will be reported as drift below.
  Widen the touch-set (scripts/fsgg-coord widen), or split the PR.
  Fix the PR body now — this is unrecoverable once the PR is merged (editing a merged PR's body does not replay the close, .github#2107).
fsgg-coord-engine: could not establish .github#42's delivery route (not found: unexpected read for this fixture: repos/FS-GG/.github/issues/42/comments. The server said so — this is an absence, not a failed read.) — NOTHING is subtracted for the sdd-required route's mandatory work/&lt;id&gt; + readiness/&lt;id&gt; output, so it will be reported as drift below.
  Fix the PR body now — this is unrecoverable once the PR is merged (editing a merged PR's body does not replay the close, .github#2107).
STOLE FS.GG.SDD#42 from worker 'snipe-f893' (--force)
fsgg-coord-engine: post-claim Status readback FAILED for FS.GG.SDD#42: not found: the fixture serves no board WRITE — the lock is what is under test. The server said so — this is an absence, not a failed read.
fsgg-coord-engine: the Status board write for FS.GG.SDD#42 was WITHHELD — the item's open-PR probe could not be completed. The lock IS held; the column is UNCHANGED, because a column derived from a fact this process could not read would be an invention. Re-run `claim FS.GG.SDD#42 --json` once the read recovers, or repair the column with `reconcile --apply`.
STOLE FS.GG.SDD#42 from worker 'snipe-f893' (--force)
fsgg-coord-engine: post-claim Status readback FAILED for FS.GG.SDD#42: not found: the fixture serves no board WRITE — the lock is what is under test. The server said so — this is an absence, not a failed read.
fsgg-coord-engine: the Status board write for FS.GG.SDD#42 was WITHHELD — the item's open-PR probe could not be completed. The lock IS held; the column is UNCHANGED, because a column derived from a fact this process could not read would be an invention. Re-run `claim FS.GG.SDD#42 --json` once the read recovers, or repair the column with `reconcile --apply`.
fsgg-coord-engine: post-claim Status readback FAILED for FS.GG.SDD#42: not found: the fixture serves no board WRITE — the lock is what is under test. The server said so — this is an absence, not a failed read.
fsgg-coord-engine: the Status board write for FS.GG.SDD#42 was WITHHELD — the item's open-PR probe could not be completed. The lock IS held; the column is UNCHANGED, because a column derived from a fact this process could not read would be an invention. Re-run `claim FS.GG.SDD#42 --json` once the read recovers, or repair the column with `reconcile --apply`.
fsgg-coord-engine: FS.GG.SDD#42 carries a live marker with YOUR worker id 'vole-418' but a DIFFERENT session (79b9e347) — two workers share one id (#419). Adopting it would put both of you on this item, which is the double-claim ADR-0027 exists to prevent.
  Mint a fresh, unique id in THIS shell (do NOT invent one):  eval "$(scripts/fsgg-coord whoami --mint)"
fsgg-coord-engine: FS.GG.SDD#42 is already held by snipe-f893 — you did not get it. Wait for the lease to lapse, or work whatever `take` offers instead; `take` advances through its own ranked candidates on a lost race, so no caller re-runs it to retry (.github#2683).
fsgg-coord-engine: landable: evaluated the host review-acceptance assertion (`fsgg:review-decision/v2`) for PR #801.
fsgg-coord-engine: landable: evaluated the host review-acceptance assertion (`fsgg:review-decision/v2`) for PR #801.
fsgg-coord-engine: landable: PR #801 is not landable — PR #801 carries no valid host review-acceptance marker (`fsgg:review-decision/v2`) — the review chain is absent, incomplete, or malformed.
fsgg-coord-engine:   These are assertions you asked for, and an unmet one is `pending`, never `green` — an ABSENT check reads exactly like a passing one to any 'is anything red?' rollup (#606). Usually transient (registration, a superseded suite's replacement, GitHub catching up with a force-push). If it never resolves: the job was RENAMED, its workflow's `paths:` filter no longer matches, or --sha named the wrong commit.
fsgg-coord-engine: landable: PR #801 is ALREADY MERGED — there is nothing to gate, and --wait does not poll it.
fsgg-coord-engine:   This is a TERMINAL verdict, not a retry. If you are recovering an item whose worker died between merge and stamp, the work LANDED — go stamp it: scripts/fsgg-coord done &lt;ref&gt; --flip --pr 801
fsgg-coord-engine: landable: PR #801 is ALREADY MERGED — there is nothing to gate, and --wait does not poll it.
fsgg-coord-engine:   This is a TERMINAL verdict, not a retry. If you are recovering an item whose worker died between merge and stamp, the work LANDED — go stamp it: scripts/fsgg-coord done &lt;ref&gt; --flip --pr 801
fsgg-coord-engine: landable: PR #801 is ALREADY MERGED — there is nothing to gate, and --wait does not poll it.
fsgg-coord-engine:   This is a TERMINAL verdict, not a retry. If you are recovering an item whose worker died between merge and stamp, the work LANDED — go stamp it: scripts/fsgg-coord done &lt;ref&gt; --flip --pr 801
fsgg-coord-engine: landable: evaluated the host review-acceptance assertion (`fsgg:review-decision/v2`) for PR #801.
fsgg-coord-engine: landable: PR #801 is not landable — PR #801's host review-acceptance marker is bound to head `bbbbbbbbbbbbbbbbbbbbbbbbbbbbbbbbbbbbbbbb`, not the current head `aaaaaaaaaaaaaaaaaaaaaaaaaaaaaaaaaaaaaaaa` — a stale-sha marker is treated as ABSENT, never as satisfaction.
fsgg-coord-engine:   These are assertions you asked for, and an unmet one is `pending`, never `green` — an ABSENT check reads exactly like a passing one to any 'is anything red?' rollup (#606). Usually transient (registration, a superseded suite's replacement, GitHub catching up with a force-push). If it never resolves: the job was RENAMED, its workflow's `paths:` filter no longer matches, or --sha named the wrong commit.
fsgg-coord-engine: landable: PR #801 is CLOSED WITHOUT MERGING — nothing landed, so there is nothing to gate.
fsgg-coord-engine:   Terminal, and NOT the merged case: do NOT stamp the item done. The branch was abandoned or the PR rejected, so the item needs re-working or releasing.
[xUnit.net 00:00:01.99]   Finished:    FS.GG.Coord.Cli.Tests
</StdOut>
    </Output>
  </ResultSummary>
</TestRun>