<?xml version="1.0" encoding="utf-8"?>
<TestRun id="dca221f3-3763-4027-8400-4691b84b10fd" name="@60c9e64cc8e0 2026-08-14 01:05:27" xmlns="http://microsoft.com/schemas/VisualStudio/TeamTest/2010">
  <Times creation="2026-08-14T01:05:27.6070524+02:00" queuing="2026-08-14T01:05:27.6070524+02:00" start="2026-08-14T01:05:27.2353485+02:00" finish="2026-08-14T01:05:29.4072867+02:00" />
  <TestSettings name="default" id="27a0712b-b01f-4f3a-b0ef-de79ced44770">
    <Deployment runDeploymentRoot="_60c9e64cc8e0_2026-08-14_01_05_27" />
  </TestSettings>
  <Results>
    <UnitTestResult executionId="eadafece-d5ec-4717-8395-c8241d75696c" testId="02243e43-34d6-7143-a605-3a4885b263f3" testName="FS.GG.Coord.GitHub.Tests.ScanBoardTests.#979 snapshot says NOTHING for a --repo that matches — no noise on the happy path" computerName="60c9e64cc8e0" duration="00:00:00.0007006" startTime="2026-08-14T01:05:27.7081578+02:00" endTime="2026-08-14T01:05:27.7088334+02:00" testType="13cdc9d9-ddb5-4fa4-a97d-d965ccfc6d4b" outcome="Passed" testListId="8c84fa94-04c1-424b-9868-57a2d4851a1d" relativeResultsDirectory="eadafece-d5ec-4717-8395-c8241d75696c" />
    <UnitTestResult executionId="8fdf25c4-c3fb-41ff-8f96-392dfda43ed5" testId="b9e7773b-7890-d0e7-1969-2bde6bb8a493" testName="FS.GG.Coord.GitHub.Tests.ReadTests.refIsPullRequest is true iff the issues payload carries a pull_request object" computerName="60c9e64cc8e0" duration="00:00:00.0003879" startTime="2026-08-14T01:05:27.7976405+02:00" endTime="2026-08-14T01:05:27.7979958+02:00" testType="13cdc9d9-ddb5-4fa4-a97d-d965ccfc6d4b" outcome="Passed" testListId="8c84fa94-04c1-424b-9868-57a2d4851a1d" relativeResultsDirectory="8fdf25c4-c3fb-41ff-8f96-392dfda43ed5" />
    <UnitTestResult executionId="1a30ec4a-5373-4e5f-8627-644f9b45edc6" testId="5aa5ce53-b5db-4ec1-98c1-5c8dacdd4436" testName="FS.GG.Coord.GitHub.Tests.WriteTests.reap treats a marker a peer already collected as AlreadyGone, deleting nothing" computerName="60c9e64cc8e0" duration="00:00:00.0010558" startTime="2026-08-14T01:05:27.5783025+02:00" endTime="2026-08-14T01:05:27.5793072+02:00" testType="13cdc9d9-ddb5-4fa4-a97d-d965ccfc6d4b" outcome="Passed" testListId="8c84fa94-04c1-424b-9868-57a2d4851a1d" relativeResultsDirectory="1a30ec4a-5373-4e5f-8627-644f9b45edc6" />
    <UnitTestResult executionId="40bbd568-4669-49ad-b3cd-f4d5abd8db85" testId="085b911c-7a0f-daf3-b6c9-6b31637cda63" testName="FS.GG.Coord.GitHub.Tests.DoneTests.a parent reporting NO children is a CONTRADICTION - we climbed to it from one" computerName="60c9e64cc8e0" duration="00:00:00.0002032" startTime="2026-08-14T01:05:29.3246360+02:00" endTime="2026-08-14T01:05:29.3247801+02:00" testType="13cdc9d9-ddb5-4fa4-a97d-d965ccfc6d4b" outcome="Passed" testListId="8c84fa94-04c1-424b-9868-57a2d4851a1d" relativeResultsDirectory="40bbd568-4669-49ad-b3cd-f4d5abd8db85" />
    <UnitTestResult executionId="d6d40bb8-b2b5-418e-9893-963e29d510c6" testId="fc1f0e06-e3a1-8273-ca87-ededbb4aa7a2" testName="FS.GG.Coord.GitHub.Tests.GraphQlErrorsFirstTests..github#2534 no exemption outlives its reason" computerName="60c9e64cc8e0" duration="00:00:00.0069144" startTime="2026-08-14T01:05:27.8872669+02:00" endTime="2026-08-14T01:05:27.8939627+02:00" testType="13cdc9d9-ddb5-4fa4-a97d-d965ccfc6d4b" outcome="Passed" testListId="8c84fa94-04c1-424b-9868-57a2d4851a1d" relativeResultsDirectory="d6d40bb8-b2b5-418e-9893-963e29d510c6" />
    <UnitTestResult executionId="811d7371-eb4f-4b7f-a663-b9c03510b0ed" testId="df49a6e0-cd99-4c93-79f9-2eb376dd9a87" testName="FS.GG.Coord.GitHub.Tests.DoneTests.#965 an epic whose every acceptance line is a child ref still rolls up" computerName="60c9e64cc8e0" duration="00:00:00.0003713" startTime="2026-08-14T01:05:29.3275764+02:00" endTime="2026-08-14T01:05:29.3276923+02:00" testType="13cdc9d9-ddb5-4fa4-a97d-d965ccfc6d4b" outcome="Passed" testListId="8c84fa94-04c1-424b-9868-57a2d4851a1d" relativeResultsDirectory="811d7371-eb4f-4b7f-a663-b9c03510b0ed" />
    <UnitTestResult executionId="69af4920-ac4c-4c67-aad2-968951b76b1b" testId="d61bc9aa-f85e-6dbc-5b68-47323ae94bff" testName="FS.GG.Coord.GitHub.Tests.WriteTests.#863 a real unmatchable token is STILL refused when the sentinel is not involved" computerName="60c9e64cc8e0" duration="00:00:00.0001644" startTime="2026-08-14T01:05:27.6223858+02:00" endTime="2026-08-14T01:05:27.6225310+02:00" testType="13cdc9d9-ddb5-4fa4-a97d-d965ccfc6d4b" outcome="Passed" testListId="8c84fa94-04c1-424b-9868-57a2d4851a1d" relativeResultsDirectory="69af4920-ac4c-4c67-aad2-968951b76b1b" />
    <UnitTestResult executionId="265ce457-e696-4354-9ffe-94a641a8323d" testId="109d2f0a-df15-fc31-097e-26638acef46f" testName="FS.GG.Coord.GitHub.Tests.BudgetTests.a 403 that is NOT a rate limit is Unauthorized - the remedies are opposite" computerName="60c9e64cc8e0" duration="00:00:00.0001140" startTime="2026-08-14T01:05:27.9261685+02:00" endTime="2026-08-14T01:05:27.9262623+02:00" testType="13cdc9d9-ddb5-4fa4-a97d-d965ccfc6d4b" outcome="Passed" testListId="8c84fa94-04c1-424b-9868-57a2d4851a1d" relativeResultsDirectory="265ce457-e696-4354-9ffe-94a641a8323d" />
    <UnitTestResult executionId="78a157af-008e-47d4-961a-bb7548c4865e" testId="e3e84b13-fb8c-e0dc-0e14-3bf766ac08e4" testName="FS.GG.Coord.GitHub.Tests.WriteTests.#895 the WITHDRAW is on the lock's budget too - a lost race never reaches for GraphQL" computerName="60c9e64cc8e0" duration="00:00:00.0004086" startTime="2026-08-14T01:05:27.6129320+02:00" endTime="2026-08-14T01:05:27.6131642+02:00" testType="13cdc9d9-ddb5-4fa4-a97d-d965ccfc6d4b" outcome="Passed" testListId="8c84fa94-04c1-424b-9868-57a2d4851a1d" relativeResultsDirectory="78a157af-008e-47d4-961a-bb7548c4865e" />
    <UnitTestResult executionId="c5083404-a078-429f-a779-4111cd85baed" testId="ebe5ca89-b88d-734b-60cc-036e88c81ac9" testName="FS.GG.Coord.GitHub.Tests.WriteTests.#1055 reapable REFUSES a claim whose branch is pushed but has no PR - work in progress" computerName="60c9e64cc8e0" duration="00:00:00.0001786" startTime="2026-08-14T01:05:27.5984104+02:00" endTime="2026-08-14T01:05:27.5985525+02:00" testType="13cdc9d9-ddb5-4fa4-a97d-d965ccfc6d4b" outcome="Passed" testListId="8c84fa94-04c1-424b-9868-57a2d4851a1d" relativeResultsDirectory="c5083404-a078-429f-a779-4111cd85baed" />
    <UnitTestResult executionId="a658e360-a86f-4b9f-8d52-9b6a5a7c4d8d" testId="4461f0f6-550d-9fb2-be56-9f6ea87c5911" testName="FS.GG.Coord.GitHub.Tests.BlockerGraphTests+BlockerGraphTests.a self-edge is a one-item ring" computerName="60c9e64cc8e0" duration="00:00:00.0000837" startTime="2026-08-14T01:05:27.7287124+02:00" endTime="2026-08-14T01:05:27.7287483+02:00" testType="13cdc9d9-ddb5-4fa4-a97d-d965ccfc6d4b" outcome="Passed" testListId="8c84fa94-04c1-424b-9868-57a2d4851a1d" relativeResultsDirectory="a658e360-a86f-4b9f-8d52-9b6a5a7c4d8d" />
    <UnitTestResult executionId="d1c49b84-289b-4993-9426-d82e9e0e049c" testId="97188894-7c6e-161b-61db-1eb119ea0654" testName="FS.GG.Coord.GitHub.Tests.BudgetTests.#2419 round 1 - a non-object 'data' is no meter either, at every depth" computerName="60c9e64cc8e0" duration="00:00:00.0001250" startTime="2026-08-14T01:05:27.9233833+02:00" endTime="2026-08-14T01:05:27.9234648+02:00" testType="13cdc9d9-ddb5-4fa4-a97d-d965ccfc6d4b" outcome="Passed" testListId="8c84fa94-04c1-424b-9868-57a2d4851a1d" relativeResultsDirectory="d1c49b84-289b-4993-9426-d82e9e0e049c" />
    <UnitTestResult executionId="723079cb-d092-47a7-96a4-fcc8dceb5c28" testId="c8f1ac9c-fbd6-0556-ee69-42eaa2f37f26" testName="FS.GG.Coord.GitHub.Tests.ReadTests.the marker's prev= column is decoded, and %% comes out LAST" computerName="60c9e64cc8e0" duration="00:00:00.0001901" startTime="2026-08-14T01:05:27.7982659+02:00" endTime="2026-08-14T01:05:27.7983377+02:00" testType="13cdc9d9-ddb5-4fa4-a97d-d965ccfc6d4b" outcome="Passed" testListId="8c84fa94-04c1-424b-9868-57a2d4851a1d" relativeResultsDirectory="723079cb-d092-47a7-96a4-fcc8dceb5c28" />
    <UnitTestResult executionId="5194c68d-0809-404a-b3a9-d9a8b4da3c20" testId="adcf421f-9fb7-a175-1277-af7c827410b7" testName="FS.GG.Coord.GitHub.Tests.WriteTests.verifyHeld returns the capability when the live winner IS us" computerName="60c9e64cc8e0" duration="00:00:00.0002316" startTime="2026-08-14T01:05:27.5780697+02:00" endTime="2026-08-14T01:05:27.5782318+02:00" testType="13cdc9d9-ddb5-4fa4-a97d-d965ccfc6d4b" outcome="Passed" testListId="8c84fa94-04c1-424b-9868-57a2d4851a1d" relativeResultsDirectory="5194c68d-0809-404a-b3a9-d9a8b4da3c20" />
    <UnitTestResult executionId="05d97d75-165c-46f9-83bd-a517eb62d020" testId="e69afdb9-5778-f96d-8ab4-f9d51d42e0a6" testName="FS.GG.Coord.GitHub.Tests.BoardTests.#2204 the board owner's own issues keep the ONE-POINT issue-side resolver read" computerName="60c9e64cc8e0" duration="00:00:00.0002419" startTime="2026-08-14T01:05:29.3513045+02:00" endTime="2026-08-14T01:05:29.3514953+02:00" testType="13cdc9d9-ddb5-4fa4-a97d-d965ccfc6d4b" outcome="Passed" testListId="8c84fa94-04c1-424b-9868-57a2d4851a1d" relativeResultsDirectory="05d97d75-165c-46f9-83bd-a517eb62d020" />
    <UnitTestResult executionId="9d11e303-05d3-4299-b95d-6ea5fb5bbed7" testId="586399fa-b868-7b26-bd28-ee611684ce29" testName="FS.GG.Coord.GitHub.Tests.WriteTests.#2217 heartbeat changes the marker body so GitHub advances the server lease clock" computerName="60c9e64cc8e0" duration="00:00:00.0011201" startTime="2026-08-14T01:05:27.5888707+02:00" endTime="2026-08-14T01:05:27.5897191+02:00" testType="13cdc9d9-ddb5-4fa4-a97d-d965ccfc6d4b" outcome="Passed" testListId="8c84fa94-04c1-424b-9868-57a2d4851a1d" relativeResultsDirectory="9d11e303-05d3-4299-b95d-6ea5fb5bbed7" />
    <UnitTestResult executionId="ac5a85db-29af-4221-91d9-b550e985a25e" testId="4864ab48-3754-5043-2178-dac19a819c90" testName="FS.GG.Coord.GitHub.Tests.BudgetTests.#1666 the classifier does NOT consult /rate_limit to override a real 403" computerName="60c9e64cc8e0" duration="00:00:00.0001542" startTime="2026-08-14T01:05:27.9245549+02:00" endTime="2026-08-14T01:05:27.9246745+02:00" testType="13cdc9d9-ddb5-4fa4-a97d-d965ccfc6d4b" outcome="Passed" testListId="8c84fa94-04c1-424b-9868-57a2d4851a1d" relativeResultsDirectory="ac5a85db-29af-4221-91d9-b550e985a25e" />
    <UnitTestResult executionId="f09cecd0-ee66-4071-8045-34c4fe963396" testId="f90f21c6-1437-efa3-0e35-a490a06a9253" testName="FS.GG.Coord.GitHub.Tests.HttpTransportTests.the API base is read from the environment - the mechanism C1 specified" computerName="60c9e64cc8e0" duration="00:00:00.0001171" startTime="2026-08-14T01:05:27.8206167+02:00" endTime="2026-08-14T01:05:27.8206282+02:00" testType="13cdc9d9-ddb5-4fa4-a97d-d965ccfc6d4b" outcome="Passed" testListId="8c84fa94-04c1-424b-9868-57a2d4851a1d" relativeResultsDirectory="f09cecd0-ee66-4071-8045-34c4fe963396" />
    <UnitTestResult executionId="2b8d527b-be09-4418-a983-489fe7477474" testId="fe7f1bc9-0004-3faf-b18a-7c7464f91e28" testName="FS.GG.Coord.GitHub.Tests.BudgetTests.a MUTATION carries no meter, and that is not an error" computerName="60c9e64cc8e0" duration="00:00:00.0000374" startTime="2026-08-14T01:05:27.9241176+02:00" endTime="2026-08-14T01:05:27.9241259+02:00" testType="13cdc9d9-ddb5-4fa4-a97d-d965ccfc6d4b" outcome="Passed" testListId="8c84fa94-04c1-424b-9868-57a2d4851a1d" relativeResultsDirectory="2b8d527b-be09-4418-a983-489fe7477474" />
    <UnitTestResult executionId="7c1fd3f3-ed05-4cc7-9ac9-2528e2c6c6e2" testId="d88a9833-1a15-156e-ed47-5fc762ba0ec2" testName="FS.GG.Coord.GitHub.Tests.WriteTests.appendRoomLine is additive — a second room keeps the first" computerName="60c9e64cc8e0" duration="00:00:00.0111706" startTime="2026-08-14T01:05:27.6255952+02:00" endTime="2026-08-14T01:05:27.6367759+02:00" testType="13cdc9d9-ddb5-4fa4-a97d-d965ccfc6d4b" outcome="Passed" testListId="8c84fa94-04c1-424b-9868-57a2d4851a1d" relativeResultsDirectory="7c1fd3f3-ed05-4cc7-9ac9-2528e2c6c6e2" />
    <UnitTestResult executionId="6b7b1d47-f6de-4f55-b42b-70395c0bc983" testId="04834c79-db1e-fb0a-bdf9-4c368a3d2c11" testName="FS.GG.Coord.GitHub.Tests.WriteTests.a chore is CLAIMED, not broadcast — the CAS refuses the second worker" computerName="60c9e64cc8e0" duration="00:00:00.0003207" startTime="2026-08-14T01:05:27.6145422+02:00" endTime="2026-08-14T01:05:27.6148289+02:00" testType="13cdc9d9-ddb5-4fa4-a97d-d965ccfc6d4b" outcome="Passed" testListId="8c84fa94-04c1-424b-9868-57a2d4851a1d" relativeResultsDirectory="6b7b1d47-f6de-4f55-b42b-70395c0bc983" />
    <UnitTestResult executionId="21a2164b-e6a0-4364-b2e1-a6a463804ef1" testId="b1c0500f-8706-eb56-e103-f0897e69454f" testName="FS.GG.Coord.GitHub.Tests.ReadTests.#2134 duplicate inventory refuses an unmerged continuation page" computerName="60c9e64cc8e0" duration="00:00:00.0002151" startTime="2026-08-14T01:05:27.7965645+02:00" endTime="2026-08-14T01:05:27.7967480+02:00" testType="13cdc9d9-ddb5-4fa4-a97d-d965ccfc6d4b" outcome="Passed" testListId="8c84fa94-04c1-424b-9868-57a2d4851a1d" relativeResultsDirectory="21a2164b-e6a0-4364-b2e1-a6a463804ef1" />
    <UnitTestResult executionId="8dd769cf-8f92-4dc4-8166-c00e8abbb50e" testId="9ca8908b-4fa7-29c5-b3be-ef27cbd8fc4d" testName="FS.GG.Coord.GitHub.Tests.BoardTests.addItem is IDEMPOTENT - an issue already on the board is a success, and writes nothing" computerName="60c9e64cc8e0" duration="00:00:00.0004208" startTime="2026-08-14T01:05:29.3685152+02:00" endTime="2026-08-14T01:05:29.3689158+02:00" testType="13cdc9d9-ddb5-4fa4-a97d-d965ccfc6d4b" outcome="Passed" testListId="8c84fa94-04c1-424b-9868-57a2d4851a1d" relativeResultsDirectory="8dd769cf-8f92-4dc4-8166-c00e8abbb50e" />
    <UnitTestResult executionId="721b1aca-aecf-4485-af30-023e2ce95969" testId="51709e75-7cfc-ade1-498f-1dfdf1695e89" testName="FS.GG.Coord.GitHub.Tests.ReadTests.a per-ref issue-state read distinguishes valid open and closed refs off board(wire: &quot;CLOSED&quot;)" computerName="60c9e64cc8e0" duration="00:00:00.0001043" startTime="2026-08-14T01:05:27.8200652+02:00" endTime="2026-08-14T01:05:27.8201404+02:00" testType="13cdc9d9-ddb5-4fa4-a97d-d965ccfc6d4b" outcome="Passed" testListId="8c84fa94-04c1-424b-9868-57a2d4851a1d" relativeResultsDirectory="721b1aca-aecf-4485-af30-023e2ce95969" />
    <UnitTestResult executionId="deca4e65-c8ac-4ab5-a176-c955909c62d9" testId="ae10c083-a558-a942-74e5-f4b9c6ec6ad3" testName="FS.GG.Coord.GitHub.Tests.BoardTests.#2204 an incomplete external-owner lookup is Error, never 'no column'" computerName="60c9e64cc8e0" duration="00:00:00.0003133" startTime="2026-08-14T01:05:29.3626853+02:00" endTime="2026-08-14T01:05:29.3629879+02:00" testType="13cdc9d9-ddb5-4fa4-a97d-d965ccfc6d4b" outcome="Passed" testListId="8c84fa94-04c1-424b-9868-57a2d4851a1d" relativeResultsDirectory="deca4e65-c8ac-4ab5-a176-c955909c62d9" />
    <UnitTestResult executionId="69889dda-c5f4-4893-a7ae-0bb68b064273" testId="7106aba7-1ce6-ee6b-f241-f19409cd936d" testName="FS.GG.Coord.GitHub.Tests.BoardTests.#2204 itemStatus reads an external-owner column the issue-side connection omits" computerName="60c9e64cc8e0" duration="00:00:00.0013267" startTime="2026-08-14T01:05:29.3495028+02:00" endTime="2026-08-14T01:05:29.3507951+02:00" testType="13cdc9d9-ddb5-4fa4-a97d-d965ccfc6d4b" outcome="Passed" testListId="8c84fa94-04c1-424b-9868-57a2d4851a1d" relativeResultsDirectory="69889dda-c5f4-4893-a7ae-0bb68b064273" />
    <UnitTestResult executionId="2395710b-0d2d-4867-8586-73e0c8fc6e1c" testId="4ab88974-e9b4-9fa8-517a-a37d8bb647fc" testName="FS.GG.Coord.GitHub.Tests.ReadTests.issues fails closed on an unreadable list - never an empty array" computerName="60c9e64cc8e0" duration="00:00:00.0002273" startTime="2026-08-14T01:05:27.8052742+02:00" endTime="2026-08-14T01:05:27.8054482+02:00" testType="13cdc9d9-ddb5-4fa4-a97d-d965ccfc6d4b" outcome="Passed" testListId="8c84fa94-04c1-424b-9868-57a2d4851a1d" relativeResultsDirectory="2395710b-0d2d-4867-8586-73e0c8fc6e1c" />
    <UnitTestResult executionId="40db270c-6665-429e-ab37-42bee29cc98b" testId="8cfe6cab-a418-bbfc-c33e-1f376020b534" testName="FS.GG.Coord.GitHub.Tests.WriteTests.#1507 a FLAG-SHAPED token is refused at the write, even though the parser now stops before it" computerName="60c9e64cc8e0" duration="00:00:00.0000713" startTime="2026-08-14T01:05:27.6440212+02:00" endTime="2026-08-14T01:05:27.6440348+02:00" testType="13cdc9d9-ddb5-4fa4-a97d-d965ccfc6d4b" outcome="Passed" testListId="8c84fa94-04c1-424b-9868-57a2d4851a1d" relativeResultsDirectory="40db270c-6665-429e-ab37-42bee29cc98b" />
    <UnitTestResult executionId="c81366ba-f703-42e0-91b5-e2aa829e8de4" testId="16bc3562-36a5-6689-eb1a-a231ac10df73" testName="FS.GG.Coord.GitHub.Tests.DoneTests.#614 a PARTIAL child does NOT close its parent - even when it is the ONLY child" computerName="60c9e64cc8e0" duration="00:00:00.0002630" startTime="2026-08-14T01:05:29.3277948+02:00" endTime="2026-08-14T01:05:29.3279949+02:00" testType="13cdc9d9-ddb5-4fa4-a97d-d965ccfc6d4b" outcome="Passed" testListId="8c84fa94-04c1-424b-9868-57a2d4851a1d" relativeResultsDirectory="c81366ba-f703-42e0-91b5-e2aa829e8de4" />
    <UnitTestResult executionId="59d33d3d-50d7-4e3b-8137-41162c99f8d1" testId="9c4ae886-156b-b458-c447-263570b48866" testName="FS.GG.Coord.GitHub.Tests.WriteTests.#2131 a GitHub head mismatch is a refused guarded merge, not a green write" computerName="60c9e64cc8e0" duration="00:00:00.0001684" startTime="2026-08-14T01:05:27.6500957+02:00" endTime="2026-08-14T01:05:27.6502422+02:00" testType="13cdc9d9-ddb5-4fa4-a97d-d965ccfc6d4b" outcome="Passed" testListId="8c84fa94-04c1-424b-9868-57a2d4851a1d" relativeResultsDirectory="59d33d3d-50d7-4e3b-8137-41162c99f8d1" />
    <UnitTestResult executionId="16bfb161-91f8-4926-a666-dd48d1822a86" testId="ec16edae-3c2d-7698-b8b4-11f5ab4ca763" testName="FS.GG.Coord.GitHub.Tests.BoardTests.EX_PARTIAL - some aliases landed and the rest did not, and it is NEVER queued" computerName="60c9e64cc8e0" duration="00:00:00.0004163" startTime="2026-08-14T01:05:29.3692222+02:00" endTime="2026-08-14T01:05:29.3696183+02:00" testType="13cdc9d9-ddb5-4fa4-a97d-d965ccfc6d4b" outcome="Passed" testListId="8c84fa94-04c1-424b-9868-57a2d4851a1d" relativeResultsDirectory="16bfb161-91f8-4926-a666-dd48d1822a86" />
    <UnitTestResult executionId="6890f731-122a-42d8-a1a3-20442ecda633" testId="f67049c0-5f03-e361-1a23-ca5c16af6a40" testName="FS.GG.Coord.GitHub.Tests.BudgetTests.a PARTIAL write is never queued - replaying it would rewrite the half that landed" computerName="60c9e64cc8e0" duration="00:00:00.0001116" startTime="2026-08-14T01:05:27.9235176+02:00" endTime="2026-08-14T01:05:27.9235946+02:00" testType="13cdc9d9-ddb5-4fa4-a97d-d965ccfc6d4b" outcome="Passed" testListId="8c84fa94-04c1-424b-9868-57a2d4851a1d" relativeResultsDirectory="6890f731-122a-42d8-a1a3-20442ecda633" />
    <UnitTestResult executionId="101d45bf-228c-4170-8bde-4d02b8552cf4" testId="b57d82e4-0f99-23c4-62ee-97edff2174bc" testName="FS.GG.Coord.GitHub.Tests.BudgetTests.#421 ...and it carries EX_RATE (75), the back-off signal - not a generic 1" computerName="60c9e64cc8e0" duration="00:00:00.0000542" startTime="2026-08-14T01:05:27.9328168+02:00" endTime="2026-08-14T01:05:27.9328270+02:00" testType="13cdc9d9-ddb5-4fa4-a97d-d965ccfc6d4b" outcome="Passed" testListId="8c84fa94-04c1-424b-9868-57a2d4851a1d" relativeResultsDirectory="101d45bf-228c-4170-8bde-4d02b8552cf4" />
    <UnitTestResult executionId="835d955d-884b-46d4-b57c-c848903205f1" testId="c9ccb4e8-c0df-3230-d121-7e4e14cc206c" testName="FS.GG.Coord.GitHub.Tests.ScanBoardTests.#1794 an off-board issue with an unreadable body and NO claim reserves nothing - a comment is not a lock" computerName="60c9e64cc8e0" duration="00:00:00.0003647" startTime="2026-08-14T01:05:27.7088954+02:00" endTime="2026-08-14T01:05:27.7092211+02:00" testType="13cdc9d9-ddb5-4fa4-a97d-d965ccfc6d4b" outcome="Passed" testListId="8c84fa94-04c1-424b-9868-57a2d4851a1d" relativeResultsDirectory="835d955d-884b-46d4-b57c-c848903205f1" />
    <UnitTestResult executionId="0fc3a67c-bb28-4b15-a757-80f516eb10f2" testId="d745019b-c551-f18b-aaae-51f081880616" testName="FS.GG.Coord.GitHub.Tests.ReadTests.a conflicted whose PR head IS the branch tip stays terminal — a real conflict, still exit 3" computerName="60c9e64cc8e0" duration="00:00:00.0003123" startTime="2026-08-14T01:05:27.7790675+02:00" endTime="2026-08-14T01:05:27.7793321+02:00" testType="13cdc9d9-ddb5-4fa4-a97d-d965ccfc6d4b" outcome="Passed" testListId="8c84fa94-04c1-424b-9868-57a2d4851a1d" relativeResultsDirectory="0fc3a67c-bb28-4b15-a757-80f516eb10f2" />
    <UnitTestResult executionId="cc80d4c7-30ce-4a58-b259-950e3ffcceb4" testId="9d07ad16-5d94-77b1-522b-abe17212072f" testName="FS.GG.Coord.GitHub.Tests.ReadTests.#1055 a pushed item branch with NO PR is proof of life - LeaseExpiredBranchPushed" computerName="60c9e64cc8e0" duration="00:00:00.0001185" startTime="2026-08-14T01:05:27.8036078+02:00" endTime="2026-08-14T01:05:27.8036887+02:00" testType="13cdc9d9-ddb5-4fa4-a97d-d965ccfc6d4b" outcome="Passed" testListId="8c84fa94-04c1-424b-9868-57a2d4851a1d" relativeResultsDirectory="cc80d4c7-30ce-4a58-b259-950e3ffcceb4" />
    <UnitTestResult executionId="81acaea2-5e91-4134-b340-cc4205c82920" testId="d447c481-43a0-5c66-e63a-9b3b2f9e822f" testName="FS.GG.Coord.GitHub.Tests.WriteTests.#1620 a claim that evicts NOBODY never calls onEvict - no theft is reported that did not happen" computerName="60c9e64cc8e0" duration="00:00:00.0002884" startTime="2026-08-14T01:05:27.6161986+02:00" endTime="2026-08-14T01:05:27.6164529+02:00" testType="13cdc9d9-ddb5-4fa4-a97d-d965ccfc6d4b" outcome="Passed" testListId="8c84fa94-04c1-424b-9868-57a2d4851a1d" relativeResultsDirectory="81acaea2-5e91-4134-b340-cc4205c82920" />
    <UnitTestResult executionId="b57f57d4-110b-4f6f-9bff-65f9c205a5b0" testId="3033ea4f-ba33-bba3-b5aa-6115c1a8e829" testName="FS.GG.Coord.GitHub.Tests.WriteTests.#863 the sentinel is CANONICALISED — 'none none' is the very body #863 is about" computerName="60c9e64cc8e0" duration="00:00:00.0001026" startTime="2026-08-14T01:05:27.6093954+02:00" endTime="2026-08-14T01:05:27.6094595+02:00" testType="13cdc9d9-ddb5-4fa4-a97d-d965ccfc6d4b" outcome="Passed" testListId="8c84fa94-04c1-424b-9868-57a2d4851a1d" relativeResultsDirectory="b57f57d4-110b-4f6f-9bff-65f9c205a5b0" />
    <UnitTestResult executionId="56f28e8a-3969-4ba0-b1f9-ed997cf099b7" testId="793e4727-fdef-19a4-cb21-535619320070" testName="FS.GG.Coord.GitHub.Tests.WriteTests.an EMPTY touch-set is refused - it reserves nothing, and 'none' is a different decision" computerName="60c9e64cc8e0" duration="00:00:00.0000580" startTime="2026-08-14T01:05:27.5978111+02:00" endTime="2026-08-14T01:05:27.5978284+02:00" testType="13cdc9d9-ddb5-4fa4-a97d-d965ccfc6d4b" outcome="Passed" testListId="8c84fa94-04c1-424b-9868-57a2d4851a1d" relativeResultsDirectory="56f28e8a-3969-4ba0-b1f9-ed997cf099b7" />
    <UnitTestResult executionId="08cb4e22-fb1d-4b2d-aebe-5f4476cbc91a" testId="dc90374b-6fd4-253a-133f-b2e6ad507721" testName="FS.GG.Coord.GitHub.Tests.WriteTests.#481 a column NOBODY recorded is not restored - release says so rather than inventing one" computerName="60c9e64cc8e0" duration="00:00:00.0003479" startTime="2026-08-14T01:05:27.6468669+02:00" endTime="2026-08-14T01:05:27.6471896+02:00" testType="13cdc9d9-ddb5-4fa4-a97d-d965ccfc6d4b" outcome="Passed" testListId="8c84fa94-04c1-424b-9868-57a2d4851a1d" relativeResultsDirectory="08cb4e22-fb1d-4b2d-aebe-5f4476cbc91a" />
    <UnitTestResult executionId="ef1de667-c009-4e80-95cb-b4be8a99e5c1" testId="d97cb624-6fc7-0b8a-0e89-e5080000157c" testName="FS.GG.Coord.GitHub.Tests.WriteTests.a won claim COLLECTS a stale OTHER worker's marker and names the evicted worker" computerName="60c9e64cc8e0" duration="00:00:00.0003597" startTime="2026-08-14T01:05:27.6475460+02:00" endTime="2026-08-14T01:05:27.6478827+02:00" testType="13cdc9d9-ddb5-4fa4-a97d-d965ccfc6d4b" outcome="Passed" testListId="8c84fa94-04c1-424b-9868-57a2d4851a1d" relativeResultsDirectory="ef1de667-c009-4e80-95cb-b4be8a99e5c1" />
    <UnitTestResult executionId="14c5963c-7a68-4589-b4c5-5792744b63de" testId="a5c6e760-207a-1505-68b8-2d3b0dce296b" testName="FS.GG.Coord.GitHub.Tests.DoneFactsTests.a null issue is NotFound - the query ran, the issue is not there" computerName="60c9e64cc8e0" duration="00:00:00.0001219" startTime="2026-08-14T01:05:27.9048708+02:00" endTime="2026-08-14T01:05:27.9049599+02:00" testType="13cdc9d9-ddb5-4fa4-a97d-d965ccfc6d4b" outcome="Passed" testListId="8c84fa94-04c1-424b-9868-57a2d4851a1d" relativeResultsDirectory="14c5963c-7a68-4589-b4c5-5792744b63de" />
    <UnitTestResult executionId="b00f3b61-c074-4eea-8a33-e2b625ab8c2e" testId="7fcc2716-2905-4faa-9d3a-ddd0b25b4edb" testName="FS.GG.Coord.GitHub.Tests.BoardTests.a stopped flush does NOT RE-QUEUE what it was replaying - the queue must not grow" computerName="60c9e64cc8e0" duration="00:00:00.0007307" startTime="2026-08-14T01:05:29.3585864+02:00" endTime="2026-08-14T01:05:29.3592784+02:00" testType="13cdc9d9-ddb5-4fa4-a97d-d965ccfc6d4b" outcome="Passed" testListId="8c84fa94-04c1-424b-9868-57a2d4851a1d" relativeResultsDirectory="b00f3b61-c074-4eea-8a33-e2b625ab8c2e" />
    <UnitTestResult executionId="34322557-9d8d-4182-819a-afba5632517f" testId="3170c88c-f5dd-3e46-9ad9-ba08efff8ab0" testName="FS.GG.Coord.GitHub.Tests.CacheTests.a board map with NO fields is never cached - it is a bootstrap that went wrong" computerName="60c9e64cc8e0" duration="00:00:00.0010939" startTime="2026-08-14T01:05:29.1453158+02:00" endTime="2026-08-14T01:05:29.1463878+02:00" testType="13cdc9d9-ddb5-4fa4-a97d-d965ccfc6d4b" outcome="Passed" testListId="8c84fa94-04c1-424b-9868-57a2d4851a1d" relativeResultsDirectory="34322557-9d8d-4182-819a-afba5632517f" />
    <UnitTestResult executionId="780cadf8-05b0-469f-9b22-be28f92ea3aa" testId="097bc086-a641-67a5-a2a3-299f3ef8d371" testName="FS.GG.Coord.GitHub.Tests.ReadTests.#476 a MERGED pull request resolves as BlockerMerged, not BlockerClosed" computerName="60c9e64cc8e0" duration="00:00:00.0001091" startTime="2026-08-14T01:05:27.7981947+02:00" endTime="2026-08-14T01:05:27.7982055+02:00" testType="13cdc9d9-ddb5-4fa4-a97d-d965ccfc6d4b" outcome="Passed" testListId="8c84fa94-04c1-424b-9868-57a2d4851a1d" relativeResultsDirectory="780cadf8-05b0-469f-9b22-be28f92ea3aa" />
    <UnitTestResult executionId="f5bcb73b-48f5-437e-b54f-2aeb52ea0716" testId="a9dde86e-4d5c-1878-e3bc-a191005628ff" testName="FS.GG.Coord.GitHub.Tests.ReadTests.#2477 contentEditProvenance FAILS CLOSED - an empty body is an error, never zero edits" computerName="60c9e64cc8e0" duration="00:00:00.0001332" startTime="2026-08-14T01:05:27.7983910+02:00" endTime="2026-08-14T01:05:27.7984930+02:00" testType="13cdc9d9-ddb5-4fa4-a97d-d965ccfc6d4b" outcome="Passed" testListId="8c84fa94-04c1-424b-9868-57a2d4851a1d" relativeResultsDirectory="f5bcb73b-48f5-437e-b54f-2aeb52ea0716" />
    <UnitTestResult executionId="35ab04a1-ee98-46f2-8f54-4fbbc8d03304" testId="c72fbfcb-36ae-7360-0895-a50344b6aa72" testName="FS.GG.Coord.GitHub.Tests.WriteTests.a claim renewing our OWN stale marker ends with ONE marker and reports no eviction" computerName="60c9e64cc8e0" duration="00:00:00.0035281" startTime="2026-08-14T01:05:27.5887549+02:00" endTime="2026-08-14T01:05:27.5887636+02:00" testType="13cdc9d9-ddb5-4fa4-a97d-d965ccfc6d4b" outcome="Passed" testListId="8c84fa94-04c1-424b-9868-57a2d4851a1d" relativeResultsDirectory="35ab04a1-ee98-46f2-8f54-4fbbc8d03304" />
    <UnitTestResult executionId="0d053ee8-e0a3-44c9-9898-05d5634cadf6" testId="f5fcd0b9-5b0d-7b56-b239-8a5c15e6301b" testName="FS.GG.Coord.GitHub.Tests.ReadTests.a response that PAGINATES stores no validator, whatever its shape" computerName="60c9e64cc8e0" duration="00:00:00.0074617" startTime="2026-08-14T01:05:27.7414904+02:00" endTime="2026-08-14T01:05:27.7489223+02:00" testType="13cdc9d9-ddb5-4fa4-a97d-d965ccfc6d4b" outcome="Passed" testListId="8c84fa94-04c1-424b-9868-57a2d4851a1d" relativeResultsDirectory="0d053ee8-e0a3-44c9-9898-05d5634cadf6" />
    <UnitTestResult executionId="266e1e0b-96c2-4b0c-9843-35f4a13fcf4c" testId="693a087a-b597-4e62-57ad-cb59448f847f" testName="FS.GG.Coord.GitHub.Tests.BoardTests.#448 a BAD pair in the batch is caught BEFORE any mutation is sent" computerName="60c9e64cc8e0" duration="00:00:00.0013576" startTime="2026-08-14T01:05:29.3572704+02:00" endTime="2026-08-14T01:05:29.3585250+02:00" testType="13cdc9d9-ddb5-4fa4-a97d-d965ccfc6d4b" outcome="Passed" testListId="8c84fa94-04c1-424b-9868-57a2d4851a1d" relativeResultsDirectory="266e1e0b-96c2-4b0c-9843-35f4a13fcf4c" />
    <UnitTestResult executionId="c87b753e-9902-46a0-8107-07e8bdb4924e" testId="49f10b20-f61f-916f-ae13-898417e14a73" testName="FS.GG.Coord.GitHub.Tests.WriteTests.createRoom fails LOUDLY when the response carries no number" computerName="60c9e64cc8e0" duration="00:00:00.0001269" startTime="2026-08-14T01:05:27.6065215+02:00" endTime="2026-08-14T01:05:27.6066079+02:00" testType="13cdc9d9-ddb5-4fa4-a97d-d965ccfc6d4b" outcome="Passed" testListId="8c84fa94-04c1-424b-9868-57a2d4851a1d" relativeResultsDirectory="c87b753e-9902-46a0-8107-07e8bdb4924e" />
    <UnitTestResult executionId="55c7334d-150e-4f6e-a418-edd1984c8f5b" testId="14654896-2da9-085e-fa7c-b637c5cb7b75" testName="FS.GG.Coord.GitHub.Tests.DoneTests.a closed issue with a merged PR is DONE" computerName="60c9e64cc8e0" duration="00:00:00.0001257" startTime="2026-08-14T01:05:29.3126069+02:00" endTime="2026-08-14T01:05:29.3127094+02:00" testType="13cdc9d9-ddb5-4fa4-a97d-d965ccfc6d4b" outcome="Passed" testListId="8c84fa94-04c1-424b-9868-57a2d4851a1d" relativeResultsDirectory="55c7334d-150e-4f6e-a418-edd1984c8f5b" />
    <UnitTestResult executionId="675d0678-c1f4-4ee4-a3d0-fd31fe9420e1" testId="333342a1-d634-84c2-218e-2a10f248a590" testName="FS.GG.Coord.GitHub.Tests.BoardTests.#510 a REFUSED write is NEVER queued - replaying it would loop forever" computerName="60c9e64cc8e0" duration="00:00:00.0003168" startTime="2026-08-14T01:05:29.3674732+02:00" endTime="2026-08-14T01:05:29.3677653+02:00" testType="13cdc9d9-ddb5-4fa4-a97d-d965ccfc6d4b" outcome="Passed" testListId="8c84fa94-04c1-424b-9868-57a2d4851a1d" relativeResultsDirectory="675d0678-c1f4-4ee4-a3d0-fd31fe9420e1" />
    <UnitTestResult executionId="db3e6691-c15b-4174-90ed-ed0ab23dc0fc" testId="49a8f47d-297b-9ecd-9d18-20ae9fe53e88" testName="FS.GG.Coord.GitHub.Tests.WriteTests.#581 reapable REFUSES a claim whose item PR is open - the work is alive, not abandoned" computerName="60c9e64cc8e0" duration="00:00:00.0002614" startTime="2026-08-14T01:05:27.6229255+02:00" endTime="2026-08-14T01:05:27.6231661+02:00" testType="13cdc9d9-ddb5-4fa4-a97d-d965ccfc6d4b" outcome="Passed" testListId="8c84fa94-04c1-424b-9868-57a2d4851a1d" relativeResultsDirectory="db3e6691-c15b-4174-90ed-ed0ab23dc0fc" />
    <UnitTestResult executionId="939f56fb-4c67-4112-a817-3d1e1bd0a72d" testId="eb9c8fb1-26d6-8484-fa32-b60faef3466d" testName="FS.GG.Coord.GitHub.Tests.BudgetTests.#1666 a GraphQL errors array with NO rate limit is not a rate limit" computerName="60c9e64cc8e0" duration="00:00:00.0000447" startTime="2026-08-14T01:05:27.9250827+02:00" endTime="2026-08-14T01:05:27.9250909+02:00" testType="13cdc9d9-ddb5-4fa4-a97d-d965ccfc6d4b" outcome="Passed" testListId="8c84fa94-04c1-424b-9868-57a2d4851a1d" relativeResultsDirectory="939f56fb-4c67-4112-a817-3d1e1bd0a72d" />
    <UnitTestResult executionId="57a07e7f-69c7-4239-a623-218fa605ad29" testId="1a65968b-9215-1c6e-b6b1-3605cdf680d5" testName="FS.GG.Coord.GitHub.Tests.DoneTests.#1003 does not fire on a body #965 already governs - the two guards do not double-report" computerName="60c9e64cc8e0" duration="00:00:00.0003080" startTime="2026-08-14T01:05:29.3198155+02:00" endTime="2026-08-14T01:05:29.3200677+02:00" testType="13cdc9d9-ddb5-4fa4-a97d-d965ccfc6d4b" outcome="Passed" testListId="8c84fa94-04c1-424b-9868-57a2d4851a1d" relativeResultsDirectory="57a07e7f-69c7-4239-a623-218fa605ad29" />
    <UnitTestResult executionId="2895596b-9c71-4568-a535-a09e78eebfc1" testId="56cd8a2f-a71f-57c1-0293-c2601ac75ce3" testName="FS.GG.Coord.GitHub.Tests.DoneFactsTests.#2427 a COMMIT closer's associated PR carries its own repository too" computerName="60c9e64cc8e0" duration="00:00:00.0001730" startTime="2026-08-14T01:05:27.9030059+02:00" endTime="2026-08-14T01:05:27.9031436+02:00" testType="13cdc9d9-ddb5-4fa4-a97d-d965ccfc6d4b" outcome="Passed" testListId="8c84fa94-04c1-424b-9868-57a2d4851a1d" relativeResultsDirectory="2895596b-9c71-4568-a535-a09e78eebfc1" />
    <UnitTestResult executionId="57bbd980-bd34-4c8e-8cb9-8985af9395ad" testId="33418c67-81fa-2ac5-c27a-cabf67ff2fd3" testName="FS.GG.Coord.GitHub.Tests.ReadTests.#534 an EXHAUSTED BUDGET is NOT degraded to 'blocker unknown' - it is propagated" computerName="60c9e64cc8e0" duration="00:00:00.0001134" startTime="2026-08-14T01:05:27.8077939+02:00" endTime="2026-08-14T01:05:27.8078962+02:00" testType="13cdc9d9-ddb5-4fa4-a97d-d965ccfc6d4b" outcome="Passed" testListId="8c84fa94-04c1-424b-9868-57a2d4851a1d" relativeResultsDirectory="57bbd980-bd34-4c8e-8cb9-8985af9395ad" />
    <UnitTestResult executionId="96ec701a-67f9-4d29-a93b-618872de77c9" testId="eef0509c-9cdc-0820-53e3-3727bce010b7" testName="FS.GG.Coord.GitHub.Tests.CacheTests.the cursor is per-worker - one worker's read does not consume another's mail" computerName="60c9e64cc8e0" duration="00:00:00.0002682" startTime="2026-08-14T01:05:27.9402693+02:00" endTime="2026-08-14T01:05:27.9404776+02:00" testType="13cdc9d9-ddb5-4fa4-a97d-d965ccfc6d4b" outcome="Passed" testListId="8c84fa94-04c1-424b-9868-57a2d4851a1d" relativeResultsDirectory="96ec701a-67f9-4d29-a93b-618872de77c9" />
    <UnitTestResult executionId="8adaa4f9-178d-4399-aafa-1de246472d57" testId="fd907b3f-9360-8d8a-e921-c74d3a71f961" testName="FS.GG.Coord.GitHub.Tests.CacheTests.#882 the board survives the queue round-trip" computerName="60c9e64cc8e0" duration="00:00:00.0005010" startTime="2026-08-14T01:05:27.9405494+02:00" endTime="2026-08-14T01:05:27.9410027+02:00" testType="13cdc9d9-ddb5-4fa4-a97d-d965ccfc6d4b" outcome="Passed" testListId="8c84fa94-04c1-424b-9868-57a2d4851a1d" relativeResultsDirectory="8adaa4f9-178d-4399-aafa-1de246472d57" />
    <UnitTestResult executionId="c959cbb9-06ac-49ab-95d5-0c4dfc522225" testId="a55dc607-f05e-f45d-693c-c352872563f1" testName="FS.GG.Coord.GitHub.Tests.ReadTests.#534 ...and prAlive propagates it too - reap must not decide liveness on a read it cannot make" computerName="60c9e64cc8e0" duration="00:00:00.0001129" startTime="2026-08-14T01:05:27.7909812+02:00" endTime="2026-08-14T01:05:27.7910766+02:00" testType="13cdc9d9-ddb5-4fa4-a97d-d965ccfc6d4b" outcome="Passed" testListId="8c84fa94-04c1-424b-9868-57a2d4851a1d" relativeResultsDirectory="c959cbb9-06ac-49ab-95d5-0c4dfc522225" />
    <UnitTestResult executionId="85aa0021-92ae-4c94-b261-2984ff26a0b9" testId="1fbd0590-950f-1647-65d5-a37f31ac6468" testName="FS.GG.Coord.GitHub.Tests.ReadTests.a page with NO headroom is never memoised - the boundary the whole rule exists to refuse" computerName="60c9e64cc8e0" duration="00:00:00.0090797" startTime="2026-08-14T01:05:27.7612608+02:00" endTime="2026-08-14T01:05:27.7703347+02:00" testType="13cdc9d9-ddb5-4fa4-a97d-d965ccfc6d4b" outcome="Passed" testListId="8c84fa94-04c1-424b-9868-57a2d4851a1d" relativeResultsDirectory="85aa0021-92ae-4c94-b261-2984ff26a0b9" />
    <UnitTestResult executionId="d55e6c73-2c8e-4249-8bce-e238cf4c1a9a" testId="c46bb983-8242-0d47-9305-f1d923598e7e" testName="FS.GG.Coord.GitHub.Tests.WriteTests.#419 a SESSIONLESS marker with our id is genuinely ours - a heartbeat, not a twin" computerName="60c9e64cc8e0" duration="00:00:00.0002917" startTime="2026-08-14T01:05:27.5830201+02:00" endTime="2026-08-14T01:05:27.5832686+02:00" testType="13cdc9d9-ddb5-4fa4-a97d-d965ccfc6d4b" outcome="Passed" testListId="8c84fa94-04c1-424b-9868-57a2d4851a1d" relativeResultsDirectory="d55e6c73-2c8e-4249-8bce-e238cf4c1a9a" />
    <UnitTestResult executionId="2b80378e-0640-426a-94ca-4546b237d898" testId="df75d8ff-44ac-7e6e-c946-d381c445af7c" testName="FS.GG.Coord.GitHub.Tests.CacheTests.#882 HALF a board is a line we cannot read, and refuses the drain" computerName="60c9e64cc8e0" duration="00:00:00.0003552" startTime="2026-08-14T01:05:29.1504658+02:00" endTime="2026-08-14T01:05:29.1507954+02:00" testType="13cdc9d9-ddb5-4fa4-a97d-d965ccfc6d4b" outcome="Passed" testListId="8c84fa94-04c1-424b-9868-57a2d4851a1d" relativeResultsDirectory="2b80378e-0640-426a-94ca-4546b237d898" />
    <UnitTestResult executionId="0e640dea-0248-4d50-8e07-380a0af226b7" testId="ea675cde-b667-0599-2b8a-eb9f40c71741" testName="FS.GG.Coord.GitHub.Tests.BudgetTests.#510 an exhausted budget is queueable - it is the ONLY thing that is" computerName="60c9e64cc8e0" duration="00:00:00.0000284" startTime="2026-08-14T01:05:27.9200294+02:00" endTime="2026-08-14T01:05:27.9200378+02:00" testType="13cdc9d9-ddb5-4fa4-a97d-d965ccfc6d4b" outcome="Passed" testListId="8c84fa94-04c1-424b-9868-57a2d4851a1d" relativeResultsDirectory="0e640dea-0248-4d50-8e07-380a0af226b7" />
    <UnitTestResult executionId="9cc0b163-1c0f-4ad9-9b5e-d7b5ae2db0e1" testId="3cd69d00-8765-aadf-ee05-6106bb8093d8" testName="FS.GG.Coord.GitHub.Tests.ReadTests.#1055 no PR and NO branch is a genuinely dead claim - LeaseExpiredNoPr" computerName="60c9e64cc8e0" duration="00:00:00.0001370" startTime="2026-08-14T01:05:27.8202037+02:00" endTime="2026-08-14T01:05:27.8202999+02:00" testType="13cdc9d9-ddb5-4fa4-a97d-d965ccfc6d4b" outcome="Passed" testListId="8c84fa94-04c1-424b-9868-57a2d4851a1d" relativeResultsDirectory="9cc0b163-1c0f-4ad9-9b5e-d7b5ae2db0e1" />
    <UnitTestResult executionId="706606c2-5232-4235-8410-9d453c34a120" testId="abbd2c5d-48d5-dc3f-9c7f-823e54b91e9e" testName="FS.GG.Coord.GitHub.Tests.DoneTests.#928 an UNMERGED closer named by the close event does NOT stamp - the union cannot launder" computerName="60c9e64cc8e0" duration="00:00:00.0001985" startTime="2026-08-14T01:05:29.3231833+02:00" endTime="2026-08-14T01:05:29.3233040+02:00" testType="13cdc9d9-ddb5-4fa4-a97d-d965ccfc6d4b" outcome="Passed" testListId="8c84fa94-04c1-424b-9868-57a2d4851a1d" relativeResultsDirectory="706606c2-5232-4235-8410-9d453c34a120" />
    <UnitTestResult executionId="014618fb-2908-4296-aa96-01a6f65ccdda" testId="3e126441-aa92-766f-e9d9-e2115c28b768" testName="FS.GG.Coord.GitHub.Tests.ScanBoardTests.#1901 a missing or unknown Severity is Unset and cannot promote the row" computerName="60c9e64cc8e0" duration="00:00:00.0003762" startTime="2026-08-14T01:05:27.7142325+02:00" endTime="2026-08-14T01:05:27.7145784+02:00" testType="13cdc9d9-ddb5-4fa4-a97d-d965ccfc6d4b" outcome="Passed" testListId="8c84fa94-04c1-424b-9868-57a2d4851a1d" relativeResultsDirectory="014618fb-2908-4296-aa96-01a6f65ccdda" />
    <UnitTestResult executionId="30204601-2987-40c8-8e33-47c1410b7ade" testId="dc6ebcea-0d95-baec-82bb-6ef1df88eacb" testName="FS.GG.Coord.GitHub.Tests.ScanBoardTests.an ORG-owned scan still queries organization(login:) - user support is OFF by default (#1344)" computerName="60c9e64cc8e0" duration="00:00:00.0004595" startTime="2026-08-14T01:05:27.6868975+02:00" endTime="2026-08-14T01:05:27.6873291+02:00" testType="13cdc9d9-ddb5-4fa4-a97d-d965ccfc6d4b" outcome="Passed" testListId="8c84fa94-04c1-424b-9868-57a2d4851a1d" relativeResultsDirectory="30204601-2987-40c8-8e33-47c1410b7ade" />
    <UnitTestResult executionId="d427dd97-a7e6-4137-93b6-d664cf0184b7" testId="977b2e8e-d284-70ff-76d5-24d5597f38b7" testName="FS.GG.Coord.GitHub.Tests.BudgetTests.a query body's cost accumulates into this process's spend" computerName="60c9e64cc8e0" duration="00:00:00.0000809" startTime="2026-08-14T01:05:27.9110204+02:00" endTime="2026-08-14T01:05:27.9110677+02:00" testType="13cdc9d9-ddb5-4fa4-a97d-d965ccfc6d4b" outcome="Passed" testListId="8c84fa94-04c1-424b-9868-57a2d4851a1d" relativeResultsDirectory="d427dd97-a7e6-4137-93b6-d664cf0184b7" />
    <UnitTestResult executionId="db0eed8f-7d33-4646-a92e-94225c681a28" testId="6a0a4124-edaa-f8f0-123c-1ec39c22595c" testName="FS.GG.Coord.GitHub.Tests.WriteTests.closeRoom PATCHes the room issue (the derived roll-up close)" computerName="60c9e64cc8e0" duration="00:00:00.0002608" startTime="2026-08-14T01:05:27.6150123+02:00" endTime="2026-08-14T01:05:27.6152348+02:00" testType="13cdc9d9-ddb5-4fa4-a97d-d965ccfc6d4b" outcome="Passed" testListId="8c84fa94-04c1-424b-9868-57a2d4851a1d" relativeResultsDirectory="db0eed8f-7d33-4646-a92e-94225c681a28" />
    <UnitTestResult executionId="a1de765a-d204-4cea-bcb0-d9099970b330" testId="fabadb9f-21d9-8207-bfe3-4aafdb5c36e0" testName="FS.GG.Coord.GitHub.Tests.CacheTests.#881 defer REFUSES while another worker holds the queue, rather than racing it" computerName="60c9e64cc8e0" duration="00:00:00.1515553" startTime="2026-08-14T01:05:28.9847587+02:00" endTime="2026-08-14T01:05:29.1363110+02:00" testType="13cdc9d9-ddb5-4fa4-a97d-d965ccfc6d4b" outcome="Passed" testListId="8c84fa94-04c1-424b-9868-57a2d4851a1d" relativeResultsDirectory="a1de765a-d204-4cea-bcb0-d9099970b330" />
    <UnitTestResult executionId="53df8bae-2c77-4b25-8ab5-f06351e292e7" testId="5ae93bc6-d0b0-cfc3-bcdb-8c87f3d12254" testName="FS.GG.Coord.GitHub.Tests.BoardTests.#2143 an external-owner item cached by intake is written without re-parsing it as the default owner" computerName="60c9e64cc8e0" duration="00:00:00.0004224" startTime="2026-08-14T01:05:29.3620733+02:00" endTime="2026-08-14T01:05:29.3624596+02:00" testType="13cdc9d9-ddb5-4fa4-a97d-d965ccfc6d4b" outcome="Passed" testListId="8c84fa94-04c1-424b-9868-57a2d4851a1d" relativeResultsDirectory="53df8bae-2c77-4b25-8ab5-f06351e292e7" />
    <UnitTestResult executionId="00977fba-3b9b-4e00-bbbf-b39a9bf78a4c" testId="86efd8bd-9a1b-3c3a-0d19-f036bc66fd49" testName="FS.GG.Coord.GitHub.Tests.BudgetTests.#2419 the handler is a BACKSTOP for the whole shape, not one exception type" computerName="60c9e64cc8e0" duration="00:00:00.0000961" startTime="2026-08-14T01:05:27.9092779+02:00" endTime="2026-08-14T01:05:27.9092881+02:00" testType="13cdc9d9-ddb5-4fa4-a97d-d965ccfc6d4b" outcome="Passed" testListId="8c84fa94-04c1-424b-9868-57a2d4851a1d" relativeResultsDirectory="00977fba-3b9b-4e00-bbbf-b39a9bf78a4c" />
    <UnitTestResult executionId="f49465bd-39ed-4a68-993a-f1151f064cd4" testId="dc6cd177-67af-c2e6-532d-31bdd3f20c6b" testName="FS.GG.Coord.GitHub.Tests.HttpTransportTests.a page that is NOT a JSON array refuses - it is never silently truncated to the first page" computerName="60c9e64cc8e0" duration="00:00:00.0009072" startTime="2026-08-14T01:05:27.8618106+02:00" endTime="2026-08-14T01:05:27.8626680+02:00" testType="13cdc9d9-ddb5-4fa4-a97d-d965ccfc6d4b" outcome="Passed" testListId="8c84fa94-04c1-424b-9868-57a2d4851a1d" relativeResultsDirectory="f49465bd-39ed-4a68-993a-f1151f064cd4" />
    <UnitTestResult executionId="8fc517fe-6167-417f-bc59-edd1a5efd673" testId="437cc499-a3cc-ff94-a975-6ad5344fbc2c" testName="FS.GG.Coord.GitHub.Tests.ReadTests.contentEditProvenance reports a genuine zero - measured, not defaulted" computerName="60c9e64cc8e0" duration="00:00:00.0008109" startTime="2026-08-14T01:05:27.7705650+02:00" endTime="2026-08-14T01:05:27.7713271+02:00" testType="13cdc9d9-ddb5-4fa4-a97d-d965ccfc6d4b" outcome="Passed" testListId="8c84fa94-04c1-424b-9868-57a2d4851a1d" relativeResultsDirectory="8fc517fe-6167-417f-bc59-edd1a5efd673" />
    <UnitTestResult executionId="9b715a54-c156-4d5a-81d9-5b44b9245a26" testId="15b9b52a-7a2a-bb06-804e-ee314eb4aa7a" testName="FS.GG.Coord.GitHub.Tests.BoardTests.a SINGLE_SELECT option id is declared String — the schema types it String, not ID (#848)" computerName="60c9e64cc8e0" duration="00:00:00.0004899" startTime="2026-08-14T01:05:29.3376261+02:00" endTime="2026-08-14T01:05:29.3379939+02:00" testType="13cdc9d9-ddb5-4fa4-a97d-d965ccfc6d4b" outcome="Passed" testListId="8c84fa94-04c1-424b-9868-57a2d4851a1d" relativeResultsDirectory="9b715a54-c156-4d5a-81d9-5b44b9245a26" />
    <UnitTestResult executionId="7e360989-2727-4379-a78f-45a8dbdb52c7" testId="cf667ee3-cb81-202c-87c7-c8d10bf37c06" testName="FS.GG.Coord.GitHub.Tests.ReadTests.#1055 the branch probe propagates a RATE LIMIT - not swallowed as Unknown" computerName="60c9e64cc8e0" duration="00:00:00.0003293" startTime="2026-08-14T01:05:27.7558009+02:00" endTime="2026-08-14T01:05:27.7560953+02:00" testType="13cdc9d9-ddb5-4fa4-a97d-d965ccfc6d4b" outcome="Passed" testListId="8c84fa94-04c1-424b-9868-57a2d4851a1d" relativeResultsDirectory="7e360989-2727-4379-a78f-45a8dbdb52c7" />
    <UnitTestResult executionId="b3589624-045b-4af0-90f5-0a91d8ae6f74" testId="23673b50-7668-81f3-b823-607c76677b84" testName="FS.GG.Coord.GitHub.Tests.WriteTests.rewrite is FENCE-AWARE - a Paths: inside a code block is PROSE, not a declaration" computerName="60c9e64cc8e0" duration="00:00:00.0046032" startTime="2026-08-14T01:05:27.5900967+02:00" endTime="2026-08-14T01:05:27.5946983+02:00" testType="13cdc9d9-ddb5-4fa4-a97d-d965ccfc6d4b" outcome="Passed" testListId="8c84fa94-04c1-424b-9868-57a2d4851a1d" relativeResultsDirectory="b3589624-045b-4af0-90f5-0a91d8ae6f74" />
    <UnitTestResult executionId="319b3392-b4e6-462d-b6c3-f73109421ae3" testId="fec64db1-7616-3ba0-ab96-46d6b325a28a" testName="FS.GG.Coord.GitHub.Tests.WriteTests.#419 a live marker with OUR id but a DIFFERENT session is a TWIN - refused, not adopted" computerName="60c9e64cc8e0" duration="00:00:00.0002507" startTime="2026-08-14T01:05:27.6106518+02:00" endTime="2026-08-14T01:05:27.6108733+02:00" testType="13cdc9d9-ddb5-4fa4-a97d-d965ccfc6d4b" outcome="Passed" testListId="8c84fa94-04c1-424b-9868-57a2d4851a1d" relativeResultsDirectory="319b3392-b4e6-462d-b6c3-f73109421ae3" />
    <UnitTestResult executionId="0e89166d-19a1-4985-8aba-91b04219da66" testId="d1c7e919-d87b-3f93-6a9c-cb4df8e887fa" testName="FS.GG.Coord.GitHub.Tests.ScanBoardTests.#979 a --repo naming no board row REPORTS, and does not merely return empty" computerName="60c9e64cc8e0" duration="00:00:00.0000772" startTime="2026-08-14T01:05:27.7214787+02:00" endTime="2026-08-14T01:05:27.7215230+02:00" testType="13cdc9d9-ddb5-4fa4-a97d-d965ccfc6d4b" outcome="Passed" testListId="8c84fa94-04c1-424b-9868-57a2d4851a1d" relativeResultsDirectory="0e89166d-19a1-4985-8aba-91b04219da66" />
    <UnitTestResult executionId="c43aa802-0d2f-4d34-b979-b350154696ba" testId="6fdd08d0-e349-4c8e-cc42-b76c04f36946" testName="FS.GG.Coord.GitHub.Tests.ScanBoardTests.#2450 a CLAIMED, OPEN 'Blocked' row is NOT probed by this arm - the widened probe buys no request it need not" computerName="60c9e64cc8e0" duration="00:00:00.0003578" startTime="2026-08-14T01:05:27.7227385+02:00" endTime="2026-08-14T01:05:27.7230659+02:00" testType="13cdc9d9-ddb5-4fa4-a97d-d965ccfc6d4b" outcome="Passed" testListId="8c84fa94-04c1-424b-9868-57a2d4851a1d" relativeResultsDirectory="c43aa802-0d2f-4d34-b979-b350154696ba" />
    <UnitTestResult executionId="af0485c0-3b4a-4bf9-b46c-be0e0606218f" testId="77541ad1-acbd-e015-6240-dc76a05e31e6" testName="FS.GG.Coord.GitHub.Tests.BoardTests.itemIdCached never memoises 'not on board' - an item added later must still be found (#421)" computerName="60c9e64cc8e0" duration="00:00:00.0004087" startTime="2026-08-14T01:05:29.3433263+02:00" endTime="2026-08-14T01:05:29.3436252+02:00" testType="13cdc9d9-ddb5-4fa4-a97d-d965ccfc6d4b" outcome="Passed" testListId="8c84fa94-04c1-424b-9868-57a2d4851a1d" relativeResultsDirectory="af0485c0-3b4a-4bf9-b46c-be0e0606218f" />
    <UnitTestResult executionId="352cdb88-18f5-4d5f-b10d-b15403a24d13" testId="d354d4c0-6589-911f-1999-7591b484c9a1" testName="FS.GG.Coord.GitHub.Tests.WriteTests.verifyHeld does NOT hold when SOMEBODY ELSE holds it - and that is not a capability" computerName="60c9e64cc8e0" duration="00:00:00.0001961" startTime="2026-08-14T01:05:27.6463555+02:00" endTime="2026-08-14T01:05:27.6463929+02:00" testType="13cdc9d9-ddb5-4fa4-a97d-d965ccfc6d4b" outcome="Passed" testListId="8c84fa94-04c1-424b-9868-57a2d4851a1d" relativeResultsDirectory="352cdb88-18f5-4d5f-b10d-b15403a24d13" />
    <UnitTestResult executionId="a27a4215-0b1b-477e-87f2-e39e6c2dfc27" testId="33325aa1-61ce-f739-b78a-d2617329422d" testName="FS.GG.Coord.GitHub.Tests.ReadTests.a page we cannot COUNT is never memoised - headroom unproven is headroom refused" computerName="60c9e64cc8e0" duration="00:00:00.0012211" startTime="2026-08-14T01:05:27.8083211+02:00" endTime="2026-08-14T01:05:27.8094056+02:00" testType="13cdc9d9-ddb5-4fa4-a97d-d965ccfc6d4b" outcome="Passed" testListId="8c84fa94-04c1-424b-9868-57a2d4851a1d" relativeResultsDirectory="a27a4215-0b1b-477e-87f2-e39e6c2dfc27" />
    <UnitTestResult executionId="d0aff49e-2151-4ed3-a7f5-9f9a541a6243" testId="c0cb7814-0972-41f6-da27-eb626471bc32" testName="FS.GG.Coord.GitHub.Tests.ReadTests.#2365 recentCommentBodies refuses null comments" computerName="60c9e64cc8e0" duration="00:00:00.0001576" startTime="2026-08-14T01:05:27.7704133+02:00" endTime="2026-08-14T01:05:27.7704982+02:00" testType="13cdc9d9-ddb5-4fa4-a97d-d965ccfc6d4b" outcome="Passed" testListId="8c84fa94-04c1-424b-9868-57a2d4851a1d" relativeResultsDirectory="d0aff49e-2151-4ed3-a7f5-9f9a541a6243" />
    <UnitTestResult executionId="ebb41457-2a86-4307-bfaa-5b162ea384d7" testId="04236090-3035-6a98-b69e-e667dbbdcc17" testName="FS.GG.Coord.GitHub.Tests.DoneTests.a parent with an OPEN sibling is left open, and says which" computerName="60c9e64cc8e0" duration="00:00:00.0003765" startTime="2026-08-14T01:05:29.3130837+02:00" endTime="2026-08-14T01:05:29.3134366+02:00" testType="13cdc9d9-ddb5-4fa4-a97d-d965ccfc6d4b" outcome="Passed" testListId="8c84fa94-04c1-424b-9868-57a2d4851a1d" relativeResultsDirectory="ebb41457-2a86-4307-bfaa-5b162ea384d7" />
    <UnitTestResult executionId="08d66c12-e515-4ae1-b569-716a3ac2a1ab" testId="5fd9cf53-d847-e0a1-6f69-a12c59b98cbd" testName="FS.GG.Coord.GitHub.Tests.ReadTests.a STALE marker does not win - but an unreadable AGE is not stale" computerName="60c9e64cc8e0" duration="00:00:00.0001555" startTime="2026-08-14T01:05:27.8039227+02:00" endTime="2026-08-14T01:05:27.8040483+02:00" testType="13cdc9d9-ddb5-4fa4-a97d-d965ccfc6d4b" outcome="Passed" testListId="8c84fa94-04c1-424b-9868-57a2d4851a1d" relativeResultsDirectory="08d66c12-e515-4ae1-b569-716a3ac2a1ab" />
    <UnitTestResult executionId="5868e9f0-6b47-4cf1-93ce-16e41fd78f48" testId="0615ade3-9ccd-f53b-1861-39eb0e253b72" testName="FS.GG.Coord.GitHub.Tests.WriteTests.#1620 an eviction we could NOT complete takes nothing, and never posts our marker" computerName="60c9e64cc8e0" duration="00:00:00.0009681" startTime="2026-08-14T01:05:27.6066554+02:00" endTime="2026-08-14T01:05:27.6076030+02:00" testType="13cdc9d9-ddb5-4fa4-a97d-d965ccfc6d4b" outcome="Passed" testListId="8c84fa94-04c1-424b-9868-57a2d4851a1d" relativeResultsDirectory="5868e9f0-6b47-4cf1-93ce-16e41fd78f48" />
    <UnitTestResult executionId="93282ba6-aa06-43a9-99b7-4c002c43ed83" testId="9862c1a8-e1f2-233c-fc11-c99939353b5b" testName="FS.GG.Coord.GitHub.Tests.ReadTests.messages does NOT deliver a comment whose TEXT merely quotes a msg marker (anchored)" computerName="60c9e64cc8e0" duration="00:00:00.0001292" startTime="2026-08-14T01:05:27.7961442+02:00" endTime="2026-08-14T01:05:27.7962269+02:00" testType="13cdc9d9-ddb5-4fa4-a97d-d965ccfc6d4b" outcome="Passed" testListId="8c84fa94-04c1-424b-9868-57a2d4851a1d" relativeResultsDirectory="93282ba6-aa06-43a9-99b7-4c002c43ed83" />
    <UnitTestResult executionId="4cd820ce-df8f-4be6-8b42-7ed2af3bdae8" testId="7cd662c9-5ec4-4084-abad-ee1de98d054d" testName="FS.GG.Coord.GitHub.Tests.BoardTests.#2166 an incomplete external-owner ProjectV2 page fails closed instead of reporting absence" computerName="60c9e64cc8e0" duration="00:00:00.0002114" startTime="2026-08-14T01:05:29.3682824+02:00" endTime="2026-08-14T01:05:29.3684666+02:00" testType="13cdc9d9-ddb5-4fa4-a97d-d965ccfc6d4b" outcome="Passed" testListId="8c84fa94-04c1-424b-9868-57a2d4851a1d" relativeResultsDirectory="4cd820ce-df8f-4be6-8b42-7ed2af3bdae8" />
    <UnitTestResult executionId="f35321f5-42eb-4d4f-bf5d-373b08fbe50e" testId="e21f47c0-9523-338f-25b9-52b4fb34ee4c" testName="FS.GG.Coord.GitHub.Tests.HttpTransportTests.#421 a 403 carrying a rate-limit message is RateLimited, not Unauthorized" computerName="60c9e64cc8e0" duration="00:00:00.0007460" startTime="2026-08-14T01:05:27.8598041+02:00" endTime="2026-08-14T01:05:27.8604788+02:00" testType="13cdc9d9-ddb5-4fa4-a97d-d965ccfc6d4b" outcome="Passed" testListId="8c84fa94-04c1-424b-9868-57a2d4851a1d" relativeResultsDirectory="f35321f5-42eb-4d4f-bf5d-373b08fbe50e" />
    <UnitTestResult executionId="f7de6e0e-dd42-4637-a556-e45ebe27cea8" testId="ad92939b-c57e-7d15-e778-dad009787d08" testName="FS.GG.Coord.GitHub.Tests.ScanBoardTests.#1794 an OFF-BOARD live claim whose body could not be read reserves an UNKNOWN surface, not nothing" computerName="60c9e64cc8e0" duration="00:00:00.0122494" startTime="2026-08-14T01:05:27.6708519+02:00" endTime="2026-08-14T01:05:27.6830719+02:00" testType="13cdc9d9-ddb5-4fa4-a97d-d965ccfc6d4b" outcome="Passed" testListId="8c84fa94-04c1-424b-9868-57a2d4851a1d" relativeResultsDirectory="f7de6e0e-dd42-4637-a556-e45ebe27cea8" />
    <UnitTestResult executionId="57d844d6-92b4-44b6-b421-79f7743e874d" testId="972aacd4-21a7-7881-6c1a-84ca1d75b420" testName="FS.GG.Coord.GitHub.Tests.WriteTests.#1031 a twin is a case of its OWN - collapsing it into DoesNotHold would misdiagnose the lease" computerName="60c9e64cc8e0" duration="00:00:00.0002464" startTime="2026-08-14T01:05:27.6236425+02:00" endTime="2026-08-14T01:05:27.6238730+02:00" testType="13cdc9d9-ddb5-4fa4-a97d-d965ccfc6d4b" outcome="Passed" testListId="8c84fa94-04c1-424b-9868-57a2d4851a1d" relativeResultsDirectory="57d844d6-92b4-44b6-b421-79f7743e874d" />
    <UnitTestResult executionId="f487637a-4614-46f0-a842-70526e100c38" testId="d21b3432-df92-1894-7ae1-08ff56342e8f" testName="FS.GG.Coord.GitHub.Tests.ReadTests.#1575/#2517 a RED that GitHub also refuses reads no policy — it is already not merging" computerName="60c9e64cc8e0" duration="00:00:00.0010476" startTime="2026-08-14T01:05:27.7594747+02:00" endTime="2026-08-14T01:05:27.7604986+02:00" testType="13cdc9d9-ddb5-4fa4-a97d-d965ccfc6d4b" outcome="Passed" testListId="8c84fa94-04c1-424b-9868-57a2d4851a1d" relativeResultsDirectory="f487637a-4614-46f0-a842-70526e100c38" />
    <UnitTestResult executionId="89792fdc-7bce-4a83-946d-bd11730f319e" testId="e3350581-32b6-d09f-e3d4-c3b5335253fb" testName="FS.GG.Coord.GitHub.Tests.BoardTests.itemStatus is Ok None when the item is on the board with NO Status set" computerName="60c9e64cc8e0" duration="00:00:00.0006311" startTime="2026-08-14T01:05:29.3483753+02:00" endTime="2026-08-14T01:05:29.3489687+02:00" testType="13cdc9d9-ddb5-4fa4-a97d-d965ccfc6d4b" outcome="Passed" testListId="8c84fa94-04c1-424b-9868-57a2d4851a1d" relativeResultsDirectory="89792fdc-7bce-4a83-946d-bd11730f319e" />
    <UnitTestResult executionId="54502bd6-436c-45e8-a687-2c1c8c2cf17a" testId="26c0f7be-6427-3962-aa20-614d0fb7b169" testName="FS.GG.Coord.GitHub.Tests.ReadTests.--sha suppresses the green guard too — the caller asserted the commit and was answered for free" computerName="60c9e64cc8e0" duration="00:00:00.0007517" startTime="2026-08-14T01:05:27.7507957+02:00" endTime="2026-08-14T01:05:27.7515097+02:00" testType="13cdc9d9-ddb5-4fa4-a97d-d965ccfc6d4b" outcome="Passed" testListId="8c84fa94-04c1-424b-9868-57a2d4851a1d" relativeResultsDirectory="54502bd6-436c-45e8-a687-2c1c8c2cf17a" />
    <UnitTestResult executionId="4857c6d5-3fd2-495b-a5bb-d7212c32e51b" testId="9568c2bb-e253-b81b-2ce8-0c8408005400" testName="FS.GG.Coord.GitHub.Tests.BoardTests.addItem adds when the read DEFINITELY says not-on-board, and returns the new item id" computerName="60c9e64cc8e0" duration="00:00:00.0014226" startTime="2026-08-14T01:05:29.3380551+02:00" endTime="2026-08-14T01:05:29.3394452+02:00" testType="13cdc9d9-ddb5-4fa4-a97d-d965ccfc6d4b" outcome="Passed" testListId="8c84fa94-04c1-424b-9868-57a2d4851a1d" relativeResultsDirectory="4857c6d5-3fd2-495b-a5bb-d7212c32e51b" />
    <UnitTestResult executionId="2a7c7b7a-f127-445f-b48e-91a5c8b8fa02" testId="fdf282d9-e0ac-7c65-6953-c09c41871ffc" testName="FS.GG.Coord.GitHub.Tests.ScanBoardTests.#2450 a CLAIMED, OPEN row already 'In review' with NO open item PR is still probed - the mate" computerName="60c9e64cc8e0" duration="00:00:00.0004629" startTime="2026-08-14T01:05:27.7077047+02:00" endTime="2026-08-14T01:05:27.7081071+02:00" testType="13cdc9d9-ddb5-4fa4-a97d-d965ccfc6d4b" outcome="Passed" testListId="8c84fa94-04c1-424b-9868-57a2d4851a1d" relativeResultsDirectory="2a7c7b7a-f127-445f-b48e-91a5c8b8fa02" />
    <UnitTestResult executionId="127eb586-b175-4fe5-bcf7-f3e2546e5411" testId="418ff1e1-af80-09b7-ab9d-d983467cafa1" testName="FS.GG.Coord.GitHub.Tests.ReadTests.a ref we cannot read leaves the GREEN standing — fail-closed must not strand every merge" computerName="60c9e64cc8e0" duration="00:00:00.0006847" startTime="2026-08-14T01:05:27.7720390+02:00" endTime="2026-08-14T01:05:27.7725715+02:00" testType="13cdc9d9-ddb5-4fa4-a97d-d965ccfc6d4b" outcome="Passed" testListId="8c84fa94-04c1-424b-9868-57a2d4851a1d" relativeResultsDirectory="127eb586-b175-4fe5-bcf7-f3e2546e5411" />
    <UnitTestResult executionId="f9ef70c0-96b2-4871-a08f-bd1470a4f5b9" testId="b14a5cd3-8202-0f7a-555e-4c30ed254b31" testName="FS.GG.Coord.GitHub.Tests.ReadTests.the marker read is NEVER conditional - a 304 could hide a live lock" computerName="60c9e64cc8e0" duration="00:00:00.0000953" startTime="2026-08-14T01:05:27.7542034+02:00" endTime="2026-08-14T01:05:27.7542339+02:00" testType="13cdc9d9-ddb5-4fa4-a97d-d965ccfc6d4b" outcome="Passed" testListId="8c84fa94-04c1-424b-9868-57a2d4851a1d" relativeResultsDirectory="f9ef70c0-96b2-4871-a08f-bd1470a4f5b9" />
    <UnitTestResult executionId="4ccb974a-7cd2-4600-9a0c-6853d9f740b7" testId="f5066328-430a-e412-592e-ddce76cba723" testName="FS.GG.Coord.GitHub.Tests.ReadTests.every read of the landable poll revalidates on the second look, and the 304s reach the SAME verdict" computerName="60c9e64cc8e0" duration="00:00:00.0008092" startTime="2026-08-14T01:05:27.7802573+02:00" endTime="2026-08-14T01:05:27.7809022+02:00" testType="13cdc9d9-ddb5-4fa4-a97d-d965ccfc6d4b" outcome="Passed" testListId="8c84fa94-04c1-424b-9868-57a2d4851a1d" relativeResultsDirectory="4ccb974a-7cd2-4600-9a0c-6853d9f740b7" />
    <UnitTestResult executionId="03cad8a1-9371-4e20-9724-24525fd08ec2" testId="aff13794-85c4-66d9-4f9a-74b0b30e5231" testName="FS.GG.Coord.GitHub.Tests.ReadTests.#2365 prClosingRef treats a null repository the same as an unreadable graph" computerName="60c9e64cc8e0" duration="00:00:00.0011338" startTime="2026-08-14T01:05:27.7542906+02:00" endTime="2026-08-14T01:05:27.7553907+02:00" testType="13cdc9d9-ddb5-4fa4-a97d-d965ccfc6d4b" outcome="Passed" testListId="8c84fa94-04c1-424b-9868-57a2d4851a1d" relativeResultsDirectory="03cad8a1-9371-4e20-9724-24525fd08ec2" />
    <UnitTestResult executionId="234a567b-bcc7-4e1e-86cf-ab79978aae6f" testId="f5cbd8ce-94a3-2ba4-d607-00cc79f20f63" testName="FS.GG.Coord.GitHub.Tests.ReadTests.issues fails closed on a 200 that is not a JSON array - a proxy error page is not an empty listing" computerName="60c9e64cc8e0" duration="00:00:00.0003971" startTime="2026-08-14T01:05:27.8073901+02:00" endTime="2026-08-14T01:05:27.8077398+02:00" testType="13cdc9d9-ddb5-4fa4-a97d-d965ccfc6d4b" outcome="Passed" testListId="8c84fa94-04c1-424b-9868-57a2d4851a1d" relativeResultsDirectory="234a567b-bcc7-4e1e-86cf-ab79978aae6f" />
    <UnitTestResult executionId="b55eaec2-3e7d-4847-9299-1befb8188c8b" testId="c82981cd-7704-6d2c-896a-634d46cb2a84" testName="FS.GG.Coord.GitHub.Tests.DoneTests.#2444 renderReceipt DELIBERATELY diverges from render - the durable comment keeps the note" computerName="60c9e64cc8e0" duration="00:00:00.0001143" startTime="2026-08-14T01:05:29.3262670+02:00" endTime="2026-08-14T01:05:29.3262833+02:00" testType="13cdc9d9-ddb5-4fa4-a97d-d965ccfc6d4b" outcome="Passed" testListId="8c84fa94-04c1-424b-9868-57a2d4851a1d" relativeResultsDirectory="b55eaec2-3e7d-4847-9299-1befb8188c8b" />
    <UnitTestResult executionId="fba8051a-97a5-404e-bcc7-21ca0fd2bf46" testId="611490a0-db38-1168-4fb1-5354bb702575" testName="FS.GG.Coord.GitHub.Tests.BlockerGraphTests+BlockerGraphTests.an owner-qualified cross-repo ref matches the on-board node" computerName="60c9e64cc8e0" duration="00:00:00.0001077" startTime="2026-08-14T01:05:27.7285789+02:00" endTime="2026-08-14T01:05:27.7285888+02:00" testType="13cdc9d9-ddb5-4fa4-a97d-d965ccfc6d4b" outcome="Passed" testListId="8c84fa94-04c1-424b-9868-57a2d4851a1d" relativeResultsDirectory="fba8051a-97a5-404e-bcc7-21ca0fd2bf46" />
    <UnitTestResult executionId="31ae7760-8057-45d2-9648-aa7319643be5" testId="829be4a8-3cbd-1e51-0423-e81c4a6d6257" testName="FS.GG.Coord.GitHub.Tests.ReadTests.a pull request or malformed state is UNKNOWN to reconciliation, never closed" computerName="60c9e64cc8e0" duration="00:00:00.0003478" startTime="2026-08-14T01:05:27.8015863+02:00" endTime="2026-08-14T01:05:27.8018473+02:00" testType="13cdc9d9-ddb5-4fa4-a97d-d965ccfc6d4b" outcome="Passed" testListId="8c84fa94-04c1-424b-9868-57a2d4851a1d" relativeResultsDirectory="31ae7760-8057-45d2-9648-aa7319643be5" />
    <UnitTestResult executionId="d73c5058-9454-477d-9f91-670ac26f0c3a" testId="85a15c67-697d-fe7c-f0a6-6a664d1be996" testName="FS.GG.Coord.GitHub.Tests.ScanBoardTests..github#2525 a missing or ill-typed pageInfo REFUSES" computerName="60c9e64cc8e0" duration="00:00:00.0001513" startTime="2026-08-14T01:05:27.7154748+02:00" endTime="2026-08-14T01:05:27.7154848+02:00" testType="13cdc9d9-ddb5-4fa4-a97d-d965ccfc6d4b" outcome="Passed" testListId="8c84fa94-04c1-424b-9868-57a2d4851a1d" relativeResultsDirectory="d73c5058-9454-477d-9f91-670ac26f0c3a" />
    <UnitTestResult executionId="ebd2c063-da9e-41b7-9cd0-6ab74c54bbaa" testId="7b298982-5df1-c220-e1a3-bea77d59061e" testName="FS.GG.Coord.GitHub.Tests.ReadTests.a PR with a NULL body reads as empty - that is a successful read, not a failure" computerName="60c9e64cc8e0" duration="00:00:00.0004617" startTime="2026-08-14T01:05:27.7333670+02:00" endTime="2026-08-14T01:05:27.7336033+02:00" testType="13cdc9d9-ddb5-4fa4-a97d-d965ccfc6d4b" outcome="Passed" testListId="8c84fa94-04c1-424b-9868-57a2d4851a1d" relativeResultsDirectory="ebd2c063-da9e-41b7-9cd0-6ab74c54bbaa" />
    <UnitTestResult executionId="9aead77b-fcb1-4b52-9602-9d4bb932dd97" testId="40bd1851-7fd5-c167-8dd9-978b89e04633" testName="FS.GG.Coord.GitHub.Tests.HttpTransportTests.If-None-Match is SENT when given, and a 304 comes back as a SUCCESS with an empty body" computerName="60c9e64cc8e0" duration="00:00:00.0012286" startTime="2026-08-14T01:05:27.8605508+02:00" endTime="2026-08-14T01:05:27.8617394+02:00" testType="13cdc9d9-ddb5-4fa4-a97d-d965ccfc6d4b" outcome="Passed" testListId="8c84fa94-04c1-424b-9868-57a2d4851a1d" relativeResultsDirectory="9aead77b-fcb1-4b52-9602-9d4bb932dd97" />
    <UnitTestResult executionId="79db647f-7191-424f-a0c4-e7ca516e2469" testId="3ed1aebc-e13d-6c22-62c7-2f4a975fff4f" testName="FS.GG.Coord.GitHub.Tests.BudgetTests.an UNPARSEABLE reset header is no reset - never 1970, which renders as 'retry now'" computerName="60c9e64cc8e0" duration="00:00:00.0002153" startTime="2026-08-14T01:05:27.9086735+02:00" endTime="2026-08-14T01:05:27.9088554+02:00" testType="13cdc9d9-ddb5-4fa4-a97d-d965ccfc6d4b" outcome="Passed" testListId="8c84fa94-04c1-424b-9868-57a2d4851a1d" relativeResultsDirectory="79db647f-7191-424f-a0c4-e7ca516e2469" />
    <UnitTestResult executionId="111d84b8-84f4-4ece-beec-31a8ab54801c" testId="a9f79503-a46a-de6e-6add-478825c73f21" testName="FS.GG.Coord.GitHub.Tests.ReadTests.#1732 a marker carries path scope while legacy markers remain readable" computerName="60c9e64cc8e0" duration="00:00:00.0002753" startTime="2026-08-14T01:05:27.7897351+02:00" endTime="2026-08-14T01:05:27.7899782+02:00" testType="13cdc9d9-ddb5-4fa4-a97d-d965ccfc6d4b" outcome="Passed" testListId="8c84fa94-04c1-424b-9868-57a2d4851a1d" relativeResultsDirectory="111d84b8-84f4-4ece-beec-31a8ab54801c" />
    <UnitTestResult executionId="1fe785a4-93e4-4866-874e-1cefa2319fcc" testId="8b3e3c3a-1e48-849c-99e5-88108c43c3d4" testName="FS.GG.Coord.GitHub.Tests.DoneTests.#2444 render's stdout stamp names ONLY the winner - the passed-over note does not ride stdout" computerName="60c9e64cc8e0" duration="00:00:00.0000642" startTime="2026-08-14T01:05:29.3256151+02:00" endTime="2026-08-14T01:05:29.3256293+02:00" testType="13cdc9d9-ddb5-4fa4-a97d-d965ccfc6d4b" outcome="Passed" testListId="8c84fa94-04c1-424b-9868-57a2d4851a1d" relativeResultsDirectory="1fe785a4-93e4-4866-874e-1cefa2319fcc" />
    <UnitTestResult executionId="4b01cb8a-3086-42cf-98b7-9923be94bc1f" testId="b412fb22-310b-9345-9a9d-0cfb519b4027" testName="FS.GG.Coord.GitHub.Tests.BoardTests.#862 flush DROPS an entry whose item left the board - but does NOT count it as written" computerName="60c9e64cc8e0" duration="00:00:00.0005597" startTime="2026-08-14T01:05:29.3609730+02:00" endTime="2026-08-14T01:05:29.3613945+02:00" testType="13cdc9d9-ddb5-4fa4-a97d-d965ccfc6d4b" outcome="Passed" testListId="8c84fa94-04c1-424b-9868-57a2d4851a1d" relativeResultsDirectory="4b01cb8a-3086-42cf-98b7-9923be94bc1f" />
    <UnitTestResult executionId="fe6745ff-e745-4bef-a29a-29babb9532a9" testId="8d9e429e-1086-5288-dd54-40f78890f939" testName="FS.GG.Coord.GitHub.Tests.ReadTests.a marker is ANCHORED - a say message that QUOTES one cannot forge a lock" computerName="60c9e64cc8e0" duration="00:00:00.0001281" startTime="2026-08-14T01:05:27.7959824+02:00" endTime="2026-08-14T01:05:27.7960815+02:00" testType="13cdc9d9-ddb5-4fa4-a97d-d965ccfc6d4b" outcome="Passed" testListId="8c84fa94-04c1-424b-9868-57a2d4851a1d" relativeResultsDirectory="fe6745ff-e745-4bef-a29a-29babb9532a9" />
    <UnitTestResult executionId="9cca51a1-b62c-4c64-917f-39582f22c147" testId="5485ded1-2529-7876-cefc-43a7ce6ed8ad" testName="FS.GG.Coord.GitHub.Tests.WriteTests.the chore lock COLLECTS a dead holder's debris — the lock a worker died holding" computerName="60c9e64cc8e0" duration="00:00:00.0008339" startTime="2026-08-14T01:05:27.6076634+02:00" endTime="2026-08-14T01:05:27.6084763+02:00" testType="13cdc9d9-ddb5-4fa4-a97d-d965ccfc6d4b" outcome="Passed" testListId="8c84fa94-04c1-424b-9868-57a2d4851a1d" relativeResultsDirectory="9cca51a1-b62c-4c64-917f-39582f22c147" />
    <UnitTestResult executionId="fff7130c-7f6c-4753-a9f2-ee534f5779ae" testId="7f5f93db-5c4c-ce1a-5628-629d0cfd788b" testName="FS.GG.Coord.GitHub.Tests.CacheTests.#344 an EMPTY scan is never written to the cache" computerName="60c9e64cc8e0" duration="00:00:00.0002091" startTime="2026-08-14T01:05:28.9755002+02:00" endTime="2026-08-14T01:05:28.9756804+02:00" testType="13cdc9d9-ddb5-4fa4-a97d-d965ccfc6d4b" outcome="Passed" testListId="8c84fa94-04c1-424b-9868-57a2d4851a1d" relativeResultsDirectory="fff7130c-7f6c-4753-a9f2-ee534f5779ae" />
    <UnitTestResult executionId="f412c2a7-17b8-4f0e-93c2-2fdb3e5fd93f" testId="318333e1-450f-69ae-5ebe-a89487d1a5ba" testName="FS.GG.Coord.GitHub.Tests.GraphQlErrorsFirstTests..github#2534 a response carrying neither data nor errors is a failed read" computerName="60c9e64cc8e0" duration="00:00:00.0001223" startTime="2026-08-14T01:05:27.8948915+02:00" endTime="2026-08-14T01:05:27.8949638+02:00" testType="13cdc9d9-ddb5-4fa4-a97d-d965ccfc6d4b" outcome="Passed" testListId="8c84fa94-04c1-424b-9868-57a2d4851a1d" relativeResultsDirectory="f412c2a7-17b8-4f0e-93c2-2fdb3e5fd93f" />
    <UnitTestResult executionId="70da30bc-1477-4a58-acb3-0a40ca8a9696" testId="64bb1815-50e6-c8a2-7793-33d4828c6d68" testName="FS.GG.Coord.GitHub.Tests.WriteTests.#2131 guarded merge binds GitHub's write to the inspected head SHA" computerName="60c9e64cc8e0" duration="00:00:00.0006324" startTime="2026-08-14T01:05:27.6096724+02:00" endTime="2026-08-14T01:05:27.6101142+02:00" testType="13cdc9d9-ddb5-4fa4-a97d-d965ccfc6d4b" outcome="Passed" testListId="8c84fa94-04c1-424b-9868-57a2d4851a1d" relativeResultsDirectory="70da30bc-1477-4a58-acb3-0a40ca8a9696" />
    <UnitTestResult executionId="99dc8f9a-deb8-496f-a452-76d54dc00371" testId="c3992ba3-c42c-fba6-c7b0-d0eb73cbc30c" testName="FS.GG.Coord.GitHub.Tests.BoardTests.#2166 a complete external-owner ProjectV2 lookup may report genuine non-membership" computerName="60c9e64cc8e0" duration="00:00:00.0002097" startTime="2026-08-14T01:05:29.3649246+02:00" endTime="2026-08-14T01:05:29.3651141+02:00" testType="13cdc9d9-ddb5-4fa4-a97d-d965ccfc6d4b" outcome="Passed" testListId="8c84fa94-04c1-424b-9868-57a2d4851a1d" relativeResultsDirectory="99dc8f9a-deb8-496f-a452-76d54dc00371" />
    <UnitTestResult executionId="c1becfa7-d3c5-4c82-8ec0-1a86953aa9e1" testId="dccc230f-98d4-285e-fb47-8376bf8c1f59" testName="FS.GG.Coord.GitHub.Tests.CacheTests.a zero board TTL disables the board cache - the safe direction is to pay for the read" computerName="60c9e64cc8e0" duration="00:00:00.0002567" startTime="2026-08-14T01:05:29.1495448+02:00" endTime="2026-08-14T01:05:29.1497588+02:00" testType="13cdc9d9-ddb5-4fa4-a97d-d965ccfc6d4b" outcome="Passed" testListId="8c84fa94-04c1-424b-9868-57a2d4851a1d" relativeResultsDirectory="c1becfa7-d3c5-4c82-8ec0-1a86953aa9e1" />
    <UnitTestResult executionId="8e6d4325-e8c9-4559-afb3-1ee8762add2e" testId="2c1c0d58-b9ef-59d7-93ba-737089a5f696" testName="FS.GG.Coord.GitHub.Tests.BoardTests.#882 the board that OWNS the queued write still replays it" computerName="60c9e64cc8e0" duration="00:00:00.0006032" startTime="2026-08-14T01:05:29.3631651+02:00" endTime="2026-08-14T01:05:29.3637388+02:00" testType="13cdc9d9-ddb5-4fa4-a97d-d965ccfc6d4b" outcome="Passed" testListId="8c84fa94-04c1-424b-9868-57a2d4851a1d" relativeResultsDirectory="8e6d4325-e8c9-4559-afb3-1ee8762add2e" />
    <UnitTestResult executionId="6d488079-3349-421f-b3dc-23813fa03bbb" testId="6b38349d-24d7-77df-e950-d9b1cd50cd3d" testName="FS.GG.Coord.GitHub.Tests.WriteTests.writeRoomRef PATCHes the member issue with the appended Rooms line" computerName="60c9e64cc8e0" duration="00:00:00.0005178" startTime="2026-08-14T01:05:27.5973457+02:00" endTime="2026-08-14T01:05:27.5977512+02:00" testType="13cdc9d9-ddb5-4fa4-a97d-d965ccfc6d4b" outcome="Passed" testListId="8c84fa94-04c1-424b-9868-57a2d4851a1d" relativeResultsDirectory="6d488079-3349-421f-b3dc-23813fa03bbb" />
    <UnitTestResult executionId="96c0a157-a00f-4768-9453-d84fd50b9f90" testId="ca9e2b76-246e-2c1e-4619-bf7d05a46614" testName="FS.GG.Coord.GitHub.Tests.DoneTests.#2444 passedOverForeignNote is None off a red or unverified verdict" computerName="60c9e64cc8e0" duration="00:00:00.0002241" startTime="2026-08-14T01:05:29.3257222+02:00" endTime="2026-08-14T01:05:29.3258511+02:00" testType="13cdc9d9-ddb5-4fa4-a97d-d965ccfc6d4b" outcome="Passed" testListId="8c84fa94-04c1-424b-9868-57a2d4851a1d" relativeResultsDirectory="96c0a157-a00f-4768-9453-d84fd50b9f90" />
    <UnitTestResult executionId="b3da7974-0450-4adf-8e8c-888ad614abad" testId="c119b94a-6bbe-7654-57b6-7251fa4eb894" testName="FS.GG.Coord.GitHub.Tests.ReadTests.contentEditProvenance keeps a truncated connection honest - Total exceeds the visible nodes" computerName="60c9e64cc8e0" duration="00:00:00.0002928" startTime="2026-08-14T01:05:27.7985466+02:00" endTime="2026-08-14T01:05:27.7988056+02:00" testType="13cdc9d9-ddb5-4fa4-a97d-d965ccfc6d4b" outcome="Passed" testListId="8c84fa94-04c1-424b-9868-57a2d4851a1d" relativeResultsDirectory="b3da7974-0450-4adf-8e8c-888ad614abad" />
    <UnitTestResult executionId="777956db-13a7-498f-9baa-03f6108b51a5" testId="7118130c-17a7-f6d6-2d9b-0067abb9d025" testName="FS.GG.Coord.GitHub.Tests.ScanBoardTests.#2308 a legacy cache row without a node id takes the former fresh REST lock path" computerName="60c9e64cc8e0" duration="00:00:00.0004670" startTime="2026-08-14T01:05:27.7218764+02:00" endTime="2026-08-14T01:05:27.7221760+02:00" testType="13cdc9d9-ddb5-4fa4-a97d-d965ccfc6d4b" outcome="Passed" testListId="8c84fa94-04c1-424b-9868-57a2d4851a1d" relativeResultsDirectory="777956db-13a7-498f-9baa-03f6108b51a5" />
    <UnitTestResult executionId="f89f13d9-8459-49db-a9c5-7fa91fcaf885" testId="f75b6f0d-741b-85da-9687-f73be6e28af5" testName="FS.GG.Coord.GitHub.Tests.BoardTests.#2143 an external-owner batch uses the same canonical cached item as a single field write" computerName="60c9e64cc8e0" duration="00:00:00.0091410" startTime="2026-08-14T01:05:29.3283170+02:00" endTime="2026-08-14T01:05:29.3374856+02:00" testType="13cdc9d9-ddb5-4fa4-a97d-d965ccfc6d4b" outcome="Passed" testListId="8c84fa94-04c1-424b-9868-57a2d4851a1d" relativeResultsDirectory="f89f13d9-8459-49db-a9c5-7fa91fcaf885" />
    <UnitTestResult executionId="6835e561-00a8-4520-af02-1635fcfb863e" testId="78404f84-7221-0451-af2b-088bfae8f4d1" testName="FS.GG.Coord.GitHub.Tests.ReadTests.#1680 AC3 --wait never polls a merged pr — it settles, and costs ONE read" computerName="60c9e64cc8e0" duration="00:00:00.0003376" startTime="2026-08-14T01:05:27.7715418+02:00" endTime="2026-08-14T01:05:27.7718566+02:00" testType="13cdc9d9-ddb5-4fa4-a97d-d965ccfc6d4b" outcome="Passed" testListId="8c84fa94-04c1-424b-9868-57a2d4851a1d" relativeResultsDirectory="6835e561-00a8-4520-af02-1635fcfb863e" />
    <UnitTestResult executionId="35d5d1e0-93b6-43cf-b527-6f597935114b" testId="250ed9cf-781f-754f-bb0f-013e95147424" testName="FS.GG.Coord.GitHub.Tests.HttpTransportTests.#2418 a REST response is NOT counted against the GraphQL meter" computerName="60c9e64cc8e0" duration="00:00:00.0010061" startTime="2026-08-14T01:05:27.8464286+02:00" endTime="2026-08-14T01:05:27.8473202+02:00" testType="13cdc9d9-ddb5-4fa4-a97d-d965ccfc6d4b" outcome="Passed" testListId="8c84fa94-04c1-424b-9868-57a2d4851a1d" relativeResultsDirectory="35d5d1e0-93b6-43cf-b527-6f597935114b" />
    <UnitTestResult executionId="00f6aaa9-df43-4b4d-bf48-b876d9c1c546" testId="fea7c77d-001f-bab5-e0c6-98068c7abdfe" testName="FS.GG.Coord.GitHub.Tests.WriteTests.#1646 verifyHeld REFUSES the capability when the caller NAMES another worker whose marker is live" computerName="60c9e64cc8e0" duration="00:00:00.0017080" startTime="2026-08-14T01:05:27.5749899+02:00" endTime="2026-08-14T01:05:27.5750122+02:00" testType="13cdc9d9-ddb5-4fa4-a97d-d965ccfc6d4b" outcome="Passed" testListId="8c84fa94-04c1-424b-9868-57a2d4851a1d" relativeResultsDirectory="00f6aaa9-df43-4b4d-bf48-b876d9c1c546" />
    <UnitTestResult executionId="8eb9bb5a-de23-4046-8aea-d050f5097fea" testId="000b9396-03fb-0759-0ab6-b37e7ec80edb" testName="FS.GG.Coord.GitHub.Tests.TransportTests.the comment verbs are the stub's verbs - post, delete, patch, list" computerName="60c9e64cc8e0" duration="00:00:00.0002538" startTime="2026-08-14T01:05:27.8649692+02:00" endTime="2026-08-14T01:05:27.8652003+02:00" testType="13cdc9d9-ddb5-4fa4-a97d-d965ccfc6d4b" outcome="Passed" testListId="8c84fa94-04c1-424b-9868-57a2d4851a1d" relativeResultsDirectory="8eb9bb5a-de23-4046-8aea-d050f5097fea" />
    <UnitTestResult executionId="9986df3d-bd06-4904-960c-c4f57ded7718" testId="20dd433c-b075-5f36-3492-e05678b2093d" testName="FS.GG.Coord.GitHub.Tests.BoardTests.a NUMBER field is validated by a REAL numeric parse, not a character class" computerName="60c9e64cc8e0" duration="00:00:00.0002054" startTime="2026-08-14T01:05:29.3660291+02:00" endTime="2026-08-14T01:05:29.3662215+02:00" testType="13cdc9d9-ddb5-4fa4-a97d-d965ccfc6d4b" outcome="Passed" testListId="8c84fa94-04c1-424b-9868-57a2d4851a1d" relativeResultsDirectory="9986df3d-bd06-4904-960c-c4f57ded7718" />
    <UnitTestResult executionId="84f5a6cc-4317-44ff-a4b0-4b4800555dd9" testId="880edb13-b464-ba4a-c42c-5854e66af189" testName="FS.GG.Coord.GitHub.Tests.ScanBoardTests.#979 no --repo is the identity, and says nothing" computerName="60c9e64cc8e0" duration="00:00:00.0005115" startTime="2026-08-14T01:05:27.6849741+02:00" endTime="2026-08-14T01:05:27.6854431+02:00" testType="13cdc9d9-ddb5-4fa4-a97d-d965ccfc6d4b" outcome="Passed" testListId="8c84fa94-04c1-424b-9868-57a2d4851a1d" relativeResultsDirectory="84f5a6cc-4317-44ff-a4b0-4b4800555dd9" />
    <UnitTestResult executionId="cbf72168-4967-413f-b185-af5b3784dc99" testId="a919e0c1-be8e-063e-6638-2de98bec2372" testName="FS.GG.Coord.GitHub.Tests.ScanBoardTests.a DRAFT board card is skipped - it has no issue, so it cannot be claimed" computerName="60c9e64cc8e0" duration="00:00:00.0006745" startTime="2026-08-14T01:05:27.6942239+02:00" endTime="2026-08-14T01:05:27.6948711+02:00" testType="13cdc9d9-ddb5-4fa4-a97d-d965ccfc6d4b" outcome="Passed" testListId="8c84fa94-04c1-424b-9868-57a2d4851a1d" relativeResultsDirectory="cbf72168-4967-413f-b185-af5b3784dc99" />
    <UnitTestResult executionId="66b48dfd-d2f6-47f1-b176-f2b891c1904b" testId="1e2e5c4e-9975-8503-12c2-ca7a74da8101" testName="FS.GG.Coord.GitHub.Tests.DoneTests.#325 a parent whose BODY declares an unlinked child is left open, and names it" computerName="60c9e64cc8e0" duration="00:00:00.0013810" startTime="2026-08-14T01:05:29.3175300+02:00" endTime="2026-08-14T01:05:29.3188857+02:00" testType="13cdc9d9-ddb5-4fa4-a97d-d965ccfc6d4b" outcome="Passed" testListId="8c84fa94-04c1-424b-9868-57a2d4851a1d" relativeResultsDirectory="66b48dfd-d2f6-47f1-b176-f2b891c1904b" />
    <UnitTestResult executionId="7475fc2d-1010-4080-8ed0-29fd8f9914b4" testId="9e06924f-e39d-7f5a-c0c5-220f904278b3" testName="FS.GG.Coord.GitHub.Tests.BoardTests.#421 addItem REFUSES to add on a failed lookup - and spends no mutation" computerName="60c9e64cc8e0" duration="00:00:00.0002341" startTime="2026-08-14T01:05:29.3616151+02:00" endTime="2026-08-14T01:05:29.3618114+02:00" testType="13cdc9d9-ddb5-4fa4-a97d-d965ccfc6d4b" outcome="Passed" testListId="8c84fa94-04c1-424b-9868-57a2d4851a1d" relativeResultsDirectory="7475fc2d-1010-4080-8ed0-29fd8f9914b4" />
    <UnitTestResult executionId="9186e754-19cd-4eb0-8b78-0a9b2b86bd08" testId="baf7b306-6bef-f6b5-7cb9-b428a171104e" testName="FS.GG.Coord.GitHub.Tests.BoardTests.a NUMBER is sent as a JSON NUMBER, not a quoted string" computerName="60c9e64cc8e0" duration="00:00:00.0001196" startTime="2026-08-14T01:05:29.3706010+02:00" endTime="2026-08-14T01:05:29.3706942+02:00" testType="13cdc9d9-ddb5-4fa4-a97d-d965ccfc6d4b" outcome="Passed" testListId="8c84fa94-04c1-424b-9868-57a2d4851a1d" relativeResultsDirectory="9186e754-19cd-4eb0-8b78-0a9b2b86bd08" />
    <UnitTestResult executionId="faee15a7-628c-47a4-bd0a-b0bdd7d84454" testId="4161a5a8-a3e5-1f2d-c10a-671f0b729aad" testName="FS.GG.Coord.GitHub.Tests.BudgetTests.a GraphQL body's resetAt answers when no header does - INCLUDING inside errors[]" computerName="60c9e64cc8e0" duration="00:00:00.0003196" startTime="2026-08-14T01:05:27.9258253+02:00" endTime="2026-08-14T01:05:27.9261253+02:00" testType="13cdc9d9-ddb5-4fa4-a97d-d965ccfc6d4b" outcome="Passed" testListId="8c84fa94-04c1-424b-9868-57a2d4851a1d" relativeResultsDirectory="faee15a7-628c-47a4-bd0a-b0bdd7d84454" />
    <UnitTestResult executionId="221ff166-ce7a-47b8-8d24-1bc1c391dfe2" testId="8076f3f2-508e-d21c-8b91-78385bdec6c1" testName="FS.GG.Coord.GitHub.Tests.WriteTests.rewrite APPENDS when the body declared nothing - #496's omission is repairable" computerName="60c9e64cc8e0" duration="00:00:00.0000926" startTime="2026-08-14T01:05:27.5947849+02:00" endTime="2026-08-14T01:05:27.5947957+02:00" testType="13cdc9d9-ddb5-4fa4-a97d-d965ccfc6d4b" outcome="Passed" testListId="8c84fa94-04c1-424b-9868-57a2d4851a1d" relativeResultsDirectory="221ff166-ce7a-47b8-8d24-1bc1c391dfe2" />
    <UnitTestResult executionId="6ddb3247-bdb3-4968-a54e-c80b0cc71b07" testId="47ca755f-2ce0-1d9b-8f18-e2ec179d19e9" testName="FS.GG.Coord.GitHub.Tests.WriteTests.#1149 heartbeat re-emits session= so the marker does not go SESSIONLESS" computerName="60c9e64cc8e0" duration="00:00:00.0001617" startTime="2026-08-14T01:05:27.6385444+02:00" endTime="2026-08-14T01:05:27.6386735+02:00" testType="13cdc9d9-ddb5-4fa4-a97d-d965ccfc6d4b" outcome="Passed" testListId="8c84fa94-04c1-424b-9868-57a2d4851a1d" relativeResultsDirectory="6ddb3247-bdb3-4968-a54e-c80b0cc71b07" />
[...]
    <TestEntry testId="68b552a4-aadf-c38a-3009-15cfb57ca7ed" executionId="98f437bb-540e-4552-b30d-cc13aa26e431" testListId="8c84fa94-04c1-424b-9868-57a2d4851a1d" />
    <TestEntry testId="c00becdb-b87e-7eb1-9dd3-de8b072c1651" executionId="571c02b6-b09c-4b35-9360-ace66ca7d026" testListId="8c84fa94-04c1-424b-9868-57a2d4851a1d" />
    <TestEntry testId="e78611de-e68a-3aa5-bd63-67aa63ef3ca9" executionId="43412232-8b2a-4c84-82a4-7b2b7014f697" testListId="8c84fa94-04c1-424b-9868-57a2d4851a1d" />
    <TestEntry testId="671a6f73-7930-dc5d-6743-2ca9721b7fdf" executionId="a1fc6d44-fd72-459d-a71c-f77fd2b5dc1d" testListId="8c84fa94-04c1-424b-9868-57a2d4851a1d" />
    <TestEntry testId="c23e987c-ebe5-8d5e-cc35-7310592f242f" executionId="e11cfe7a-81c4-4021-9c4b-1d76ef67d9dc" testListId="8c84fa94-04c1-424b-9868-57a2d4851a1d" />
    <TestEntry testId="e6bc0857-9481-8122-af78-9057abca70dd" executionId="6e293433-1f30-4b4a-aaab-db969dca2b6b" testListId="8c84fa94-04c1-424b-9868-57a2d4851a1d" />
    <TestEntry testId="78d72e47-a893-187f-ccf3-ce5b8e0e2c10" executionId="fea2c07c-0258-4789-94da-1d0aedad6b6c" testListId="8c84fa94-04c1-424b-9868-57a2d4851a1d" />
    <TestEntry testId="087a56ee-2e90-3ad6-9be1-1b31abeab848" executionId="c0ba2128-46eb-46fa-9524-bfa51f435846" testListId="8c84fa94-04c1-424b-9868-57a2d4851a1d" />
    <TestEntry testId="c95be768-c276-4a73-c8e2-57f7247ee414" executionId="a999d849-1fc3-425f-8992-2647b57045dc" testListId="8c84fa94-04c1-424b-9868-57a2d4851a1d" />
    <TestEntry testId="c234b852-aaad-90d3-a646-67c30b225b57" executionId="043740eb-e36a-4218-9eed-b5319b6ef60e" testListId="8c84fa94-04c1-424b-9868-57a2d4851a1d" />
    <TestEntry testId="d04705c7-7260-7767-4485-bc81e28a8bbe" executionId="e0eb9aa0-b595-44a0-b6c2-6e6504775a1f" testListId="8c84fa94-04c1-424b-9868-57a2d4851a1d" />
    <TestEntry testId="eaab42df-f897-4ccf-239d-4ec05887958d" executionId="c8821480-b1e6-4497-90c2-c106216a0df5" testListId="8c84fa94-04c1-424b-9868-57a2d4851a1d" />
    <TestEntry testId="57f79575-2550-4fcb-d77f-dc8d53fd85aa" executionId="866e5359-43a9-447d-9862-c954ad14c75c" testListId="8c84fa94-04c1-424b-9868-57a2d4851a1d" />
    <TestEntry testId="3b875758-16e2-db0b-c3aa-1cf5497b42cf" executionId="135a68ad-7517-422e-9c5b-d1bcb4b09d8c" testListId="8c84fa94-04c1-424b-9868-57a2d4851a1d" />
    <TestEntry testId="801b0a2f-dc92-cd33-8e10-6d8413970e40" executionId="d8b65d7a-2359-43e1-a40d-95aea40b6075" testListId="8c84fa94-04c1-424b-9868-57a2d4851a1d" />
    <TestEntry testId="3430a1ad-db01-c75d-147b-a0942b5136b7" executionId="e77949df-7147-426a-8842-15a6e9e4b08f" testListId="8c84fa94-04c1-424b-9868-57a2d4851a1d" />
    <TestEntry testId="9bcbb9e1-9c1e-3f38-2ec1-81a64965b6bb" executionId="1e58bd0c-fbb4-412e-8c4b-d45278dd17a1" testListId="8c84fa94-04c1-424b-9868-57a2d4851a1d" />
    <TestEntry testId="66da6a59-261c-6c75-23d4-aae9f4072cac" executionId="bc53f3d9-54e4-463f-81b4-07a05fb0c1a4" testListId="8c84fa94-04c1-424b-9868-57a2d4851a1d" />
    <TestEntry testId="2352d691-87ad-1bc0-f17a-06bc07b46c64" executionId="f3e041ca-ceb9-4557-b6eb-a616e784f773" testListId="8c84fa94-04c1-424b-9868-57a2d4851a1d" />
    <TestEntry testId="c36bf512-1822-c1bd-6f36-11f9fcb0406d" executionId="ebe240dd-dc26-4430-91af-e8a00138a38c" testListId="8c84fa94-04c1-424b-9868-57a2d4851a1d" />
    <TestEntry testId="ec5439b0-8027-0f81-bc3f-2bb647827037" executionId="ffec7881-6a2e-4133-9eb5-17fc1d54a20e" testListId="8c84fa94-04c1-424b-9868-57a2d4851a1d" />
    <TestEntry testId="3ddb2598-dcb1-8925-3283-2696a7510cff" executionId="4c2d5141-d04d-442d-a108-8c253e8c9f5c" testListId="8c84fa94-04c1-424b-9868-57a2d4851a1d" />
    <TestEntry testId="cedbcd44-e3a5-a0ad-57fc-8a822d93a589" executionId="0be320ca-6bbd-48c8-abe9-a892e2d0bed5" testListId="8c84fa94-04c1-424b-9868-57a2d4851a1d" />
    <TestEntry testId="9e4c13cc-d04b-289c-26ab-329ece1ed6f5" executionId="c7f0df9f-25fd-4e6d-8513-45fe9f032e99" testListId="8c84fa94-04c1-424b-9868-57a2d4851a1d" />
    <TestEntry testId="10ad67a6-1e02-fbcd-e901-de16aab10a02" executionId="3810b838-a7cc-480d-a241-7b7d40b68a5d" testListId="8c84fa94-04c1-424b-9868-57a2d4851a1d" />
    <TestEntry testId="27a3641f-b7f8-0322-dee0-3c9391e52b36" executionId="f2133a23-e38f-4db1-90aa-da97bad0f4c3" testListId="8c84fa94-04c1-424b-9868-57a2d4851a1d" />
    <TestEntry testId="3db3c744-dc04-1083-cbfd-6d48bcc832fb" executionId="f5f3558f-9424-410d-ab32-3d8b510fe605" testListId="8c84fa94-04c1-424b-9868-57a2d4851a1d" />
    <TestEntry testId="77575c90-ce39-8d14-ae5a-4973b6a008c4" executionId="e80d2555-d2c6-4f1c-ae39-5fba0247dc81" testListId="8c84fa94-04c1-424b-9868-57a2d4851a1d" />
    <TestEntry testId="8e566639-e5ab-850e-873b-3b5daa703179" executionId="72cfde33-299e-4c2a-ab82-e169a17f32d1" testListId="8c84fa94-04c1-424b-9868-57a2d4851a1d" />
    <TestEntry testId="74016692-dcf9-2634-20ed-a301c421fbfc" executionId="831b3da1-d823-4df9-bc34-db346bdd27eb" testListId="8c84fa94-04c1-424b-9868-57a2d4851a1d" />
    <TestEntry testId="3ca7e33c-d637-3fbe-9f79-b31a28966314" executionId="c76c7faa-47ef-42da-a9ed-0b59c9c5257c" testListId="8c84fa94-04c1-424b-9868-57a2d4851a1d" />
    <TestEntry testId="7bfd2a6e-8db2-e724-f8bf-586686f61989" executionId="a9cd659c-7090-4373-af3b-ef5c8c765814" testListId="8c84fa94-04c1-424b-9868-57a2d4851a1d" />
    <TestEntry testId="3d37ce4d-1e4d-81f0-b044-6b088ea50274" executionId="e87e86d6-a4b0-4144-9c72-f3abe478f87f" testListId="8c84fa94-04c1-424b-9868-57a2d4851a1d" />
    <TestEntry testId="c29bca25-8a9e-d9b1-ca30-a20f11fab979" executionId="3572f24f-232d-4928-b49c-3d0bf81fa767" testListId="8c84fa94-04c1-424b-9868-57a2d4851a1d" />
    <TestEntry testId="690160bb-da44-1d29-8379-a04cbd91e6d0" executionId="0f89d438-4c93-4535-be6e-f641cebd13dd" testListId="8c84fa94-04c1-424b-9868-57a2d4851a1d" />
    <TestEntry testId="4d615a1e-ab88-559e-1477-8248b1ac80d8" executionId="0cce83d1-4b8c-4f6c-b86c-325ee8b1d32e" testListId="8c84fa94-04c1-424b-9868-57a2d4851a1d" />
    <TestEntry testId="e5e0c3e7-e780-5d37-c226-88a5b6e0351d" executionId="643f65e2-137c-462e-bd23-2206aec94eeb" testListId="8c84fa94-04c1-424b-9868-57a2d4851a1d" />
    <TestEntry testId="1ee22cdb-3287-d5b3-cf8b-4f74b4bb966f" executionId="06221fbe-53a5-4a4d-8498-6608377f1fcc" testListId="8c84fa94-04c1-424b-9868-57a2d4851a1d" />
    <TestEntry testId="58b461ff-3142-ba06-23b1-ee025ae2612d" executionId="b0b0ca38-99d3-4681-88d9-212c4f33ec78" testListId="8c84fa94-04c1-424b-9868-57a2d4851a1d" />
    <TestEntry testId="55debc46-b4e0-766b-6255-8cf67cb5d9e1" executionId="19c97972-50d3-4eea-ac62-62e4206cd0ce" testListId="8c84fa94-04c1-424b-9868-57a2d4851a1d" />
    <TestEntry testId="4271d90c-17ae-7284-8169-abff7bd483bc" executionId="fa25c3e8-6f9c-4e23-841a-8d07dfc96d02" testListId="8c84fa94-04c1-424b-9868-57a2d4851a1d" />
    <TestEntry testId="6a4daabc-b534-553d-82ee-1787dc16a296" executionId="21b300c8-4150-4103-8a45-3a0495851ee2" testListId="8c84fa94-04c1-424b-9868-57a2d4851a1d" />
    <TestEntry testId="7a639744-cebd-f0bc-fcf1-ab8321ef2b38" executionId="47421169-9edb-4f2c-9c4d-14e1cbb4e5cd" testListId="8c84fa94-04c1-424b-9868-57a2d4851a1d" />
    <TestEntry testId="d1510798-2580-1d48-3917-99ed2ea2400d" executionId="049f0292-0447-45f1-bc76-6ee5493b883f" testListId="8c84fa94-04c1-424b-9868-57a2d4851a1d" />
    <TestEntry testId="fa9cc012-d2ee-90b8-0ab0-fc0d66c4ef79" executionId="749f1367-3f10-446c-a86b-d321f442762e" testListId="8c84fa94-04c1-424b-9868-57a2d4851a1d" />
    <TestEntry testId="6faade55-48a9-31ba-d049-bd5712b354a9" executionId="75336d40-c47b-4322-bb8d-ae33ab6f3eeb" testListId="8c84fa94-04c1-424b-9868-57a2d4851a1d" />
    <TestEntry testId="ce193b6c-2fe3-d984-0d8c-f500cedf8066" executionId="f3b53d5e-58c5-407b-ba2e-a9fe40dd6df5" testListId="8c84fa94-04c1-424b-9868-57a2d4851a1d" />
    <TestEntry testId="97edd53b-f2e4-59e5-a509-f13d909f1ee8" executionId="d4cf8a00-cdb7-4e83-826e-a17a9c3171af" testListId="8c84fa94-04c1-424b-9868-57a2d4851a1d" />
    <TestEntry testId="d816a2d8-731b-ff5f-2d6b-954953297bdc" executionId="498622ef-f6b4-416d-b9b3-efa2fa5853c7" testListId="8c84fa94-04c1-424b-9868-57a2d4851a1d" />
    <TestEntry testId="256d919e-2ea0-8200-5150-1589db3e2baa" executionId="51ab2d2e-3c02-4d68-94b4-92cd9a9cc5d0" testListId="8c84fa94-04c1-424b-9868-57a2d4851a1d" />
    <TestEntry testId="b7d2d308-a80a-2cd6-d96f-638e54090511" executionId="0f3591d7-13ed-48b0-8f47-1416bfeac4e7" testListId="8c84fa94-04c1-424b-9868-57a2d4851a1d" />
    <TestEntry testId="acc384dc-f13e-fbb7-fcc4-a4b2e2ee5f73" executionId="f113146a-68fa-48a9-b2e4-580dfee5bc3b" testListId="8c84fa94-04c1-424b-9868-57a2d4851a1d" />
    <TestEntry testId="254e94c5-225b-a516-ec5e-56070e5c7da1" executionId="5e5b5a3f-8ef0-4f0f-bd16-11f489b6374a" testListId="8c84fa94-04c1-424b-9868-57a2d4851a1d" />
    <TestEntry testId="187ac463-bd42-0cc0-e004-da5a8cba4fce" executionId="b83f66dc-0d31-4f3e-9e00-81231e8f5b7a" testListId="8c84fa94-04c1-424b-9868-57a2d4851a1d" />
    <TestEntry testId="12d134fa-bd2f-ad91-3b37-100f6e50f1ec" executionId="270270a6-54f7-4726-afb1-3afdf867cbb9" testListId="8c84fa94-04c1-424b-9868-57a2d4851a1d" />
    <TestEntry testId="10ce1077-3a40-3b85-f3a2-a03c1ee0c3f9" executionId="642e8f8e-c8c1-411a-9be9-df00999e906c" testListId="8c84fa94-04c1-424b-9868-57a2d4851a1d" />
    <TestEntry testId="9aef3ac7-5d63-f07a-254a-05efe93c51ae" executionId="92661c3f-b076-4cfc-b5a6-99c3a850d680" testListId="8c84fa94-04c1-424b-9868-57a2d4851a1d" />
    <TestEntry testId="fb7efb5c-1acd-0345-662c-eedad8481fb5" executionId="81a78c24-5e09-4104-9793-ec884c7d010d" testListId="8c84fa94-04c1-424b-9868-57a2d4851a1d" />
    <TestEntry testId="e42c44cf-3eab-e5f6-6c0a-98518a0999f9" executionId="4341a087-5f6b-4e7c-b065-9bdf0152df46" testListId="8c84fa94-04c1-424b-9868-57a2d4851a1d" />
    <TestEntry testId="0f37842d-c669-26b7-d72d-021eafaf0132" executionId="66a5d32f-8f29-41f5-8c00-c09bbdbb07d0" testListId="8c84fa94-04c1-424b-9868-57a2d4851a1d" />
    <TestEntry testId="8047c649-1c8b-f2c2-ca53-cbd834ddab87" executionId="7f76b303-dd6e-4dac-b8bf-8bd677063a4c" testListId="8c84fa94-04c1-424b-9868-57a2d4851a1d" />
    <TestEntry testId="07129546-faca-39d3-04fe-ece342f68b6c" executionId="b96230d9-ae18-431a-a9f8-37e914794646" testListId="8c84fa94-04c1-424b-9868-57a2d4851a1d" />
    <TestEntry testId="ba4ffd92-2a48-55fa-4599-bdd8e161f2d7" executionId="c7b050ca-3834-4b7a-a713-5ce05b6e64d5" testListId="8c84fa94-04c1-424b-9868-57a2d4851a1d" />
    <TestEntry testId="56504f1b-2caa-5b85-1155-0d29a8fdc613" executionId="89cbf961-0dcd-4015-b620-baacb10ba647" testListId="8c84fa94-04c1-424b-9868-57a2d4851a1d" />
    <TestEntry testId="57b85ed2-b058-4ed1-7276-dc32863c074b" executionId="e2e20fa8-dbf8-4402-8d04-e2f24891a50f" testListId="8c84fa94-04c1-424b-9868-57a2d4851a1d" />
    <TestEntry testId="c7db8d73-376e-57c9-23cd-033fc4374427" executionId="a1d3e3f8-deb0-4f48-ac24-c76642b0cd24" testListId="8c84fa94-04c1-424b-9868-57a2d4851a1d" />
    <TestEntry testId="86d99cd6-3f2d-d8fa-42c4-8ff2f0ffbe32" executionId="039bc9ee-6ad6-448e-8341-6e0dafaa927d" testListId="8c84fa94-04c1-424b-9868-57a2d4851a1d" />
    <TestEntry testId="08a3396f-6e06-266a-a681-d2b59bc92276" executionId="06550343-a6e1-4cf7-86a9-8983538f7353" testListId="8c84fa94-04c1-424b-9868-57a2d4851a1d" />
    <TestEntry testId="c26fdccc-17f2-c3ef-0737-bb179d40dc5e" executionId="939b258e-4290-4317-ab03-1e907cbc0908" testListId="8c84fa94-04c1-424b-9868-57a2d4851a1d" />
    <TestEntry testId="27e6acab-59f5-8e56-61e2-01b10895edaf" executionId="e78ab95c-971a-4207-9762-956d9fbe0438" testListId="8c84fa94-04c1-424b-9868-57a2d4851a1d" />
    <TestEntry testId="614a99e8-63a7-3c14-f70e-145610b4704c" executionId="6228e514-9bbd-4672-b465-d57b0fa40310" testListId="8c84fa94-04c1-424b-9868-57a2d4851a1d" />
    <TestEntry testId="f9a88f20-6948-e5be-4437-845b0127cab1" executionId="f2fc167f-9b6a-4d33-8b94-f559477cafd2" testListId="8c84fa94-04c1-424b-9868-57a2d4851a1d" />
    <TestEntry testId="04f192ed-d30a-c19a-79be-bfdcfa6aa44d" executionId="498e5323-e18a-4759-adc4-227578d01b5b" testListId="8c84fa94-04c1-424b-9868-57a2d4851a1d" />
    <TestEntry testId="cd208f4e-7933-1e65-6fdd-39fb010c0e0a" executionId="f78ebe5c-9ebc-4f53-9d02-6abe1ed6eecc" testListId="8c84fa94-04c1-424b-9868-57a2d4851a1d" />
    <TestEntry testId="f0dc5003-1bed-e06a-1c9b-6b0bd73ede9f" executionId="0c2714ee-66b1-412e-8b23-c36327a2a38e" testListId="8c84fa94-04c1-424b-9868-57a2d4851a1d" />
    <TestEntry testId="fce5440a-103e-ebfb-e65e-01b208735baf" executionId="ba9c0b8c-79f1-4ccc-ac23-32340024d91f" testListId="8c84fa94-04c1-424b-9868-57a2d4851a1d" />
    <TestEntry testId="cb02401d-4a7e-097e-ea96-3e507f5f4637" executionId="04be0632-17e3-437b-8dcd-5878bf11500c" testListId="8c84fa94-04c1-424b-9868-57a2d4851a1d" />
    <TestEntry testId="ed609796-6383-803f-485a-bc712385ba7c" executionId="0ba624dc-f82c-406e-b63e-6e5838486380" testListId="8c84fa94-04c1-424b-9868-57a2d4851a1d" />
    <TestEntry testId="01acea81-7e9b-7c3a-88b4-9b1fcd76ac79" executionId="ebe7ada7-1d05-41bf-b057-cf7bba2f3329" testListId="8c84fa94-04c1-424b-9868-57a2d4851a1d" />
    <TestEntry testId="cce2dad3-4fc2-68f6-4e48-7d217f0bf552" executionId="d734c2fc-bcc5-41f5-b1ba-2e0d72e10cc7" testListId="8c84fa94-04c1-424b-9868-57a2d4851a1d" />
    <TestEntry testId="7ce96a54-d530-21fd-67af-558896dc6562" executionId="8013841e-fa03-4aa2-879e-d32e2b4499db" testListId="8c84fa94-04c1-424b-9868-57a2d4851a1d" />
    <TestEntry testId="ef67bf8c-01e7-2222-9215-679263bd61b7" executionId="422a540a-0949-4bc6-bdd0-8dfc29c411a2" testListId="8c84fa94-04c1-424b-9868-57a2d4851a1d" />
    <TestEntry testId="d933559a-8356-36f8-1889-e7f5fe1e96da" executionId="60eaf372-4edc-42fd-a1ba-634482e15c1d" testListId="8c84fa94-04c1-424b-9868-57a2d4851a1d" />
    <TestEntry testId="6f1dde46-8e30-cf2a-8a19-76a3e3efcda1" executionId="a826c70b-4d8f-4eef-9177-00c28ca0da43" testListId="8c84fa94-04c1-424b-9868-57a2d4851a1d" />
    <TestEntry testId="241c5e02-7fdf-1761-1456-1c686c7ce876" executionId="0d4c3769-ccbe-48f1-9f20-0803e998a867" testListId="8c84fa94-04c1-424b-9868-57a2d4851a1d" />
    <TestEntry testId="b428787a-d805-d93b-48c6-6dd9de61e264" executionId="b2ccd8a8-ebc3-4625-a470-5c003479ccc0" testListId="8c84fa94-04c1-424b-9868-57a2d4851a1d" />
    <TestEntry testId="87947bd8-89a9-ef9f-c936-dfa947c0dfb4" executionId="205fb3e1-e8d5-4eaa-967d-6ac1c7ea7782" testListId="8c84fa94-04c1-424b-9868-57a2d4851a1d" />
    <TestEntry testId="337c80c5-1a99-235d-aac0-7ff46936928e" executionId="c46a47fb-6650-48c4-af50-149171620835" testListId="8c84fa94-04c1-424b-9868-57a2d4851a1d" />
    <TestEntry testId="4ef208ec-79d6-3705-40dd-b15c4c0280b9" executionId="b2572403-5e9f-44da-903f-e473b79bd602" testListId="8c84fa94-04c1-424b-9868-57a2d4851a1d" />
    <TestEntry testId="91a19002-09cf-e704-7027-35fe99d6e363" executionId="3d5ccffa-4a4f-4e2a-ab20-d7761de00d2e" testListId="8c84fa94-04c1-424b-9868-57a2d4851a1d" />
    <TestEntry testId="ad9b9bbf-5eae-ad72-b02f-c2946dcfd08a" executionId="0f3f82a4-22ed-4113-a548-8a100903b664" testListId="8c84fa94-04c1-424b-9868-57a2d4851a1d" />
    <TestEntry testId="0c03b2ff-416f-bc95-2a06-958357e8f34f" executionId="f8155338-b5bb-4814-9b73-d75e7f6a48cf" testListId="8c84fa94-04c1-424b-9868-57a2d4851a1d" />
    <TestEntry testId="54ee4b82-ff9b-d8a4-cc42-c95c4f849a49" executionId="4bf2ae7e-284e-4236-9867-590b4f0654a5" testListId="8c84fa94-04c1-424b-9868-57a2d4851a1d" />
    <TestEntry testId="05f1ac33-bbfd-bc03-6379-8a7e24325920" executionId="26820c5a-cda2-4086-a458-003621c93de3" testListId="8c84fa94-04c1-424b-9868-57a2d4851a1d" />
    <TestEntry testId="80db9fae-0d4c-0415-a30a-4ddea9f72cb5" executionId="5d36d213-3cf6-4326-9b19-8ed589704e83" testListId="8c84fa94-04c1-424b-9868-57a2d4851a1d" />
    <TestEntry testId="234721d1-25f0-b65f-5183-8c0be23e8730" executionId="8ca5f868-8901-4630-b98e-bd36d78c7a68" testListId="8c84fa94-04c1-424b-9868-57a2d4851a1d" />
    <TestEntry testId="0f64e8c2-feeb-9b17-389a-ee250dbc273d" executionId="f2bb90f9-fe31-4082-827b-a45b0b3168b4" testListId="8c84fa94-04c1-424b-9868-57a2d4851a1d" />
    <TestEntry testId="2625c44d-37ed-e5d9-8e7a-5e65606b1e46" executionId="c75d000a-3338-450b-a76e-f8f8ab24b99d" testListId="8c84fa94-04c1-424b-9868-57a2d4851a1d" />
    <TestEntry testId="8deae317-0af3-bf17-a6d7-a01a165f5a5e" executionId="db9b8731-3042-428f-b652-a4585098fd1a" testListId="8c84fa94-04c1-424b-9868-57a2d4851a1d" />
    <TestEntry testId="00c4f3c8-f043-af9d-1089-1bbedb7d6bfb" executionId="86f1c38a-1e38-4f7b-b875-ab1f33530a48" testListId="8c84fa94-04c1-424b-9868-57a2d4851a1d" />
    <TestEntry testId="9b21c952-577c-76e2-ca58-2867a00fbcdf" executionId="45f05aaa-ac1d-4ee1-a4dc-7e7e12c28adc" testListId="8c84fa94-04c1-424b-9868-57a2d4851a1d" />
    <TestEntry testId="3ac15b7b-34b8-c56d-c469-acb0b9fad30c" executionId="245b5ed7-c15e-45eb-9c09-9d1c303d127b" testListId="8c84fa94-04c1-424b-9868-57a2d4851a1d" />
    <TestEntry testId="6b655804-b209-893f-934e-3a89870e8d40" executionId="c8c3b0b7-d4ad-4c0b-8644-89b3070526a9" testListId="8c84fa94-04c1-424b-9868-57a2d4851a1d" />
    <TestEntry testId="b2b25323-9493-daa9-f74c-b92918c1e978" executionId="3bb5aec4-7b96-4eb0-b3d0-b45639bdaffa" testListId="8c84fa94-04c1-424b-9868-57a2d4851a1d" />
    <TestEntry testId="506680e8-1d44-9483-ee18-13a51b5e04cb" executionId="8648ac1f-e458-48ce-9a29-b08ef20252cf" testListId="8c84fa94-04c1-424b-9868-57a2d4851a1d" />
    <TestEntry testId="f81723ef-eb72-4e76-3fb1-6a20d463ee79" executionId="1bbb4bed-41d0-4499-85cc-6e84abb04d15" testListId="8c84fa94-04c1-424b-9868-57a2d4851a1d" />
    <TestEntry testId="a3dd9575-b437-dada-7dc2-2472252565ae" executionId="f141a508-d235-4347-a813-f5f8a082a980" testListId="8c84fa94-04c1-424b-9868-57a2d4851a1d" />
    <TestEntry testId="87c4a1a9-f405-4130-7e59-f656fc1bbc5c" executionId="7fb13717-04e1-415f-b11c-7b9c01d92eb1" testListId="8c84fa94-04c1-424b-9868-57a2d4851a1d" />
    <TestEntry testId="f80e0902-a79e-bfa0-8225-b82561b9f22e" executionId="8400adc0-bc51-4136-8b58-a67b91794290" testListId="8c84fa94-04c1-424b-9868-57a2d4851a1d" />
    <TestEntry testId="8ff48106-4b30-2cdd-9e6e-a41971b91f30" executionId="c10c26e1-4963-4a74-b9b8-52a6dbcb7a45" testListId="8c84fa94-04c1-424b-9868-57a2d4851a1d" />
    <TestEntry testId="6b654976-3ed0-08ce-07cd-2ba9d15a56e7" executionId="e9802de3-544b-4428-9c7b-21815de80168" testListId="8c84fa94-04c1-424b-9868-57a2d4851a1d" />
    <TestEntry testId="a72a5bc0-faa1-ef3c-c3cb-a0f5ee0a10e5" executionId="84c179b9-68ab-4f1f-a60a-fa4937061314" testListId="8c84fa94-04c1-424b-9868-57a2d4851a1d" />
    <TestEntry testId="abb7200b-1ded-9b7b-e037-27292927a757" executionId="0516b03c-94f4-412d-8e06-342b13d2d5e7" testListId="8c84fa94-04c1-424b-9868-57a2d4851a1d" />
    <TestEntry testId="7a586dc8-7d7d-d4bb-1e00-6919e67066db" executionId="655fd33e-29eb-4a89-adce-f803784dc865" testListId="8c84fa94-04c1-424b-9868-57a2d4851a1d" />
    <TestEntry testId="9388b950-dfad-c7bf-26ec-bbb69d67f1ee" executionId="73c970da-dfc5-4eb4-8dfc-e1980d1a1b10" testListId="8c84fa94-04c1-424b-9868-57a2d4851a1d" />
  </TestEntries>
  <TestLists>
    <TestList name="Results Not in a List" id="8c84fa94-04c1-424b-9868-57a2d4851a1d" />
    <TestList name="All Loaded Results" id="19431567-8539-422a-85d7-44ee4e166bda" />
  </TestLists>
  <ResultSummary outcome="Completed">
    <Counters total="564" executed="564" passed="564" failed="0" error="0" timeout="0" aborted="0" inconclusive="0" passedButRunAborted="0" notRunnable="0" notExecuted="0" disconnected="0" warning="0" completed="0" inProgress="0" pending="0" />
    <Output>
      <StdOut>[xUnit.net 00:00:00.00] xUnit.net VSTest Adapter v3.1.5+1b188a7b0a (64-bit .NET 10.0.10)
[xUnit.net 00:00:00.05]   Discovering: FS.GG.Coord.GitHub.Tests
[xUnit.net 00:00:00.10]   Discovered:  FS.GG.Coord.GitHub.Tests
[xUnit.net 00:00:00.12]   Starting:    FS.GG.Coord.GitHub.Tests
[xUnit.net 00:00:01.97]   Finished:    FS.GG.Coord.GitHub.Tests
</StdOut>
    </Output>
  </ResultSummary>
</TestRun>