<?xml version="1.0" encoding="utf-8"?>
<TestRun id="7c66390b-f840-436f-892f-8f52becd2832" name="@60c9e64cc8e0 2026-08-14 00:51:20" xmlns="http://microsoft.com/schemas/VisualStudio/TeamTest/2010">
  <Times creation="2026-08-14T00:51:20.2423182+02:00" queuing="2026-08-14T00:51:20.2423183+02:00" start="2026-08-14T00:51:19.8371992+02:00" finish="2026-08-14T00:51:22.0878987+02:00" />
  <TestSettings name="default" id="a83ce667-50d6-46aa-9445-da664196e025">
    <Deployment runDeploymentRoot="_60c9e64cc8e0_2026-08-14_00_51_20" />
  </TestSettings>
  <Results>
    <UnitTestResult executionId="fbc25cb6-1ec8-43fe-a834-7b31a37ec799" testId="dc81f1b9-d089-5bfb-d564-25228a013465" testName="FS.GG.Coord.GitHub.Tests.DoneFactsTests.a full sub-issue page with an OPEN child is SomeOpen" computerName="60c9e64cc8e0" duration="00:00:00.0002620" startTime="2026-08-14T00:51:22.0024060+02:00" endTime="2026-08-14T00:51:22.0024986+02:00" testType="13cdc9d9-ddb5-4fa4-a97d-d965ccfc6d4b" outcome="Passed" testListId="8c84fa94-04c1-424b-9868-57a2d4851a1d" relativeResultsDirectory="fbc25cb6-1ec8-43fe-a834-7b31a37ec799" />
    <UnitTestResult executionId="5a1e029c-627f-459d-a6bb-e5892b2fb877" testId="30a0b08b-699a-b30d-d816-1caa520c075c" testName="FS.GG.Coord.GitHub.Tests.ReadTests.#1794 an ABSENT body field is BodyUnread - NOT an issue that declares nothing" computerName="60c9e64cc8e0" duration="00:00:00.0002016" startTime="2026-08-14T00:51:21.9615725+02:00" endTime="2026-08-14T00:51:21.9617351+02:00" testType="13cdc9d9-ddb5-4fa4-a97d-d965ccfc6d4b" outcome="Passed" testListId="8c84fa94-04c1-424b-9868-57a2d4851a1d" relativeResultsDirectory="5a1e029c-627f-459d-a6bb-e5892b2fb877" />
    <UnitTestResult executionId="15443421-c26b-43c3-bbc5-819fd5fbffd7" testId="10ad67a6-1e02-fbcd-e901-de16aab10a02" testName="FS.GG.Coord.GitHub.Tests.BoardTests.the item lookup narrows to OUR board - an issue can sit on several" computerName="60c9e64cc8e0" duration="00:00:00.0001375" startTime="2026-08-14T00:51:21.8499193+02:00" endTime="2026-08-14T00:51:21.8500330+02:00" testType="13cdc9d9-ddb5-4fa4-a97d-d965ccfc6d4b" outcome="Passed" testListId="8c84fa94-04c1-424b-9868-57a2d4851a1d" relativeResultsDirectory="15443421-c26b-43c3-bbc5-819fd5fbffd7" />
    <UnitTestResult executionId="be2961c5-dd2b-4230-b960-b7dd9f84be73" testId="c66181a7-bdfe-2b95-e67b-39dd4d5ecd41" testName="FS.GG.Coord.GitHub.Tests.DoneTests.#543 --pr cannot launder a mention into a stamp" computerName="60c9e64cc8e0" duration="00:00:00.0002395" startTime="2026-08-14T00:51:22.0325368+02:00" endTime="2026-08-14T00:51:22.0327368+02:00" testType="13cdc9d9-ddb5-4fa4-a97d-d965ccfc6d4b" outcome="Passed" testListId="8c84fa94-04c1-424b-9868-57a2d4851a1d" relativeResultsDirectory="be2961c5-dd2b-4230-b960-b7dd9f84be73" />
    <UnitTestResult executionId="8a392b10-d55e-4b4e-9707-da883067365b" testId="60c57719-7c66-c0bf-dc29-5e0c4db8d9ea" testName="FS.GG.Coord.GitHub.Tests.BudgetTests.#1666 a legitimate HTTP-date Retry-After IS still read - exactness is not blanket refusal" computerName="60c9e64cc8e0" duration="00:00:00.0007906" startTime="2026-08-14T00:51:21.8850160+02:00" endTime="2026-08-14T00:51:21.8856850+02:00" testType="13cdc9d9-ddb5-4fa4-a97d-d965ccfc6d4b" outcome="Passed" testListId="8c84fa94-04c1-424b-9868-57a2d4851a1d" relativeResultsDirectory="8a392b10-d55e-4b4e-9707-da883067365b" />
    <UnitTestResult executionId="7608bc40-2f89-45bb-9407-dbbfe7bf450d" testId="e97de838-4a5b-1b19-480f-563013e1f0da" testName="FS.GG.Coord.GitHub.Tests.WriteTests.#895 the RENEW is on the lock's budget too - holding a claim never spends a GraphQL point" computerName="60c9e64cc8e0" duration="00:00:00.0002992" startTime="2026-08-14T00:51:20.3138292+02:00" endTime="2026-08-14T00:51:20.3141026+02:00" testType="13cdc9d9-ddb5-4fa4-a97d-d965ccfc6d4b" outcome="Passed" testListId="8c84fa94-04c1-424b-9868-57a2d4851a1d" relativeResultsDirectory="7608bc40-2f89-45bb-9407-dbbfe7bf450d" />
    <UnitTestResult executionId="a6bc6b5f-95b4-4444-8ade-54be881439db" testId="759a74ba-1f5b-a8ae-d2db-662f6ca0d64a" testName="FS.GG.Coord.GitHub.Tests.BudgetTests.concurrent workers retain one credential-scoped observation per REST resource" computerName="60c9e64cc8e0" duration="00:00:00.0113487" startTime="2026-08-14T00:51:21.8734747+02:00" endTime="2026-08-14T00:51:21.8848583+02:00" testType="13cdc9d9-ddb5-4fa4-a97d-d965ccfc6d4b" outcome="Passed" testListId="8c84fa94-04c1-424b-9868-57a2d4851a1d" relativeResultsDirectory="a6bc6b5f-95b4-4444-8ade-54be881439db" />
    <UnitTestResult executionId="ffe32d4c-25d3-4a87-a601-66ccabafcc3b" testId="6b51917e-f710-7388-acfa-320782d84f66" testName="FS.GG.Coord.GitHub.Tests.BoardTests.#2166 malformed pagination completeness is never external non-membership" computerName="60c9e64cc8e0" duration="00:00:00.0011438" startTime="2026-08-14T00:51:21.8266247+02:00" endTime="2026-08-14T00:51:21.8275295+02:00" testType="13cdc9d9-ddb5-4fa4-a97d-d965ccfc6d4b" outcome="Passed" testListId="8c84fa94-04c1-424b-9868-57a2d4851a1d" relativeResultsDirectory="ffe32d4c-25d3-4a87-a601-66ccabafcc3b" />
    <UnitTestResult executionId="76c1b8b4-b694-4a68-b6fe-83edbb89e189" testId="377030ee-f749-87fb-7681-700ae32882bc" testName="FS.GG.Coord.GitHub.Tests.ScanBoardTests..github#2525 an Issue node whose identity will not parse REFUSES instead of vanishing from the batch" computerName="60c9e64cc8e0" duration="00:00:00.0003300" startTime="2026-08-14T00:51:20.2658662+02:00" endTime="2026-08-14T00:51:20.2661578+02:00" testType="13cdc9d9-ddb5-4fa4-a97d-d965ccfc6d4b" outcome="Passed" testListId="8c84fa94-04c1-424b-9868-57a2d4851a1d" relativeResultsDirectory="76c1b8b4-b694-4a68-b6fe-83edbb89e189" />
    <UnitTestResult executionId="67fe5a18-1bb5-40e3-a6ce-daaf6e66a4e3" testId="5c5b798e-df86-8289-09d3-f330f9df3f8a" testName="FS.GG.Coord.GitHub.Tests.ScanBoardTests.#2254 Cache.Scheduling never enriches SweptBody, even for the identical empty-column closed row" computerName="60c9e64cc8e0" duration="00:00:00.0004342" startTime="2026-08-14T00:51:20.2466838+02:00" endTime="2026-08-14T00:51:20.2470826+02:00" testType="13cdc9d9-ddb5-4fa4-a97d-d965ccfc6d4b" outcome="Passed" testListId="8c84fa94-04c1-424b-9868-57a2d4851a1d" relativeResultsDirectory="67fe5a18-1bb5-40e3-a6ce-daaf6e66a4e3" />
    <UnitTestResult executionId="cfb0ee8f-fdb4-49e7-8ddb-24d2bf1829c9" testId="044ce7d1-21fa-e46c-486a-d0f76106a1cd" testName="FS.GG.Coord.GitHub.Tests.WriteTests.#1646 a worker still operates its OWN claim across processes - including after a heartbeat rewrote the marker" computerName="60c9e64cc8e0" duration="00:00:00.0002525" startTime="2026-08-14T00:51:20.3026029+02:00" endTime="2026-08-14T00:51:20.3028232+02:00" testType="13cdc9d9-ddb5-4fa4-a97d-d965ccfc6d4b" outcome="Passed" testListId="8c84fa94-04c1-424b-9868-57a2d4851a1d" relativeResultsDirectory="cfb0ee8f-fdb4-49e7-8ddb-24d2bf1829c9" />
    <UnitTestResult executionId="4ca17de4-3c93-48b8-ba7b-a96db4a3306e" testId="d933559a-8356-36f8-1889-e7f5fe1e96da" testName="FS.GG.Coord.GitHub.Tests.BudgetTests.#1666 Retry-After is READ, and it is the reset a secondary limit actually uses" computerName="60c9e64cc8e0" duration="00:00:00.0016197" startTime="2026-08-14T00:51:21.8690592+02:00" endTime="2026-08-14T00:51:21.8706724+02:00" testType="13cdc9d9-ddb5-4fa4-a97d-d965ccfc6d4b" outcome="Passed" testListId="8c84fa94-04c1-424b-9868-57a2d4851a1d" relativeResultsDirectory="4ca17de4-3c93-48b8-ba7b-a96db4a3306e" />
    <UnitTestResult executionId="a0b4bcb3-45f8-4269-a237-127531290063" testId="052f897f-b506-7f7c-09af-4f7db05541d4" testName="FS.GG.Coord.GitHub.Tests.ReadTests.#1680 AC5 the four fixtures side by side — open+green, open+pending, merged, closed-unmerged" computerName="60c9e64cc8e0" duration="00:00:00.0017845" startTime="2026-08-14T00:51:21.9201513+02:00" endTime="2026-08-14T00:51:21.9218721+02:00" testType="13cdc9d9-ddb5-4fa4-a97d-d965ccfc6d4b" outcome="Passed" testListId="8c84fa94-04c1-424b-9868-57a2d4851a1d" relativeResultsDirectory="a0b4bcb3-45f8-4269-a237-127531290063" />
    <UnitTestResult executionId="05777e53-60a9-4901-8247-b0dce373afde" testId="17c59f7d-c64a-f025-597b-a89459632e42" testName="FS.GG.Coord.GitHub.Tests.GraphQlErrorsFirstTests..github#2534 contentEditProvenance keeps refusing a partial 200 through the shared helper" computerName="60c9e64cc8e0" duration="00:00:00.0001379" startTime="2026-08-14T00:51:22.0233715+02:00" endTime="2026-08-14T00:51:22.0234566+02:00" testType="13cdc9d9-ddb5-4fa4-a97d-d965ccfc6d4b" outcome="Passed" testListId="8c84fa94-04c1-424b-9868-57a2d4851a1d" relativeResultsDirectory="05777e53-60a9-4901-8247-b0dce373afde" />
    <UnitTestResult executionId="2580225f-1b0b-4e6b-9c9f-4d2f3a558b09" testId="c0cb7814-0972-41f6-da27-eb626471bc32" testName="FS.GG.Coord.GitHub.Tests.ReadTests.#2365 recentCommentBodies refuses null comments" computerName="60c9e64cc8e0" duration="00:00:00.0002310" startTime="2026-08-14T00:51:21.9413474+02:00" endTime="2026-08-14T00:51:21.9414624+02:00" testType="13cdc9d9-ddb5-4fa4-a97d-d965ccfc6d4b" outcome="Passed" testListId="8c84fa94-04c1-424b-9868-57a2d4851a1d" relativeResultsDirectory="2580225f-1b0b-4e6b-9c9f-4d2f3a558b09" />
    <UnitTestResult executionId="0f59546e-31fd-4b2b-ace5-775029ff39a2" testId="3f95462e-1f79-5e1e-96b2-c6cdd5d933c3" testName="FS.GG.Coord.GitHub.Tests.TransportTests.#494 a REST read names the repo it was ADDRESSED TO" computerName="60c9e64cc8e0" duration="00:00:00.0001310" startTime="2026-08-14T00:51:21.8622826+02:00" endTime="2026-08-14T00:51:21.8623871+02:00" testType="13cdc9d9-ddb5-4fa4-a97d-d965ccfc6d4b" outcome="Passed" testListId="8c84fa94-04c1-424b-9868-57a2d4851a1d" relativeResultsDirectory="0f59546e-31fd-4b2b-ace5-775029ff39a2" />
    <UnitTestResult executionId="021a597c-92b9-4e6e-be6a-afb5c6e234b1" testId="e78ac888-00b1-cf82-422e-64ca4409ec7e" testName="FS.GG.Coord.GitHub.Tests.DoneFactsTests.#2427 the CLOSED_EVENT PullRequest closer's own repository is read too" computerName="60c9e64cc8e0" duration="00:00:00.0004193" startTime="2026-08-14T00:51:22.0007668+02:00" endTime="2026-08-14T00:51:22.0011195+02:00" testType="13cdc9d9-ddb5-4fa4-a97d-d965ccfc6d4b" outcome="Passed" testListId="8c84fa94-04c1-424b-9868-57a2d4851a1d" relativeResultsDirectory="021a597c-92b9-4e6e-be6a-afb5c6e234b1" />
    <UnitTestResult executionId="79138d9c-7538-4462-9b86-a97ee76bfd8d" testId="f5cbd8ce-94a3-2ba4-d607-00cc79f20f63" testName="FS.GG.Coord.GitHub.Tests.ReadTests.issues fails closed on a 200 that is not a JSON array - a proxy error page is not an empty listing" computerName="60c9e64cc8e0" duration="00:00:00.0004053" startTime="2026-08-14T00:51:21.9777572+02:00" endTime="2026-08-14T00:51:21.9781140+02:00" testType="13cdc9d9-ddb5-4fa4-a97d-d965ccfc6d4b" outcome="Passed" testListId="8c84fa94-04c1-424b-9868-57a2d4851a1d" relativeResultsDirectory="79138d9c-7538-4462-9b86-a97ee76bfd8d" />
    <UnitTestResult executionId="205ae4a3-f03b-46a2-8cfd-e784745b3341" testId="adcf421f-9fb7-a175-1277-af7c827410b7" testName="FS.GG.Coord.GitHub.Tests.WriteTests.verifyHeld returns the capability when the live winner IS us" computerName="60c9e64cc8e0" duration="00:00:00.0002556" startTime="2026-08-14T00:51:20.2744770+02:00" endTime="2026-08-14T00:51:20.2746894+02:00" testType="13cdc9d9-ddb5-4fa4-a97d-d965ccfc6d4b" outcome="Passed" testListId="8c84fa94-04c1-424b-9868-57a2d4851a1d" relativeResultsDirectory="205ae4a3-f03b-46a2-8cfd-e784745b3341" />
    <UnitTestResult executionId="4123d853-9d48-4ddc-9564-d60635372697" testId="f855616a-2177-982d-0d6e-514cac8bc297" testName="FS.GG.Coord.GitHub.Tests.WriteTests.#523 the PATCH cannot precede its own validation - the re-check PRODUCES what the write consumes" computerName="60c9e64cc8e0" duration="00:00:00.0000935" startTime="2026-08-14T00:51:20.3198826+02:00" endTime="2026-08-14T00:51:20.3198939+02:00" testType="13cdc9d9-ddb5-4fa4-a97d-d965ccfc6d4b" outcome="Passed" testListId="8c84fa94-04c1-424b-9868-57a2d4851a1d" relativeResultsDirectory="4123d853-9d48-4ddc-9564-d60635372697" />
    <UnitTestResult executionId="7bd4bd55-f8eb-4003-a4c4-feb9be09c609" testId="e61c3168-a41c-fffd-10df-cffef4423379" testName="FS.GG.Coord.GitHub.Tests.HttpTransportTests.a SINGLE-page response KEEPS its ETag - the counterweight" computerName="60c9e64cc8e0" duration="00:00:00.0009572" startTime="2026-08-14T00:51:21.8011710+02:00" endTime="2026-08-14T00:51:21.8020193+02:00" testType="13cdc9d9-ddb5-4fa4-a97d-d965ccfc6d4b" outcome="Passed" testListId="8c84fa94-04c1-424b-9868-57a2d4851a1d" relativeResultsDirectory="7bd4bd55-f8eb-4003-a4c4-feb9be09c609" />
    <UnitTestResult executionId="dd0aa9fa-ec28-46d6-8f58-01457511e031" testId="0ee9159c-9c9e-1d82-8063-cc8e2dfbe263" testName="FS.GG.Coord.GitHub.Tests.WriteTests.#972 a quoted declaration stays quoted, and the real one is what round-trips" computerName="60c9e64cc8e0" duration="00:00:00.0001267" startTime="2026-08-14T00:51:20.3218426+02:00" endTime="2026-08-14T00:51:20.3219370+02:00" testType="13cdc9d9-ddb5-4fa4-a97d-d965ccfc6d4b" outcome="Passed" testListId="8c84fa94-04c1-424b-9868-57a2d4851a1d" relativeResultsDirectory="dd0aa9fa-ec28-46d6-8f58-01457511e031" />
    <UnitTestResult executionId="dad4c139-625c-46bf-af14-dd668b5669ba" testId="7fcc2716-2905-4faa-9d3a-ddd0b25b4edb" testName="FS.GG.Coord.GitHub.Tests.BoardTests.a stopped flush does NOT RE-QUEUE what it was replaying - the queue must not grow" computerName="60c9e64cc8e0" duration="00:00:00.0007755" startTime="2026-08-14T00:51:21.8464860+02:00" endTime="2026-08-14T00:51:21.8472350+02:00" testType="13cdc9d9-ddb5-4fa4-a97d-d965ccfc6d4b" outcome="Passed" testListId="8c84fa94-04c1-424b-9868-57a2d4851a1d" relativeResultsDirectory="dad4c139-625c-46bf-af14-dd668b5669ba" />
    <UnitTestResult executionId="e36bb272-a27b-4993-ab44-b4dd3872bb9e" testId="c254a597-58b7-f9e4-3b96-e45a331b08c6" testName="FS.GG.Coord.GitHub.Tests.ReadTests.#2517 AC4: the same PR is RED when the failing check IS required — the fix is not &quot;always green&quot;" computerName="60c9e64cc8e0" duration="00:00:00.0007200" startTime="2026-08-14T00:51:21.9673355+02:00" endTime="2026-08-14T00:51:21.9680249+02:00" testType="13cdc9d9-ddb5-4fa4-a97d-d965ccfc6d4b" outcome="Passed" testListId="8c84fa94-04c1-424b-9868-57a2d4851a1d" relativeResultsDirectory="e36bb272-a27b-4993-ab44-b4dd3872bb9e" />
    <UnitTestResult executionId="1441bf68-6a4c-44d5-97fd-ea1c9471dffd" testId="b5f461e0-aa12-f6f5-a10d-5b021f075410" testName="FS.GG.Coord.GitHub.Tests.BoardTests.#2204 a resolved external row whose board node does not resolve is Error, never an empty column" computerName="60c9e64cc8e0" duration="00:00:00.0003672" startTime="2026-08-14T00:51:21.8598887+02:00" endTime="2026-08-14T00:51:21.8602104+02:00" testType="13cdc9d9-ddb5-4fa4-a97d-d965ccfc6d4b" outcome="Passed" testListId="8c84fa94-04c1-424b-9868-57a2d4851a1d" relativeResultsDirectory="1441bf68-6a4c-44d5-97fd-ea1c9471dffd" />
    <UnitTestResult executionId="5c5e6160-dfa5-4be0-b054-0ab78d7b76cf" testId="923a4ef7-129c-e6bf-59a7-5e76b3850242" testName="FS.GG.Coord.GitHub.Tests.WriteTests.verifyHeld fails CLOSED - an unreadable marker set yields an error, never a capability" computerName="60c9e64cc8e0" duration="00:00:00.0002301" startTime="2026-08-14T00:51:20.3148570+02:00" endTime="2026-08-14T00:51:20.3150564+02:00" testType="13cdc9d9-ddb5-4fa4-a97d-d965ccfc6d4b" outcome="Passed" testListId="8c84fa94-04c1-424b-9868-57a2d4851a1d" relativeResultsDirectory="5c5e6160-dfa5-4be0-b054-0ab78d7b76cf" />
    <UnitTestResult executionId="b6a3a862-f7bf-45df-926e-940e141370a1" testId="333342a1-d634-84c2-218e-2a10f248a590" testName="FS.GG.Coord.GitHub.Tests.BoardTests.#510 a REFUSED write is NEVER queued - replaying it would loop forever" computerName="60c9e64cc8e0" duration="00:00:00.0003360" startTime="2026-08-14T00:51:21.8556674+02:00" endTime="2026-08-14T00:51:21.8559778+02:00" testType="13cdc9d9-ddb5-4fa4-a97d-d965ccfc6d4b" outcome="Passed" testListId="8c84fa94-04c1-424b-9868-57a2d4851a1d" relativeResultsDirectory="b6a3a862-f7bf-45df-926e-940e141370a1" />
    <UnitTestResult executionId="5ee6e983-d993-4369-87af-30e2ed8b155d" testId="3033ea4f-ba33-bba3-b5aa-6115c1a8e829" testName="FS.GG.Coord.GitHub.Tests.WriteTests.#863 the sentinel is CANONICALISED — 'none none' is the very body #863 is about" computerName="60c9e64cc8e0" duration="00:00:00.0000906" startTime="2026-08-14T00:51:20.2937793+02:00" endTime="2026-08-14T00:51:20.2938372+02:00" testType="13cdc9d9-ddb5-4fa4-a97d-d965ccfc6d4b" outcome="Passed" testListId="8c84fa94-04c1-424b-9868-57a2d4851a1d" relativeResultsDirectory="5ee6e983-d993-4369-87af-30e2ed8b155d" />
    <UnitTestResult executionId="7ff36708-3eb9-4da3-abb7-8ac1babf7e25" testId="68b552a4-aadf-c38a-3009-15cfb57ca7ed" testName="FS.GG.Coord.GitHub.Tests.BoardTests.an empty Set is REFUSED - the API would treat it as a no-op and leave the old value" computerName="60c9e64cc8e0" duration="00:00:00.0001819" startTime="2026-08-14T00:51:21.8291895+02:00" endTime="2026-08-14T00:51:21.8293276+02:00" testType="13cdc9d9-ddb5-4fa4-a97d-d965ccfc6d4b" outcome="Passed" testListId="8c84fa94-04c1-424b-9868-57a2d4851a1d" relativeResultsDirectory="7ff36708-3eb9-4da3-abb7-8ac1babf7e25" />
    <UnitTestResult executionId="56c510f4-b355-4fd6-95d3-e0bcde2bcaaa" testId="fb7efb5c-1acd-0345-662c-eedad8481fb5" testName="FS.GG.Coord.GitHub.Tests.BudgetTests.#510 every OTHER failure is permanent, and a permanent failure may NOT be queued" computerName="60c9e64cc8e0" duration="00:00:00.0000558" startTime="2026-08-14T00:51:21.8918832+02:00" endTime="2026-08-14T00:51:21.8919050+02:00" testType="13cdc9d9-ddb5-4fa4-a97d-d965ccfc6d4b" outcome="Passed" testListId="8c84fa94-04c1-424b-9868-57a2d4851a1d" relativeResultsDirectory="56c510f4-b355-4fd6-95d3-e0bcde2bcaaa" />
    <UnitTestResult executionId="2fbe25ba-77be-468e-ba6e-b72a7858e68a" testId="d354d4c0-6589-911f-1999-7591b484c9a1" testName="FS.GG.Coord.GitHub.Tests.WriteTests.verifyHeld does NOT hold when SOMEBODY ELSE holds it - and that is not a capability" computerName="60c9e64cc8e0" duration="00:00:00.0001977" startTime="2026-08-14T00:51:20.3223371+02:00" endTime="2026-08-14T00:51:20.3224145+02:00" testType="13cdc9d9-ddb5-4fa4-a97d-d965ccfc6d4b" outcome="Passed" testListId="8c84fa94-04c1-424b-9868-57a2d4851a1d" relativeResultsDirectory="2fbe25ba-77be-468e-ba6e-b72a7858e68a" />
    <UnitTestResult executionId="f478af84-379b-4db1-896c-c8d1f1c0ae86" testId="3db172a0-9ace-1faf-225e-6f713b47aa72" testName="FS.GG.Coord.GitHub.Tests.CacheTests.an empty item id is never memoised - an absence must not become a hit (#421)" computerName="60c9e64cc8e0" duration="00:00:00.0003585" startTime="2026-08-14T00:51:21.7590712+02:00" endTime="2026-08-14T00:51:21.7592770+02:00" testType="13cdc9d9-ddb5-4fa4-a97d-d965ccfc6d4b" outcome="Passed" testListId="8c84fa94-04c1-424b-9868-57a2d4851a1d" relativeResultsDirectory="f478af84-379b-4db1-896c-c8d1f1c0ae86" />
    <UnitTestResult executionId="6460ab4a-efa4-4d48-930d-74282ecac6be" testId="6b46a4cd-9ac3-ef8a-64d7-75373d9093d1" testName="FS.GG.Coord.GitHub.Tests.DoneTests.#2427 a same-repo true closer wins over a LATER-merged foreign-repo closer, and names what it passed over" computerName="60c9e64cc8e0" duration="00:00:00.0004430" startTime="2026-08-14T00:51:22.0320421+02:00" endTime="2026-08-14T00:51:22.0324690+02:00" testType="13cdc9d9-ddb5-4fa4-a97d-d965ccfc6d4b" outcome="Passed" testListId="8c84fa94-04c1-424b-9868-57a2d4851a1d" relativeResultsDirectory="6460ab4a-efa4-4d48-930d-74282ecac6be" />
    <UnitTestResult executionId="10ca1e39-3680-4d8e-a1fd-dba27c68ac4e" testId="c3f088e3-b626-06b4-a6bd-a00c68d4d866" testName="FS.GG.Coord.GitHub.Tests.ScanBoardTests.#1732 Repo Scope supplies the path repository while Ref remains the issue repository" computerName="60c9e64cc8e0" duration="00:00:00.0007579" startTime="2026-08-14T00:51:20.2532716+02:00" endTime="2026-08-14T00:51:20.2540101+02:00" testType="13cdc9d9-ddb5-4fa4-a97d-d965ccfc6d4b" outcome="Passed" testListId="8c84fa94-04c1-424b-9868-57a2d4851a1d" relativeResultsDirectory="10ca1e39-3680-4d8e-a1fd-dba27c68ac4e" />
    <UnitTestResult executionId="02e5c5f8-9e31-4394-896b-89f0f21a6d16" testId="2146e32b-007b-7075-2481-ae81216cfb14" testName="FS.GG.Coord.GitHub.Tests.DoneFactsTests.the CLOSED_EVENT closer is read WITH its merge facts, and it is not listed (#928)" computerName="60c9e64cc8e0" duration="00:00:00.0003783" startTime="2026-08-14T00:51:22.0029076+02:00" endTime="2026-08-14T00:51:22.0032447+02:00" testType="13cdc9d9-ddb5-4fa4-a97d-d965ccfc6d4b" outcome="Passed" testListId="8c84fa94-04c1-424b-9868-57a2d4851a1d" relativeResultsDirectory="02e5c5f8-9e31-4394-896b-89f0f21a6d16" />
    <UnitTestResult executionId="e3d21817-4fe9-41c9-b2ae-c837386981f7" testId="a9f19364-b0c2-296f-45d3-d0a226c70815" testName="FS.GG.Coord.GitHub.Tests.BoardTests.Clear is a DIFFERENT MUTATION, and the log shows it" computerName="60c9e64cc8e0" duration="00:00:00.0001465" startTime="2026-08-14T00:51:21.8435069+02:00" endTime="2026-08-14T00:51:21.8435186+02:00" testType="13cdc9d9-ddb5-4fa4-a97d-d965ccfc6d4b" outcome="Passed" testListId="8c84fa94-04c1-424b-9868-57a2d4851a1d" relativeResultsDirectory="e3d21817-4fe9-41c9-b2ae-c837386981f7" />
    <UnitTestResult executionId="08d53425-3f9a-4c98-8147-2da8c6c78aac" testId="1150e3c6-7d28-b5f9-e9de-2b8b1b2143c5" testName="FS.GG.Coord.GitHub.Tests.ReadTests.#1575 a policy we may not READ still REFUSES — the verdict never rested on it (#463)" computerName="60c9e64cc8e0" duration="00:00:00.0008553" startTime="2026-08-14T00:51:21.9868743+02:00" endTime="2026-08-14T00:51:21.9876594+02:00" testType="13cdc9d9-ddb5-4fa4-a97d-d965ccfc6d4b" outcome="Passed" testListId="8c84fa94-04c1-424b-9868-57a2d4851a1d" relativeResultsDirectory="08d53425-3f9a-4c98-8147-2da8c6c78aac" />
    <UnitTestResult executionId="3d84794a-fa5a-459c-8080-00f15472e62e" testId="334fb71a-ab9a-120b-d647-1a513575071e" testName="FS.GG.Coord.GitHub.Tests.CacheTests.a scan older than the TTL is a MISS" computerName="60c9e64cc8e0" duration="00:00:00.0004680" startTime="2026-08-14T00:51:20.3350437+02:00" endTime="2026-08-14T00:51:20.3354773+02:00" testType="13cdc9d9-ddb5-4fa4-a97d-d965ccfc6d4b" outcome="Passed" testListId="8c84fa94-04c1-424b-9868-57a2d4851a1d" relativeResultsDirectory="3d84794a-fa5a-459c-8080-00f15472e62e" />
    <UnitTestResult executionId="cbe6a4ee-7fbc-46b9-8316-559cca32b75f" testId="0fcf0e49-4d3a-2ba1-1d8e-40b3078e4553" testName="FS.GG.Coord.GitHub.Tests.ScanBoardTests.a MERGED pull request reads as CLOSED, not OPEN" computerName="60c9e64cc8e0" duration="00:00:00.0004151" startTime="2026-08-14T00:51:20.2234974+02:00" endTime="2026-08-14T00:51:20.2235051+02:00" testType="13cdc9d9-ddb5-4fa4-a97d-d965ccfc6d4b" outcome="Passed" testListId="8c84fa94-04c1-424b-9868-57a2d4851a1d" relativeResultsDirectory="cbe6a4ee-7fbc-46b9-8316-559cca32b75f" />
    <UnitTestResult executionId="bcd11a68-b71d-44ad-8365-cd1cb2a06e15" testId="95f30a39-5de5-2ca3-9182-d25c3cb2074a" testName="FS.GG.Coord.GitHub.Tests.ScanBoardTests.a second scan inside the TTL spends ZERO GraphQL - and returns the SAME rows" computerName="60c9e64cc8e0" duration="00:00:00.0024462" startTime="2026-08-14T00:51:20.2321061+02:00" endTime="2026-08-14T00:51:20.2345247+02:00" testType="13cdc9d9-ddb5-4fa4-a97d-d965ccfc6d4b" outcome="Passed" testListId="8c84fa94-04c1-424b-9868-57a2d4851a1d" relativeResultsDirectory="bcd11a68-b71d-44ad-8365-cd1cb2a06e15" />
    <UnitTestResult executionId="29422fbb-4cbd-430c-8860-8eaf205aeea0" testId="f3ffa367-268e-19e6-218e-628aa79e6d61" testName="FS.GG.Coord.GitHub.Tests.BoardTests.itemStatus fails CLOSED - a failed read is Error, never the definite Ok None" computerName="60c9e64cc8e0" duration="00:00:00.0001260" startTime="2026-08-14T00:51:21.8483370+02:00" endTime="2026-08-14T00:51:21.8484137+02:00" testType="13cdc9d9-ddb5-4fa4-a97d-d965ccfc6d4b" outcome="Passed" testListId="8c84fa94-04c1-424b-9868-57a2d4851a1d" relativeResultsDirectory="29422fbb-4cbd-430c-8860-8eaf205aeea0" />
    <UnitTestResult executionId="8dff5ee7-7cbe-4281-a3f2-57026e1073e0" testId="0bec9da0-4c87-19bf-5825-46e2b6badcae" testName="FS.GG.Coord.GitHub.Tests.ReadTests.#2517 AC5: a policy we may not READ fails CLOSED — the verdict is what it was before the derivation" computerName="60c9e64cc8e0" duration="00:00:00.0006267" startTime="2026-08-14T00:51:21.9656114+02:00" endTime="2026-08-14T00:51:21.9662195+02:00" testType="13cdc9d9-ddb5-4fa4-a97d-d965ccfc6d4b" outcome="Passed" testListId="8c84fa94-04c1-424b-9868-57a2d4851a1d" relativeResultsDirectory="8dff5ee7-7cbe-4281-a3f2-57026e1073e0" />
    <UnitTestResult executionId="2de524e8-adb4-414a-a922-218f85877c62" testId="74fbf267-2945-1723-74cf-fb76fa6a983b" testName="FS.GG.Coord.GitHub.Tests.ReadTests.#1794 an element whose number is the STRING 42 refuses - a JSON kind change is not an identity" computerName="60c9e64cc8e0" duration="00:00:00.0003125" startTime="2026-08-14T00:51:21.9668841+02:00" endTime="2026-08-14T00:51:21.9670195+02:00" testType="13cdc9d9-ddb5-4fa4-a97d-d965ccfc6d4b" outcome="Passed" testListId="8c84fa94-04c1-424b-9868-57a2d4851a1d" relativeResultsDirectory="2de524e8-adb4-414a-a922-218f85877c62" />
    <UnitTestResult executionId="69840b19-e0f6-46de-902d-323086a6c162" testId="f81723ef-eb72-4e76-3fb1-6a20d463ee79" testName="FS.GG.Coord.GitHub.Tests.CacheTests.#882 an entry with NO board parses as a legacy entry, rather than refusing the drain" computerName="60c9e64cc8e0" duration="00:00:00.0004003" startTime="2026-08-14T00:51:21.6051696+02:00" endTime="2026-08-14T00:51:21.6054979+02:00" testType="13cdc9d9-ddb5-4fa4-a97d-d965ccfc6d4b" outcome="Passed" testListId="8c84fa94-04c1-424b-9868-57a2d4851a1d" relativeResultsDirectory="69840b19-e0f6-46de-902d-323086a6c162" />
    <UnitTestResult executionId="17255e4c-3814-4496-b6a0-7b9480d2ace4" testId="87c4a1a9-f405-4130-7e59-f656fc1bbc5c" testName="FS.GG.Coord.GitHub.Tests.WriteTests.a rejected new force admission evicts nothing and posts no marker" computerName="60c9e64cc8e0" duration="00:00:00.0005561" startTime="2026-08-14T00:51:20.2888408+02:00" endTime="2026-08-14T00:51:20.2893606+02:00" testType="13cdc9d9-ddb5-4fa4-a97d-d965ccfc6d4b" outcome="Passed" testListId="8c84fa94-04c1-424b-9868-57a2d4851a1d" relativeResultsDirectory="17255e4c-3814-4496-b6a0-7b9480d2ace4" />
    <UnitTestResult executionId="93e2360b-774f-4114-800c-3823537c2a55" testId="26c0f7be-6427-3962-aa20-614d0fb7b169" testName="FS.GG.Coord.GitHub.Tests.ReadTests.--sha suppresses the green guard too — the caller asserted the commit and was answered for free" computerName="60c9e64cc8e0" duration="00:00:00.0007284" startTime="2026-08-14T00:51:21.9219712+02:00" endTime="2026-08-14T00:51:21.9226099+02:00" testType="13cdc9d9-ddb5-4fa4-a97d-d965ccfc6d4b" outcome="Passed" testListId="8c84fa94-04c1-424b-9868-57a2d4851a1d" relativeResultsDirectory="93e2360b-774f-4114-800c-3823537c2a55" />
    <UnitTestResult executionId="40475bab-6edf-47be-bcb6-68dd61f6bc41" testId="16bc3562-36a5-6689-eb1a-a231ac10df73" testName="FS.GG.Coord.GitHub.Tests.DoneTests.#614 a PARTIAL child does NOT close its parent - even when it is the ONLY child" computerName="60c9e64cc8e0" duration="00:00:00.0002536" startTime="2026-08-14T00:51:22.0507422+02:00" endTime="2026-08-14T00:51:22.0509740+02:00" testType="13cdc9d9-ddb5-4fa4-a97d-d965ccfc6d4b" outcome="Passed" testListId="8c84fa94-04c1-424b-9868-57a2d4851a1d" relativeResultsDirectory="40475bab-6edf-47be-bcb6-68dd61f6bc41" />
    <UnitTestResult executionId="4828d689-490b-4f25-b50e-d80b9c6ac0a2" testId="690160bb-da44-1d29-8379-a04cbd91e6d0" testName="FS.GG.Coord.GitHub.Tests.WriteTests.the chore lock is the item CAS UNCHANGED — an off-board ref, a short lease, and no column" computerName="60c9e64cc8e0" duration="00:00:00.0003139" startTime="2026-08-14T00:51:20.3242521+02:00" endTime="2026-08-14T00:51:20.3245443+02:00" testType="13cdc9d9-ddb5-4fa4-a97d-d965ccfc6d4b" outcome="Passed" testListId="8c84fa94-04c1-424b-9868-57a2d4851a1d" relativeResultsDirectory="4828d689-490b-4f25-b50e-d80b9c6ac0a2" />
    <UnitTestResult executionId="088b84fc-f101-40c3-b18b-5df9496fba77" testId="107328cb-fbb3-4eea-d4c3-ed4058b038c8" testName="FS.GG.Coord.GitHub.Tests.BudgetTests.#1666 a HOSTILE Retry-After is NO reading - never 'retry now', never a fabricated window" computerName="60c9e64cc8e0" duration="00:00:00.0002103" startTime="2026-08-14T00:51:21.8908833+02:00" endTime="2026-08-14T00:51:21.8909888+02:00" testType="13cdc9d9-ddb5-4fa4-a97d-d965ccfc6d4b" outcome="Passed" testListId="8c84fa94-04c1-424b-9868-57a2d4851a1d" relativeResultsDirectory="088b84fc-f101-40c3-b18b-5df9496fba77" />
    <UnitTestResult executionId="bd6d1e77-3209-400c-9ffd-6a1107bcea24" testId="d978a3a8-eb49-2a99-3734-261b04206d2c" testName="FS.GG.Coord.GitHub.Tests.CacheTests.#510 a board write may be deferred ONLY on an exhausted budget" computerName="60c9e64cc8e0" duration="00:00:00.0028071" startTime="2026-08-14T00:51:20.3306804+02:00" endTime="2026-08-14T00:51:20.3334542+02:00" testType="13cdc9d9-ddb5-4fa4-a97d-d965ccfc6d4b" outcome="Passed" testListId="8c84fa94-04c1-424b-9868-57a2d4851a1d" relativeResultsDirectory="bd6d1e77-3209-400c-9ffd-6a1107bcea24" />
    <UnitTestResult executionId="6fcc7e41-44c5-41c7-8acd-308426d678f6" testId="e78611de-e68a-3aa5-bd63-67aa63ef3ca9" testName="FS.GG.Coord.GitHub.Tests.BudgetTests.#2419 a valid-JSON body that is NOT an object is no meter - and does not throw" computerName="60c9e64cc8e0" duration="00:00:00.0000931" startTime="2026-08-14T00:51:21.8915133+02:00" endTime="2026-08-14T00:51:21.8915808+02:00" testType="13cdc9d9-ddb5-4fa4-a97d-d965ccfc6d4b" outcome="Passed" testListId="8c84fa94-04c1-424b-9868-57a2d4851a1d" relativeResultsDirectory="6fcc7e41-44c5-41c7-8acd-308426d678f6" />
    <UnitTestResult executionId="4f99c00a-f990-4e9b-a606-5228e01e02fe" testId="ad9b9bbf-5eae-ad72-b02f-c2946dcfd08a" testName="FS.GG.Coord.GitHub.Tests.BlockerGraphTests+BlockerGraphTests.an OFF-BOARD blocker draws no edge - it cannot be a ring node" computerName="60c9e64cc8e0" duration="00:00:00.0004018" startTime="2026-08-14T00:51:21.8672429+02:00" endTime="2026-08-14T00:51:21.8675729+02:00" testType="13cdc9d9-ddb5-4fa4-a97d-d965ccfc6d4b" outcome="Passed" testListId="8c84fa94-04c1-424b-9868-57a2d4851a1d" relativeResultsDirectory="4f99c00a-f990-4e9b-a606-5228e01e02fe" />
    <UnitTestResult executionId="ab5e97e0-2c86-45a4-90fe-763daa5604f7" testId="489ce609-a320-4c0c-43e9-6c8381d92d3d" testName="FS.GG.Coord.GitHub.Tests.ScanBoardTests.#1901 Severity is read from the board and survives the scan cache" computerName="60c9e64cc8e0" duration="00:00:00.0040917" startTime="2026-08-14T00:51:20.2238110+02:00" endTime="2026-08-14T00:51:20.2272593+02:00" testType="13cdc9d9-ddb5-4fa4-a97d-d965ccfc6d4b" outcome="Passed" testListId="8c84fa94-04c1-424b-9868-57a2d4851a1d" relativeResultsDirectory="ab5e97e0-2c86-45a4-90fe-763daa5604f7" />
    <UnitTestResult executionId="dd63830d-3713-4007-950e-142f37ff80e2" testId="d97cb624-6fc7-0b8a-0e89-e5080000157c" testName="FS.GG.Coord.GitHub.Tests.WriteTests.a won claim COLLECTS a stale OTHER worker's marker and names the evicted worker" computerName="60c9e64cc8e0" duration="00:00:00.0003642" startTime="2026-08-14T00:51:20.3235977+02:00" endTime="2026-08-14T00:51:20.3239408+02:00" testType="13cdc9d9-ddb5-4fa4-a97d-d965ccfc6d4b" outcome="Passed" testListId="8c84fa94-04c1-424b-9868-57a2d4851a1d" relativeResultsDirectory="dd63830d-3713-4007-950e-142f37ff80e2" />
    <UnitTestResult executionId="168d100a-f24c-4182-ad7f-c686443d2a99" testId="234721d1-25f0-b65f-5183-8c0be23e8730" testName="FS.GG.Coord.GitHub.Tests.ScanBoardTests.#2308 exact fresh zero-comment facts eliminate both per-row REST reads" computerName="60c9e64cc8e0" duration="00:00:00.0005082" startTime="2026-08-14T00:51:20.2622198+02:00" endTime="2026-08-14T00:51:20.2626832+02:00" testType="13cdc9d9-ddb5-4fa4-a97d-d965ccfc6d4b" outcome="Passed" testListId="8c84fa94-04c1-424b-9868-57a2d4851a1d" relativeResultsDirectory="168d100a-f24c-4182-ad7f-c686443d2a99" />
    <UnitTestResult executionId="d24c9f2e-5747-4511-8115-9f49eec704e3" testId="337c80c5-1a99-235d-aac0-7ff46936928e" testName="FS.GG.Coord.GitHub.Tests.ScanBoardTests.#979 the match is case-insensitive, as every hand-rolled copy was" computerName="60c9e64cc8e0" duration="00:00:00.0000699" startTime="2026-08-14T00:51:20.2554626+02:00" endTime="2026-08-14T00:51:20.2554895+02:00" testType="13cdc9d9-ddb5-4fa4-a97d-d965ccfc6d4b" outcome="Passed" testListId="8c84fa94-04c1-424b-9868-57a2d4851a1d" relativeResultsDirectory="d24c9f2e-5747-4511-8115-9f49eec704e3" />
    <UnitTestResult executionId="161f21b0-1c1e-44f5-9ad9-5c6278230138" testId="c3c165ff-ca21-b43a-13c8-0d813ab8a972" testName="FS.GG.Coord.GitHub.Tests.ReadTests.a CONFLICTED about the commit you ASKED to gate is still terminal — the guard widens reach, not claim" computerName="60c9e64cc8e0" duration="00:00:00.0007228" startTime="2026-08-14T00:51:21.9110275+02:00" endTime="2026-08-14T00:51:21.9116701+02:00" testType="13cdc9d9-ddb5-4fa4-a97d-d965ccfc6d4b" outcome="Passed" testListId="8c84fa94-04c1-424b-9868-57a2d4851a1d" relativeResultsDirectory="161f21b0-1c1e-44f5-9ad9-5c6278230138" />
    <UnitTestResult executionId="4bb2e46f-78ba-407e-8feb-e99751338c52" testId="d10511d6-1c72-76ce-2580-61746273ce96" testName="FS.GG.Coord.GitHub.Tests.WriteTests.a follow-up disposition is a durable issue comment, not a worker mailbox message" computerName="60c9e64cc8e0" duration="00:00:00.0002552" startTime="2026-08-14T00:51:20.3159500+02:00" endTime="2026-08-14T00:51:20.3161692+02:00" testType="13cdc9d9-ddb5-4fa4-a97d-d965ccfc6d4b" outcome="Passed" testListId="8c84fa94-04c1-424b-9868-57a2d4851a1d" relativeResultsDirectory="4bb2e46f-78ba-407e-8feb-e99751338c52" />
    <UnitTestResult executionId="c2963d88-af79-42e9-b879-9ec230d1fc3b" testId="23673b50-7668-81f3-b823-607c76677b84" testName="FS.GG.Coord.GitHub.Tests.WriteTests.rewrite is FENCE-AWARE - a Paths: inside a code block is PROSE, not a declaration" computerName="60c9e64cc8e0" duration="00:00:00.0016565" startTime="2026-08-14T00:51:20.2827838+02:00" endTime="2026-08-14T00:51:20.2844091+02:00" testType="13cdc9d9-ddb5-4fa4-a97d-d965ccfc6d4b" outcome="Passed" testListId="8c84fa94-04c1-424b-9868-57a2d4851a1d" relativeResultsDirectory="c2963d88-af79-42e9-b879-9ec230d1fc3b" />
    <UnitTestResult executionId="79a7fa04-dbd3-4f1f-b630-bc5a01735049" testId="e1a91ba1-b8f2-13cf-8d49-a8653a6a00b0" testName="FS.GG.Coord.GitHub.Tests.CacheTests.a 304 with NO cached body is an ERROR, never an empty result" computerName="60c9e64cc8e0" duration="00:00:00.0005494" startTime="2026-08-14T00:51:20.3264790+02:00" endTime="2026-08-14T00:51:20.3270234+02:00" testType="13cdc9d9-ddb5-4fa4-a97d-d965ccfc6d4b" outcome="Passed" testListId="8c84fa94-04c1-424b-9868-57a2d4851a1d" relativeResultsDirectory="79a7fa04-dbd3-4f1f-b630-bc5a01735049" />
    <UnitTestResult executionId="4a503cf6-9b6d-46bb-9634-c8ade7e8f4e1" testId="3d37ce4d-1e4d-81f0-b044-6b088ea50274" testName="FS.GG.Coord.GitHub.Tests.BlockerGraphTests+BlockerGraphTests.a DAG has no ring - no false positive" computerName="60c9e64cc8e0" duration="00:00:00.0000890" startTime="2026-08-14T00:51:21.8687663+02:00" endTime="2026-08-14T00:51:21.8688137+02:00" testType="13cdc9d9-ddb5-4fa4-a97d-d965ccfc6d4b" outcome="Passed" testListId="8c84fa94-04c1-424b-9868-57a2d4851a1d" relativeResultsDirectory="4a503cf6-9b6d-46bb-9634-c8ade7e8f4e1" />
    <UnitTestResult executionId="5fba44a2-af4e-47be-9ffc-e1bb653b295a" testId="a8f35157-c404-bab6-b758-c85dfa2d9b6b" testName="FS.GG.Coord.GitHub.Tests.TransportTests.#418 the meter read is FREE - GET rate_limit is billed to NEITHER counter" computerName="60c9e64cc8e0" duration="00:00:00.0001359" startTime="2026-08-14T00:51:21.8624380+02:00" endTime="2026-08-14T00:51:21.8625503+02:00" testType="13cdc9d9-ddb5-4fa4-a97d-d965ccfc6d4b" outcome="Passed" testListId="8c84fa94-04c1-424b-9868-57a2d4851a1d" relativeResultsDirectory="5fba44a2-af4e-47be-9ffc-e1bb653b295a" />
    <UnitTestResult executionId="6d777a01-8bd3-49af-a1b5-ae8d0922184d" testId="003b7827-f6dd-ee02-ae3e-bfc15cf95fb1" testName="FS.GG.Coord.GitHub.Tests.WriteTests.#581 reapable refuses a lease that is not even expired" computerName="60c9e64cc8e0" duration="00:00:00.0001094" startTime="2026-08-14T00:51:20.3219933+02:00" endTime="2026-08-14T00:51:20.3220658+02:00" testType="13cdc9d9-ddb5-4fa4-a97d-d965ccfc6d4b" outcome="Passed" testListId="8c84fa94-04c1-424b-9868-57a2d4851a1d" relativeResultsDirectory="6d777a01-8bd3-49af-a1b5-ae8d0922184d" />
    <UnitTestResult executionId="55d975fd-41f9-4a5f-b38f-6fb6b08f9c06" testId="eab59b62-eb1b-5340-129e-5ea9eebff1f9" testName="FS.GG.Coord.GitHub.Tests.BoardTests.bootstrap still queries organization(login:) by default - org behaviour is byte-identical (#1344)" computerName="60c9e64cc8e0" duration="00:00:00.0002138" startTime="2026-08-14T00:51:21.8538292+02:00" endTime="2026-08-14T00:51:21.8540104+02:00" testType="13cdc9d9-ddb5-4fa4-a97d-d965ccfc6d4b" outcome="Passed" testListId="8c84fa94-04c1-424b-9868-57a2d4851a1d" relativeResultsDirectory="55d975fd-41f9-4a5f-b38f-6fb6b08f9c06" />
    <UnitTestResult executionId="2c707c51-faa2-40c0-93be-226cd6468ffa" testId="1a6f6761-8786-5629-5491-55b9cb319269" testName="FS.GG.Coord.GitHub.Tests.HttpTransportTests.the adapter FOLLOWS Link rel=next and CONCATENATES the pages" computerName="60c9e64cc8e0" duration="00:00:00.0020744" startTime="2026-08-14T00:51:21.7931614+02:00" endTime="2026-08-14T00:51:21.7951845+02:00" testType="13cdc9d9-ddb5-4fa4-a97d-d965ccfc6d4b" outcome="Passed" testListId="8c84fa94-04c1-424b-9868-57a2d4851a1d" relativeResultsDirectory="2c707c51-faa2-40c0-93be-226cd6468ffa" />
    <UnitTestResult executionId="fa48a893-a29e-427b-a735-fb9532f8e61c" testId="633272a5-272b-0532-5ad4-7234109cd1b3" testName="FS.GG.Coord.GitHub.Tests.ReadTests.contentEditProvenance reads the total apart from the visible edits, with each edit's time and editor" computerName="60c9e64cc8e0" duration="00:00:00.0002181" startTime="2026-08-14T00:51:21.9877500+02:00" endTime="2026-08-14T00:51:21.9878923+02:00" testType="13cdc9d9-ddb5-4fa4-a97d-d965ccfc6d4b" outcome="Passed" testListId="8c84fa94-04c1-424b-9868-57a2d4851a1d" relativeResultsDirectory="fa48a893-a29e-427b-a735-fb9532f8e61c" />
    <UnitTestResult executionId="50788fc6-2083-4aef-a738-383c651c2b0a" testId="ec16edae-3c2d-7698-b8b4-11f5ab4ca763" testName="FS.GG.Coord.GitHub.Tests.BoardTests.EX_PARTIAL - some aliases landed and the rest did not, and it is NEVER queued" computerName="60c9e64cc8e0" duration="00:00:00.0007828" startTime="2026-08-14T00:51:21.8574746+02:00" endTime="2026-08-14T00:51:21.8582116+02:00" testType="13cdc9d9-ddb5-4fa4-a97d-d965ccfc6d4b" outcome="Passed" testListId="8c84fa94-04c1-424b-9868-57a2d4851a1d" relativeResultsDirectory="50788fc6-2083-4aef-a738-383c651c2b0a" />
    <UnitTestResult executionId="1bcc6f6e-33a6-4ecf-a250-aa42daeca57f" testId="18e4257f-9faa-c683-f0e3-05fcd79c17c7" testName="FS.GG.Coord.GitHub.Tests.ScanBoardTests.#979 the advisory states BOTH readings — a typo and a repo with no items are one fact from here" computerName="60c9e64cc8e0" duration="00:00:00.0015566" startTime="2026-08-14T00:51:20.2298704+02:00" endTime="2026-08-14T00:51:20.2313853+02:00" testType="13cdc9d9-ddb5-4fa4-a97d-d965ccfc6d4b" outcome="Passed" testListId="8c84fa94-04c1-424b-9868-57a2d4851a1d" relativeResultsDirectory="1bcc6f6e-33a6-4ecf-a250-aa42daeca57f" />
    <UnitTestResult executionId="a7f8cf40-57f9-4b1c-8510-6f97e037304b" testId="20dd433c-b075-5f36-3492-e05678b2093d" testName="FS.GG.Coord.GitHub.Tests.BoardTests.a NUMBER field is validated by a REAL numeric parse, not a character class" computerName="60c9e64cc8e0" duration="00:00:00.0001979" startTime="2026-08-14T00:51:21.8543101+02:00" endTime="2026-08-14T00:51:21.8543607+02:00" testType="13cdc9d9-ddb5-4fa4-a97d-d965ccfc6d4b" outcome="Passed" testListId="8c84fa94-04c1-424b-9868-57a2d4851a1d" relativeResultsDirectory="a7f8cf40-57f9-4b1c-8510-6f97e037304b" />
    <UnitTestResult executionId="8dfaedd4-fa6e-4774-b078-bf1f377c03a7" testId="f90f21c6-1437-efa3-0e35-a490a06a9253" testName="FS.GG.Coord.GitHub.Tests.HttpTransportTests.the API base is read from the environment - the mechanism C1 specified" computerName="60c9e64cc8e0" duration="00:00:00.0001498" startTime="2026-08-14T00:51:21.7594992+02:00" endTime="2026-08-14T00:51:21.7596369+02:00" testType="13cdc9d9-ddb5-4fa4-a97d-d965ccfc6d4b" outcome="Passed" testListId="8c84fa94-04c1-424b-9868-57a2d4851a1d" relativeResultsDirectory="8dfaedd4-fa6e-4774-b078-bf1f377c03a7" />
    <UnitTestResult executionId="6849f7c7-da7b-479c-bfcc-0bb60eabe8ae" testId="71a78df1-7a1d-8c21-0aab-7febbe47cca8" testName="FS.GG.Coord.GitHub.Tests.BudgetTests.the meter is read from the response, and a HALF meter is no meter" computerName="60c9e64cc8e0" duration="00:00:00.0001230" startTime="2026-08-14T00:51:21.8861337+02:00" endTime="2026-08-14T00:51:21.8862208+02:00" testType="13cdc9d9-ddb5-4fa4-a97d-d965ccfc6d4b" outcome="Passed" testListId="8c84fa94-04c1-424b-9868-57a2d4851a1d" relativeResultsDirectory="6849f7c7-da7b-479c-bfcc-0bb60eabe8ae" />
    <UnitTestResult executionId="a8b10f4c-3c04-4673-865a-8ece0591c4b6" testId="2bb2f03e-4ea1-dcf0-e503-c417ea6b8993" testName="FS.GG.Coord.GitHub.Tests.WriteTests.#895 the pre-claim column read is the CALLER's - the CAS routes no board read of its own" computerName="60c9e64cc8e0" duration="00:00:00.0013365" startTime="2026-08-14T00:51:20.2762886+02:00" endTime="2026-08-14T00:51:20.2775902+02:00" testType="13cdc9d9-ddb5-4fa4-a97d-d965ccfc6d4b" outcome="Passed" testListId="8c84fa94-04c1-424b-9868-57a2d4851a1d" relativeResultsDirectory="a8b10f4c-3c04-4673-865a-8ece0591c4b6" />
    <UnitTestResult executionId="c855a238-ff65-4383-ae78-20874d9607e5" testId="d5fae1cd-261d-6aec-f9e7-a4af02bd87c7" testName="FS.GG.Coord.GitHub.Tests.ReadTests.the false arm reconciles on ONE read budget — the guard costs no extra PR read" computerName="60c9e64cc8e0" duration="00:00:00.0003327" startTime="2026-08-14T00:51:21.9652654+02:00" endTime="2026-08-14T00:51:21.9655581+02:00" testType="13cdc9d9-ddb5-4fa4-a97d-d965ccfc6d4b" outcome="Passed" testListId="8c84fa94-04c1-424b-9868-57a2d4851a1d" relativeResultsDirectory="c855a238-ff65-4383-ae78-20874d9607e5" />
    <UnitTestResult executionId="530e646d-eee9-41b9-b35b-aa6f50e41549" testId="9d277fdc-9b27-2870-1534-9b91702d53cb" testName="FS.GG.Coord.GitHub.Tests.WriteTests.#1646 a FRESH claim under a foreign id is refused - a lock nobody can drop is not a lock" computerName="60c9e64cc8e0" duration="00:00:00.0011347" startTime="2026-08-14T00:51:20.2711816+02:00" endTime="2026-08-14T00:51:20.2722684+02:00" testType="13cdc9d9-ddb5-4fa4-a97d-d965ccfc6d4b" outcome="Passed" testListId="8c84fa94-04c1-424b-9868-57a2d4851a1d" relativeResultsDirectory="530e646d-eee9-41b9-b35b-aa6f50e41549" />
    <UnitTestResult executionId="0656fc82-cdd8-42c2-87ef-9280c9628e3a" testId="878a0b3d-70f1-1374-3392-1abb7a9ef4c1" testName="FS.GG.Coord.GitHub.Tests.BoardTests.itemStatus reads the item's current Status column, narrowed to OUR board" computerName="60c9e64cc8e0" duration="00:00:00.0001166" startTime="2026-08-14T00:51:21.8597410+02:00" endTime="2026-08-14T00:51:21.8598201+02:00" testType="13cdc9d9-ddb5-4fa4-a97d-d965ccfc6d4b" outcome="Passed" testListId="8c84fa94-04c1-424b-9868-57a2d4851a1d" relativeResultsDirectory="0656fc82-cdd8-42c2-87ef-9280c9628e3a" />
    <UnitTestResult executionId="2dc9971c-8c70-4561-9ed2-ac5644667944" testId="ed73697c-a6ae-d3b2-b3c5-792ca02668be" testName="FS.GG.Coord.GitHub.Tests.WriteTests.#1620 a steal does NOT evict past a live marker carrying OUR OWN id - the twin rule covers both slots" computerName="60c9e64cc8e0" duration="00:00:00.0003329" startTime="2026-08-14T00:51:20.2934218+02:00" endTime="2026-08-14T00:51:20.2937241+02:00" testType="13cdc9d9-ddb5-4fa4-a97d-d965ccfc6d4b" outcome="Passed" testListId="8c84fa94-04c1-424b-9868-57a2d4851a1d" relativeResultsDirectory="2dc9971c-8c70-4561-9ed2-ac5644667944" />
    <UnitTestResult executionId="8b8affcb-737c-473d-8f7e-15a1324e9d72" testId="880edb13-b464-ba4a-c42c-5854e66af189" testName="FS.GG.Coord.GitHub.Tests.ScanBoardTests.#979 no --repo is the identity, and says nothing" computerName="60c9e64cc8e0" duration="00:00:00.0004749" startTime="2026-08-14T00:51:20.2099543+02:00" endTime="2026-08-14T00:51:20.2103891+02:00" testType="13cdc9d9-ddb5-4fa4-a97d-d965ccfc6d4b" outcome="Passed" testListId="8c84fa94-04c1-424b-9868-57a2d4851a1d" relativeResultsDirectory="8b8affcb-737c-473d-8f7e-15a1324e9d72" />
    <UnitTestResult executionId="3daf514a-9988-41a5-be16-0ce3daa2466f" testId="f80e0902-a79e-bfa0-8225-b82561b9f22e" testName="FS.GG.Coord.GitHub.Tests.ScanBoardTests.the board scan PAGINATES on the cursor - a second page is not lost" computerName="60c9e64cc8e0" duration="00:00:00.0052836" startTime="2026-08-14T00:51:20.1811259+02:00" endTime="2026-08-14T00:51:20.1811495+02:00" testType="13cdc9d9-ddb5-4fa4-a97d-d965ccfc6d4b" outcome="Passed" testListId="8c84fa94-04c1-424b-9868-57a2d4851a1d" relativeResultsDirectory="3daf514a-9988-41a5-be16-0ce3daa2466f" />
    <UnitTestResult executionId="bb15854a-c9db-4b1d-8fbb-da8d8cbcd0f0" testId="2352d691-87ad-1bc0-f17a-06bc07b46c64" testName="FS.GG.Coord.GitHub.Tests.ReadTests.#2477 contentEditProvenance FAILS CLOSED - a null issueOrPullRequest is an error, never zero edits" computerName="60c9e64cc8e0" duration="00:00:00.0001638" startTime="2026-08-14T00:51:21.9612571+02:00" endTime="2026-08-14T00:51:21.9613711+02:00" testType="13cdc9d9-ddb5-4fa4-a97d-d965ccfc6d4b" outcome="Passed" testListId="8c84fa94-04c1-424b-9868-57a2d4851a1d" relativeResultsDirectory="bb15854a-c9db-4b1d-8fbb-da8d8cbcd0f0" />
    <UnitTestResult executionId="83584e78-c72e-4c8c-9c64-e6eb21fdb032" testId="4ab88974-e9b4-9fa8-517a-a37d8bb647fc" testName="FS.GG.Coord.GitHub.Tests.ReadTests.issues fails closed on an unreadable list - never an empty array" computerName="60c9e64cc8e0" duration="00:00:00.0002333" startTime="2026-08-14T00:51:21.9755805+02:00" endTime="2026-08-14T00:51:21.9757732+02:00" testType="13cdc9d9-ddb5-4fa4-a97d-d965ccfc6d4b" outcome="Passed" testListId="8c84fa94-04c1-424b-9868-57a2d4851a1d" relativeResultsDirectory="83584e78-c72e-4c8c-9c64-e6eb21fdb032" />
    <UnitTestResult executionId="853cbc80-2875-4499-8ee5-45484bde80d5" testId="6b3ec601-04d6-c91e-714f-478891b97f4e" testName="FS.GG.Coord.GitHub.Tests.BoardTests.#2166 an unavailable external-owner ProjectV2 lookup is never non-membership" computerName="60c9e64cc8e0" duration="00:00:00.0002111" startTime="2026-08-14T00:51:21.8573463+02:00" endTime="2026-08-14T00:51:21.8574025+02:00" testType="13cdc9d9-ddb5-4fa4-a97d-d965ccfc6d4b" outcome="Passed" testListId="8c84fa94-04c1-424b-9868-57a2d4851a1d" relativeResultsDirectory="853cbc80-2875-4499-8ee5-45484bde80d5" />
    <UnitTestResult executionId="c2f22104-1d45-4fdc-9456-4209ff0dd5ee" testId="f5066328-430a-e412-592e-ddce76cba723" testName="FS.GG.Coord.GitHub.Tests.ReadTests.every read of the landable poll revalidates on the second look, and the 304s reach the SAME verdict" computerName="60c9e64cc8e0" duration="00:00:00.0008275" startTime="2026-08-14T00:51:21.9504284+02:00" endTime="2026-08-14T00:51:21.9512220+02:00" testType="13cdc9d9-ddb5-4fa4-a97d-d965ccfc6d4b" outcome="Passed" testListId="8c84fa94-04c1-424b-9868-57a2d4851a1d" relativeResultsDirectory="c2f22104-1d45-4fdc-9456-4209ff0dd5ee" />
    <UnitTestResult executionId="a4688f92-f417-45da-a942-e8715f714c73" testId="fabadb9f-21d9-8207-bfe3-4aafdb5c36e0" testName="FS.GG.Coord.GitHub.Tests.CacheTests.#881 defer REFUSES while another worker holds the queue, rather than racing it" computerName="60c9e64cc8e0" duration="00:00:00.1510268" startTime="2026-08-14T00:51:21.4477269+02:00" endTime="2026-08-14T00:51:21.5988154+02:00" testType="13cdc9d9-ddb5-4fa4-a97d-d965ccfc6d4b" outcome="Passed" testListId="8c84fa94-04c1-424b-9868-57a2d4851a1d" relativeResultsDirectory="a4688f92-f417-45da-a942-e8715f714c73" />
    <UnitTestResult executionId="410ecb28-c726-4b7c-b715-54a38219046c" testId="5b67afbb-54c6-80a5-f172-581fa12dbc01" testName="FS.GG.Coord.GitHub.Tests.ReadTests.#2477 contentEditProvenance FAILS CLOSED - a null repository is an error, never zero edits" computerName="60c9e64cc8e0" duration="00:00:00.0001608" startTime="2026-08-14T00:51:21.9502469+02:00" endTime="2026-08-14T00:51:21.9503663+02:00" testType="13cdc9d9-ddb5-4fa4-a97d-d965ccfc6d4b" outcome="Passed" testListId="8c84fa94-04c1-424b-9868-57a2d4851a1d" relativeResultsDirectory="410ecb28-c726-4b7c-b715-54a38219046c" />
    <UnitTestResult executionId="8d28b16e-a03b-499f-911f-1c00d2076b1e" testId="97188894-7c6e-161b-61db-1eb119ea0654" testName="FS.GG.Coord.GitHub.Tests.BudgetTests.#2419 round 1 - a non-object 'data' is no meter either, at every depth" computerName="60c9e64cc8e0" duration="00:00:00.0001476" startTime="2026-08-14T00:51:21.8899000+02:00" endTime="2026-08-14T00:51:21.8899715+02:00" testType="13cdc9d9-ddb5-4fa4-a97d-d965ccfc6d4b" outcome="Passed" testListId="8c84fa94-04c1-424b-9868-57a2d4851a1d" relativeResultsDirectory="8d28b16e-a03b-499f-911f-1c00d2076b1e" />
    <UnitTestResult executionId="bc0c620b-68b2-423e-92ea-19714d08bc85" testId="fa3a8082-b94f-fb84-ef33-47abdd36e6d4" testName="FS.GG.Coord.GitHub.Tests.BlockerGraphTests+BlockerGraphTests.a two-item ring is caught" computerName="60c9e64cc8e0" duration="00:00:00.0040622" startTime="2026-08-14T00:51:21.8630722+02:00" endTime="2026-08-14T00:51:21.8671448+02:00" testType="13cdc9d9-ddb5-4fa4-a97d-d965ccfc6d4b" outcome="Passed" testListId="8c84fa94-04c1-424b-9868-57a2d4851a1d" relativeResultsDirectory="bc0c620b-68b2-423e-92ea-19714d08bc85" />
    <UnitTestResult executionId="a6ee28cb-2bab-421d-ae38-b6270d9b2e29" testId="909402b0-2027-4c64-cd96-35398e4121d0" testName="FS.GG.Coord.GitHub.Tests.WriteTests.#273 an UNMATCHABLE token is refused - it would reserve nothing and read as disjoint" computerName="60c9e64cc8e0" duration="00:00:00.0000619" startTime="2026-08-14T00:51:20.3020552+02:00" endTime="2026-08-14T00:51:20.3020831+02:00" testType="13cdc9d9-ddb5-4fa4-a97d-d965ccfc6d4b" outcome="Passed" testListId="8c84fa94-04c1-424b-9868-57a2d4851a1d" relativeResultsDirectory="a6ee28cb-2bab-421d-ae38-b6270d9b2e29" />
    <UnitTestResult executionId="dc23155a-8d82-4d50-a3af-55ea13d49f9c" testId="6a0a4124-edaa-f8f0-123c-1ec39c22595c" testName="FS.GG.Coord.GitHub.Tests.WriteTests.closeRoom PATCHes the room issue (the derived roll-up close)" computerName="60c9e64cc8e0" duration="00:00:00.0002862" startTime="2026-08-14T00:51:20.2989898+02:00" endTime="2026-08-14T00:51:20.2992379+02:00" testType="13cdc9d9-ddb5-4fa4-a97d-d965ccfc6d4b" outcome="Passed" testListId="8c84fa94-04c1-424b-9868-57a2d4851a1d" relativeResultsDirectory="dc23155a-8d82-4d50-a3af-55ea13d49f9c" />
    <UnitTestResult executionId="565c2188-1326-4a66-b2b4-9c4a46871f35" testId="5ae93bc6-d0b0-cfc3-bcdb-8c87f3d12254" testName="FS.GG.Coord.GitHub.Tests.BoardTests.#2143 an external-owner item cached by intake is written without re-parsing it as the default owner" computerName="60c9e64cc8e0" duration="00:00:00.0004908" startTime="2026-08-14T00:51:21.8500880+02:00" endTime="2026-08-14T00:51:21.8505494+02:00" testType="13cdc9d9-ddb5-4fa4-a97d-d965ccfc6d4b" outcome="Passed" testListId="8c84fa94-04c1-424b-9868-57a2d4851a1d" relativeResultsDirectory="565c2188-1326-4a66-b2b4-9c4a46871f35" />
    <UnitTestResult executionId="62391ad6-b10a-485a-bf41-0b19c10a609b" testId="b1553ed6-6e8f-b56e-521a-cf69e8662fd1" testName="FS.GG.Coord.GitHub.Tests.ReadTests.#2477 contentEditProvenance FAILS CLOSED - a transport failure propagates as-is, never zero edits" computerName="60c9e64cc8e0" duration="00:00:00.0001387" startTime="2026-08-14T00:51:21.9894557+02:00" endTime="2026-08-14T00:51:21.9895565+02:00" testType="13cdc9d9-ddb5-4fa4-a97d-d965ccfc6d4b" outcome="Passed" testListId="8c84fa94-04c1-424b-9868-57a2d4851a1d" relativeResultsDirectory="62391ad6-b10a-485a-bf41-0b19c10a609b" />
    <UnitTestResult executionId="fc3cdbc1-ff88-415b-a772-f2e880ec43a5" testId="c777cafc-f9b8-3890-3a74-4b476587e52f" testName="FS.GG.Coord.GitHub.Tests.BudgetTests.THE INVERSION - unaccumulated meters leave spend at zero, which is exactly the pre-2418 state" computerName="60c9e64cc8e0" duration="00:00:00.0000797" startTime="2026-08-14T00:51:21.8901258+02:00" endTime="2026-08-14T00:51:21.8901682+02:00" testType="13cdc9d9-ddb5-4fa4-a97d-d965ccfc6d4b" outcome="Passed" testListId="8c84fa94-04c1-424b-9868-57a2d4851a1d" relativeResultsDirectory="fc3cdbc1-ff88-415b-a772-f2e880ec43a5" />
    <UnitTestResult executionId="aaa539b0-a9e2-475b-b035-c4d53e815d80" testId="65a59e18-c67a-4e28-d1f1-c57dde6b9d8d" testName="FS.GG.Coord.GitHub.Tests.ReadTests.#1575 UNSTABLE is not a refusal — a non-required check failing is a merge GitHub takes" computerName="60c9e64cc8e0" duration="00:00:00.0005321" startTime="2026-08-14T00:51:21.9594580+02:00" endTime="2026-08-14T00:51:21.9599691+02:00" testType="13cdc9d9-ddb5-4fa4-a97d-d965ccfc6d4b" outcome="Passed" testListId="8c84fa94-04c1-424b-9868-57a2d4851a1d" relativeResultsDirectory="aaa539b0-a9e2-475b-b035-c4d53e815d80" />
    <UnitTestResult executionId="e71cabb1-768e-444a-96cd-4ad24b4af3c1" testId="47c08926-dade-5c0f-4007-690f4551845e" testName="FS.GG.Coord.GitHub.Tests.WriteTests.#1732 a scoped claim records its path repository in the marker" computerName="60c9e64cc8e0" duration="00:00:00.0005039" startTime="2026-08-14T00:51:20.3200348+02:00" endTime="2026-08-14T00:51:20.3205011+02:00" testType="13cdc9d9-ddb5-4fa4-a97d-d965ccfc6d4b" outcome="Passed" testListId="8c84fa94-04c1-424b-9868-57a2d4851a1d" relativeResultsDirectory="e71cabb1-768e-444a-96cd-4ad24b4af3c1" />
    <UnitTestResult executionId="0634411c-f6d9-495e-8b26-bdf2c2b69f84" testId="71dc8490-8578-f86a-664e-a5acd4b919c8" testName="FS.GG.Coord.GitHub.Tests.DoneTests.#1003 the refusal costs no graph read either - it is a property of the body" computerName="60c9e64cc8e0" duration="00:00:00.0002758" startTime="2026-08-14T00:51:22.0481520+02:00" endTime="2026-08-14T00:51:22.0484041+02:00" testType="13cdc9d9-ddb5-4fa4-a97d-d965ccfc6d4b" outcome="Passed" testListId="8c84fa94-04c1-424b-9868-57a2d4851a1d" relativeResultsDirectory="0634411c-f6d9-495e-8b26-bdf2c2b69f84" />
    <UnitTestResult executionId="e91c51d2-e6bf-4484-afb4-ef7f00ee9544" testId="0f37842d-c669-26b7-d72d-021eafaf0132" testName="FS.GG.Coord.GitHub.Tests.BoardTests.#421 a rate-limited item lookup is RateLimited - it is NEVER 'not on board'" computerName="60c9e64cc8e0" duration="00:00:00.0001381" startTime="2026-08-14T00:51:21.8512276+02:00" endTime="2026-08-14T00:51:21.8512369+02:00" testType="13cdc9d9-ddb5-4fa4-a97d-d965ccfc6d4b" outcome="Passed" testListId="8c84fa94-04c1-424b-9868-57a2d4851a1d" relativeResultsDirectory="e91c51d2-e6bf-4484-afb4-ef7f00ee9544" />
    <UnitTestResult executionId="0153a023-fa38-4d39-a418-793655190a84" testId="f5fcd0b9-5b0d-7b56-b239-8a5c15e6301b" testName="FS.GG.Coord.GitHub.Tests.ReadTests.a response that PAGINATES stores no validator, whatever its shape" computerName="60c9e64cc8e0" duration="00:00:00.0075626" startTime="2026-08-14T00:51:21.9127280+02:00" endTime="2026-08-14T00:51:21.9200474+02:00" testType="13cdc9d9-ddb5-4fa4-a97d-d965ccfc6d4b" outcome="Passed" testListId="8c84fa94-04c1-424b-9868-57a2d4851a1d" relativeResultsDirectory="0153a023-fa38-4d39-a418-793655190a84" />
    <UnitTestResult executionId="620034dd-a546-4900-b54e-c60d3530de72" testId="c961ce1e-1cb6-4e26-672d-74296187a1b5" testName="FS.GG.Coord.GitHub.Tests.WriteTests.appendRoomLine closes an unterminated fence FIRST, so the line is not swallowed (#972)" computerName="60c9e64cc8e0" duration="00:00:00.0000903" startTime="2026-08-14T00:51:20.3210006+02:00" endTime="2026-08-14T00:51:20.3210462+02:00" testType="13cdc9d9-ddb5-4fa4-a97d-d965ccfc6d4b" outcome="Passed" testListId="8c84fa94-04c1-424b-9868-57a2d4851a1d" relativeResultsDirectory="620034dd-a546-4900-b54e-c60d3530de72" />
    <UnitTestResult executionId="58bab7b7-10b1-416b-a8a0-c8e78752f4a6" testId="50c1dd8e-66a9-2c36-cbed-f169d30a1d76" testName="FS.GG.Coord.GitHub.Tests.ScanBoardTests..github#2525 a blank endCursor is not a usable cursor" computerName="60c9e64cc8e0" duration="00:00:00.0004332" startTime="2026-08-14T00:51:20.2281207+02:00" endTime="2026-08-14T00:51:20.2285077+02:00" testType="13cdc9d9-ddb5-4fa4-a97d-d965ccfc6d4b" outcome="Passed" testListId="8c84fa94-04c1-424b-9868-57a2d4851a1d" relativeResultsDirectory="58bab7b7-10b1-416b-a8a0-c8e78752f4a6" />
    <UnitTestResult executionId="39d55107-6ed9-46b4-a72a-3650f10e272e" testId="e5e0c3e7-e780-5d37-c226-88a5b6e0351d" testName="FS.GG.Coord.GitHub.Tests.ScanBoardTests.#641 a PULL REQUEST on the board is FLAGGED as one" computerName="60c9e64cc8e0" duration="00:00:00.0003626" startTime="2026-08-14T00:51:20.2540560+02:00" endTime="2026-08-14T00:51:20.2544192+02:00" testType="13cdc9d9-ddb5-4fa4-a97d-d965ccfc6d4b" outcome="Passed" testListId="8c84fa94-04c1-424b-9868-57a2d4851a1d" relativeResultsDirectory="39d55107-6ed9-46b4-a72a-3650f10e272e" />
    <UnitTestResult executionId="0d184291-d475-4398-b04f-f173d8932b61" testId="3ec8f5ab-ebba-db30-b3fc-f280b84a2b04" testName="FS.GG.Coord.GitHub.Tests.WriteTests.#1620 a steal does NOT override a TWIN - a broken identity is not a contested item" computerName="60c9e64cc8e0" duration="00:00:00.0002685" startTime="2026-08-14T00:51:20.3036812+02:00" endTime="2026-08-14T00:51:20.3039198+02:00" testType="13cdc9d9-ddb5-4fa4-a97d-d965ccfc6d4b" outcome="Passed" testListId="8c84fa94-04c1-424b-9868-57a2d4851a1d" relativeResultsDirectory="0d184291-d475-4398-b04f-f173d8932b61" />
    <UnitTestResult executionId="bf4d81c5-a40f-4bfb-adff-fb8b7bc4650d" testId="693a087a-b597-4e62-57ad-cb59448f847f" testName="FS.GG.Coord.GitHub.Tests.BoardTests.#448 a BAD pair in the batch is caught BEFORE any mutation is sent" computerName="60c9e64cc8e0" duration="00:00:00.0013359" startTime="2026-08-14T00:51:21.8451202+02:00" endTime="2026-08-14T00:51:21.8464197+02:00" testType="13cdc9d9-ddb5-4fa4-a97d-d965ccfc6d4b" outcome="Passed" testListId="8c84fa94-04c1-424b-9868-57a2d4851a1d" relativeResultsDirectory="bf4d81c5-a40f-4bfb-adff-fb8b7bc4650d" />
    <UnitTestResult executionId="3612c011-0cf6-4d77-99f9-4a0f68809e07" testId="6f72d23d-1bb6-9b48-2532-9b4d40e876c7" testName="FS.GG.Coord.GitHub.Tests.WriteTests.#1031 a SESSIONLESS marker with our id still verifies - the boundary of the rule" computerName="60c9e64cc8e0" duration="00:00:00.0024148" startTime="2026-08-14T00:51:20.2685418+02:00" endTime="2026-08-14T00:51:20.2707138+02:00" testType="13cdc9d9-ddb5-4fa4-a97d-d965ccfc6d4b" outcome="Passed" testListId="8c84fa94-04c1-424b-9868-57a2d4851a1d" relativeResultsDirectory="3612c011-0cf6-4d77-99f9-4a0f68809e07" />
    <UnitTestResult executionId="6f109620-aa1b-4a1e-bf64-548bdf0472e4" testId="66720205-9bfb-6f2f-30be-e5eaabbe73a8" testName="FS.GG.Coord.GitHub.Tests.GraphQlErrorsFirstTests..github#2534 the ordering gate FIRES on a data extraction that skips the errors check" computerName="60c9e64cc8e0" duration="00:00:00.0001936" startTime="2026-08-14T00:51:22.0168503+02:00" endTime="2026-08-14T00:51:22.0169646+02:00" testType="13cdc9d9-ddb5-4fa4-a97d-d965ccfc6d4b" outcome="Passed" testListId="8c84fa94-04c1-424b-9868-57a2d4851a1d" relativeResultsDirectory="6f109620-aa1b-4a1e-bf64-548bdf0472e4" />
    <UnitTestResult executionId="ec5c7e3f-88ee-452e-8913-dc2c26aa7d67" testId="cd208f4e-7933-1e65-6fdd-39fb010c0e0a" testName="FS.GG.Coord.GitHub.Tests.BudgetTests.a mutation and an unparseable body add NOTHING - a call the meter did not speak for is not a zero" computerName="60c9e64cc8e0" duration="00:00:00.0000958" startTime="2026-08-14T00:51:21.8912316+02:00" endTime="2026-08-14T00:51:21.8913020+02:00" testType="13cdc9d9-ddb5-4fa4-a97d-d965ccfc6d4b" outcome="Passed" testListId="8c84fa94-04c1-424b-9868-57a2d4851a1d" relativeResultsDirectory="ec5c7e3f-88ee-452e-8913-dc2c26aa7d67" />
    <UnitTestResult executionId="0f7171d8-c4a9-4bea-9d3f-4b302b4ea447" testId="c23e987c-ebe5-8d5e-cc35-7310592f242f" testName="FS.GG.Coord.GitHub.Tests.BudgetTests.a body that is not JSON yields NO meter reading - never a reading of zero" computerName="60c9e64cc8e0" duration="00:00:00.0000499" startTime="2026-08-14T00:51:21.8920503+02:00" endTime="2026-08-14T00:51:21.8920596+02:00" testType="13cdc9d9-ddb5-4fa4-a97d-d965ccfc6d4b" outcome="Passed" testListId="8c84fa94-04c1-424b-9868-57a2d4851a1d" relativeResultsDirectory="0f7171d8-c4a9-4bea-9d3f-4b302b4ea447" />
    <UnitTestResult executionId="0990d797-60b1-44da-8cf5-f15b3e29fbc4" testId="7b2f7636-0d5e-b177-30ea-931cd7f6f986" testName="FS.GG.Coord.GitHub.Tests.WriteTests.#972 rewrite and TouchSet agree about a fence indented four spaces" computerName="60c9e64cc8e0" duration="00:00:00.0001009" startTime="2026-08-14T00:51:20.3211875+02:00" endTime="2026-08-14T00:51:20.3212527+02:00" testType="13cdc9d9-ddb5-4fa4-a97d-d965ccfc6d4b" outcome="Passed" testListId="8c84fa94-04c1-424b-9868-57a2d4851a1d" relativeResultsDirectory="0990d797-60b1-44da-8cf5-f15b3e29fbc4" />
    <UnitTestResult executionId="4fffe3f1-47b9-45bb-8740-b164699cd3c9" testId="df49a6e0-cd99-4c93-79f9-2eb376dd9a87" testName="FS.GG.Coord.GitHub.Tests.DoneTests.#965 an epic whose every acceptance line is a child ref still rolls up" computerName="60c9e64cc8e0" duration="00:00:00.0003484" startTime="2026-08-14T00:51:22.0503728+02:00" endTime="2026-08-14T00:51:22.0506919+02:00" testType="13cdc9d9-ddb5-4fa4-a97d-d965ccfc6d4b" outcome="Passed" testListId="8c84fa94-04c1-424b-9868-57a2d4851a1d" relativeResultsDirectory="4fffe3f1-47b9-45bb-8740-b164699cd3c9" />
    <UnitTestResult executionId="2381b9b9-6dc6-4fd3-b561-32085fc3cf2b" testId="193cd2d0-b21b-515d-e5e9-7592cb07601f" testName="FS.GG.Coord.GitHub.Tests.DoneFactsTests.the parent ref is read, cross-repo, so the roll-up can climb" computerName="60c9e64cc8e0" duration="00:00:00.0003802" startTime="2026-08-14T00:51:21.9976322+02:00" endTime="2026-08-14T00:51:21.9979300+02:00" testType="13cdc9d9-ddb5-4fa4-a97d-d965ccfc6d4b" outcome="Passed" testListId="8c84fa94-04c1-424b-9868-57a2d4851a1d" relativeResultsDirectory="2381b9b9-6dc6-4fd3-b561-32085fc3cf2b" />
    <UnitTestResult executionId="b40397f3-ef41-4c92-870a-2bd108583e7f" testId="4185f96a-0787-bedb-f2ea-ca53e81ce29e" testName="FS.GG.Coord.GitHub.Tests.WriteTests.#1646 a caller that derives NOTHING is not refused - the human operator --worker exists for" computerName="60c9e64cc8e0" duration="00:00:00.0002621" startTime="2026-08-14T00:51:20.2992919+02:00" endTime="2026-08-14T00:51:20.2995230+02:00" testType="13cdc9d9-ddb5-4fa4-a97d-d965ccfc6d4b" outcome="Passed" testListId="8c84fa94-04c1-424b-9868-57a2d4851a1d" relativeResultsDirectory="b40397f3-ef41-4c92-870a-2bd108583e7f" />
    <UnitTestResult executionId="754cfa7c-27df-4249-b147-8c4faf49cb7e" testId="baf7b306-6bef-f6b5-7cb9-b428a171104e" testName="FS.GG.Coord.GitHub.Tests.BoardTests.a NUMBER is sent as a JSON NUMBER, not a quoted string" computerName="60c9e64cc8e0" duration="00:00:00.0001397" startTime="2026-08-14T00:51:21.8592813+02:00" endTime="2026-08-14T00:51:21.8593769+02:00" testType="13cdc9d9-ddb5-4fa4-a97d-d965ccfc6d4b" outcome="Passed" testListId="8c84fa94-04c1-424b-9868-57a2d4851a1d" relativeResultsDirectory="754cfa7c-27df-4249-b147-8c4faf49cb7e" />
    <UnitTestResult executionId="c0e7429a-cf3d-4b34-aae1-78e1c7eac3fb" testId="4a372a40-f1f2-81c6-99e1-9837d446c745" testName="FS.GG.Coord.GitHub.Tests.GraphQlErrorsFirstTests..github#2534 subIssues still reads a clean 200" computerName="60c9e64cc8e0" duration="00:00:00.0008927" startTime="2026-08-14T00:51:22.0036198+02:00" endTime="2026-08-14T00:51:22.0045137+02:00" testType="13cdc9d9-ddb5-4fa4-a97d-d965ccfc6d4b" outcome="Passed" testListId="8c84fa94-04c1-424b-9868-57a2d4851a1d" relativeResultsDirectory="c0e7429a-cf3d-4b34-aae1-78e1c7eac3fb" />
    <UnitTestResult executionId="878d7706-2019-4ec0-a02f-5a86ad6306f4" testId="b680990d-ec85-4d26-3e54-c2d8fb7518c0" testName="FS.GG.Coord.GitHub.Tests.ReadTests.#2365 subIssues refuses a null repository instead of throwing" computerName="60c9e64cc8e0" duration="00:00:00.0001296" startTime="2026-08-14T00:51:21.9451313+02:00" endTime="2026-08-14T00:51:21.9452181+02:00" testType="13cdc9d9-ddb5-4fa4-a97d-d965ccfc6d4b" outcome="Passed" testListId="8c84fa94-04c1-424b-9868-57a2d4851a1d" relativeResultsDirectory="878d7706-2019-4ec0-a02f-5a86ad6306f4" />
    <UnitTestResult executionId="b8531bec-e052-4a00-b0b5-bb4334bcc88a" testId="b1c0500f-8706-eb56-e103-f0897e69454f" testName="FS.GG.Coord.GitHub.Tests.ReadTests.#2134 duplicate inventory refuses an unmerged continuation page" computerName="60c9e64cc8e0" duration="00:00:00.0002286" startTime="2026-08-14T00:51:21.9670928+02:00" endTime="2026-08-14T00:51:21.9672720+02:00" testType="13cdc9d9-ddb5-4fa4-a97d-d965ccfc6d4b" outcome="Passed" testListId="8c84fa94-04c1-424b-9868-57a2d4851a1d" relativeResultsDirectory="b8531bec-e052-4a00-b0b5-bb4334bcc88a" />
    <UnitTestResult executionId="48d8a244-c0ff-44d0-b991-9ab2ad573dc8" testId="56cd8a2f-a71f-57c1-0293-c2601ac75ce3" testName="FS.GG.Coord.GitHub.Tests.DoneFactsTests.#2427 a COMMIT closer's associated PR carries its own repository too" computerName="60c9e64cc8e0" duration="00:00:00.0001741" startTime="2026-08-14T00:51:21.9997305+02:00" endTime="2026-08-14T00:51:21.9998713+02:00" testType="13cdc9d9-ddb5-4fa4-a97d-d965ccfc6d4b" outcome="Passed" testListId="8c84fa94-04c1-424b-9868-57a2d4851a1d" relativeResultsDirectory="48d8a244-c0ff-44d0-b991-9ab2ad573dc8" />
    <UnitTestResult executionId="3afd7586-5d76-4281-9926-5d66babb0769" testId="d61bc9aa-f85e-6dbc-5b68-47323ae94bff" testName="FS.GG.Coord.GitHub.Tests.WriteTests.#863 a real unmatchable token is STILL refused when the sentinel is not involved" computerName="60c9e64cc8e0" duration="00:00:00.0001351" startTime="2026-08-14T00:51:20.3019012+02:00" endTime="2026-08-14T00:51:20.3020014+02:00" testType="13cdc9d9-ddb5-4fa4-a97d-d965ccfc6d4b" outcome="Passed" testListId="8c84fa94-04c1-424b-9868-57a2d4851a1d" relativeResultsDirectory="3afd7586-5d76-4281-9926-5d66babb0769" />
    <UnitTestResult executionId="cd568c1b-3fb6-40bb-b97f-3e4874f287ad" testId="0a890add-d182-ca64-d7ae-4d094b2de16e" testName="FS.GG.Coord.GitHub.Tests.CacheTests.dropBoardMap forgets the cached map - the --refresh path" computerName="60c9e64cc8e0" duration="00:00:00.0003764" startTime="2026-08-14T00:51:21.6064280+02:00" endTime="2026-08-14T00:51:21.6065473+02:00" testType="13cdc9d9-ddb5-4fa4-a97d-d965ccfc6d4b" outcome="Passed" testListId="8c84fa94-04c1-424b-9868-57a2d4851a1d" relativeResultsDirectory="cd568c1b-3fb6-40bb-b97f-3e4874f287ad" />
    <UnitTestResult executionId="d0068af0-1fde-4830-bd39-c77d9631bdde" testId="79200c5c-47fd-1909-24e1-7369eddb7628" testName="FS.GG.Coord.GitHub.Tests.BoardTests.bootstrap resolves the field and option ids in TWO GraphQL calls" computerName="60c9e64cc8e0" duration="00:00:00.0002360" startTime="2026-08-14T00:51:21.8582635+02:00" endTime="2026-08-14T00:51:21.8584751+02:00" testType="13cdc9d9-ddb5-4fa4-a97d-d965ccfc6d4b" outcome="Passed" testListId="8c84fa94-04c1-424b-9868-57a2d4851a1d" relativeResultsDirectory="d0068af0-1fde-4830-bd39-c77d9631bdde" />
    <UnitTestResult executionId="884d18b2-4938-4035-941f-e35c3dac9e76" testId="e741141f-a359-ca7e-1d47-c1d303a3bb99" testName="FS.GG.Coord.GitHub.Tests.BoardTests.a RATE LIMIT is tested BEFORE the partial arm - or it reads as a half-written board" computerName="60c9e64cc8e0" duration="00:00:00.0004728" startTime="2026-08-14T00:51:21.8385802+02:00" endTime="2026-08-14T00:51:21.8390203+02:00" testType="13cdc9d9-ddb5-4fa4-a97d-d965ccfc6d4b" outcome="Passed" testListId="8c84fa94-04c1-424b-9868-57a2d4851a1d" relativeResultsDirectory="884d18b2-4938-4035-941f-e35c3dac9e76" />
    <UnitTestResult executionId="7f59732e-729e-4407-8ac1-77b5fc6b39ae" testId="d80fb145-9e87-0150-5c58-7e5b9a44a988" testName="FS.GG.Coord.GitHub.Tests.ScanBoardTests.#2384 an UNCLAIMED, OPEN 'Blocked' row with an unresolved blocker is NOT probed by this arm - the widened probe buys no request it need not" computerName="60c9e64cc8e0" duration="00:00:00.0007182" startTime="2026-08-14T00:51:20.2523885+02:00" endTime="2026-08-14T00:51:20.2530587+02:00" testType="13cdc9d9-ddb5-4fa4-a97d-d965ccfc6d4b" outcome="Passed" testListId="8c84fa94-04c1-424b-9868-57a2d4851a1d" relativeResultsDirectory="7f59732e-729e-4407-8ac1-77b5fc6b39ae" />
    <UnitTestResult executionId="77b0a065-1154-4ce0-86f4-6dfcc72deb3c" testId="c2682a5e-bf6f-bed8-e50a-739142adfeb3" testName="FS.GG.Coord.GitHub.Tests.CacheTests.an UNPARSEABLE TTL falls back to no cache - the safe direction is to pay for the read" computerName="60c9e64cc8e0" duration="00:00:00.0003270" startTime="2026-08-14T00:51:20.3287074+02:00" endTime="2026-08-14T00:51:20.3290120+02:00" testType="13cdc9d9-ddb5-4fa4-a97d-d965ccfc6d4b" outcome="Passed" testListId="8c84fa94-04c1-424b-9868-57a2d4851a1d" relativeResultsDirectory="77b0a065-1154-4ce0-86f4-6dfcc72deb3c" />
    <UnitTestResult executionId="569d267a-aa20-4879-b79f-a0a30a56cfb9" testId="09584af2-74a0-758a-cb8d-6d14879d4522" testName="FS.GG.Coord.GitHub.Tests.TransportTests.an EMPTY value is --clear, never --text with an empty string" computerName="60c9e64cc8e0" duration="00:00:00.0001797" startTime="2026-08-14T00:51:21.8614161+02:00" endTime="2026-08-14T00:51:21.8615574+02:00" testType="13cdc9d9-ddb5-4fa4-a97d-d965ccfc6d4b" outcome="Passed" testListId="8c84fa94-04c1-424b-9868-57a2d4851a1d" relativeResultsDirectory="569d267a-aa20-4879-b79f-a0a30a56cfb9" />
    <UnitTestResult executionId="4c8a8884-23f9-4c0a-bcc1-3101fbdeac4d" testId="f72894f7-0695-4149-500c-1ef2f0d2c8af" testName="FS.GG.Coord.GitHub.Tests.HttpTransportTests.a 404 is NotFound - the server SAID it is not there" computerName="60c9e64cc8e0" duration="00:00:00.0009329" startTime="2026-08-14T00:51:21.8032696+02:00" endTime="2026-08-14T00:51:21.8041504+02:00" testType="13cdc9d9-ddb5-4fa4-a97d-d965ccfc6d4b" outcome="Passed" testListId="8c84fa94-04c1-424b-9868-57a2d4851a1d" relativeResultsDirectory="4c8a8884-23f9-4c0a-bcc1-3101fbdeac4d" />
    <UnitTestResult executionId="44a20f94-9b62-47a0-8abc-08e6d3b1fabb" testId="97edd53b-f2e4-59e5-a509-f13d909f1ee8" testName="FS.GG.Coord.GitHub.Tests.WriteTests.#2134 createIntake refuses an invalid draft before any issue POST" computerName="60c9e64cc8e0" duration="00:00:00.0018531" startTime="2026-08-14T00:51:20.2894150+02:00" endTime="2026-08-14T00:51:20.2912379+02:00" testType="13cdc9d9-ddb5-4fa4-a97d-d965ccfc6d4b" outcome="Passed" testListId="8c84fa94-04c1-424b-9868-57a2d4851a1d" relativeResultsDirectory="44a20f94-9b62-47a0-8abc-08e6d3b1fabb" />
    <UnitTestResult executionId="066ff2ae-6af4-4d24-bac7-212f2bd6d771" testId="437cc499-a3cc-ff94-a975-6ad5344fbc2c" testName="FS.GG.Coord.GitHub.Tests.ReadTests.contentEditProvenance reports a genuine zero - measured, not defaulted" computerName="60c9e64cc8e0" duration="00:00:00.0008876" startTime="2026-08-14T00:51:21.9415220+02:00" endTime="2026-08-14T00:51:21.9423816+02:00" testType="13cdc9d9-ddb5-4fa4-a97d-d965ccfc6d4b" outcome="Passed" testListId="8c84fa94-04c1-424b-9868-57a2d4851a1d" relativeResultsDirectory="066ff2ae-6af4-4d24-bac7-212f2bd6d771" />
    <UnitTestResult executionId="5014fe7c-494f-4e2d-84b3-6957ea0bc63d" testId="528f3c47-bc7d-c12d-7d74-123a5762cf5b" testName="FS.GG.Coord.GitHub.Tests.ScanBoardTests.#1933 the SAME body, with the field set instead, yields the edge - the control" computerName="60c9e64cc8e0" duration="00:00:00.0042022" startTime="2026-08-14T00:51:20.2409760+02:00" endTime="2026-08-14T00:51:20.2449997+02:00" testType="13cdc9d9-ddb5-4fa4-a97d-d965ccfc6d4b" outcome="Passed" testListId="8c84fa94-04c1-424b-9868-57a2d4851a1d" relativeResultsDirectory="5014fe7c-494f-4e2d-84b3-6957ea0bc63d" />
    <UnitTestResult executionId="c14da394-2508-475e-ad94-c8504b212ba0" testId="4fb41e01-4150-e549-c67f-1836b85bd51a" testName="FS.GG.Coord.GitHub.Tests.CacheTests.#461 a scan that is not JSON is never written either" computerName="60c9e64cc8e0" duration="00:00:00.0002822" startTime="2026-08-14T00:51:21.6010210+02:00" endTime="2026-08-14T00:51:21.6010343+02:00" testType="13cdc9d9-ddb5-4fa4-a97d-d965ccfc6d4b" outcome="Passed" testListId="8c84fa94-04c1-424b-9868-57a2d4851a1d" relativeResultsDirectory="c14da394-2508-475e-ad94-c8504b212ba0" />
    <UnitTestResult executionId="cd06e241-3b9b-4203-b66a-08e7df425242" testId="9d07ad16-5d94-77b1-522b-abe17212072f" testName="FS.GG.Coord.GitHub.Tests.ReadTests.#1055 a pushed item branch with NO PR is proof of life - LeaseExpiredBranchPushed" computerName="60c9e64cc8e0" duration="00:00:00.0001354" startTime="2026-08-14T00:51:21.9738567+02:00" endTime="2026-08-14T00:51:21.9739543+02:00" testType="13cdc9d9-ddb5-4fa4-a97d-d965ccfc6d4b" outcome="Passed" testListId="8c84fa94-04c1-424b-9868-57a2d4851a1d" relativeResultsDirectory="cd06e241-3b9b-4203-b66a-08e7df425242" />
    <UnitTestResult executionId="79917e2b-3da7-41cb-a794-16dd40ae3bd9" testId="a4bdfdaa-f067-4911-0370-502c8f574fe3" testName="FS.GG.Coord.GitHub.Tests.WriteTests.#581 reap RE-VERIFIES the marker is still stale, then DELETES it by its comment id" computerName="60c9e64cc8e0" duration="00:00:00.0002846" startTime="2026-08-14T00:51:20.2850843+02:00" endTime="2026-08-14T00:51:20.2853351+02:00" testType="13cdc9d9-ddb5-4fa4-a97d-d965ccfc6d4b" outcome="Passed" testListId="8c84fa94-04c1-424b-9868-57a2d4851a1d" relativeResultsDirectory="79917e2b-3da7-41cb-a794-16dd40ae3bd9" />
    <UnitTestResult executionId="b01bd8be-ba4a-4bc2-ae78-2fae7ae7b588" testId="c36bf512-1822-c1bd-6f36-11f9fcb0406d" testName="FS.GG.Coord.GitHub.Tests.ScanBoardTests.#979 a --repo that MATCHES is silent — the advisory is not noise on the happy path" computerName="60c9e64cc8e0" duration="00:00:00.0002061" startTime="2026-08-14T00:51:20.2237607+02:00" endTime="2026-08-14T00:51:20.2237676+02:00" testType="13cdc9d9-ddb5-4fa4-a97d-d965ccfc6d4b" outcome="Passed" testListId="8c84fa94-04c1-424b-9868-57a2d4851a1d" relativeResultsDirectory="b01bd8be-ba4a-4bc2-ae78-2fae7ae7b588" />
    <UnitTestResult executionId="cdf11b94-78c8-4368-97fe-f9b820b2522f" testId="3e068d5d-05a3-bffb-f7d9-d9b38dd82337" testName="FS.GG.Coord.GitHub.Tests.ReadTests.#2517 AC3: a PR whose ONLY failing check is NON-required is GREEN — PR #2514's own shape" computerName="60c9e64cc8e0" duration="00:00:00.0034590" startTime="2026-08-14T00:51:21.9458270+02:00" endTime="2026-08-14T00:51:21.9492404+02:00" testType="13cdc9d9-ddb5-4fa4-a97d-d965ccfc6d4b" outcome="Passed" testListId="8c84fa94-04c1-424b-9868-57a2d4851a1d" relativeResultsDirectory="cdf11b94-78c8-4368-97fe-f9b820b2522f" />
    <UnitTestResult executionId="92ff186f-c02f-4418-82d1-d73e5c108572" testId="3bd524d2-a8c5-0ea6-71f4-45f5948d5bc4" testName="FS.GG.Coord.GitHub.Tests.BlockerGraphTests+BlockerGraphTests.a CLOSED blocker breaks the ring - its edge is resolved and dropped" computerName="60c9e64cc8e0" duration="00:00:00.0001128" startTime="2026-08-14T00:51:21.8678931+02:00" endTime="2026-08-14T00:51:21.8679348+02:00" testType="13cdc9d9-ddb5-4fa4-a97d-d965ccfc6d4b" outcome="Passed" testListId="8c84fa94-04c1-424b-9868-57a2d4851a1d" relativeResultsDirectory="92ff186f-c02f-4418-82d1-d73e5c108572" />
    <UnitTestResult executionId="6333fa25-f806-4c32-b395-92618f2e50bd" testId="6f1dde46-8e30-cf2a-8a19-76a3e3efcda1" testName="FS.GG.Coord.GitHub.Tests.TransportTests.the aliased batch document is logged whole - one document, aliases in order (#448)" computerName="60c9e64cc8e0" duration="00:00:00.0001648" startTime="2026-08-14T00:51:21.8628495+02:00" endTime="2026-08-14T00:51:21.8629812+02:00" testType="13cdc9d9-ddb5-4fa4-a97d-d965ccfc6d4b" outcome="Passed" testListId="8c84fa94-04c1-424b-9868-57a2d4851a1d" relativeResultsDirectory="6333fa25-f806-4c32-b395-92618f2e50bd" />
    <UnitTestResult executionId="95f5ec57-ebfc-408e-b1d6-dc9fbbc60f2c" testId="ad99f922-497a-48f6-c283-71d94205e34a" testName="FS.GG.Coord.GitHub.Tests.BudgetTests.a REST rate limit says REST - it must NEVER be reported as the GraphQL budget" computerName="60c9e64cc8e0" duration="00:00:00.0001700" startTime="2026-08-14T00:51:21.8987862+02:00" endTime="2026-08-14T00:51:21.8987951+02:00" testType="13cdc9d9-ddb5-4fa4-a97d-d965ccfc6d4b" outcome="Passed" testListId="8c84fa94-04c1-424b-9868-57a2d4851a1d" relativeResultsDirectory="95f5ec57-ebfc-408e-b1d6-dc9fbbc60f2c" />
    <UnitTestResult executionId="71a9321e-2dc1-4b28-add2-082422d68152" testId="d1c7e919-d87b-3f93-6a9c-cb4df8e887fa" testName="FS.GG.Coord.GitHub.Tests.ScanBoardTests.#979 a --repo naming no board row REPORTS, and does not merely return empty" computerName="60c9e64cc8e0" duration="00:00:00.0000889" startTime="2026-08-14T00:51:20.2649763+02:00" endTime="2026-08-14T00:51:20.2649894+02:00" testType="13cdc9d9-ddb5-4fa4-a97d-d965ccfc6d4b" outcome="Passed" testListId="8c84fa94-04c1-424b-9868-57a2d4851a1d" relativeResultsDirectory="71a9321e-2dc1-4b28-add2-082422d68152" />
    <UnitTestResult executionId="398311e3-cb52-443f-82e8-bf4b2ffbea93" testId="336888e1-5bcf-9be4-e00b-e4eb362c7b65" testName="FS.GG.Coord.GitHub.Tests.CacheTests.#882 dropPending does not drop the SAME write queued against another board" computerName="60c9e64cc8e0" duration="00:00:00.0005277" startTime="2026-08-14T00:51:21.6070947+02:00" endTime="2026-08-14T00:51:21.6075495+02:00" testType="13cdc9d9-ddb5-4fa4-a97d-d965ccfc6d4b" outcome="Passed" testListId="8c84fa94-04c1-424b-9868-57a2d4851a1d" relativeResultsDirectory="398311e3-cb52-443f-82e8-bf4b2ffbea93" />
    <UnitTestResult executionId="57b15258-9b9d-46c6-838c-20d5709aee6f" testId="7b298982-5df1-c220-e1a3-bea77d59061e" testName="FS.GG.Coord.GitHub.Tests.ReadTests.a PR with a NULL body reads as empty - that is a successful read, not a failure" computerName="60c9e64cc8e0" duration="00:00:00.0004375" startTime="2026-08-14T00:51:21.9041969+02:00" endTime="2026-08-14T00:51:21.9045555+02:00" testType="13cdc9d9-ddb5-4fa4-a97d-d965ccfc6d4b" outcome="Passed" testListId="8c84fa94-04c1-424b-9868-57a2d4851a1d" relativeResultsDirectory="57b15258-9b9d-46c6-838c-20d5709aee6f" />
    <UnitTestResult executionId="d8f73bb3-9da2-4f7f-bf3e-d0746567c006" testId="eef0509c-9cdc-0820-53e3-3727bce010b7" testName="FS.GG.Coord.GitHub.Tests.CacheTests.the cursor is per-worker - one worker's read does not consume another's mail" computerName="60c9e64cc8e0" duration="00:00:00.0002939" startTime="2026-08-14T00:51:20.3335175+02:00" endTime="2026-08-14T00:51:20.3337686+02:00" testType="13cdc9d9-ddb5-4fa4-a97d-d965ccfc6d4b" outcome="Passed" testListId="8c84fa94-04c1-424b-9868-57a2d4851a1d" relativeResultsDirectory="d8f73bb3-9da2-4f7f-bf3e-d0746567c006" />
    <UnitTestResult executionId="25bb3b73-d5d4-4399-847c-f041e544235d" testId="70f917bb-cfc1-3a64-55ad-f6cc009278fa" testName="FS.GG.Coord.GitHub.Tests.WriteTests.#972 an unterminated TILDE fence is closed with a tilde marker, not a backtick one" computerName="60c9e64cc8e0" duration="00:00:00.0001231" startTime="2026-08-14T00:51:20.2947579+02:00" endTime="2026-08-14T00:51:20.2948495+02:00" testType="13cdc9d9-ddb5-4fa4-a97d-d965ccfc6d4b" outcome="Passed" testListId="8c84fa94-04c1-424b-9868-57a2d4851a1d" relativeResultsDirectory="25bb3b73-d5d4-4399-847c-f041e544235d" />
    <UnitTestResult executionId="dbffd1b4-0bde-4281-89d0-de3cd2101d50" testId="7170c1ee-fe00-507d-3e9e-081df796240d" testName="FS.GG.Coord.GitHub.Tests.HttpTransportTests.a GraphQL variable is serialised WITH ITS TYPE - a number is a number, not a quoted string" computerName="60c9e64cc8e0" duration="00:00:00.0264210" startTime="2026-08-14T00:51:21.7597281+02:00" endTime="2026-08-14T00:51:21.7861807+02:00" testType="13cdc9d9-ddb5-4fa4-a97d-d965ccfc6d4b" outcome="Passed" testListId="8c84fa94-04c1-424b-9868-57a2d4851a1d" relativeResultsDirectory="dbffd1b4-0bde-4281-89d0-de3cd2101d50" />
[...]
    <TestEntry testId="7118130c-17a7-f6d6-2d9b-0067abb9d025" executionId="7e992b01-ef5b-4eb2-9b16-a5b512b4f0da" testListId="8c84fa94-04c1-424b-9868-57a2d4851a1d" />
    <TestEntry testId="e81dce19-f1ff-447b-2c8b-0e892070dce7" executionId="28692431-7606-4538-8db0-ded7ed95226e" testListId="8c84fa94-04c1-424b-9868-57a2d4851a1d" />
    <TestEntry testId="7a639744-cebd-f0bc-fcf1-ab8321ef2b38" executionId="e4bb58d7-dddd-49ca-80cb-bd28830bf390" testListId="8c84fa94-04c1-424b-9868-57a2d4851a1d" />
    <TestEntry testId="ff2a2b1b-417e-cb63-7d62-a5cd95d709aa" executionId="a392157a-4094-451c-9811-b11cbbc87281" testListId="8c84fa94-04c1-424b-9868-57a2d4851a1d" />
    <TestEntry testId="df75d8ff-44ac-7e6e-c946-d381c445af7c" executionId="2531ea94-7cbe-43e7-9068-0100c1e36fa4" testListId="8c84fa94-04c1-424b-9868-57a2d4851a1d" />
    <TestEntry testId="2fd33ad6-c1cc-8111-6672-65d2338d99b0" executionId="d103134c-b957-4a98-a825-ff55a4003e17" testListId="8c84fa94-04c1-424b-9868-57a2d4851a1d" />
    <TestEntry testId="f64495e7-dcdf-5b30-488c-312a17766d63" executionId="2ca5d186-364c-4021-9712-45d24f850951" testListId="8c84fa94-04c1-424b-9868-57a2d4851a1d" />
    <TestEntry testId="dc6cd177-67af-c2e6-532d-31bdd3f20c6b" executionId="6814f9c1-1544-410f-9500-fd89ae62b53d" testListId="8c84fa94-04c1-424b-9868-57a2d4851a1d" />
    <TestEntry testId="ba4ffd92-2a48-55fa-4599-bdd8e161f2d7" executionId="b825a720-2caf-4560-8a6e-149a1be6c29f" testListId="8c84fa94-04c1-424b-9868-57a2d4851a1d" />
    <TestEntry testId="7d8df661-a9da-0471-a5db-875e4b46d681" executionId="050ebf81-a1b3-46e0-9440-5327d08f707c" testListId="8c84fa94-04c1-424b-9868-57a2d4851a1d" />
    <TestEntry testId="baf875cb-3c37-df0e-7efc-cd901f8129a6" executionId="6fcd623d-b0af-400d-a72f-759dc7e6acc0" testListId="8c84fa94-04c1-424b-9868-57a2d4851a1d" />
    <TestEntry testId="4461f0f6-550d-9fb2-be56-9f6ea87c5911" executionId="3c14e78a-0468-4b88-abc0-c337b9925b9f" testListId="8c84fa94-04c1-424b-9868-57a2d4851a1d" />
    <TestEntry testId="836843be-3044-9e4b-368c-f2a223f70b73" executionId="19b3d926-a63c-4901-b006-7caaf602ec71" testListId="8c84fa94-04c1-424b-9868-57a2d4851a1d" />
    <TestEntry testId="15b9b52a-7a2a-bb06-804e-ee314eb4aa7a" executionId="9d522f5f-b455-4f51-9dd2-9e41a60ffb78" testListId="8c84fa94-04c1-424b-9868-57a2d4851a1d" />
    <TestEntry testId="059715d0-afe1-c53f-97c0-cc5fd3107c04" executionId="6125411a-874e-488d-abaf-39b57c5bb984" testListId="8c84fa94-04c1-424b-9868-57a2d4851a1d" />
    <TestEntry testId="3213360f-bb38-d32f-e1cb-ae48232d8ec0" executionId="a9532af5-e62a-447d-8454-5af2d9f3bba8" testListId="8c84fa94-04c1-424b-9868-57a2d4851a1d" />
    <TestEntry testId="86d99cd6-3f2d-d8fa-42c4-8ff2f0ffbe32" executionId="2efa2551-14d7-47a7-bc5f-d0d20cd8359c" testListId="8c84fa94-04c1-424b-9868-57a2d4851a1d" />
    <TestEntry testId="671a6f73-7930-dc5d-6743-2ca9721b7fdf" executionId="b7f59ff0-e61e-42f1-addd-0f52b91354e3" testListId="8c84fa94-04c1-424b-9868-57a2d4851a1d" />
    <TestEntry testId="8349c0d8-45f1-65ef-e11b-798f701386b0" executionId="e9f6b897-b6ab-4d76-8c6a-3b0e1f396019" testListId="8c84fa94-04c1-424b-9868-57a2d4851a1d" />
    <TestEntry testId="254e94c5-225b-a516-ec5e-56070e5c7da1" executionId="cd3c4696-a16c-4c53-8617-5ecf5712adef" testListId="8c84fa94-04c1-424b-9868-57a2d4851a1d" />
    <TestEntry testId="cfe14314-aa01-a9a5-764c-72547dc04722" executionId="05dfeca2-9f17-439b-9237-7bf9311fc1a5" testListId="8c84fa94-04c1-424b-9868-57a2d4851a1d" />
    <TestEntry testId="d13dbdb6-3206-67c6-45e0-9f291715ddbc" executionId="3dadfb06-9659-4fff-8a76-4506440ec268" testListId="8c84fa94-04c1-424b-9868-57a2d4851a1d" />
    <TestEntry testId="c273948c-bf3b-55f4-1dfd-3258e80ddf48" executionId="14404617-c7be-4e09-9dca-ffc0887527d0" testListId="8c84fa94-04c1-424b-9868-57a2d4851a1d" />
    <TestEntry testId="c95be768-c276-4a73-c8e2-57f7247ee414" executionId="53ff54a2-699b-4bec-8da8-66a1aaf26bdc" testListId="8c84fa94-04c1-424b-9868-57a2d4851a1d" />
    <TestEntry testId="85a15c67-697d-fe7c-f0a6-6a664d1be996" executionId="6bb37cba-61dd-4367-953b-e82aee226397" testListId="8c84fa94-04c1-424b-9868-57a2d4851a1d" />
    <TestEntry testId="3f146565-624e-1691-b0ad-e3f1fa869b2d" executionId="1227d45e-3268-4336-b059-3b3774e0d9be" testListId="8c84fa94-04c1-424b-9868-57a2d4851a1d" />
    <TestEntry testId="99438194-de98-efe0-a30c-3b035a0cd9d8" executionId="bf4464ae-5c5f-49e7-a393-5ff02824bb49" testListId="8c84fa94-04c1-424b-9868-57a2d4851a1d" />
    <TestEntry testId="2c69d145-352e-49c2-5b6a-f68bbb1ba85e" executionId="af330a1f-6e9c-4b91-8ce9-b210faa67f08" testListId="8c84fa94-04c1-424b-9868-57a2d4851a1d" />
    <TestEntry testId="fa9cc012-d2ee-90b8-0ab0-fc0d66c4ef79" executionId="398646ee-0df0-443a-896e-b5e500ab2fe7" testListId="8c84fa94-04c1-424b-9868-57a2d4851a1d" />
    <TestEntry testId="6ca88a90-06f6-d803-ab14-d9e99a4fcac1" executionId="bfe25756-da62-41a1-92e0-3223f782f20d" testListId="8c84fa94-04c1-424b-9868-57a2d4851a1d" />
    <TestEntry testId="1bf39d25-1b15-53f6-7522-af9283410ac1" executionId="2d4af1e1-84c4-4217-8c6e-2655f84a8c9c" testListId="8c84fa94-04c1-424b-9868-57a2d4851a1d" />
    <TestEntry testId="f00a1fd2-7ff1-a864-3e8f-97249eb5905a" executionId="75d88d2d-6f2f-4251-8d8b-a7da66230372" testListId="8c84fa94-04c1-424b-9868-57a2d4851a1d" />
    <TestEntry testId="95b511eb-b953-4064-a74b-16859d8e1421" executionId="3756b521-f003-4774-ab2d-9f6ef8642eff" testListId="8c84fa94-04c1-424b-9868-57a2d4851a1d" />
    <TestEntry testId="04f192ed-d30a-c19a-79be-bfdcfa6aa44d" executionId="c5849779-b508-49d5-808f-7c8facfc215f" testListId="8c84fa94-04c1-424b-9868-57a2d4851a1d" />
    <TestEntry testId="3430a1ad-db01-c75d-147b-a0942b5136b7" executionId="73bf8465-01ae-4dd2-9e67-cf753cf9801e" testListId="8c84fa94-04c1-424b-9868-57a2d4851a1d" />
    <TestEntry testId="1659fa4e-e818-90e2-64f5-95fe1b127592" executionId="0e75def0-c46d-4098-bf17-70b0625cd770" testListId="8c84fa94-04c1-424b-9868-57a2d4851a1d" />
    <TestEntry testId="586399fa-b868-7b26-bd28-ee611684ce29" executionId="912773fe-4e37-4f96-bbc8-3ccdff6e92d1" testListId="8c84fa94-04c1-424b-9868-57a2d4851a1d" />
    <TestEntry testId="abaa2f9b-f512-2f8b-24fb-abcbcd54f932" executionId="3a97d8de-e271-4e3b-856e-e1b994cc06e8" testListId="8c84fa94-04c1-424b-9868-57a2d4851a1d" />
    <TestEntry testId="a143717b-a275-ad46-9b39-91a73b7dff8a" executionId="4e2c1f2c-c4e0-4dde-b602-fe3236bda080" testListId="8c84fa94-04c1-424b-9868-57a2d4851a1d" />
    <TestEntry testId="634a81b9-1b6a-22f9-f30a-1a06db2141e0" executionId="ab37afc2-1b20-4d57-8e1d-ad618c5ffdef" testListId="8c84fa94-04c1-424b-9868-57a2d4851a1d" />
    <TestEntry testId="39768734-ed3d-2b32-d84c-1c0eab5ccd4f" executionId="db2f62a3-7d78-4a0b-971c-fc03c254dfbe" testListId="8c84fa94-04c1-424b-9868-57a2d4851a1d" />
    <TestEntry testId="3ac15b7b-34b8-c56d-c469-acb0b9fad30c" executionId="77b335b9-3ad4-4426-8000-fa6dad1d4121" testListId="8c84fa94-04c1-424b-9868-57a2d4851a1d" />
    <TestEntry testId="a9dde86e-4d5c-1878-e3bc-a191005628ff" executionId="e5179409-9d3a-4bd0-a106-9f4184d2912b" testListId="8c84fa94-04c1-424b-9868-57a2d4851a1d" />
    <TestEntry testId="1ee22cdb-3287-d5b3-cf8b-4f74b4bb966f" executionId="cc9c41c3-6263-427a-921e-f8344d427ab9" testListId="8c84fa94-04c1-424b-9868-57a2d4851a1d" />
    <TestEntry testId="8047c649-1c8b-f2c2-ca53-cbd834ddab87" executionId="f2f9ee12-ee6b-4002-b039-19dcbe97ba17" testListId="8c84fa94-04c1-424b-9868-57a2d4851a1d" />
    <TestEntry testId="b9c50d16-ec20-85a1-1b3d-de5e26e60bad" executionId="a65c22b1-db5e-418d-90e1-feabf09f4185" testListId="8c84fa94-04c1-424b-9868-57a2d4851a1d" />
    <TestEntry testId="19e1210f-77f9-d7b7-a836-33963bbd59e2" executionId="aabc1c28-d1f1-4e79-a7d3-d45d23986e8b" testListId="8c84fa94-04c1-424b-9868-57a2d4851a1d" />
    <TestEntry testId="5878dfbd-0d71-cfa1-90e5-687e3313b817" executionId="29750268-b801-46af-9ff4-ffdba133c5f2" testListId="8c84fa94-04c1-424b-9868-57a2d4851a1d" />
    <TestEntry testId="3f200574-637f-bd4d-c798-f11c760757cf" executionId="879d40a0-a929-4ea8-81e7-6a8f261bdc45" testListId="8c84fa94-04c1-424b-9868-57a2d4851a1d" />
    <TestEntry testId="9862c1a8-e1f2-233c-fc11-c99939353b5b" executionId="124b6a36-be71-4c85-84e1-1b6181622248" testListId="8c84fa94-04c1-424b-9868-57a2d4851a1d" />
    <TestEntry testId="241c5e02-7fdf-1761-1456-1c686c7ce876" executionId="207b450e-5a9d-4df0-a133-3171f258b0bc" testListId="8c84fa94-04c1-424b-9868-57a2d4851a1d" />
    <TestEntry testId="0defdc8d-04de-9188-54c3-bdc95fc16dc6" executionId="1c70940d-089e-4cd3-bacf-5ed2944b7759" testListId="8c84fa94-04c1-424b-9868-57a2d4851a1d" />
    <TestEntry testId="3f8a2908-6f7f-c208-1ef4-c716be33e0b5" executionId="8dd5f8c8-6c15-468d-bfdf-667f1568f73c" testListId="8c84fa94-04c1-424b-9868-57a2d4851a1d" />
    <TestEntry testId="c3992ba3-c42c-fba6-c7b0-d0eb73cbc30c" executionId="7afb2360-590f-42f9-a453-52e2fcfaf4fd" testListId="8c84fa94-04c1-424b-9868-57a2d4851a1d" />
    <TestEntry testId="506680e8-1d44-9483-ee18-13a51b5e04cb" executionId="813c6afb-1000-4ec4-989d-c53d08266471" testListId="8c84fa94-04c1-424b-9868-57a2d4851a1d" />
    <TestEntry testId="d21b3432-df92-1894-7ae1-08ff56342e8f" executionId="89d587d0-bf98-47d2-a4e6-1b5235b78d2c" testListId="8c84fa94-04c1-424b-9868-57a2d4851a1d" />
    <TestEntry testId="b9e7773b-7890-d0e7-1969-2bde6bb8a493" executionId="d67098f7-46da-44e3-8eea-96bf4ceb96fe" testListId="8c84fa94-04c1-424b-9868-57a2d4851a1d" />
    <TestEntry testId="085b911c-7a0f-daf3-b6c9-6b31637cda63" executionId="07c3c3ba-64f2-42d8-a0c1-80f8d59befca" testListId="8c84fa94-04c1-424b-9868-57a2d4851a1d" />
    <TestEntry testId="b8f2ce04-abdc-aefe-366c-d82840cf599c" executionId="d5a8e335-e5ad-4fd4-adbe-fa92f88cecf0" testListId="8c84fa94-04c1-424b-9868-57a2d4851a1d" />
    <TestEntry testId="8fb9bc07-4089-07c4-d8eb-1cd94597bf18" executionId="2f48cb4f-8e54-4d5f-92a3-dbf1725a8781" testListId="8c84fa94-04c1-424b-9868-57a2d4851a1d" />
    <TestEntry testId="64bb1815-50e6-c8a2-7793-33d4828c6d68" executionId="0f73b83e-d887-4296-94c2-099ac8be3c16" testListId="8c84fa94-04c1-424b-9868-57a2d4851a1d" />
    <TestEntry testId="3f3696ae-82f4-07c1-d81b-55fd085c1585" executionId="dc11188b-5164-4e4c-8c7f-cd25b5c1044d" testListId="8c84fa94-04c1-424b-9868-57a2d4851a1d" />
    <TestEntry testId="6b23c7c4-4a6d-fe5b-2945-e21394b7a616" executionId="2e1e153d-c767-4308-8d33-169e52c173da" testListId="8c84fa94-04c1-424b-9868-57a2d4851a1d" />
    <TestEntry testId="e6bc0857-9481-8122-af78-9057abca70dd" executionId="c40b27fd-e82e-4232-9a6c-83c04ff091df" testListId="8c84fa94-04c1-424b-9868-57a2d4851a1d" />
    <TestEntry testId="77541ad1-acbd-e015-6240-dc76a05e31e6" executionId="7569c9f4-fc9c-4425-ad89-e8aeaf0cecef" testListId="8c84fa94-04c1-424b-9868-57a2d4851a1d" />
    <TestEntry testId="77e0f5c5-2f51-d81f-4231-677b119d85f1" executionId="725db7cc-e858-4e03-9a0d-d17561bf7eef" testListId="8c84fa94-04c1-424b-9868-57a2d4851a1d" />
    <TestEntry testId="eaab42df-f897-4ccf-239d-4ec05887958d" executionId="e434afec-a75b-4804-a5c5-5edb99215c92" testListId="8c84fa94-04c1-424b-9868-57a2d4851a1d" />
    <TestEntry testId="256d919e-2ea0-8200-5150-1589db3e2baa" executionId="817c85df-7bb8-43ba-8b1f-4bca488a03ef" testListId="8c84fa94-04c1-424b-9868-57a2d4851a1d" />
    <TestEntry testId="02243e43-34d6-7143-a605-3a4885b263f3" executionId="4cec7b85-957a-4031-9f03-94d6c04ade1d" testListId="8c84fa94-04c1-424b-9868-57a2d4851a1d" />
    <TestEntry testId="32beec12-a3fd-e76f-fc19-fc293f9825dc" executionId="0bf564fb-f6ce-4713-9fab-f793046eeaad" testListId="8c84fa94-04c1-424b-9868-57a2d4851a1d" />
    <TestEntry testId="cc561bb8-9d2c-b785-8f23-e366e38b26ca" executionId="ff2a9d7a-df91-48b2-b98d-3ea79851d525" testListId="8c84fa94-04c1-424b-9868-57a2d4851a1d" />
    <TestEntry testId="dc90374b-6fd4-253a-133f-b2e6ad507721" executionId="9fa917ad-1a5e-4d7f-a77c-9675e94fbbf3" testListId="8c84fa94-04c1-424b-9868-57a2d4851a1d" />
    <TestEntry testId="e21f47c0-9523-338f-25b9-52b4fb34ee4c" executionId="6eefa9a6-2064-4be1-8d5d-6559cc445e72" testListId="8c84fa94-04c1-424b-9868-57a2d4851a1d" />
    <TestEntry testId="8dfdef61-85e2-3819-165f-f4d6051c8260" executionId="a51571bf-931a-4548-98d6-fdad0e746acb" testListId="8c84fa94-04c1-424b-9868-57a2d4851a1d" />
    <TestEntry testId="632a9373-4ddd-347e-cf93-bea3e3d51d03" executionId="df02d3fe-0a17-4f59-9349-4c5bec1022fb" testListId="8c84fa94-04c1-424b-9868-57a2d4851a1d" />
    <TestEntry testId="e3b9e452-d216-91f4-0f9e-16135f89a779" executionId="152de664-67bd-417d-b2c9-05b888dc92f1" testListId="8c84fa94-04c1-424b-9868-57a2d4851a1d" />
    <TestEntry testId="eb9c8fb1-26d6-8484-fa32-b60faef3466d" executionId="11b691c6-fb29-4547-851f-c0eb91d9dcc5" testListId="8c84fa94-04c1-424b-9868-57a2d4851a1d" />
    <TestEntry testId="318333e1-450f-69ae-5ebe-a89487d1a5ba" executionId="2c505859-5c3a-4bda-9036-1d02e85e07e0" testListId="8c84fa94-04c1-424b-9868-57a2d4851a1d" />
    <TestEntry testId="81c25553-700f-84b9-5ba1-c7841cb1def7" executionId="c424ab47-e7f4-41f3-aa76-8ad960d98eb4" testListId="8c84fa94-04c1-424b-9868-57a2d4851a1d" />
    <TestEntry testId="3170c88c-f5dd-3e46-9ad9-ba08efff8ab0" executionId="01408c13-148c-4aec-80b5-501f547b4027" testListId="8c84fa94-04c1-424b-9868-57a2d4851a1d" />
    <TestEntry testId="db8a12b6-5d5a-d429-4bd3-50b96badbc16" executionId="b470b23c-42d2-47fc-9feb-2d2d0ca32b19" testListId="8c84fa94-04c1-424b-9868-57a2d4851a1d" />
    <TestEntry testId="fce5440a-103e-ebfb-e65e-01b208735baf" executionId="821140e9-aa11-40c8-9243-01da1b989554" testListId="8c84fa94-04c1-424b-9868-57a2d4851a1d" />
    <TestEntry testId="ce193b6c-2fe3-d984-0d8c-f500cedf8066" executionId="65f15c34-feea-43d1-9457-1e6dc3fa49b6" testListId="8c84fa94-04c1-424b-9868-57a2d4851a1d" />
    <TestEntry testId="3cd69d00-8765-aadf-ee05-6106bb8093d8" executionId="e970bc77-c7dd-45c2-a36e-c228fd7256a7" testListId="8c84fa94-04c1-424b-9868-57a2d4851a1d" />
    <TestEntry testId="08a3396f-6e06-266a-a681-d2b59bc92276" executionId="df1733a4-497b-4c7c-ac9f-2031dd96efb9" testListId="8c84fa94-04c1-424b-9868-57a2d4851a1d" />
    <TestEntry testId="d1847a3d-1e17-81a3-6406-d6e78adce902" executionId="3c9f0f7f-d405-4915-8a47-9e0f74762db1" testListId="8c84fa94-04c1-424b-9868-57a2d4851a1d" />
    <TestEntry testId="dc2dcf86-5545-c00c-9a01-801cdb049cc9" executionId="8d4a4b33-119d-4659-a0f0-44d3cd7c1412" testListId="8c84fa94-04c1-424b-9868-57a2d4851a1d" />
    <TestEntry testId="977b2e8e-d284-70ff-76d5-24d5597f38b7" executionId="720e053e-b532-4eb4-aef5-73f6338f5406" testListId="8c84fa94-04c1-424b-9868-57a2d4851a1d" />
    <TestEntry testId="57b85ed2-b058-4ed1-7276-dc32863c074b" executionId="735f45f1-415d-4011-8581-779a04a8457d" testListId="8c84fa94-04c1-424b-9868-57a2d4851a1d" />
    <TestEntry testId="8ff48106-4b30-2cdd-9e6e-a41971b91f30" executionId="2f188b87-ee00-43ad-bb7d-fc9b35ce3cbc" testListId="8c84fa94-04c1-424b-9868-57a2d4851a1d" />
    <TestEntry testId="4da2b3c1-865e-1dc6-c9ff-b88306f7090c" executionId="08fa35ad-29ea-4258-a286-b1204e5e34a2" testListId="8c84fa94-04c1-424b-9868-57a2d4851a1d" />
    <TestEntry testId="d1445851-6efe-dfb7-38a3-4c8a5171837b" executionId="ea9d8cd8-d102-43e2-b710-f88d4e04c013" testListId="8c84fa94-04c1-424b-9868-57a2d4851a1d" />
    <TestEntry testId="7ce96a54-d530-21fd-67af-558896dc6562" executionId="0df53ef2-8c96-411c-9fb4-ed20feff6afd" testListId="8c84fa94-04c1-424b-9868-57a2d4851a1d" />
    <TestEntry testId="27e6acab-59f5-8e56-61e2-01b10895edaf" executionId="997de04d-cde3-4e8d-be0e-ed773eccf766" testListId="8c84fa94-04c1-424b-9868-57a2d4851a1d" />
    <TestEntry testId="c7db8d73-376e-57c9-23cd-033fc4374427" executionId="9e18eda4-d841-4bb6-9bb8-c3e7646adbdf" testListId="8c84fa94-04c1-424b-9868-57a2d4851a1d" />
    <TestEntry testId="8637d0b2-cd73-d99f-a0f0-818256b890ce" executionId="bb04bc17-b1a8-4d1d-b59a-66c72df72216" testListId="8c84fa94-04c1-424b-9868-57a2d4851a1d" />
    <TestEntry testId="d402d3ba-1865-763e-3b70-a2ebf23201f4" executionId="61fc9d93-baa6-4a2d-b58b-b870eb1eb0f1" testListId="8c84fa94-04c1-424b-9868-57a2d4851a1d" />
    <TestEntry testId="8b3e3c3a-1e48-849c-99e5-88108c43c3d4" executionId="e95de601-8b03-4f28-aec3-4a074d947c89" testListId="8c84fa94-04c1-424b-9868-57a2d4851a1d" />
    <TestEntry testId="763d790e-2253-8493-be03-4f6ba08e8c02" executionId="c6d29720-3aea-4ead-a964-921cbe0ebeb2" testListId="8c84fa94-04c1-424b-9868-57a2d4851a1d" />
    <TestEntry testId="a4e38844-8db6-c267-4942-736a0f9eefb3" executionId="0509279b-b82d-4319-ace9-085ff02149d1" testListId="8c84fa94-04c1-424b-9868-57a2d4851a1d" />
    <TestEntry testId="cb02401d-4a7e-097e-ea96-3e507f5f4637" executionId="a7715609-c76d-4b76-a649-93b66cfedea2" testListId="8c84fa94-04c1-424b-9868-57a2d4851a1d" />
    <TestEntry testId="99af139c-b7bd-7791-e50f-142af2221dc2" executionId="75d660da-e503-4809-8968-fc289e87a542" testListId="8c84fa94-04c1-424b-9868-57a2d4851a1d" />
    <TestEntry testId="c00becdb-b87e-7eb1-9dd3-de8b072c1651" executionId="29af8f5f-a467-4114-96d7-f9c040f3b8ae" testListId="8c84fa94-04c1-424b-9868-57a2d4851a1d" />
    <TestEntry testId="3b6717f6-0b98-8b45-e16a-f40aeced9529" executionId="082d95fc-f1b6-4dd6-a1f1-5dbb073fbc39" testListId="8c84fa94-04c1-424b-9868-57a2d4851a1d" />
    <TestEntry testId="1b1c4cc3-1d7a-d475-85e1-74032e09522a" executionId="fdf2507b-4b46-4eb7-a55c-e04f06e3ae2e" testListId="8c84fa94-04c1-424b-9868-57a2d4851a1d" />
    <TestEntry testId="fe7f1bc9-0004-3faf-b18a-7c7464f91e28" executionId="d59fdce3-bd6e-4342-8241-efa4117968da" testListId="8c84fa94-04c1-424b-9868-57a2d4851a1d" />
    <TestEntry testId="fbd0eab3-d309-5855-ff2a-a9018e685a35" executionId="718eb215-771c-4292-bfa7-1b7a2f986ec3" testListId="8c84fa94-04c1-424b-9868-57a2d4851a1d" />
    <TestEntry testId="36a24f0b-6903-0ec9-b296-5930f8c508c8" executionId="57d59634-0144-49db-a303-95d5befce915" testListId="8c84fa94-04c1-424b-9868-57a2d4851a1d" />
    <TestEntry testId="ec5439b0-8027-0f81-bc3f-2bb647827037" executionId="d6e09b1d-c09d-4bf4-a710-5d87bbd88dc6" testListId="8c84fa94-04c1-424b-9868-57a2d4851a1d" />
    <TestEntry testId="9d3f109d-f790-5c44-5d11-47e68ac931bf" executionId="e65c2d62-e4c9-401a-884b-839e95a1200e" testListId="8c84fa94-04c1-424b-9868-57a2d4851a1d" />
    <TestEntry testId="51709e75-7cfc-ade1-498f-1dfdf1695e89" executionId="05250ee9-1dd3-498b-8e0a-698502600da7" testListId="8c84fa94-04c1-424b-9868-57a2d4851a1d" />
    <TestEntry testId="187ac463-bd42-0cc0-e004-da5a8cba4fce" executionId="9ee45213-ad8d-4eaa-bd30-c57fb2558883" testListId="8c84fa94-04c1-424b-9868-57a2d4851a1d" />
    <TestEntry testId="9ade8829-a1f3-53b8-407e-f8bf24c945d0" executionId="2598fa1a-6411-4190-9d82-597925310e20" testListId="8c84fa94-04c1-424b-9868-57a2d4851a1d" />
    <TestEntry testId="b6fd4621-8538-4338-d40d-192c175d1444" executionId="d019be42-9457-4a7e-8527-cd205d5a7ff0" testListId="8c84fa94-04c1-424b-9868-57a2d4851a1d" />
    <TestEntry testId="ddad7765-24b6-d2b4-4121-0c8295f834a7" executionId="cb37b295-852d-431a-a056-4d9aef0741ea" testListId="8c84fa94-04c1-424b-9868-57a2d4851a1d" />
  </TestEntries>
  <TestLists>
    <TestList name="Results Not in a List" id="8c84fa94-04c1-424b-9868-57a2d4851a1d" />
    <TestList name="All Loaded Results" id="19431567-8539-422a-85d7-44ee4e166bda" />
  </TestLists>
  <ResultSummary outcome="Completed">
    <Counters total="564" executed="564" passed="564" failed="0" error="0" timeout="0" aborted="0" inconclusive="0" passedButRunAborted="0" notRunnable="0" notExecuted="0" disconnected="0" warning="0" completed="0" inProgress="0" pending="0" />
    <Output>
      <StdOut>[xUnit.net 00:00:00.00] xUnit.net VSTest Adapter v3.1.5+1b188a7b0a (64-bit .NET 10.0.10)
[xUnit.net 00:00:00.05]   Discovering: FS.GG.Coord.GitHub.Tests
[xUnit.net 00:00:00.10]   Discovered:  FS.GG.Coord.GitHub.Tests
[xUnit.net 00:00:00.12]   Starting:    FS.GG.Coord.GitHub.Tests
[xUnit.net 00:00:02.05]   Finished:    FS.GG.Coord.GitHub.Tests
</StdOut>
    </Output>
  </ResultSummary>
</TestRun>